[0.085s] DEBUG:colcon:Command line arguments: ['/usr/bin/colcon', 'build']
[0.085s] DEBUG:colcon:Parsed command line arguments: Namespace(log_base=None, log_level=None, verb_name='build', build_base='build', install_base='install', merge_install=False, symlink_install=False, test_result_base=None, continue_on_error=False, executor='parallel', parallel_workers=16, event_handlers=None, ignore_user_meta=False, metas=['./colcon.meta'], base_paths=['.'], packages_ignore=None, packages_ignore_regex=None, paths=None, packages_up_to=None, packages_up_to_regex=None, packages_above=None, packages_above_and_dependencies=None, packages_above_depth=None, packages_select_by_dep=None, packages_skip_by_dep=None, packages_skip_up_to=None, packages_select_build_failed=False, packages_skip_build_finished=False, packages_select_test_failures=False, packages_skip_test_passed=False, packages_select=None, packages_skip=None, packages_select_regex=None, packages_skip_regex=None, packages_start=None, packages_end=None, allow_overriding=[], cmake_args=None, cmake_target=None, cmake_target_skip_unavailable=False, cmake_clean_cache=False, cmake_clean_first=False, cmake_force_configure=False, ament_cmake_args=None, catkin_cmake_args=None, catkin_skip_building_tests=False, mixin_files=None, mixin=None, verb_parser=<colcon_mixin.mixin.mixin_argument.MixinArgumentDecorator object at 0x73f465f47520>, verb_extension=<colcon_core.verb.build.BuildVerb object at 0x73f465f46f50>, main=<bound method BuildVerb.main of <colcon_core.verb.build.BuildVerb object at 0x73f465f46f50>>, mixin_verb=('build',))
[0.197s] Level 1:colcon.colcon_core.package_discovery:discover_packages(colcon_meta) check parameters
[0.197s] Level 1:colcon.colcon_core.package_discovery:discover_packages(recursive) check parameters
[0.197s] Level 1:colcon.colcon_core.package_discovery:discover_packages(ignore) check parameters
[0.197s] Level 1:colcon.colcon_core.package_discovery:discover_packages(path) check parameters
[0.197s] Level 1:colcon.colcon_core.package_discovery:discover_packages(colcon_meta) discover
[0.197s] Level 1:colcon.colcon_core.package_discovery:discover_packages(recursive) discover
[0.197s] INFO:colcon.colcon_core.package_discovery:Crawling recursively for packages in '/home/cole/cole_ws'
[0.197s] Level 1:colcon.colcon_core.package_identification:_identify(.) by extensions ['ignore', 'ignore_ament_install']
[0.197s] Level 1:colcon.colcon_core.package_identification:_identify(.) by extension 'ignore'
[0.197s] Level 1:colcon.colcon_core.package_identification:_identify(.) by extension 'ignore_ament_install'
[0.197s] Level 1:colcon.colcon_core.package_identification:_identify(.) by extensions ['colcon_pkg']
[0.197s] Level 1:colcon.colcon_core.package_identification:_identify(.) by extension 'colcon_pkg'
[0.197s] Level 1:colcon.colcon_core.package_identification:_identify(.) by extensions ['colcon_meta']
[0.197s] Level 1:colcon.colcon_core.package_identification:_identify(.) by extension 'colcon_meta'
[0.197s] Level 1:colcon.colcon_core.package_identification:_identify(.) by extensions ['ros']
[0.197s] Level 1:colcon.colcon_core.package_identification:_identify(.) by extension 'ros'
[0.209s] Level 1:colcon.colcon_core.package_identification:_identify(.) by extensions ['cmake', 'python']
[0.209s] Level 1:colcon.colcon_core.package_identification:_identify(.) by extension 'cmake'
[0.210s] Level 1:colcon.colcon_core.package_identification:_identify(.) by extension 'python'
[0.210s] Level 1:colcon.colcon_core.package_identification:_identify(.) by extensions ['python_setup_py']
[0.210s] Level 1:colcon.colcon_core.package_identification:_identify(.) by extension 'python_setup_py'
[0.210s] Level 1:colcon.colcon_core.package_identification:_identify(build) by extensions ['ignore', 'ignore_ament_install']
[0.210s] Level 1:colcon.colcon_core.package_identification:_identify(build) by extension 'ignore'
[0.210s] Level 1:colcon.colcon_core.package_identification:_identify(build) ignored
[0.210s] Level 1:colcon.colcon_core.package_identification:_identify(install) by extensions ['ignore', 'ignore_ament_install']
[0.210s] Level 1:colcon.colcon_core.package_identification:_identify(install) by extension 'ignore'
[0.210s] Level 1:colcon.colcon_core.package_identification:_identify(install) ignored
[0.210s] Level 1:colcon.colcon_core.package_identification:_identify(log) by extensions ['ignore', 'ignore_ament_install']
[0.210s] Level 1:colcon.colcon_core.package_identification:_identify(log) by extension 'ignore'
[0.210s] Level 1:colcon.colcon_core.package_identification:_identify(log) ignored
[0.210s] Level 1:colcon.colcon_core.package_identification:_identify(scripts) by extensions ['ignore', 'ignore_ament_install']
[0.210s] Level 1:colcon.colcon_core.package_identification:_identify(scripts) by extension 'ignore'
[0.210s] Level 1:colcon.colcon_core.package_identification:_identify(scripts) by extension 'ignore_ament_install'
[0.210s] Level 1:colcon.colcon_core.package_identification:_identify(scripts) by extensions ['colcon_pkg']
[0.210s] Level 1:colcon.colcon_core.package_identification:_identify(scripts) by extension 'colcon_pkg'
[0.210s] Level 1:colcon.colcon_core.package_identification:_identify(scripts) by extensions ['colcon_meta']
[0.210s] Level 1:colcon.colcon_core.package_identification:_identify(scripts) by extension 'colcon_meta'
[0.210s] Level 1:colcon.colcon_core.package_identification:_identify(scripts) by extensions ['ros']
[0.210s] Level 1:colcon.colcon_core.package_identification:_identify(scripts) by extension 'ros'
[0.210s] Level 1:colcon.colcon_core.package_identification:_identify(scripts) by extensions ['cmake', 'python']
[0.210s] Level 1:colcon.colcon_core.package_identification:_identify(scripts) by extension 'cmake'
[0.210s] Level 1:colcon.colcon_core.package_identification:_identify(scripts) by extension 'python'
[0.210s] Level 1:colcon.colcon_core.package_identification:_identify(scripts) by extensions ['python_setup_py']
[0.210s] Level 1:colcon.colcon_core.package_identification:_identify(scripts) by extension 'python_setup_py'
[0.210s] Level 1:colcon.colcon_core.package_identification:_identify(src) by extensions ['ignore', 'ignore_ament_install']
[0.210s] Level 1:colcon.colcon_core.package_identification:_identify(src) by extension 'ignore'
[0.210s] Level 1:colcon.colcon_core.package_identification:_identify(src) by extension 'ignore_ament_install'
[0.211s] Level 1:colcon.colcon_core.package_identification:_identify(src) by extensions ['colcon_pkg']
[0.211s] Level 1:colcon.colcon_core.package_identification:_identify(src) by extension 'colcon_pkg'
[0.211s] Level 1:colcon.colcon_core.package_identification:_identify(src) by extensions ['colcon_meta']
[0.211s] Level 1:colcon.colcon_core.package_identification:_identify(src) by extension 'colcon_meta'
[0.211s] Level 1:colcon.colcon_core.package_identification:_identify(src) by extensions ['ros']
[0.211s] Level 1:colcon.colcon_core.package_identification:_identify(src) by extension 'ros'
[0.211s] Level 1:colcon.colcon_core.package_identification:_identify(src) by extensions ['cmake', 'python']
[0.211s] Level 1:colcon.colcon_core.package_identification:_identify(src) by extension 'cmake'
[0.211s] Level 1:colcon.colcon_core.package_identification:_identify(src) by extension 'python'
[0.211s] Level 1:colcon.colcon_core.package_identification:_identify(src) by extensions ['python_setup_py']
[0.211s] Level 1:colcon.colcon_core.package_identification:_identify(src) by extension 'python_setup_py'
[0.211s] Level 1:colcon.colcon_core.package_identification:_identify(src/ROS2-HAL-Flir-PTU-D46) by extensions ['ignore', 'ignore_ament_install']
[0.211s] Level 1:colcon.colcon_core.package_identification:_identify(src/ROS2-HAL-Flir-PTU-D46) by extension 'ignore'
[0.211s] Level 1:colcon.colcon_core.package_identification:_identify(src/ROS2-HAL-Flir-PTU-D46) by extension 'ignore_ament_install'
[0.211s] Level 1:colcon.colcon_core.package_identification:_identify(src/ROS2-HAL-Flir-PTU-D46) by extensions ['colcon_pkg']
[0.211s] Level 1:colcon.colcon_core.package_identification:_identify(src/ROS2-HAL-Flir-PTU-D46) by extension 'colcon_pkg'
[0.211s] Level 1:colcon.colcon_core.package_identification:_identify(src/ROS2-HAL-Flir-PTU-D46) by extensions ['colcon_meta']
[0.211s] Level 1:colcon.colcon_core.package_identification:_identify(src/ROS2-HAL-Flir-PTU-D46) by extension 'colcon_meta'
[0.211s] Level 1:colcon.colcon_core.package_identification:_identify(src/ROS2-HAL-Flir-PTU-D46) by extensions ['ros']
[0.211s] Level 1:colcon.colcon_core.package_identification:_identify(src/ROS2-HAL-Flir-PTU-D46) by extension 'ros'
[0.213s] DEBUG:colcon.colcon_core.package_identification:Package 'src/ROS2-HAL-Flir-PTU-D46' with type 'ros.ament_cmake' and name 'hal_flir_d46'
[0.213s] Level 1:colcon.colcon_core.package_identification:_identify(src/ROS2-PTU-Interfaces) by extensions ['ignore', 'ignore_ament_install']
[0.213s] Level 1:colcon.colcon_core.package_identification:_identify(src/ROS2-PTU-Interfaces) by extension 'ignore'
[0.213s] Level 1:colcon.colcon_core.package_identification:_identify(src/ROS2-PTU-Interfaces) by extension 'ignore_ament_install'
[0.213s] Level 1:colcon.colcon_core.package_identification:_identify(src/ROS2-PTU-Interfaces) by extensions ['colcon_pkg']
[0.213s] Level 1:colcon.colcon_core.package_identification:_identify(src/ROS2-PTU-Interfaces) by extension 'colcon_pkg'
[0.213s] Level 1:colcon.colcon_core.package_identification:_identify(src/ROS2-PTU-Interfaces) by extensions ['colcon_meta']
[0.213s] Level 1:colcon.colcon_core.package_identification:_identify(src/ROS2-PTU-Interfaces) by extension 'colcon_meta'
[0.213s] Level 1:colcon.colcon_core.package_identification:_identify(src/ROS2-PTU-Interfaces) by extensions ['ros']
[0.213s] Level 1:colcon.colcon_core.package_identification:_identify(src/ROS2-PTU-Interfaces) by extension 'ros'
[0.214s] DEBUG:colcon.colcon_core.package_identification:Package 'src/ROS2-PTU-Interfaces' with type 'ros.ament_cmake' and name 'ptu_interfaces'
[0.214s] Level 1:colcon.colcon_core.package_identification:_identify(src/camera) by extensions ['ignore', 'ignore_ament_install']
[0.214s] Level 1:colcon.colcon_core.package_identification:_identify(src/camera) by extension 'ignore'
[0.214s] Level 1:colcon.colcon_core.package_identification:_identify(src/camera) by extension 'ignore_ament_install'
[0.214s] Level 1:colcon.colcon_core.package_identification:_identify(src/camera) by extensions ['colcon_pkg']
[0.214s] Level 1:colcon.colcon_core.package_identification:_identify(src/camera) by extension 'colcon_pkg'
[0.214s] Level 1:colcon.colcon_core.package_identification:_identify(src/camera) by extensions ['colcon_meta']
[0.214s] Level 1:colcon.colcon_core.package_identification:_identify(src/camera) by extension 'colcon_meta'
[0.214s] Level 1:colcon.colcon_core.package_identification:_identify(src/camera) by extensions ['ros']
[0.214s] Level 1:colcon.colcon_core.package_identification:_identify(src/camera) by extension 'ros'
[0.214s] DEBUG:colcon.colcon_core.package_identification:Package 'src/camera' with type 'ros.ament_python' and name 'camera'
[0.215s] Level 1:colcon.colcon_core.package_identification:_identify(src/pan_tilt_control) by extensions ['ignore', 'ignore_ament_install']
[0.215s] Level 1:colcon.colcon_core.package_identification:_identify(src/pan_tilt_control) by extension 'ignore'
[0.215s] Level 1:colcon.colcon_core.package_identification:_identify(src/pan_tilt_control) by extension 'ignore_ament_install'
[0.215s] Level 1:colcon.colcon_core.package_identification:_identify(src/pan_tilt_control) by extensions ['colcon_pkg']
[0.215s] Level 1:colcon.colcon_core.package_identification:_identify(src/pan_tilt_control) by extension 'colcon_pkg'
[0.215s] Level 1:colcon.colcon_core.package_identification:_identify(src/pan_tilt_control) by extensions ['colcon_meta']
[0.215s] Level 1:colcon.colcon_core.package_identification:_identify(src/pan_tilt_control) by extension 'colcon_meta'
[0.215s] Level 1:colcon.colcon_core.package_identification:_identify(src/pan_tilt_control) by extensions ['ros']
[0.215s] Level 1:colcon.colcon_core.package_identification:_identify(src/pan_tilt_control) by extension 'ros'
[0.215s] DEBUG:colcon.colcon_core.package_identification:Package 'src/pan_tilt_control' with type 'ros.ament_python' and name 'pan_tilt_control'
[0.215s] Level 1:colcon.colcon_core.package_identification:_identify(src/sim_test) by extensions ['ignore', 'ignore_ament_install']
[0.215s] Level 1:colcon.colcon_core.package_identification:_identify(src/sim_test) by extension 'ignore'
[0.215s] Level 1:colcon.colcon_core.package_identification:_identify(src/sim_test) by extension 'ignore_ament_install'
[0.215s] Level 1:colcon.colcon_core.package_identification:_identify(src/sim_test) by extensions ['colcon_pkg']
[0.215s] Level 1:colcon.colcon_core.package_identification:_identify(src/sim_test) by extension 'colcon_pkg'
[0.215s] Level 1:colcon.colcon_core.package_identification:_identify(src/sim_test) by extensions ['colcon_meta']
[0.215s] Level 1:colcon.colcon_core.package_identification:_identify(src/sim_test) by extension 'colcon_meta'
[0.215s] Level 1:colcon.colcon_core.package_identification:_identify(src/sim_test) by extensions ['ros']
[0.215s] Level 1:colcon.colcon_core.package_identification:_identify(src/sim_test) by extension 'ros'
[0.216s] DEBUG:colcon.colcon_core.package_identification:Package 'src/sim_test' with type 'ros.ament_cmake' and name 'sim_test'
[0.216s] Level 1:colcon.colcon_core.package_identification:_identify(src/video_stream) by extensions ['ignore', 'ignore_ament_install']
[0.216s] Level 1:colcon.colcon_core.package_identification:_identify(src/video_stream) by extension 'ignore'
[0.216s] Level 1:colcon.colcon_core.package_identification:_identify(src/video_stream) by extension 'ignore_ament_install'
[0.216s] Level 1:colcon.colcon_core.package_identification:_identify(src/video_stream) by extensions ['colcon_pkg']
[0.216s] Level 1:colcon.colcon_core.package_identification:_identify(src/video_stream) by extension 'colcon_pkg'
[0.216s] Level 1:colcon.colcon_core.package_identification:_identify(src/video_stream) by extensions ['colcon_meta']
[0.216s] Level 1:colcon.colcon_core.package_identification:_identify(src/video_stream) by extension 'colcon_meta'
[0.216s] Level 1:colcon.colcon_core.package_identification:_identify(src/video_stream) by extensions ['ros']
[0.216s] Level 1:colcon.colcon_core.package_identification:_identify(src/video_stream) by extension 'ros'
[0.217s] DEBUG:colcon.colcon_core.package_identification:Package 'src/video_stream' with type 'ros.ament_python' and name 'video_stream'
[0.217s] Level 1:colcon.colcon_core.package_discovery:discover_packages(recursive) using defaults
[0.217s] Level 1:colcon.colcon_core.package_discovery:discover_packages(ignore) discover
[0.217s] Level 1:colcon.colcon_core.package_discovery:discover_packages(ignore) using defaults
[0.217s] Level 1:colcon.colcon_core.package_discovery:discover_packages(path) discover
[0.217s] Level 1:colcon.colcon_core.package_discovery:discover_packages(path) using defaults
[0.231s] Level 1:colcon.colcon_core.package_discovery:discover_packages(prefix_path) check parameters
[0.231s] Level 1:colcon.colcon_core.package_discovery:discover_packages(prefix_path) discover
[0.232s] DEBUG:colcon.colcon_installed_package_information.package_discovery:Found 6 installed packages in /home/cole/cole_ws/install
[0.233s] DEBUG:colcon.colcon_installed_package_information.package_discovery:Found 487 installed packages in /opt/ros/humble
[0.234s] Level 1:colcon.colcon_core.package_discovery:discover_packages(prefix_path) using defaults
[0.266s] Level 5:colcon.colcon_core.verb:set package 'camera' build argument 'cmake_args' from command line to 'None'
[0.266s] Level 5:colcon.colcon_core.verb:set package 'camera' build argument 'cmake_target' from command line to 'None'
[0.266s] Level 5:colcon.colcon_core.verb:set package 'camera' build argument 'cmake_target_skip_unavailable' from command line to 'False'
[0.267s] Level 5:colcon.colcon_core.verb:set package 'camera' build argument 'cmake_clean_cache' from command line to 'False'
[0.267s] Level 5:colcon.colcon_core.verb:set package 'camera' build argument 'cmake_clean_first' from command line to 'False'
[0.267s] Level 5:colcon.colcon_core.verb:set package 'camera' build argument 'cmake_force_configure' from command line to 'False'
[0.267s] Level 5:colcon.colcon_core.verb:set package 'camera' build argument 'ament_cmake_args' from command line to 'None'
[0.267s] Level 5:colcon.colcon_core.verb:set package 'camera' build argument 'catkin_cmake_args' from command line to 'None'
[0.267s] Level 5:colcon.colcon_core.verb:set package 'camera' build argument 'catkin_skip_building_tests' from command line to 'False'
[0.267s] DEBUG:colcon.colcon_core.verb:Building package 'camera' with the following arguments: {'ament_cmake_args': None, 'build_base': '/home/cole/cole_ws/build/camera', 'catkin_cmake_args': None, 'catkin_skip_building_tests': False, 'cmake_args': None, 'cmake_clean_cache': False, 'cmake_clean_first': False, 'cmake_force_configure': False, 'cmake_target': None, 'cmake_target_skip_unavailable': False, 'install_base': '/home/cole/cole_ws/install/camera', 'merge_install': False, 'path': '/home/cole/cole_ws/src/camera', 'symlink_install': False, 'test_result_base': None}
[0.267s] Level 5:colcon.colcon_core.verb:set package 'ptu_interfaces' build argument 'cmake_args' from command line to 'None'
[0.267s] Level 5:colcon.colcon_core.verb:set package 'ptu_interfaces' build argument 'cmake_target' from command line to 'None'
[0.267s] Level 5:colcon.colcon_core.verb:set package 'ptu_interfaces' build argument 'cmake_target_skip_unavailable' from command line to 'False'
[0.267s] Level 5:colcon.colcon_core.verb:set package 'ptu_interfaces' build argument 'cmake_clean_cache' from command line to 'False'
[0.267s] Level 5:colcon.colcon_core.verb:set package 'ptu_interfaces' build argument 'cmake_clean_first' from command line to 'False'
[0.267s] Level 5:colcon.colcon_core.verb:set package 'ptu_interfaces' build argument 'cmake_force_configure' from command line to 'False'
[0.267s] Level 5:colcon.colcon_core.verb:set package 'ptu_interfaces' build argument 'ament_cmake_args' from command line to 'None'
[0.267s] Level 5:colcon.colcon_core.verb:set package 'ptu_interfaces' build argument 'catkin_cmake_args' from command line to 'None'
[0.267s] Level 5:colcon.colcon_core.verb:set package 'ptu_interfaces' build argument 'catkin_skip_building_tests' from command line to 'False'
[0.267s] DEBUG:colcon.colcon_core.verb:Building package 'ptu_interfaces' with the following arguments: {'ament_cmake_args': None, 'build_base': '/home/cole/cole_ws/build/ptu_interfaces', 'catkin_cmake_args': None, 'catkin_skip_building_tests': False, 'cmake_args': None, 'cmake_clean_cache': False, 'cmake_clean_first': False, 'cmake_force_configure': False, 'cmake_target': None, 'cmake_target_skip_unavailable': False, 'install_base': '/home/cole/cole_ws/install/ptu_interfaces', 'merge_install': False, 'path': '/home/cole/cole_ws/src/ROS2-PTU-Interfaces', 'symlink_install': False, 'test_result_base': None}
[0.267s] Level 5:colcon.colcon_core.verb:set package 'sim_test' build argument 'cmake_args' from command line to 'None'
[0.267s] Level 5:colcon.colcon_core.verb:set package 'sim_test' build argument 'cmake_target' from command line to 'None'
[0.267s] Level 5:colcon.colcon_core.verb:set package 'sim_test' build argument 'cmake_target_skip_unavailable' from command line to 'False'
[0.267s] Level 5:colcon.colcon_core.verb:set package 'sim_test' build argument 'cmake_clean_cache' from command line to 'False'
[0.267s] Level 5:colcon.colcon_core.verb:set package 'sim_test' build argument 'cmake_clean_first' from command line to 'False'
[0.267s] Level 5:colcon.colcon_core.verb:set package 'sim_test' build argument 'cmake_force_configure' from command line to 'False'
[0.267s] Level 5:colcon.colcon_core.verb:set package 'sim_test' build argument 'ament_cmake_args' from command line to 'None'
[0.267s] Level 5:colcon.colcon_core.verb:set package 'sim_test' build argument 'catkin_cmake_args' from command line to 'None'
[0.267s] Level 5:colcon.colcon_core.verb:set package 'sim_test' build argument 'catkin_skip_building_tests' from command line to 'False'
[0.267s] DEBUG:colcon.colcon_core.verb:Building package 'sim_test' with the following arguments: {'ament_cmake_args': None, 'build_base': '/home/cole/cole_ws/build/sim_test', 'catkin_cmake_args': None, 'catkin_skip_building_tests': False, 'cmake_args': None, 'cmake_clean_cache': False, 'cmake_clean_first': False, 'cmake_force_configure': False, 'cmake_target': None, 'cmake_target_skip_unavailable': False, 'install_base': '/home/cole/cole_ws/install/sim_test', 'merge_install': False, 'path': '/home/cole/cole_ws/src/sim_test', 'symlink_install': False, 'test_result_base': None}
[0.267s] Level 5:colcon.colcon_core.verb:set package 'video_stream' build argument 'cmake_args' from command line to 'None'
[0.267s] Level 5:colcon.colcon_core.verb:set package 'video_stream' build argument 'cmake_target' from command line to 'None'
[0.267s] Level 5:colcon.colcon_core.verb:set package 'video_stream' build argument 'cmake_target_skip_unavailable' from command line to 'False'
[0.268s] Level 5:colcon.colcon_core.verb:set package 'video_stream' build argument 'cmake_clean_cache' from command line to 'False'
[0.268s] Level 5:colcon.colcon_core.verb:set package 'video_stream' build argument 'cmake_clean_first' from command line to 'False'
[0.268s] Level 5:colcon.colcon_core.verb:set package 'video_stream' build argument 'cmake_force_configure' from command line to 'False'
[0.268s] Level 5:colcon.colcon_core.verb:set package 'video_stream' build argument 'ament_cmake_args' from command line to 'None'
[0.268s] Level 5:colcon.colcon_core.verb:set package 'video_stream' build argument 'catkin_cmake_args' from command line to 'None'
[0.268s] Level 5:colcon.colcon_core.verb:set package 'video_stream' build argument 'catkin_skip_building_tests' from command line to 'False'
[0.268s] DEBUG:colcon.colcon_core.verb:Building package 'video_stream' with the following arguments: {'ament_cmake_args': None, 'build_base': '/home/cole/cole_ws/build/video_stream', 'catkin_cmake_args': None, 'catkin_skip_building_tests': False, 'cmake_args': None, 'cmake_clean_cache': False, 'cmake_clean_first': False, 'cmake_force_configure': False, 'cmake_target': None, 'cmake_target_skip_unavailable': False, 'install_base': '/home/cole/cole_ws/install/video_stream', 'merge_install': False, 'path': '/home/cole/cole_ws/src/video_stream', 'symlink_install': False, 'test_result_base': None}
[0.268s] Level 5:colcon.colcon_core.verb:set package 'hal_flir_d46' build argument 'cmake_args' from command line to 'None'
[0.268s] Level 5:colcon.colcon_core.verb:set package 'hal_flir_d46' build argument 'cmake_target' from command line to 'None'
[0.268s] Level 5:colcon.colcon_core.verb:set package 'hal_flir_d46' build argument 'cmake_target_skip_unavailable' from command line to 'False'
[0.268s] Level 5:colcon.colcon_core.verb:set package 'hal_flir_d46' build argument 'cmake_clean_cache' from command line to 'False'
[0.268s] Level 5:colcon.colcon_core.verb:set package 'hal_flir_d46' build argument 'cmake_clean_first' from command line to 'False'
[0.268s] Level 5:colcon.colcon_core.verb:set package 'hal_flir_d46' build argument 'cmake_force_configure' from command line to 'False'
[0.268s] Level 5:colcon.colcon_core.verb:set package 'hal_flir_d46' build argument 'ament_cmake_args' from command line to 'None'
[0.268s] Level 5:colcon.colcon_core.verb:set package 'hal_flir_d46' build argument 'catkin_cmake_args' from command line to 'None'
[0.268s] Level 5:colcon.colcon_core.verb:set package 'hal_flir_d46' build argument 'catkin_skip_building_tests' from command line to 'False'
[0.268s] DEBUG:colcon.colcon_core.verb:Building package 'hal_flir_d46' with the following arguments: {'ament_cmake_args': None, 'build_base': '/home/cole/cole_ws/build/hal_flir_d46', 'catkin_cmake_args': None, 'catkin_skip_building_tests': False, 'cmake_args': None, 'cmake_clean_cache': False, 'cmake_clean_first': False, 'cmake_force_configure': False, 'cmake_target': None, 'cmake_target_skip_unavailable': False, 'install_base': '/home/cole/cole_ws/install/hal_flir_d46', 'merge_install': False, 'path': '/home/cole/cole_ws/src/ROS2-HAL-Flir-PTU-D46', 'symlink_install': False, 'test_result_base': None}
[0.268s] Level 5:colcon.colcon_core.verb:set package 'pan_tilt_control' build argument 'cmake_args' from command line to 'None'
[0.268s] Level 5:colcon.colcon_core.verb:set package 'pan_tilt_control' build argument 'cmake_target' from command line to 'None'
[0.268s] Level 5:colcon.colcon_core.verb:set package 'pan_tilt_control' build argument 'cmake_target_skip_unavailable' from command line to 'False'
[0.268s] Level 5:colcon.colcon_core.verb:set package 'pan_tilt_control' build argument 'cmake_clean_cache' from command line to 'False'
[0.268s] Level 5:colcon.colcon_core.verb:set package 'pan_tilt_control' build argument 'cmake_clean_first' from command line to 'False'
[0.268s] Level 5:colcon.colcon_core.verb:set package 'pan_tilt_control' build argument 'cmake_force_configure' from command line to 'False'
[0.268s] Level 5:colcon.colcon_core.verb:set package 'pan_tilt_control' build argument 'ament_cmake_args' from command line to 'None'
[0.268s] Level 5:colcon.colcon_core.verb:set package 'pan_tilt_control' build argument 'catkin_cmake_args' from command line to 'None'
[0.268s] Level 5:colcon.colcon_core.verb:set package 'pan_tilt_control' build argument 'catkin_skip_building_tests' from command line to 'False'
[0.268s] DEBUG:colcon.colcon_core.verb:Building package 'pan_tilt_control' with the following arguments: {'ament_cmake_args': None, 'build_base': '/home/cole/cole_ws/build/pan_tilt_control', 'catkin_cmake_args': None, 'catkin_skip_building_tests': False, 'cmake_args': None, 'cmake_clean_cache': False, 'cmake_clean_first': False, 'cmake_force_configure': False, 'cmake_target': None, 'cmake_target_skip_unavailable': False, 'install_base': '/home/cole/cole_ws/install/pan_tilt_control', 'merge_install': False, 'path': '/home/cole/cole_ws/src/pan_tilt_control', 'symlink_install': False, 'test_result_base': None}
[0.268s] INFO:colcon.colcon_core.executor:Executing jobs using 'parallel' executor
[0.269s] DEBUG:colcon.colcon_parallel_executor.executor.parallel:run_until_complete
[0.269s] INFO:colcon.colcon_ros.task.ament_cmake.build:Building ROS package in '/home/cole/cole_ws/src/ROS2-PTU-Interfaces' with build type 'ament_cmake'
[0.269s] INFO:colcon.colcon_cmake.task.cmake.build:Building CMake package in '/home/cole/cole_ws/src/ROS2-PTU-Interfaces'
[0.271s] INFO:colcon.colcon_core.plugin_system:Skipping extension 'colcon_core.shell.bat': Not used on non-Windows systems
[0.271s] INFO:colcon.colcon_core.shell:Skip shell extension 'powershell' for command environment: Not usable outside of PowerShell
[0.271s] DEBUG:colcon.colcon_core.shell:Skip shell extension 'dsv' for command environment
[0.273s] INFO:colcon.colcon_ros.task.ament_python.build:Building ROS package in '/home/cole/cole_ws/src/camera' with build type 'ament_python'
[0.274s] Level 1:colcon.colcon_core.shell:create_environment_hook('camera', 'ament_prefix_path')
[0.274s] INFO:colcon.colcon_core.shell:Creating environment hook '/home/cole/cole_ws/install/camera/share/camera/hook/ament_prefix_path.ps1'
[0.274s] INFO:colcon.colcon_core.shell:Creating environment descriptor '/home/cole/cole_ws/install/camera/share/camera/hook/ament_prefix_path.dsv'
[0.274s] INFO:colcon.colcon_core.shell:Creating environment hook '/home/cole/cole_ws/install/camera/share/camera/hook/ament_prefix_path.sh'
[0.275s] INFO:colcon.colcon_core.shell:Skip shell extension 'powershell' for command environment: Not usable outside of PowerShell
[0.275s] DEBUG:colcon.colcon_core.shell:Skip shell extension 'dsv' for command environment
[0.277s] INFO:colcon.colcon_ros.task.ament_cmake.build:Building ROS package in '/home/cole/cole_ws/src/sim_test' with build type 'ament_cmake'
[0.277s] INFO:colcon.colcon_cmake.task.cmake.build:Building CMake package in '/home/cole/cole_ws/src/sim_test'
[0.277s] INFO:colcon.colcon_core.shell:Skip shell extension 'powershell' for command environment: Not usable outside of PowerShell
[0.277s] DEBUG:colcon.colcon_core.shell:Skip shell extension 'dsv' for command environment
[0.279s] INFO:colcon.colcon_ros.task.ament_python.build:Building ROS package in '/home/cole/cole_ws/src/video_stream' with build type 'ament_python'
[0.279s] Level 1:colcon.colcon_core.shell:create_environment_hook('video_stream', 'ament_prefix_path')
[0.280s] INFO:colcon.colcon_core.shell:Creating environment hook '/home/cole/cole_ws/install/video_stream/share/video_stream/hook/ament_prefix_path.ps1'
[0.280s] INFO:colcon.colcon_core.shell:Creating environment descriptor '/home/cole/cole_ws/install/video_stream/share/video_stream/hook/ament_prefix_path.dsv'
[0.280s] INFO:colcon.colcon_core.shell:Creating environment hook '/home/cole/cole_ws/install/video_stream/share/video_stream/hook/ament_prefix_path.sh'
[0.282s] INFO:colcon.colcon_core.shell:Skip shell extension 'powershell' for command environment: Not usable outside of PowerShell
[0.282s] DEBUG:colcon.colcon_core.shell:Skip shell extension 'dsv' for command environment
[0.288s] DEBUG:colcon.colcon_core.event_handler.log_command:Invoking command in '/home/cole/cole_ws/build/ptu_interfaces': CMAKE_PREFIX_PATH=${CMAKE_PREFIX_PATH}:/home/cole/cole_ws/install/video_stream:/home/cole/cole_ws/install/pan_tilt_control:/home/cole/cole_ws/install/camera:/opt/ros/humble /usr/bin/cmake --build /home/cole/cole_ws/build/ptu_interfaces -- -j16 -l16
[0.465s] INFO:colcon.colcon_core.task.python.build:Building Python package in '/home/cole/cole_ws/src/camera'
[0.465s] INFO:colcon.colcon_core.shell:Skip shell extension 'powershell' for command environment: Not usable outside of PowerShell
[0.465s] DEBUG:colcon.colcon_core.shell:Skip shell extension 'dsv' for command environment
[0.470s] DEBUG:colcon.colcon_core.event_handler.log_command:Invoking command in '/home/cole/cole_ws/build/sim_test': CMAKE_PREFIX_PATH=${CMAKE_PREFIX_PATH}:/home/cole/cole_ws/install/video_stream:/home/cole/cole_ws/install/pan_tilt_control:/home/cole/cole_ws/install/camera:/opt/ros/humble /usr/bin/cmake --build /home/cole/cole_ws/build/sim_test -- -j16 -l16
[0.648s] INFO:colcon.colcon_core.task.python.build:Building Python package in '/home/cole/cole_ws/src/video_stream'
[0.648s] INFO:colcon.colcon_core.shell:Skip shell extension 'powershell' for command environment: Not usable outside of PowerShell
[0.648s] DEBUG:colcon.colcon_core.shell:Skip shell extension 'dsv' for command environment
[0.656s] DEBUG:colcon.colcon_core.event_handler.log_command:Invoked command in '/home/cole/cole_ws/build/ptu_interfaces' returned '0': CMAKE_PREFIX_PATH=${CMAKE_PREFIX_PATH}:/home/cole/cole_ws/install/video_stream:/home/cole/cole_ws/install/pan_tilt_control:/home/cole/cole_ws/install/camera:/opt/ros/humble /usr/bin/cmake --build /home/cole/cole_ws/build/ptu_interfaces -- -j16 -l16
[0.664s] DEBUG:colcon.colcon_core.event_handler.log_command:Invoking command in '/home/cole/cole_ws/build/ptu_interfaces': CMAKE_PREFIX_PATH=${CMAKE_PREFIX_PATH}:/home/cole/cole_ws/install/video_stream:/home/cole/cole_ws/install/pan_tilt_control:/home/cole/cole_ws/install/camera:/opt/ros/humble /usr/bin/cmake --install /home/cole/cole_ws/build/ptu_interfaces
[0.664s] DEBUG:colcon.colcon_core.event_handler.log_command:Invoked command in '/home/cole/cole_ws/build/sim_test' returned '0': CMAKE_PREFIX_PATH=${CMAKE_PREFIX_PATH}:/home/cole/cole_ws/install/video_stream:/home/cole/cole_ws/install/pan_tilt_control:/home/cole/cole_ws/install/camera:/opt/ros/humble /usr/bin/cmake --build /home/cole/cole_ws/build/sim_test -- -j16 -l16
[0.665s] DEBUG:colcon.colcon_core.event_handler.log_command:Invoking command in '/home/cole/cole_ws/build/sim_test': CMAKE_PREFIX_PATH=${CMAKE_PREFIX_PATH}:/home/cole/cole_ws/install/video_stream:/home/cole/cole_ws/install/pan_tilt_control:/home/cole/cole_ws/install/camera:/opt/ros/humble /usr/bin/cmake --install /home/cole/cole_ws/build/sim_test
[0.677s] Level 1:colcon.colcon_core.environment:create_environment_scripts_only(sim_test)
[0.684s] DEBUG:colcon.colcon_core.event_handler.log_command:Invoked command in '/home/cole/cole_ws/build/sim_test' returned '0': CMAKE_PREFIX_PATH=${CMAKE_PREFIX_PATH}:/home/cole/cole_ws/install/video_stream:/home/cole/cole_ws/install/pan_tilt_control:/home/cole/cole_ws/install/camera:/opt/ros/humble /usr/bin/cmake --install /home/cole/cole_ws/build/sim_test
[0.686s] Level 1:colcon.colcon_core.environment:checking '/home/cole/cole_ws/install/sim_test' for CMake module files
[0.686s] Level 1:colcon.colcon_core.environment:checking '/home/cole/cole_ws/install/sim_test' for CMake config files
[0.686s] Level 1:colcon.colcon_core.shell:create_environment_hook('sim_test', 'cmake_prefix_path')
[0.687s] INFO:colcon.colcon_core.shell:Creating environment hook '/home/cole/cole_ws/install/sim_test/share/sim_test/hook/cmake_prefix_path.ps1'
[0.687s] INFO:colcon.colcon_core.shell:Creating environment descriptor '/home/cole/cole_ws/install/sim_test/share/sim_test/hook/cmake_prefix_path.dsv'
[0.687s] INFO:colcon.colcon_core.shell:Creating environment hook '/home/cole/cole_ws/install/sim_test/share/sim_test/hook/cmake_prefix_path.sh'
[0.687s] Level 1:colcon.colcon_core.environment:checking '/home/cole/cole_ws/install/sim_test/lib'
[0.688s] Level 1:colcon.colcon_core.environment:checking '/home/cole/cole_ws/install/sim_test/bin'
[0.688s] Level 1:colcon.colcon_core.environment:checking '/home/cole/cole_ws/install/sim_test/lib/pkgconfig/sim_test.pc'
[0.688s] Level 1:colcon.colcon_core.environment:checking '/home/cole/cole_ws/install/sim_test/lib/python3.10/site-packages'
[0.688s] Level 1:colcon.colcon_core.environment:checking '/home/cole/cole_ws/install/sim_test/bin'
[0.688s] INFO:colcon.colcon_core.shell:Creating package script '/home/cole/cole_ws/install/sim_test/share/sim_test/package.ps1'
[0.689s] INFO:colcon.colcon_core.shell:Creating package descriptor '/home/cole/cole_ws/install/sim_test/share/sim_test/package.dsv'
[0.689s] INFO:colcon.colcon_core.shell:Creating package script '/home/cole/cole_ws/install/sim_test/share/sim_test/package.sh'
[0.689s] INFO:colcon.colcon_core.shell:Creating package script '/home/cole/cole_ws/install/sim_test/share/sim_test/package.bash'
[0.690s] INFO:colcon.colcon_core.shell:Creating package script '/home/cole/cole_ws/install/sim_test/share/sim_test/package.zsh'
[0.690s] Level 1:colcon.colcon_core.environment:create_file_with_runtime_dependencies(/home/cole/cole_ws/install/sim_test/share/colcon-core/packages/sim_test)
[0.690s] Level 1:colcon.colcon_core.environment:create_environment_scripts_only(sim_test)
[0.690s] Level 1:colcon.colcon_core.environment:checking '/home/cole/cole_ws/install/sim_test' for CMake module files
[0.691s] Level 1:colcon.colcon_core.environment:checking '/home/cole/cole_ws/install/sim_test' for CMake config files
[0.691s] Level 1:colcon.colcon_core.shell:create_environment_hook('sim_test', 'cmake_prefix_path')
[0.691s] INFO:colcon.colcon_core.shell:Creating environment hook '/home/cole/cole_ws/install/sim_test/share/sim_test/hook/cmake_prefix_path.ps1'
[0.691s] INFO:colcon.colcon_core.shell:Creating environment descriptor '/home/cole/cole_ws/install/sim_test/share/sim_test/hook/cmake_prefix_path.dsv'
[0.691s] INFO:colcon.colcon_core.shell:Creating environment hook '/home/cole/cole_ws/install/sim_test/share/sim_test/hook/cmake_prefix_path.sh'
[0.692s] Level 1:colcon.colcon_core.environment:checking '/home/cole/cole_ws/install/sim_test/lib'
[0.692s] Level 1:colcon.colcon_core.environment:checking '/home/cole/cole_ws/install/sim_test/bin'
[0.692s] Level 1:colcon.colcon_core.environment:checking '/home/cole/cole_ws/install/sim_test/lib/pkgconfig/sim_test.pc'
[0.692s] Level 1:colcon.colcon_core.environment:checking '/home/cole/cole_ws/install/sim_test/lib/python3.10/site-packages'
[0.692s] Level 1:colcon.colcon_core.environment:checking '/home/cole/cole_ws/install/sim_test/bin'
[0.692s] INFO:colcon.colcon_core.shell:Creating package script '/home/cole/cole_ws/install/sim_test/share/sim_test/package.ps1'
[0.693s] INFO:colcon.colcon_core.shell:Creating package descriptor '/home/cole/cole_ws/install/sim_test/share/sim_test/package.dsv'
[0.693s] INFO:colcon.colcon_core.shell:Creating package script '/home/cole/cole_ws/install/sim_test/share/sim_test/package.sh'
[0.693s] INFO:colcon.colcon_core.shell:Creating package script '/home/cole/cole_ws/install/sim_test/share/sim_test/package.bash'
[0.693s] INFO:colcon.colcon_core.shell:Creating package script '/home/cole/cole_ws/install/sim_test/share/sim_test/package.zsh'
[0.694s] Level 1:colcon.colcon_core.environment:create_file_with_runtime_dependencies(/home/cole/cole_ws/install/sim_test/share/colcon-core/packages/sim_test)
[0.707s] Level 1:colcon.colcon_core.environment:create_environment_scripts_only(ptu_interfaces)
[0.707s] Level 1:colcon.colcon_core.environment:checking '/home/cole/cole_ws/install/ptu_interfaces' for CMake module files
[0.707s] DEBUG:colcon.colcon_core.event_handler.log_command:Invoked command in '/home/cole/cole_ws/build/ptu_interfaces' returned '0': CMAKE_PREFIX_PATH=${CMAKE_PREFIX_PATH}:/home/cole/cole_ws/install/video_stream:/home/cole/cole_ws/install/pan_tilt_control:/home/cole/cole_ws/install/camera:/opt/ros/humble /usr/bin/cmake --install /home/cole/cole_ws/build/ptu_interfaces
[0.708s] Level 1:colcon.colcon_core.environment:checking '/home/cole/cole_ws/install/ptu_interfaces' for CMake config files
[0.708s] Level 1:colcon.colcon_core.shell:create_environment_hook('ptu_interfaces', 'cmake_prefix_path')
[0.708s] INFO:colcon.colcon_core.shell:Creating environment hook '/home/cole/cole_ws/install/ptu_interfaces/share/ptu_interfaces/hook/cmake_prefix_path.ps1'
[0.709s] INFO:colcon.colcon_core.shell:Creating environment descriptor '/home/cole/cole_ws/install/ptu_interfaces/share/ptu_interfaces/hook/cmake_prefix_path.dsv'
[0.709s] INFO:colcon.colcon_core.shell:Creating environment hook '/home/cole/cole_ws/install/ptu_interfaces/share/ptu_interfaces/hook/cmake_prefix_path.sh'
[0.709s] Level 1:colcon.colcon_core.environment:checking '/home/cole/cole_ws/install/ptu_interfaces/lib'
[0.709s] Level 1:colcon.colcon_core.shell:create_environment_hook('ptu_interfaces', 'ld_library_path_lib')
[0.709s] INFO:colcon.colcon_core.shell:Creating environment hook '/home/cole/cole_ws/install/ptu_interfaces/share/ptu_interfaces/hook/ld_library_path_lib.ps1'
[0.710s] INFO:colcon.colcon_core.shell:Creating environment descriptor '/home/cole/cole_ws/install/ptu_interfaces/share/ptu_interfaces/hook/ld_library_path_lib.dsv'
[0.710s] INFO:colcon.colcon_core.shell:Creating environment hook '/home/cole/cole_ws/install/ptu_interfaces/share/ptu_interfaces/hook/ld_library_path_lib.sh'
[0.710s] Level 1:colcon.colcon_core.environment:checking '/home/cole/cole_ws/install/ptu_interfaces/bin'
[0.710s] Level 1:colcon.colcon_core.environment:checking '/home/cole/cole_ws/install/ptu_interfaces/lib/pkgconfig/ptu_interfaces.pc'
[0.710s] Level 1:colcon.colcon_core.environment:checking '/home/cole/cole_ws/install/ptu_interfaces/lib/python3.10/site-packages'
[0.710s] Level 1:colcon.colcon_core.environment:checking '/home/cole/cole_ws/install/ptu_interfaces/bin'
[0.710s] INFO:colcon.colcon_core.shell:Creating package script '/home/cole/cole_ws/install/ptu_interfaces/share/ptu_interfaces/package.ps1'
[0.711s] INFO:colcon.colcon_core.shell:Creating package descriptor '/home/cole/cole_ws/install/ptu_interfaces/share/ptu_interfaces/package.dsv'
[0.711s] INFO:colcon.colcon_core.shell:Creating package script '/home/cole/cole_ws/install/ptu_interfaces/share/ptu_interfaces/package.sh'
[0.711s] INFO:colcon.colcon_core.shell:Creating package script '/home/cole/cole_ws/install/ptu_interfaces/share/ptu_interfaces/package.bash'
[0.711s] INFO:colcon.colcon_core.shell:Creating package script '/home/cole/cole_ws/install/ptu_interfaces/share/ptu_interfaces/package.zsh'
[0.712s] Level 1:colcon.colcon_core.environment:create_file_with_runtime_dependencies(/home/cole/cole_ws/install/ptu_interfaces/share/colcon-core/packages/ptu_interfaces)
[0.712s] Level 1:colcon.colcon_core.environment:create_environment_scripts_only(ptu_interfaces)
[0.712s] Level 1:colcon.colcon_core.environment:checking '/home/cole/cole_ws/install/ptu_interfaces' for CMake module files
[0.712s] Level 1:colcon.colcon_core.environment:checking '/home/cole/cole_ws/install/ptu_interfaces' for CMake config files
[0.713s] Level 1:colcon.colcon_core.shell:create_environment_hook('ptu_interfaces', 'cmake_prefix_path')
[0.713s] INFO:colcon.colcon_core.shell:Creating environment hook '/home/cole/cole_ws/install/ptu_interfaces/share/ptu_interfaces/hook/cmake_prefix_path.ps1'
[0.713s] INFO:colcon.colcon_core.shell:Creating environment descriptor '/home/cole/cole_ws/install/ptu_interfaces/share/ptu_interfaces/hook/cmake_prefix_path.dsv'
[0.713s] INFO:colcon.colcon_core.shell:Creating environment hook '/home/cole/cole_ws/install/ptu_interfaces/share/ptu_interfaces/hook/cmake_prefix_path.sh'
[0.714s] Level 1:colcon.colcon_core.environment:checking '/home/cole/cole_ws/install/ptu_interfaces/lib'
[0.714s] Level 1:colcon.colcon_core.shell:create_environment_hook('ptu_interfaces', 'ld_library_path_lib')
[0.714s] INFO:colcon.colcon_core.shell:Creating environment hook '/home/cole/cole_ws/install/ptu_interfaces/share/ptu_interfaces/hook/ld_library_path_lib.ps1'
[0.714s] INFO:colcon.colcon_core.shell:Creating environment descriptor '/home/cole/cole_ws/install/ptu_interfaces/share/ptu_interfaces/hook/ld_library_path_lib.dsv'
[0.714s] INFO:colcon.colcon_core.shell:Creating environment hook '/home/cole/cole_ws/install/ptu_interfaces/share/ptu_interfaces/hook/ld_library_path_lib.sh'
[0.714s] Level 1:colcon.colcon_core.environment:checking '/home/cole/cole_ws/install/ptu_interfaces/bin'
[0.714s] Level 1:colcon.colcon_core.environment:checking '/home/cole/cole_ws/install/ptu_interfaces/lib/pkgconfig/ptu_interfaces.pc'
[0.715s] Level 1:colcon.colcon_core.environment:checking '/home/cole/cole_ws/install/ptu_interfaces/lib/python3.10/site-packages'
[0.715s] Level 1:colcon.colcon_core.environment:checking '/home/cole/cole_ws/install/ptu_interfaces/bin'
[0.715s] INFO:colcon.colcon_core.shell:Creating package script '/home/cole/cole_ws/install/ptu_interfaces/share/ptu_interfaces/package.ps1'
[0.715s] INFO:colcon.colcon_core.shell:Creating package descriptor '/home/cole/cole_ws/install/ptu_interfaces/share/ptu_interfaces/package.dsv'
[0.715s] INFO:colcon.colcon_core.shell:Creating package script '/home/cole/cole_ws/install/ptu_interfaces/share/ptu_interfaces/package.sh'
[0.716s] INFO:colcon.colcon_core.shell:Creating package script '/home/cole/cole_ws/install/ptu_interfaces/share/ptu_interfaces/package.bash'
[0.716s] INFO:colcon.colcon_core.shell:Creating package script '/home/cole/cole_ws/install/ptu_interfaces/share/ptu_interfaces/package.zsh'
[0.716s] Level 1:colcon.colcon_core.environment:create_file_with_runtime_dependencies(/home/cole/cole_ws/install/ptu_interfaces/share/colcon-core/packages/ptu_interfaces)
[0.716s] INFO:colcon.colcon_ros.task.ament_cmake.build:Building ROS package in '/home/cole/cole_ws/src/ROS2-HAL-Flir-PTU-D46' with build type 'ament_cmake'
[0.716s] INFO:colcon.colcon_cmake.task.cmake.build:Building CMake package in '/home/cole/cole_ws/src/ROS2-HAL-Flir-PTU-D46'
[0.716s] INFO:colcon.colcon_core.shell:Skip shell extension 'powershell' for command environment: Not usable outside of PowerShell
[0.716s] DEBUG:colcon.colcon_core.shell:Skip shell extension 'dsv' for command environment
[0.719s] INFO:colcon.colcon_ros.task.ament_python.build:Building ROS package in '/home/cole/cole_ws/src/pan_tilt_control' with build type 'ament_python'
[0.720s] Level 1:colcon.colcon_core.shell:create_environment_hook('pan_tilt_control', 'ament_prefix_path')
[0.720s] INFO:colcon.colcon_core.shell:Creating environment hook '/home/cole/cole_ws/install/pan_tilt_control/share/pan_tilt_control/hook/ament_prefix_path.ps1'
[0.720s] INFO:colcon.colcon_core.shell:Creating environment descriptor '/home/cole/cole_ws/install/pan_tilt_control/share/pan_tilt_control/hook/ament_prefix_path.dsv'
[0.720s] INFO:colcon.colcon_core.shell:Creating environment hook '/home/cole/cole_ws/install/pan_tilt_control/share/pan_tilt_control/hook/ament_prefix_path.sh'
[0.720s] INFO:colcon.colcon_core.shell:Skip shell extension 'powershell' for command environment: Not usable outside of PowerShell
[0.721s] DEBUG:colcon.colcon_core.shell:Skip shell extension 'dsv' for command environment
[0.725s] DEBUG:colcon.colcon_core.event_handler.log_command:Invoking command in '/home/cole/cole_ws/build/hal_flir_d46': CMAKE_PREFIX_PATH=/home/cole/cole_ws/install/ptu_interfaces:/home/cole/cole_ws/install/sim_test:/home/cole/cole_ws/install/hal_flir_d46:/home/cole/cole_ws/install/video_stream:/home/cole/cole_ws/install/pan_tilt_control:/home/cole/cole_ws/install/camera:/opt/ros/humble LD_LIBRARY_PATH=/home/cole/cole_ws/install/ptu_interfaces/lib:/home/cole/cole_ws/install/hal_flir_d46/lib:/usr/lib/x86_64-linux-gnu/gazebo-11/plugins:/opt/ros/humble/opt/rviz_ogre_vendor/lib:/opt/ros/humble/lib/x86_64-linux-gnu:/opt/ros/humble/lib /usr/bin/cmake --build /home/cole/cole_ws/build/hal_flir_d46 -- -j16 -l16
[0.905s] INFO:colcon.colcon_core.task.python.build:Building Python package in '/home/cole/cole_ws/src/pan_tilt_control'
[0.906s] INFO:colcon.colcon_core.shell:Skip shell extension 'powershell' for command environment: Not usable outside of PowerShell
[0.906s] DEBUG:colcon.colcon_core.shell:Skip shell extension 'dsv' for command environment
[0.913s] DEBUG:colcon.colcon_core.event_handler.log_command:Invoking command in '/home/cole/cole_ws/src/camera': PYTHONPATH=/home/cole/cole_ws/build/camera/prefix_override:/usr/lib/python3/dist-packages/colcon_core/task/python/colcon_distutils_commands:/home/cole/cole_ws/install/camera/lib/python3.10/site-packages:${PYTHONPATH} /usr/bin/python3 -W ignore:setup.py install is deprecated -W ignore:easy_install command is deprecated setup.py egg_info --egg-base ../../build/camera build --build-base /home/cole/cole_ws/build/camera/build install --record /home/cole/cole_ws/build/camera/install.log --single-version-externally-managed install_data
[0.914s] DEBUG:colcon.colcon_core.event_handler.log_command:Invoking command in '/home/cole/cole_ws/src/video_stream': PYTHONPATH=/home/cole/cole_ws/build/video_stream/prefix_override:/usr/lib/python3/dist-packages/colcon_core/task/python/colcon_distutils_commands:/home/cole/cole_ws/install/video_stream/lib/python3.10/site-packages:${PYTHONPATH} /usr/bin/python3 -W ignore:setup.py install is deprecated -W ignore:easy_install command is deprecated setup.py egg_info --egg-base ../../build/video_stream build --build-base /home/cole/cole_ws/build/video_stream/build install --record /home/cole/cole_ws/build/video_stream/install.log --single-version-externally-managed install_data
[0.915s] DEBUG:colcon.colcon_core.event_handler.log_command:Invoked command in '/home/cole/cole_ws/build/hal_flir_d46' returned '0': CMAKE_PREFIX_PATH=/home/cole/cole_ws/install/ptu_interfaces:/home/cole/cole_ws/install/sim_test:/home/cole/cole_ws/install/hal_flir_d46:/home/cole/cole_ws/install/video_stream:/home/cole/cole_ws/install/pan_tilt_control:/home/cole/cole_ws/install/camera:/opt/ros/humble LD_LIBRARY_PATH=/home/cole/cole_ws/install/ptu_interfaces/lib:/home/cole/cole_ws/install/hal_flir_d46/lib:/usr/lib/x86_64-linux-gnu/gazebo-11/plugins:/opt/ros/humble/opt/rviz_ogre_vendor/lib:/opt/ros/humble/lib/x86_64-linux-gnu:/opt/ros/humble/lib /usr/bin/cmake --build /home/cole/cole_ws/build/hal_flir_d46 -- -j16 -l16
[0.916s] DEBUG:colcon.colcon_core.event_handler.log_command:Invoking command in '/home/cole/cole_ws/build/hal_flir_d46': CMAKE_PREFIX_PATH=/home/cole/cole_ws/install/ptu_interfaces:/home/cole/cole_ws/install/sim_test:/home/cole/cole_ws/install/hal_flir_d46:/home/cole/cole_ws/install/video_stream:/home/cole/cole_ws/install/pan_tilt_control:/home/cole/cole_ws/install/camera:/opt/ros/humble LD_LIBRARY_PATH=/home/cole/cole_ws/install/ptu_interfaces/lib:/home/cole/cole_ws/install/hal_flir_d46/lib:/usr/lib/x86_64-linux-gnu/gazebo-11/plugins:/opt/ros/humble/opt/rviz_ogre_vendor/lib:/opt/ros/humble/lib/x86_64-linux-gnu:/opt/ros/humble/lib /usr/bin/cmake --install /home/cole/cole_ws/build/hal_flir_d46
[0.924s] Level 1:colcon.colcon_core.environment:create_environment_scripts_only(hal_flir_d46)
[0.924s] DEBUG:colcon.colcon_core.event_handler.log_command:Invoked command in '/home/cole/cole_ws/build/hal_flir_d46' returned '0': CMAKE_PREFIX_PATH=/home/cole/cole_ws/install/ptu_interfaces:/home/cole/cole_ws/install/sim_test:/home/cole/cole_ws/install/hal_flir_d46:/home/cole/cole_ws/install/video_stream:/home/cole/cole_ws/install/pan_tilt_control:/home/cole/cole_ws/install/camera:/opt/ros/humble LD_LIBRARY_PATH=/home/cole/cole_ws/install/ptu_interfaces/lib:/home/cole/cole_ws/install/hal_flir_d46/lib:/usr/lib/x86_64-linux-gnu/gazebo-11/plugins:/opt/ros/humble/opt/rviz_ogre_vendor/lib:/opt/ros/humble/lib/x86_64-linux-gnu:/opt/ros/humble/lib /usr/bin/cmake --install /home/cole/cole_ws/build/hal_flir_d46
[0.925s] Level 1:colcon.colcon_core.environment:checking '/home/cole/cole_ws/install/hal_flir_d46' for CMake module files
[0.925s] Level 1:colcon.colcon_core.environment:checking '/home/cole/cole_ws/install/hal_flir_d46' for CMake config files
[0.925s] Level 1:colcon.colcon_core.shell:create_environment_hook('hal_flir_d46', 'cmake_prefix_path')
[0.925s] INFO:colcon.colcon_core.shell:Creating environment hook '/home/cole/cole_ws/install/hal_flir_d46/share/hal_flir_d46/hook/cmake_prefix_path.ps1'
[0.926s] INFO:colcon.colcon_core.shell:Creating environment descriptor '/home/cole/cole_ws/install/hal_flir_d46/share/hal_flir_d46/hook/cmake_prefix_path.dsv'
[0.926s] INFO:colcon.colcon_core.shell:Creating environment hook '/home/cole/cole_ws/install/hal_flir_d46/share/hal_flir_d46/hook/cmake_prefix_path.sh'
[0.926s] Level 1:colcon.colcon_core.environment:checking '/home/cole/cole_ws/install/hal_flir_d46/lib'
[0.926s] Level 1:colcon.colcon_core.shell:create_environment_hook('hal_flir_d46', 'ld_library_path_lib')
[0.926s] INFO:colcon.colcon_core.shell:Creating environment hook '/home/cole/cole_ws/install/hal_flir_d46/share/hal_flir_d46/hook/ld_library_path_lib.ps1'
[0.927s] INFO:colcon.colcon_core.shell:Creating environment descriptor '/home/cole/cole_ws/install/hal_flir_d46/share/hal_flir_d46/hook/ld_library_path_lib.dsv'
[0.927s] INFO:colcon.colcon_core.shell:Creating environment hook '/home/cole/cole_ws/install/hal_flir_d46/share/hal_flir_d46/hook/ld_library_path_lib.sh'
[0.927s] Level 1:colcon.colcon_core.environment:checking '/home/cole/cole_ws/install/hal_flir_d46/bin'
[0.927s] Level 1:colcon.colcon_core.environment:checking '/home/cole/cole_ws/install/hal_flir_d46/lib/pkgconfig/hal_flir_d46.pc'
[0.927s] Level 1:colcon.colcon_core.environment:checking '/home/cole/cole_ws/install/hal_flir_d46/lib/python3.10/site-packages'
[0.927s] Level 1:colcon.colcon_core.environment:checking '/home/cole/cole_ws/install/hal_flir_d46/bin'
[0.927s] INFO:colcon.colcon_core.shell:Creating package script '/home/cole/cole_ws/install/hal_flir_d46/share/hal_flir_d46/package.ps1'
[0.928s] INFO:colcon.colcon_core.shell:Creating package descriptor '/home/cole/cole_ws/install/hal_flir_d46/share/hal_flir_d46/package.dsv'
[0.928s] INFO:colcon.colcon_core.shell:Creating package script '/home/cole/cole_ws/install/hal_flir_d46/share/hal_flir_d46/package.sh'
[0.928s] INFO:colcon.colcon_core.shell:Creating package script '/home/cole/cole_ws/install/hal_flir_d46/share/hal_flir_d46/package.bash'
[0.928s] INFO:colcon.colcon_core.shell:Creating package script '/home/cole/cole_ws/install/hal_flir_d46/share/hal_flir_d46/package.zsh'
[0.929s] Level 1:colcon.colcon_core.environment:create_file_with_runtime_dependencies(/home/cole/cole_ws/install/hal_flir_d46/share/colcon-core/packages/hal_flir_d46)
[0.929s] Level 1:colcon.colcon_core.environment:create_environment_scripts_only(hal_flir_d46)
[0.929s] Level 1:colcon.colcon_core.environment:checking '/home/cole/cole_ws/install/hal_flir_d46' for CMake module files
[0.929s] Level 1:colcon.colcon_core.environment:checking '/home/cole/cole_ws/install/hal_flir_d46' for CMake config files
[0.929s] Level 1:colcon.colcon_core.shell:create_environment_hook('hal_flir_d46', 'cmake_prefix_path')
[0.929s] INFO:colcon.colcon_core.shell:Creating environment hook '/home/cole/cole_ws/install/hal_flir_d46/share/hal_flir_d46/hook/cmake_prefix_path.ps1'
[0.930s] INFO:colcon.colcon_core.shell:Creating environment descriptor '/home/cole/cole_ws/install/hal_flir_d46/share/hal_flir_d46/hook/cmake_prefix_path.dsv'
[0.930s] INFO:colcon.colcon_core.shell:Creating environment hook '/home/cole/cole_ws/install/hal_flir_d46/share/hal_flir_d46/hook/cmake_prefix_path.sh'
[0.930s] Level 1:colcon.colcon_core.environment:checking '/home/cole/cole_ws/install/hal_flir_d46/lib'
[0.930s] Level 1:colcon.colcon_core.shell:create_environment_hook('hal_flir_d46', 'ld_library_path_lib')
[0.930s] INFO:colcon.colcon_core.shell:Creating environment hook '/home/cole/cole_ws/install/hal_flir_d46/share/hal_flir_d46/hook/ld_library_path_lib.ps1'
[0.931s] INFO:colcon.colcon_core.shell:Creating environment descriptor '/home/cole/cole_ws/install/hal_flir_d46/share/hal_flir_d46/hook/ld_library_path_lib.dsv'
[0.931s] INFO:colcon.colcon_core.shell:Creating environment hook '/home/cole/cole_ws/install/hal_flir_d46/share/hal_flir_d46/hook/ld_library_path_lib.sh'
[0.931s] Level 1:colcon.colcon_core.environment:checking '/home/cole/cole_ws/install/hal_flir_d46/bin'
[0.931s] Level 1:colcon.colcon_core.environment:checking '/home/cole/cole_ws/install/hal_flir_d46/lib/pkgconfig/hal_flir_d46.pc'
[0.931s] Level 1:colcon.colcon_core.environment:checking '/home/cole/cole_ws/install/hal_flir_d46/lib/python3.10/site-packages'
[0.931s] Level 1:colcon.colcon_core.environment:checking '/home/cole/cole_ws/install/hal_flir_d46/bin'
[0.931s] INFO:colcon.colcon_core.shell:Creating package script '/home/cole/cole_ws/install/hal_flir_d46/share/hal_flir_d46/package.ps1'
[0.932s] INFO:colcon.colcon_core.shell:Creating package descriptor '/home/cole/cole_ws/install/hal_flir_d46/share/hal_flir_d46/package.dsv'
[0.932s] INFO:colcon.colcon_core.shell:Creating package script '/home/cole/cole_ws/install/hal_flir_d46/share/hal_flir_d46/package.sh'
[0.932s] INFO:colcon.colcon_core.shell:Creating package script '/home/cole/cole_ws/install/hal_flir_d46/share/hal_flir_d46/package.bash'
[0.933s] INFO:colcon.colcon_core.shell:Creating package script '/home/cole/cole_ws/install/hal_flir_d46/share/hal_flir_d46/package.zsh'
[0.933s] Level 1:colcon.colcon_core.environment:create_file_with_runtime_dependencies(/home/cole/cole_ws/install/hal_flir_d46/share/colcon-core/packages/hal_flir_d46)
[1.116s] Level 1:colcon.colcon_core.environment:checking '/home/cole/cole_ws/install/video_stream' for CMake module files
[1.117s] DEBUG:colcon.colcon_core.event_handler.log_command:Invoked command in '/home/cole/cole_ws/src/video_stream' returned '0': PYTHONPATH=/home/cole/cole_ws/build/video_stream/prefix_override:/usr/lib/python3/dist-packages/colcon_core/task/python/colcon_distutils_commands:/home/cole/cole_ws/install/video_stream/lib/python3.10/site-packages:${PYTHONPATH} /usr/bin/python3 -W ignore:setup.py install is deprecated -W ignore:easy_install command is deprecated setup.py egg_info --egg-base ../../build/video_stream build --build-base /home/cole/cole_ws/build/video_stream/build install --record /home/cole/cole_ws/build/video_stream/install.log --single-version-externally-managed install_data
[1.117s] Level 1:colcon.colcon_core.environment:checking '/home/cole/cole_ws/install/video_stream' for CMake config files
[1.117s] Level 1:colcon.colcon_core.environment:checking '/home/cole/cole_ws/install/video_stream/lib'
[1.117s] Level 1:colcon.colcon_core.environment:checking '/home/cole/cole_ws/install/video_stream/bin'
[1.117s] Level 1:colcon.colcon_core.environment:checking '/home/cole/cole_ws/install/video_stream/lib/pkgconfig/video_stream.pc'
[1.118s] Level 1:colcon.colcon_core.environment:checking '/home/cole/cole_ws/install/video_stream/lib/python3.10/site-packages'
[1.118s] Level 1:colcon.colcon_core.shell:create_environment_hook('video_stream', 'pythonpath')
[1.118s] INFO:colcon.colcon_core.shell:Creating environment hook '/home/cole/cole_ws/install/video_stream/share/video_stream/hook/pythonpath.ps1'
[1.118s] INFO:colcon.colcon_core.shell:Creating environment descriptor '/home/cole/cole_ws/install/video_stream/share/video_stream/hook/pythonpath.dsv'
[1.118s] INFO:colcon.colcon_core.shell:Creating environment hook '/home/cole/cole_ws/install/video_stream/share/video_stream/hook/pythonpath.sh'
[1.119s] Level 1:colcon.colcon_core.environment:checking '/home/cole/cole_ws/install/video_stream/bin'
[1.119s] Level 1:colcon.colcon_core.environment:create_environment_scripts_only(video_stream)
[1.119s] INFO:colcon.colcon_core.shell:Creating package script '/home/cole/cole_ws/install/video_stream/share/video_stream/package.ps1'
[1.119s] INFO:colcon.colcon_core.shell:Creating package descriptor '/home/cole/cole_ws/install/video_stream/share/video_stream/package.dsv'
[1.119s] INFO:colcon.colcon_core.shell:Creating package script '/home/cole/cole_ws/install/video_stream/share/video_stream/package.sh'
[1.120s] INFO:colcon.colcon_core.shell:Creating package script '/home/cole/cole_ws/install/video_stream/share/video_stream/package.bash'
[1.120s] INFO:colcon.colcon_core.shell:Creating package script '/home/cole/cole_ws/install/video_stream/share/video_stream/package.zsh'
[1.120s] Level 1:colcon.colcon_core.environment:create_file_with_runtime_dependencies(/home/cole/cole_ws/install/video_stream/share/colcon-core/packages/video_stream)
[1.120s] Level 1:colcon.colcon_core.environment:checking '/home/cole/cole_ws/install/camera' for CMake module files
[1.121s] Level 1:colcon.colcon_core.environment:checking '/home/cole/cole_ws/install/camera' for CMake config files
[1.121s] DEBUG:colcon.colcon_core.event_handler.log_command:Invoked command in '/home/cole/cole_ws/src/camera' returned '0': PYTHONPATH=/home/cole/cole_ws/build/camera/prefix_override:/usr/lib/python3/dist-packages/colcon_core/task/python/colcon_distutils_commands:/home/cole/cole_ws/install/camera/lib/python3.10/site-packages:${PYTHONPATH} /usr/bin/python3 -W ignore:setup.py install is deprecated -W ignore:easy_install command is deprecated setup.py egg_info --egg-base ../../build/camera build --build-base /home/cole/cole_ws/build/camera/build install --record /home/cole/cole_ws/build/camera/install.log --single-version-externally-managed install_data
[1.121s] Level 1:colcon.colcon_core.environment:checking '/home/cole/cole_ws/install/camera/lib'
[1.121s] Level 1:colcon.colcon_core.environment:checking '/home/cole/cole_ws/install/camera/bin'
[1.121s] Level 1:colcon.colcon_core.environment:checking '/home/cole/cole_ws/install/camera/lib/pkgconfig/camera.pc'
[1.122s] Level 1:colcon.colcon_core.environment:checking '/home/cole/cole_ws/install/camera/lib/python3.10/site-packages'
[1.122s] Level 1:colcon.colcon_core.shell:create_environment_hook('camera', 'pythonpath')
[1.122s] INFO:colcon.colcon_core.shell:Creating environment hook '/home/cole/cole_ws/install/camera/share/camera/hook/pythonpath.ps1'
[1.122s] INFO:colcon.colcon_core.shell:Creating environment descriptor '/home/cole/cole_ws/install/camera/share/camera/hook/pythonpath.dsv'
[1.122s] INFO:colcon.colcon_core.shell:Creating environment hook '/home/cole/cole_ws/install/camera/share/camera/hook/pythonpath.sh'
[1.123s] Level 1:colcon.colcon_core.environment:checking '/home/cole/cole_ws/install/camera/bin'
[1.123s] Level 1:colcon.colcon_core.environment:create_environment_scripts_only(camera)
[1.123s] INFO:colcon.colcon_core.shell:Creating package script '/home/cole/cole_ws/install/camera/share/camera/package.ps1'
[1.123s] INFO:colcon.colcon_core.shell:Creating package descriptor '/home/cole/cole_ws/install/camera/share/camera/package.dsv'
[1.123s] INFO:colcon.colcon_core.shell:Creating package script '/home/cole/cole_ws/install/camera/share/camera/package.sh'
[1.123s] INFO:colcon.colcon_core.shell:Creating package script '/home/cole/cole_ws/install/camera/share/camera/package.bash'
[1.124s] INFO:colcon.colcon_core.shell:Creating package script '/home/cole/cole_ws/install/camera/share/camera/package.zsh'
[1.124s] Level 1:colcon.colcon_core.environment:create_file_with_runtime_dependencies(/home/cole/cole_ws/install/camera/share/colcon-core/packages/camera)
[1.158s] DEBUG:colcon.colcon_core.event_handler.log_command:Invoking command in '/home/cole/cole_ws/src/pan_tilt_control': CMAKE_PREFIX_PATH=/home/cole/cole_ws/install/ptu_interfaces:/home/cole/cole_ws/install/sim_test:/home/cole/cole_ws/install/hal_flir_d46 LD_LIBRARY_PATH=/home/cole/cole_ws/install/ptu_interfaces/lib:/home/cole/cole_ws/install/hal_flir_d46/lib:/usr/lib/x86_64-linux-gnu/gazebo-11/plugins:/opt/ros/humble/opt/rviz_ogre_vendor/lib:/opt/ros/humble/lib/x86_64-linux-gnu:/opt/ros/humble/lib PYTHONPATH=/home/cole/cole_ws/build/pan_tilt_control/prefix_override:/usr/lib/python3/dist-packages/colcon_core/task/python/colcon_distutils_commands:/home/cole/cole_ws/install/pan_tilt_control/lib/python3.10/site-packages:${PYTHONPATH} /usr/bin/python3 -W ignore:setup.py install is deprecated -W ignore:easy_install command is deprecated setup.py egg_info --egg-base ../../build/pan_tilt_control build --build-base /home/cole/cole_ws/build/pan_tilt_control/build install --record /home/cole/cole_ws/build/pan_tilt_control/install.log --single-version-externally-managed install_data
[1.357s] Level 1:colcon.colcon_core.environment:checking '/home/cole/cole_ws/install/pan_tilt_control' for CMake module files
[1.357s] DEBUG:colcon.colcon_core.event_handler.log_command:Invoked command in '/home/cole/cole_ws/src/pan_tilt_control' returned '0': CMAKE_PREFIX_PATH=/home/cole/cole_ws/install/ptu_interfaces:/home/cole/cole_ws/install/sim_test:/home/cole/cole_ws/install/hal_flir_d46 LD_LIBRARY_PATH=/home/cole/cole_ws/install/ptu_interfaces/lib:/home/cole/cole_ws/install/hal_flir_d46/lib:/usr/lib/x86_64-linux-gnu/gazebo-11/plugins:/opt/ros/humble/opt/rviz_ogre_vendor/lib:/opt/ros/humble/lib/x86_64-linux-gnu:/opt/ros/humble/lib PYTHONPATH=/home/cole/cole_ws/build/pan_tilt_control/prefix_override:/usr/lib/python3/dist-packages/colcon_core/task/python/colcon_distutils_commands:/home/cole/cole_ws/install/pan_tilt_control/lib/python3.10/site-packages:${PYTHONPATH} /usr/bin/python3 -W ignore:setup.py install is deprecated -W ignore:easy_install command is deprecated setup.py egg_info --egg-base ../../build/pan_tilt_control build --build-base /home/cole/cole_ws/build/pan_tilt_control/build install --record /home/cole/cole_ws/build/pan_tilt_control/install.log --single-version-externally-managed install_data
[1.357s] Level 1:colcon.colcon_core.environment:checking '/home/cole/cole_ws/install/pan_tilt_control' for CMake config files
[1.358s] Level 1:colcon.colcon_core.environment:checking '/home/cole/cole_ws/install/pan_tilt_control/lib'
[1.358s] Level 1:colcon.colcon_core.environment:checking '/home/cole/cole_ws/install/pan_tilt_control/bin'
[1.358s] Level 1:colcon.colcon_core.environment:checking '/home/cole/cole_ws/install/pan_tilt_control/lib/pkgconfig/pan_tilt_control.pc'
[1.358s] Level 1:colcon.colcon_core.environment:checking '/home/cole/cole_ws/install/pan_tilt_control/lib/python3.10/site-packages'
[1.358s] Level 1:colcon.colcon_core.shell:create_environment_hook('pan_tilt_control', 'pythonpath')
[1.358s] INFO:colcon.colcon_core.shell:Creating environment hook '/home/cole/cole_ws/install/pan_tilt_control/share/pan_tilt_control/hook/pythonpath.ps1'
[1.358s] INFO:colcon.colcon_core.shell:Creating environment descriptor '/home/cole/cole_ws/install/pan_tilt_control/share/pan_tilt_control/hook/pythonpath.dsv'
[1.359s] INFO:colcon.colcon_core.shell:Creating environment hook '/home/cole/cole_ws/install/pan_tilt_control/share/pan_tilt_control/hook/pythonpath.sh'
[1.359s] Level 1:colcon.colcon_core.environment:checking '/home/cole/cole_ws/install/pan_tilt_control/bin'
[1.359s] Level 1:colcon.colcon_core.environment:create_environment_scripts_only(pan_tilt_control)
[1.359s] INFO:colcon.colcon_core.shell:Creating package script '/home/cole/cole_ws/install/pan_tilt_control/share/pan_tilt_control/package.ps1'
[1.360s] INFO:colcon.colcon_core.shell:Creating package descriptor '/home/cole/cole_ws/install/pan_tilt_control/share/pan_tilt_control/package.dsv'
[1.360s] INFO:colcon.colcon_core.shell:Creating package script '/home/cole/cole_ws/install/pan_tilt_control/share/pan_tilt_control/package.sh'
[1.360s] INFO:colcon.colcon_core.shell:Creating package script '/home/cole/cole_ws/install/pan_tilt_control/share/pan_tilt_control/package.bash'
[1.360s] INFO:colcon.colcon_core.shell:Creating package script '/home/cole/cole_ws/install/pan_tilt_control/share/pan_tilt_control/package.zsh'
[1.360s] Level 1:colcon.colcon_core.environment:create_file_with_runtime_dependencies(/home/cole/cole_ws/install/pan_tilt_control/share/colcon-core/packages/pan_tilt_control)
[1.360s] DEBUG:colcon.colcon_parallel_executor.executor.parallel:closing loop
[1.361s] DEBUG:colcon.colcon_parallel_executor.executor.parallel:loop closed
[1.361s] DEBUG:colcon.colcon_parallel_executor.executor.parallel:run_until_complete finished with '0'
[1.361s] DEBUG:colcon.colcon_core.event_reactor:joining thread
[1.364s] INFO:colcon.colcon_core.plugin_system:Skipping extension 'colcon_notification.desktop_notification.terminal_notifier': Not used on non-Darwin systems
[1.364s] INFO:colcon.colcon_core.plugin_system:Skipping extension 'colcon_notification.desktop_notification.win32': Not used on non-Windows systems
[1.364s] INFO:colcon.colcon_notification.desktop_notification:Sending desktop notification using 'notify2'
[1.372s] DEBUG:colcon.colcon_core.event_reactor:joined thread
[1.372s] INFO:colcon.colcon_core.shell:Creating prefix script '/home/cole/cole_ws/install/local_setup.ps1'
[1.373s] INFO:colcon.colcon_core.shell:Creating prefix util module '/home/cole/cole_ws/install/_local_setup_util_ps1.py'
[1.374s] INFO:colcon.colcon_core.shell:Creating prefix chain script '/home/cole/cole_ws/install/setup.ps1'
[1.374s] INFO:colcon.colcon_core.shell:Creating prefix script '/home/cole/cole_ws/install/local_setup.sh'
[1.375s] INFO:colcon.colcon_core.shell:Creating prefix util module '/home/cole/cole_ws/install/_local_setup_util_sh.py'
[1.375s] INFO:colcon.colcon_core.shell:Creating prefix chain script '/home/cole/cole_ws/install/setup.sh'
[1.376s] INFO:colcon.colcon_core.shell:Creating prefix script '/home/cole/cole_ws/install/local_setup.bash'
[1.376s] INFO:colcon.colcon_core.shell:Creating prefix chain script '/home/cole/cole_ws/install/setup.bash'
[1.377s] INFO:colcon.colcon_core.shell:Creating prefix script '/home/cole/cole_ws/install/local_setup.zsh'
[1.377s] INFO:colcon.colcon_core.shell:Creating prefix chain script '/home/cole/cole_ws/install/setup.zsh'
