[0.406s] Invoking command in '/home/cole/cole_ws/src/pan_tilt_control': CMAKE_PREFIX_PATH=/home/cole/cole_ws/install/ptu_interfaces:/home/cole/cole_ws/install/sim_test:/home/cole/cole_ws/install/hal_flir_d46 LD_LIBRARY_PATH=/home/cole/cole_ws/install/ptu_interfaces/lib:/home/cole/cole_ws/install/hal_flir_d46/lib:/usr/lib/x86_64-linux-gnu/gazebo-11/plugins:/opt/ros/humble/opt/rviz_ogre_vendor/lib:/opt/ros/humble/lib/x86_64-linux-gnu:/opt/ros/humble/lib PYTHONPATH=/home/cole/cole_ws/build/pan_tilt_control/prefix_override:/usr/lib/python3/dist-packages/colcon_core/task/python/colcon_distutils_commands:/home/cole/cole_ws/install/pan_tilt_control/lib/python3.10/site-packages:${PYTHONPATH} /usr/bin/python3 -W ignore:setup.py install is deprecated -W ignore:easy_install command is deprecated setup.py egg_info --egg-base ../../build/pan_tilt_control build --build-base /home/cole/cole_ws/build/pan_tilt_control/build install --record /home/cole/cole_ws/build/pan_tilt_control/install.log --single-version-externally-managed install_data
[0.560s] running egg_info
[0.560s] writing ../../build/pan_tilt_control/pan_tilt_control.egg-info/PKG-INFO
[0.560s] writing dependency_links to ../../build/pan_tilt_control/pan_tilt_control.egg-info/dependency_links.txt
[0.560s] writing entry points to ../../build/pan_tilt_control/pan_tilt_control.egg-info/entry_points.txt
[0.560s] writing requirements to ../../build/pan_tilt_control/pan_tilt_control.egg-info/requires.txt
[0.560s] writing top-level names to ../../build/pan_tilt_control/pan_tilt_control.egg-info/top_level.txt
[0.562s] reading manifest file '../../build/pan_tilt_control/pan_tilt_control.egg-info/SOURCES.txt'
[0.562s] adding license file 'LICENSE'
[0.562s] writing manifest file '../../build/pan_tilt_control/pan_tilt_control.egg-info/SOURCES.txt'
[0.562s] running build
[0.562s] running build_py
[0.562s] copying pan_tilt_control/pan_tilt_joy.py -> /home/cole/cole_ws/build/pan_tilt_control/build/lib/pan_tilt_control
[0.562s] running install
[0.562s] running install_lib
[0.563s] copying /home/cole/cole_ws/build/pan_tilt_control/build/lib/pan_tilt_control/pan_tilt_joy.py -> /home/cole/cole_ws/install/pan_tilt_control/lib/python3.10/site-packages/pan_tilt_control
[0.563s] byte-compiling /home/cole/cole_ws/install/pan_tilt_control/lib/python3.10/site-packages/pan_tilt_control/pan_tilt_joy.py to pan_tilt_joy.cpython-310.pyc
[0.563s] running install_data
[0.564s] running install_egg_info
[0.565s] removing '/home/cole/cole_ws/install/pan_tilt_control/lib/python3.10/site-packages/pan_tilt_control-0.0.0-py3.10.egg-info' (and everything under it)
[0.565s] Copying ../../build/pan_tilt_control/pan_tilt_control.egg-info to /home/cole/cole_ws/install/pan_tilt_control/lib/python3.10/site-packages/pan_tilt_control-0.0.0-py3.10.egg-info
[0.565s] running install_scripts
[0.578s] Installing pan_tilt_joy script to /home/cole/cole_ws/install/pan_tilt_control/lib/pan_tilt_control
[0.578s] writing list of installed files to '/home/cole/cole_ws/build/pan_tilt_control/install.log'
[0.592s] Invoked command in '/home/cole/cole_ws/src/pan_tilt_control' returned '0': CMAKE_PREFIX_PATH=/home/cole/cole_ws/install/ptu_interfaces:/home/cole/cole_ws/install/sim_test:/home/cole/cole_ws/install/hal_flir_d46 LD_LIBRARY_PATH=/home/cole/cole_ws/install/ptu_interfaces/lib:/home/cole/cole_ws/install/hal_flir_d46/lib:/usr/lib/x86_64-linux-gnu/gazebo-11/plugins:/opt/ros/humble/opt/rviz_ogre_vendor/lib:/opt/ros/humble/lib/x86_64-linux-gnu:/opt/ros/humble/lib PYTHONPATH=/home/cole/cole_ws/build/pan_tilt_control/prefix_override:/usr/lib/python3/dist-packages/colcon_core/task/python/colcon_distutils_commands:/home/cole/cole_ws/install/pan_tilt_control/lib/python3.10/site-packages:${PYTHONPATH} /usr/bin/python3 -W ignore:setup.py install is deprecated -W ignore:easy_install command is deprecated setup.py egg_info --egg-base ../../build/pan_tilt_control build --build-base /home/cole/cole_ws/build/pan_tilt_control/build install --record /home/cole/cole_ws/build/pan_tilt_control/install.log --single-version-externally-managed install_data
