[0.175s] Invoking command in '/home/cole/cole_ws/build/hal_flir_d46': CMAKE_PREFIX_PATH=${CMAKE_PREFIX_PATH}:/home/cole/cole_ws/install/video_stream:/home/cole/cole_ws/install/sim_test:/opt/ros/humble /usr/bin/cmake /home/cole/cole_ws/src/ROS2-HAL-Flir-PTU-D46 -DCMAKE_INSTALL_PREFIX=/home/cole/cole_ws/install/hal_flir_d46
[0.183s] -- Found ament_cmake: 1.3.11 (/opt/ros/humble/share/ament_cmake/cmake)
[0.266s] -- Found rclcpp: 16.0.11 (/opt/ros/humble/share/rclcpp/cmake)
[0.285s] -- Found rosidl_generator_c: 3.1.6 (/opt/ros/humble/share/rosidl_generator_c/cmake)
[0.287s] -- Found rosidl_adapter: 3.1.6 (/opt/ros/humble/share/rosidl_adapter/cmake)
[0.290s] -- Found rosidl_generator_cpp: 3.1.6 (/opt/ros/humble/share/rosidl_generator_cpp/cmake)
[0.296s] -- Using all available rosidl_typesupport_c: rosidl_typesupport_fastrtps_c;rosidl_typesupport_introspection_c
[0.304s] -- Using all available rosidl_typesupport_cpp: rosidl_typesupport_fastrtps_cpp;rosidl_typesupport_introspection_cpp
[0.324s] -- Found rmw_implementation_cmake: 6.1.2 (/opt/ros/humble/share/rmw_implementation_cmake/cmake)
[0.325s] -- Found rmw_fastrtps_cpp: 6.2.7 (/opt/ros/humble/share/rmw_fastrtps_cpp/cmake)
[0.402s] -- Using RMW implementation 'rmw_fastrtps_cpp' as default
[0.433s] -- Found rclcpp_action: 16.0.11 (/opt/ros/humble/share/rclcpp_action/cmake)
[0.452s] -- Found rclcpp_components: 16.0.11 (/opt/ros/humble/share/rclcpp_components/cmake)
[0.464s] -- Found std_srvs: 4.2.4 (/opt/ros/humble/share/std_srvs/cmake)
[0.470s] -- Found sensor_msgs: 4.2.4 (/opt/ros/humble/share/sensor_msgs/cmake)
[0.488s] -- Found serial: 2.0.1 (/opt/ros/humble/share/serial/cmake)
[0.489s] -- Found rosidl_default_generators: 1.2.0 (/opt/ros/humble/share/rosidl_default_generators/cmake)
[0.500s] [31mCMake Error at CMakeLists.txt:31 (find_package):
[0.500s]   By not providing "Findptu_interfaces.cmake" in CMAKE_MODULE_PATH this
[0.500s]   project has asked CMake to find a package configuration file provided by
[0.500s]   "ptu_interfaces", but CMake did not find one.
[0.500s] 
[0.500s]   Could not find a package configuration file provided by "ptu_interfaces"
[0.500s]   with any of the following names:
[0.500s] 
[0.500s]     ptu_interfacesConfig.cmake
[0.500s]     ptu_interfaces-config.cmake
[0.500s] 
[0.500s]   Add the installation prefix of "ptu_interfaces" to CMAKE_PREFIX_PATH or set
[0.501s]   "ptu_interfaces_DIR" to a directory containing one of the above files.  If
[0.501s]   "ptu_interfaces" provides a separate development package or SDK, be sure it
[0.501s]   has been installed.
[0.501s] 
[0.501s] [0m
[0.501s] -- Configuring incomplete, errors occurred!
[0.501s] See also "/home/cole/cole_ws/build/hal_flir_d46/CMakeFiles/CMakeOutput.log".
[0.506s] Invoked command in '/home/cole/cole_ws/build/hal_flir_d46' returned '1': CMAKE_PREFIX_PATH=${CMAKE_PREFIX_PATH}:/home/cole/cole_ws/install/video_stream:/home/cole/cole_ws/install/sim_test:/opt/ros/humble /usr/bin/cmake /home/cole/cole_ws/src/ROS2-HAL-Flir-PTU-D46 -DCMAKE_INSTALL_PREFIX=/home/cole/cole_ws/install/hal_flir_d46
