-- The C compiler identification is GNU 11.4.0
-- The CXX compiler identification is GNU 11.4.0
-- Detecting C compiler ABI info
-- Detecting C compiler ABI info - done
-- Check for working C compiler: /usr/bin/cc - skipped
-- Detecting C compile features
-- Detecting C compile features - done
-- Detecting CXX compiler ABI info
-- Detecting CXX compiler ABI info - done
-- Check for working CXX compiler: /usr/bin/c++ - skipped
-- Detecting CXX compile features
-- Detecting CXX compile features - done
-- Found ament_cmake: 1.3.11 (/opt/ros/humble/share/ament_cmake/cmake)
-- Found Python3: /usr/bin/python3 (found version "3.10.12") found components: Interpreter 
-- Found std_msgs: 4.2.4 (/opt/ros/humble/share/std_msgs/cmake)
-- Found rosidl_generator_c: 3.1.6 (/opt/ros/humble/share/rosidl_generator_c/cmake)
-- Found rosidl_adapter: 3.1.6 (/opt/ros/humble/share/rosidl_adapter/cmake)
-- Found rosidl_generator_cpp: 3.1.6 (/opt/ros/humble/share/rosidl_generator_cpp/cmake)
-- Using all available rosidl_typesupport_c: rosidl_typesupport_fastrtps_c;rosidl_typesupport_introspection_c
-- Using all available rosidl_typesupport_cpp: rosidl_typesupport_fastrtps_cpp;rosidl_typesupport_introspection_cpp
-- Found rosidl_default_generators: 1.2.0 (/opt/ros/humble/share/rosidl_default_generators/cmake)
-- Found ament_cmake_ros: 0.10.0 (/opt/ros/humble/share/ament_cmake_ros/cmake)
-- Using all available rosidl_typesupport_c: rosidl_typesupport_fastrtps_c;rosidl_typesupport_introspection_c
-- Using all available rosidl_typesupport_cpp: rosidl_typesupport_fastrtps_cpp;rosidl_typesupport_introspection_cpp
-- Found PythonInterp: /usr/bin/python3 (found suitable version "3.10.12", minimum required is "3.6") 
-- Found python_cmake_module: 0.10.0 (/opt/ros/humble/share/python_cmake_module/cmake)
-- Found PythonLibs: /usr/lib/x86_64-linux-gnu/libpython3.10.so (found suitable version "3.10.12", minimum required is "3.5") 
-- Using PYTHON_EXECUTABLE: /usr/bin/python3
-- Using PYTHON_INCLUDE_DIRS: /usr/include/python3.10
-- Using PYTHON_LIBRARIES: /usr/lib/x86_64-linux-gnu/libpython3.10.so
-- Found PythonExtra: .so  
-- Configuring done
-- Generating done
-- Build files have been written to: /home/cole/cole_ws/build/ptu_interfaces
[  1%] [34m[1mGenerating C code for ROS interfaces[0m
[  2%] [34m[1mGenerating C++ code for ROS interfaces[0m
[  2%] Built target ament_cmake_python_copy_ptu_interfaces
running egg_info
creating ptu_interfaces.egg-info
writing ptu_interfaces.egg-info/PKG-INFO
writing dependency_links to ptu_interfaces.egg-info/dependency_links.txt
writing top-level names to ptu_interfaces.egg-info/top_level.txt
writing manifest file 'ptu_interfaces.egg-info/SOURCES.txt'
reading manifest file 'ptu_interfaces.egg-info/SOURCES.txt'
writing manifest file 'ptu_interfaces.egg-info/SOURCES.txt'
[  2%] Built target ament_cmake_python_build_ptu_interfaces_egg
[  3%] [32mBuilding C object CMakeFiles/ptu_interfaces__rosidl_generator_c.dir/rosidl_generator_c/ptu_interfaces/msg/detail/ptu__functions.c.o[0m
[  4%] [32mBuilding C object CMakeFiles/ptu_interfaces__rosidl_generator_c.dir/rosidl_generator_c/ptu_interfaces/srv/detail/set_pan__functions.c.o[0m
[  5%] [32mBuilding C object CMakeFiles/ptu_interfaces__rosidl_generator_c.dir/rosidl_generator_c/ptu_interfaces/srv/detail/set_pan_tilt__functions.c.o[0m
[  6%] [32mBuilding C object CMakeFiles/ptu_interfaces__rosidl_generator_c.dir/rosidl_generator_c/ptu_interfaces/srv/detail/set_pan_tilt_speed__functions.c.o[0m
[  7%] [32mBuilding C object CMakeFiles/ptu_interfaces__rosidl_generator_c.dir/rosidl_generator_c/ptu_interfaces/action/detail/set_pan__functions.c.o[0m
[  8%] [32mBuilding C object CMakeFiles/ptu_interfaces__rosidl_generator_c.dir/rosidl_generator_c/ptu_interfaces/srv/detail/set_tilt__functions.c.o[0m
[  9%] [32mBuilding C object CMakeFiles/ptu_interfaces__rosidl_generator_c.dir/rosidl_generator_c/ptu_interfaces/action/detail/set_tilt__functions.c.o[0m
[ 10%] [32mBuilding C object CMakeFiles/ptu_interfaces__rosidl_generator_c.dir/rosidl_generator_c/ptu_interfaces/action/detail/set_pan_tilt__functions.c.o[0m
[ 11%] [32mBuilding C object CMakeFiles/ptu_interfaces__rosidl_generator_c.dir/rosidl_generator_c/ptu_interfaces/srv/detail/get_limits__functions.c.o[0m
[ 11%] Built target ptu_interfaces__cpp
[ 14%] [34m[1mGenerating C++ type support for eProsima Fast-RTPS[0m
[ 14%] [34m[1mGenerating C++ type support dispatch for ROS interfaces[0m
[ 14%] [34m[1mGenerating C++ introspection for ROS interfaces[0m
[ 15%] [32m[1mLinking C shared library libptu_interfaces__rosidl_generator_c.so[0m
[ 15%] Built target ptu_interfaces__rosidl_generator_c
[ 16%] [34m[1mGenerating C type support for eProsima Fast-RTPS[0m
[ 18%] [34m[1mGenerating C type support dispatch for ROS interfaces[0m
[ 18%] [34m[1mGenerating C introspection for ROS interfaces[0m
[ 20%] [32mBuilding CXX object CMakeFiles/ptu_interfaces__rosidl_typesupport_cpp.dir/rosidl_typesupport_cpp/ptu_interfaces/action/set_tilt__type_support.cpp.o[0m
[ 21%] [32mBuilding CXX object CMakeFiles/ptu_interfaces__rosidl_typesupport_cpp.dir/rosidl_typesupport_cpp/ptu_interfaces/action/set_pan__type_support.cpp.o[0m
[ 22%] [32mBuilding CXX object CMakeFiles/ptu_interfaces__rosidl_typesupport_cpp.dir/rosidl_typesupport_cpp/ptu_interfaces/msg/ptu__type_support.cpp.o[0m
[ 23%] [32mBuilding CXX object CMakeFiles/ptu_interfaces__rosidl_typesupport_cpp.dir/rosidl_typesupport_cpp/ptu_interfaces/action/set_pan_tilt__type_support.cpp.o[0m
[ 24%] [32mBuilding CXX object CMakeFiles/ptu_interfaces__rosidl_typesupport_cpp.dir/rosidl_typesupport_cpp/ptu_interfaces/srv/set_pan__type_support.cpp.o[0m
[ 25%] [32mBuilding CXX object CMakeFiles/ptu_interfaces__rosidl_typesupport_cpp.dir/rosidl_typesupport_cpp/ptu_interfaces/srv/set_tilt__type_support.cpp.o[0m
[ 26%] [32mBuilding CXX object CMakeFiles/ptu_interfaces__rosidl_typesupport_cpp.dir/rosidl_typesupport_cpp/ptu_interfaces/srv/set_pan_tilt__type_support.cpp.o[0m
[ 27%] [32mBuilding CXX object CMakeFiles/ptu_interfaces__rosidl_typesupport_cpp.dir/rosidl_typesupport_cpp/ptu_interfaces/srv/set_pan_tilt_speed__type_support.cpp.o[0m
[ 28%] [32mBuilding CXX object CMakeFiles/ptu_interfaces__rosidl_typesupport_cpp.dir/rosidl_typesupport_cpp/ptu_interfaces/srv/get_limits__type_support.cpp.o[0m
[ 29%] [32mBuilding CXX object CMakeFiles/ptu_interfaces__rosidl_typesupport_c.dir/rosidl_typesupport_c/ptu_interfaces/msg/ptu__type_support.cpp.o[0m
[ 30%] [32mBuilding CXX object CMakeFiles/ptu_interfaces__rosidl_typesupport_c.dir/rosidl_typesupport_c/ptu_interfaces/srv/set_pan__type_support.cpp.o[0m
[ 31%] [32mBuilding CXX object CMakeFiles/ptu_interfaces__rosidl_typesupport_c.dir/rosidl_typesupport_c/ptu_interfaces/srv/set_tilt__type_support.cpp.o[0m
[ 32%] [32mBuilding CXX object CMakeFiles/ptu_interfaces__rosidl_typesupport_c.dir/rosidl_typesupport_c/ptu_interfaces/srv/set_pan_tilt__type_support.cpp.o[0m
[ 33%] [32mBuilding CXX object CMakeFiles/ptu_interfaces__rosidl_typesupport_c.dir/rosidl_typesupport_c/ptu_interfaces/srv/set_pan_tilt_speed__type_support.cpp.o[0m
[ 34%] [32mBuilding CXX object CMakeFiles/ptu_interfaces__rosidl_typesupport_c.dir/rosidl_typesupport_c/ptu_interfaces/srv/get_limits__type_support.cpp.o[0m
[ 35%] [32mBuilding CXX object CMakeFiles/ptu_interfaces__rosidl_typesupport_c.dir/rosidl_typesupport_c/ptu_interfaces/action/set_pan__type_support.cpp.o[0m
[ 36%] [32mBuilding CXX object CMakeFiles/ptu_interfaces__rosidl_typesupport_c.dir/rosidl_typesupport_c/ptu_interfaces/action/set_tilt__type_support.cpp.o[0m
[ 37%] [32mBuilding CXX object CMakeFiles/ptu_interfaces__rosidl_typesupport_c.dir/rosidl_typesupport_c/ptu_interfaces/action/set_pan_tilt__type_support.cpp.o[0m
[ 38%] [32mBuilding CXX object CMakeFiles/ptu_interfaces__rosidl_typesupport_introspection_cpp.dir/rosidl_typesupport_introspection_cpp/ptu_interfaces/msg/detail/ptu__type_support.cpp.o[0m
[ 40%] [32mBuilding CXX object CMakeFiles/ptu_interfaces__rosidl_typesupport_introspection_cpp.dir/rosidl_typesupport_introspection_cpp/ptu_interfaces/srv/detail/set_pan__type_support.cpp.o[0m
[ 41%] [32mBuilding CXX object CMakeFiles/ptu_interfaces__rosidl_typesupport_introspection_cpp.dir/rosidl_typesupport_introspection_cpp/ptu_interfaces/srv/detail/set_tilt__type_support.cpp.o[0m
[ 42%] [32mBuilding CXX object CMakeFiles/ptu_interfaces__rosidl_typesupport_introspection_cpp.dir/rosidl_typesupport_introspection_cpp/ptu_interfaces/srv/detail/set_pan_tilt__type_support.cpp.o[0m
[ 43%] [32mBuilding CXX object CMakeFiles/ptu_interfaces__rosidl_typesupport_introspection_cpp.dir/rosidl_typesupport_introspection_cpp/ptu_interfaces/srv/detail/set_pan_tilt_speed__type_support.cpp.o[0m
[ 44%] [32m[1mLinking CXX shared library libptu_interfaces__rosidl_typesupport_c.so[0m
[ 45%] [32mBuilding CXX object CMakeFiles/ptu_interfaces__rosidl_typesupport_introspection_cpp.dir/rosidl_typesupport_introspection_cpp/ptu_interfaces/srv/detail/get_limits__type_support.cpp.o[0m
[ 45%] Built target ptu_interfaces__rosidl_typesupport_c
[ 46%] [32mBuilding CXX object CMakeFiles/ptu_interfaces__rosidl_typesupport_introspection_cpp.dir/rosidl_typesupport_introspection_cpp/ptu_interfaces/action/detail/set_pan__type_support.cpp.o[0m
[ 47%] [32mBuilding CXX object CMakeFiles/ptu_interfaces__rosidl_typesupport_introspection_cpp.dir/rosidl_typesupport_introspection_cpp/ptu_interfaces/action/detail/set_tilt__type_support.cpp.o[0m
[ 48%] [32mBuilding CXX object CMakeFiles/ptu_interfaces__rosidl_typesupport_introspection_cpp.dir/rosidl_typesupport_introspection_cpp/ptu_interfaces/action/detail/set_pan_tilt__type_support.cpp.o[0m
[ 49%] [32mBuilding CXX object CMakeFiles/ptu_interfaces__rosidl_typesupport_fastrtps_cpp.dir/rosidl_typesupport_fastrtps_cpp/ptu_interfaces/msg/detail/dds_fastrtps/ptu__type_support.cpp.o[0m
[ 50%] [32mBuilding CXX object CMakeFiles/ptu_interfaces__rosidl_typesupport_fastrtps_cpp.dir/rosidl_typesupport_fastrtps_cpp/ptu_interfaces/srv/detail/dds_fastrtps/set_tilt__type_support.cpp.o[0m
[ 51%] [32mBuilding CXX object CMakeFiles/ptu_interfaces__rosidl_typesupport_fastrtps_cpp.dir/rosidl_typesupport_fastrtps_cpp/ptu_interfaces/srv/detail/dds_fastrtps/set_pan__type_support.cpp.o[0m
[ 52%] [32mBuilding CXX object CMakeFiles/ptu_interfaces__rosidl_typesupport_fastrtps_cpp.dir/rosidl_typesupport_fastrtps_cpp/ptu_interfaces/srv/detail/dds_fastrtps/set_pan_tilt__type_support.cpp.o[0m
[ 53%] [32mBuilding C object CMakeFiles/ptu_interfaces__rosidl_typesupport_introspection_c.dir/rosidl_typesupport_introspection_c/ptu_interfaces/msg/detail/ptu__type_support.c.o[0m
[ 54%] [32mBuilding C object CMakeFiles/ptu_interfaces__rosidl_typesupport_introspection_c.dir/rosidl_typesupport_introspection_c/ptu_interfaces/srv/detail/set_pan__type_support.c.o[0m
[ 55%] [32mBuilding CXX object CMakeFiles/ptu_interfaces__rosidl_typesupport_fastrtps_c.dir/rosidl_typesupport_fastrtps_c/ptu_interfaces/msg/detail/ptu__type_support_c.cpp.o[0m
[ 56%] [32mBuilding C object CMakeFiles/ptu_interfaces__rosidl_typesupport_introspection_c.dir/rosidl_typesupport_introspection_c/ptu_interfaces/srv/detail/set_tilt__type_support.c.o[0m
[ 57%] [32mBuilding CXX object CMakeFiles/ptu_interfaces__rosidl_typesupport_fastrtps_c.dir/rosidl_typesupport_fastrtps_c/ptu_interfaces/srv/detail/set_pan__type_support_c.cpp.o[0m
[ 58%] [32mBuilding C object CMakeFiles/ptu_interfaces__rosidl_typesupport_introspection_c.dir/rosidl_typesupport_introspection_c/ptu_interfaces/srv/detail/set_pan_tilt__type_support.c.o[0m
[ 60%] [32mBuilding CXX object CMakeFiles/ptu_interfaces__rosidl_typesupport_fastrtps_cpp.dir/rosidl_typesupport_fastrtps_cpp/ptu_interfaces/srv/detail/dds_fastrtps/set_pan_tilt_speed__type_support.cpp.o[0m
[ 61%] [32mBuilding CXX object CMakeFiles/ptu_interfaces__rosidl_typesupport_fastrtps_c.dir/rosidl_typesupport_fastrtps_c/ptu_interfaces/srv/detail/set_tilt__type_support_c.cpp.o[0m
[ 62%] [32mBuilding C object CMakeFiles/ptu_interfaces__rosidl_typesupport_introspection_c.dir/rosidl_typesupport_introspection_c/ptu_interfaces/srv/detail/set_pan_tilt_speed__type_support.c.o[0m
[ 63%] [32mBuilding C object CMakeFiles/ptu_interfaces__rosidl_typesupport_introspection_c.dir/rosidl_typesupport_introspection_c/ptu_interfaces/srv/detail/get_limits__type_support.c.o[0m
[ 64%] [32mBuilding CXX object CMakeFiles/ptu_interfaces__rosidl_typesupport_fastrtps_c.dir/rosidl_typesupport_fastrtps_c/ptu_interfaces/srv/detail/set_pan_tilt__type_support_c.cpp.o[0m
[ 65%] [32mBuilding CXX object CMakeFiles/ptu_interfaces__rosidl_typesupport_fastrtps_c.dir/rosidl_typesupport_fastrtps_c/ptu_interfaces/srv/detail/set_pan_tilt_speed__type_support_c.cpp.o[0m
[ 66%] [32mBuilding C object CMakeFiles/ptu_interfaces__rosidl_typesupport_introspection_c.dir/rosidl_typesupport_introspection_c/ptu_interfaces/action/detail/set_pan__type_support.c.o[0m
[ 67%] [32m[1mLinking CXX shared library libptu_interfaces__rosidl_typesupport_cpp.so[0m
[ 68%] [32mBuilding C object CMakeFiles/ptu_interfaces__rosidl_typesupport_introspection_c.dir/rosidl_typesupport_introspection_c/ptu_interfaces/action/detail/set_tilt__type_support.c.o[0m
[ 69%] [32mBuilding C object CMakeFiles/ptu_interfaces__rosidl_typesupport_introspection_c.dir/rosidl_typesupport_introspection_c/ptu_interfaces/action/detail/set_pan_tilt__type_support.c.o[0m
[ 69%] Built target ptu_interfaces__rosidl_typesupport_cpp
[ 70%] [32mBuilding CXX object CMakeFiles/ptu_interfaces__rosidl_typesupport_fastrtps_c.dir/rosidl_typesupport_fastrtps_c/ptu_interfaces/srv/detail/get_limits__type_support_c.cpp.o[0m
[ 71%] [32mBuilding CXX object CMakeFiles/ptu_interfaces__rosidl_typesupport_fastrtps_c.dir/rosidl_typesupport_fastrtps_c/ptu_interfaces/action/detail/set_pan__type_support_c.cpp.o[0m
[ 72%] [32m[1mLinking C shared library libptu_interfaces__rosidl_typesupport_introspection_c.so[0m
[ 73%] [32mBuilding CXX object CMakeFiles/ptu_interfaces__rosidl_typesupport_fastrtps_cpp.dir/rosidl_typesupport_fastrtps_cpp/ptu_interfaces/srv/detail/dds_fastrtps/get_limits__type_support.cpp.o[0m
[ 73%] Built target ptu_interfaces__rosidl_typesupport_introspection_c
[ 74%] [32mBuilding CXX object CMakeFiles/ptu_interfaces__rosidl_typesupport_fastrtps_cpp.dir/rosidl_typesupport_fastrtps_cpp/ptu_interfaces/action/detail/dds_fastrtps/set_pan__type_support.cpp.o[0m
[ 75%] [32mBuilding CXX object CMakeFiles/ptu_interfaces__rosidl_typesupport_fastrtps_c.dir/rosidl_typesupport_fastrtps_c/ptu_interfaces/action/detail/set_tilt__type_support_c.cpp.o[0m
[ 76%] [32mBuilding CXX object CMakeFiles/ptu_interfaces__rosidl_typesupport_fastrtps_c.dir/rosidl_typesupport_fastrtps_c/ptu_interfaces/action/detail/set_pan_tilt__type_support_c.cpp.o[0m
[ 77%] [32mBuilding CXX object CMakeFiles/ptu_interfaces__rosidl_typesupport_fastrtps_cpp.dir/rosidl_typesupport_fastrtps_cpp/ptu_interfaces/action/detail/dds_fastrtps/set_tilt__type_support.cpp.o[0m
[ 78%] [32mBuilding CXX object CMakeFiles/ptu_interfaces__rosidl_typesupport_fastrtps_cpp.dir/rosidl_typesupport_fastrtps_cpp/ptu_interfaces/action/detail/dds_fastrtps/set_pan_tilt__type_support.cpp.o[0m
[ 80%] [32m[1mLinking CXX shared library libptu_interfaces__rosidl_typesupport_fastrtps_c.so[0m
[ 81%] [32m[1mLinking CXX shared library libptu_interfaces__rosidl_typesupport_introspection_cpp.so[0m
[ 81%] Built target ptu_interfaces__rosidl_typesupport_fastrtps_c
[ 81%] Built target ptu_interfaces__rosidl_typesupport_introspection_cpp
[ 82%] [32m[1mLinking CXX shared library libptu_interfaces__rosidl_typesupport_fastrtps_cpp.so[0m
[ 82%] Built target ptu_interfaces__rosidl_typesupport_fastrtps_cpp
[ 82%] Built target ptu_interfaces
[ 83%] [34m[1mGenerating Python code for ROS interfaces[0m
[ 83%] Built target ptu_interfaces__py
[ 84%] [32mBuilding C object CMakeFiles/ptu_interfaces__rosidl_generator_py.dir/rosidl_generator_py/ptu_interfaces/srv/_set_tilt_s.c.o[0m
[ 85%] [32mBuilding C object CMakeFiles/ptu_interfaces__rosidl_generator_py.dir/rosidl_generator_py/ptu_interfaces/srv/_set_pan_tilt_speed_s.c.o[0m
[ 86%] [32mBuilding C object CMakeFiles/ptu_interfaces__rosidl_generator_py.dir/rosidl_generator_py/ptu_interfaces/srv/_set_pan_tilt_s.c.o[0m
[ 87%] [32mBuilding C object CMakeFiles/ptu_interfaces__rosidl_generator_py.dir/rosidl_generator_py/ptu_interfaces/msg/_ptu_s.c.o[0m
[ 88%] [32mBuilding C object CMakeFiles/ptu_interfaces__rosidl_generator_py.dir/rosidl_generator_py/ptu_interfaces/srv/_set_pan_s.c.o[0m
[ 89%] [32mBuilding C object CMakeFiles/ptu_interfaces__rosidl_generator_py.dir/rosidl_generator_py/ptu_interfaces/action/_set_tilt_s.c.o[0m
[ 90%] [32mBuilding C object CMakeFiles/ptu_interfaces__rosidl_generator_py.dir/rosidl_generator_py/ptu_interfaces/srv/_get_limits_s.c.o[0m
[ 91%] [32mBuilding C object CMakeFiles/ptu_interfaces__rosidl_generator_py.dir/rosidl_generator_py/ptu_interfaces/action/_set_pan_s.c.o[0m
[ 92%] [32mBuilding C object CMakeFiles/ptu_interfaces__rosidl_generator_py.dir/rosidl_generator_py/ptu_interfaces/action/_set_pan_tilt_s.c.o[0m
[ 93%] [32m[1mLinking C shared library rosidl_generator_py/ptu_interfaces/libptu_interfaces__rosidl_generator_py.so[0m
[ 93%] Built target ptu_interfaces__rosidl_generator_py
[ 94%] [32mBuilding C object CMakeFiles/ptu_interfaces__rosidl_typesupport_fastrtps_c__pyext.dir/rosidl_generator_py/ptu_interfaces/_ptu_interfaces_s.ep.rosidl_typesupport_fastrtps_c.c.o[0m
[ 95%] [32mBuilding C object CMakeFiles/ptu_interfaces__rosidl_typesupport_c__pyext.dir/rosidl_generator_py/ptu_interfaces/_ptu_interfaces_s.ep.rosidl_typesupport_c.c.o[0m
[ 96%] [32mBuilding C object CMakeFiles/ptu_interfaces__rosidl_typesupport_introspection_c__pyext.dir/rosidl_generator_py/ptu_interfaces/_ptu_interfaces_s.ep.rosidl_typesupport_introspection_c.c.o[0m
[ 98%] [32m[1mLinking C shared library rosidl_generator_py/ptu_interfaces/ptu_interfaces_s__rosidl_typesupport_fastrtps_c.cpython-310-x86_64-linux-gnu.so[0m
[ 98%] [32m[1mLinking C shared library rosidl_generator_py/ptu_interfaces/ptu_interfaces_s__rosidl_typesupport_introspection_c.cpython-310-x86_64-linux-gnu.so[0m
[100%] [32m[1mLinking C shared library rosidl_generator_py/ptu_interfaces/ptu_interfaces_s__rosidl_typesupport_c.cpython-310-x86_64-linux-gnu.so[0m
[100%] Built target ptu_interfaces__rosidl_typesupport_fastrtps_c__pyext
[100%] Built target ptu_interfaces__rosidl_typesupport_c__pyext
[100%] Built target ptu_interfaces__rosidl_typesupport_introspection_c__pyext
-- Install configuration: ""
-- Installing: /home/cole/cole_ws/install/ptu_interfaces/share/ament_index/resource_index/rosidl_interfaces/ptu_interfaces
-- Installing: /home/cole/cole_ws/install/ptu_interfaces/include/ptu_interfaces/ptu_interfaces
-- Installing: /home/cole/cole_ws/install/ptu_interfaces/include/ptu_interfaces/ptu_interfaces/srv
-- Installing: /home/cole/cole_ws/install/ptu_interfaces/include/ptu_interfaces/ptu_interfaces/srv/set_tilt.h
-- Installing: /home/cole/cole_ws/install/ptu_interfaces/include/ptu_interfaces/ptu_interfaces/srv/get_limits.h
-- Installing: /home/cole/cole_ws/install/ptu_interfaces/include/ptu_interfaces/ptu_interfaces/srv/set_pan_tilt.h
-- Installing: /home/cole/cole_ws/install/ptu_interfaces/include/ptu_interfaces/ptu_interfaces/srv/detail
-- Installing: /home/cole/cole_ws/install/ptu_interfaces/include/ptu_interfaces/ptu_interfaces/srv/detail/set_pan_tilt__functions.c
-- Installing: /home/cole/cole_ws/install/ptu_interfaces/include/ptu_interfaces/ptu_interfaces/srv/detail/set_tilt__struct.h
-- Installing: /home/cole/cole_ws/install/ptu_interfaces/include/ptu_interfaces/ptu_interfaces/srv/detail/set_tilt__functions.h
-- Installing: /home/cole/cole_ws/install/ptu_interfaces/include/ptu_interfaces/ptu_interfaces/srv/detail/set_pan_tilt_speed__functions.h
-- Installing: /home/cole/cole_ws/install/ptu_interfaces/include/ptu_interfaces/ptu_interfaces/srv/detail/set_pan_tilt__functions.h
-- Installing: /home/cole/cole_ws/install/ptu_interfaces/include/ptu_interfaces/ptu_interfaces/srv/detail/get_limits__struct.h
-- Installing: /home/cole/cole_ws/install/ptu_interfaces/include/ptu_interfaces/ptu_interfaces/srv/detail/set_pan__struct.h
-- Installing: /home/cole/cole_ws/install/ptu_interfaces/include/ptu_interfaces/ptu_interfaces/srv/detail/get_limits__functions.h
-- Installing: /home/cole/cole_ws/install/ptu_interfaces/include/ptu_interfaces/ptu_interfaces/srv/detail/set_pan_tilt_speed__type_support.h
-- Installing: /home/cole/cole_ws/install/ptu_interfaces/include/ptu_interfaces/ptu_interfaces/srv/detail/set_pan_tilt__type_support.h
-- Installing: /home/cole/cole_ws/install/ptu_interfaces/include/ptu_interfaces/ptu_interfaces/srv/detail/set_pan_tilt_speed__functions.c
-- Installing: /home/cole/cole_ws/install/ptu_interfaces/include/ptu_interfaces/ptu_interfaces/srv/detail/get_limits__type_support.h
-- Installing: /home/cole/cole_ws/install/ptu_interfaces/include/ptu_interfaces/ptu_interfaces/srv/detail/set_pan__functions.h
-- Installing: /home/cole/cole_ws/install/ptu_interfaces/include/ptu_interfaces/ptu_interfaces/srv/detail/set_tilt__functions.c
-- Installing: /home/cole/cole_ws/install/ptu_interfaces/include/ptu_interfaces/ptu_interfaces/srv/detail/set_pan__functions.c
-- Installing: /home/cole/cole_ws/install/ptu_interfaces/include/ptu_interfaces/ptu_interfaces/srv/detail/set_pan_tilt_speed__struct.h
-- Installing: /home/cole/cole_ws/install/ptu_interfaces/include/ptu_interfaces/ptu_interfaces/srv/detail/set_tilt__type_support.h
-- Installing: /home/cole/cole_ws/install/ptu_interfaces/include/ptu_interfaces/ptu_interfaces/srv/detail/get_limits__functions.c
-- Installing: /home/cole/cole_ws/install/ptu_interfaces/include/ptu_interfaces/ptu_interfaces/srv/detail/set_pan__type_support.h
-- Installing: /home/cole/cole_ws/install/ptu_interfaces/include/ptu_interfaces/ptu_interfaces/srv/detail/set_pan_tilt__struct.h
-- Installing: /home/cole/cole_ws/install/ptu_interfaces/include/ptu_interfaces/ptu_interfaces/srv/set_pan.h
-- Installing: /home/cole/cole_ws/install/ptu_interfaces/include/ptu_interfaces/ptu_interfaces/srv/set_pan_tilt_speed.h
-- Installing: /home/cole/cole_ws/install/ptu_interfaces/include/ptu_interfaces/ptu_interfaces/msg
-- Installing: /home/cole/cole_ws/install/ptu_interfaces/include/ptu_interfaces/ptu_interfaces/msg/rosidl_generator_c__visibility_control.h
-- Installing: /home/cole/cole_ws/install/ptu_interfaces/include/ptu_interfaces/ptu_interfaces/msg/detail
-- Installing: /home/cole/cole_ws/install/ptu_interfaces/include/ptu_interfaces/ptu_interfaces/msg/detail/ptu__struct.h
-- Installing: /home/cole/cole_ws/install/ptu_interfaces/include/ptu_interfaces/ptu_interfaces/msg/detail/ptu__type_support.h
-- Installing: /home/cole/cole_ws/install/ptu_interfaces/include/ptu_interfaces/ptu_interfaces/msg/detail/ptu__functions.c
-- Installing: /home/cole/cole_ws/install/ptu_interfaces/include/ptu_interfaces/ptu_interfaces/msg/detail/ptu__functions.h
-- Installing: /home/cole/cole_ws/install/ptu_interfaces/include/ptu_interfaces/ptu_interfaces/msg/ptu.h
-- Installing: /home/cole/cole_ws/install/ptu_interfaces/include/ptu_interfaces/ptu_interfaces/action
-- Installing: /home/cole/cole_ws/install/ptu_interfaces/include/ptu_interfaces/ptu_interfaces/action/set_tilt.h
-- Installing: /home/cole/cole_ws/install/ptu_interfaces/include/ptu_interfaces/ptu_interfaces/action/set_pan_tilt.h
-- Installing: /home/cole/cole_ws/install/ptu_interfaces/include/ptu_interfaces/ptu_interfaces/action/detail
-- Installing: /home/cole/cole_ws/install/ptu_interfaces/include/ptu_interfaces/ptu_interfaces/action/detail/set_pan_tilt__functions.c
-- Installing: /home/cole/cole_ws/install/ptu_interfaces/include/ptu_interfaces/ptu_interfaces/action/detail/set_tilt__struct.h
-- Installing: /home/cole/cole_ws/install/ptu_interfaces/include/ptu_interfaces/ptu_interfaces/action/detail/set_tilt__functions.h
-- Installing: /home/cole/cole_ws/install/ptu_interfaces/include/ptu_interfaces/ptu_interfaces/action/detail/set_pan_tilt__functions.h
-- Installing: /home/cole/cole_ws/install/ptu_interfaces/include/ptu_interfaces/ptu_interfaces/action/detail/set_pan__struct.h
-- Installing: /home/cole/cole_ws/install/ptu_interfaces/include/ptu_interfaces/ptu_interfaces/action/detail/set_pan_tilt__type_support.h
-- Installing: /home/cole/cole_ws/install/ptu_interfaces/include/ptu_interfaces/ptu_interfaces/action/detail/set_pan__functions.h
-- Installing: /home/cole/cole_ws/install/ptu_interfaces/include/ptu_interfaces/ptu_interfaces/action/detail/set_tilt__functions.c
-- Installing: /home/cole/cole_ws/install/ptu_interfaces/include/ptu_interfaces/ptu_interfaces/action/detail/set_pan__functions.c
-- Installing: /home/cole/cole_ws/install/ptu_interfaces/include/ptu_interfaces/ptu_interfaces/action/detail/set_tilt__type_support.h
-- Installing: /home/cole/cole_ws/install/ptu_interfaces/include/ptu_interfaces/ptu_interfaces/action/detail/set_pan__type_support.h
-- Installing: /home/cole/cole_ws/install/ptu_interfaces/include/ptu_interfaces/ptu_interfaces/action/detail/set_pan_tilt__struct.h
-- Installing: /home/cole/cole_ws/install/ptu_interfaces/include/ptu_interfaces/ptu_interfaces/action/set_pan.h
-- Installing: /home/cole/cole_ws/install/ptu_interfaces/share/ptu_interfaces/environment/library_path.sh
-- Installing: /home/cole/cole_ws/install/ptu_interfaces/share/ptu_interfaces/environment/library_path.dsv
-- Installing: /home/cole/cole_ws/install/ptu_interfaces/lib/libptu_interfaces__rosidl_generator_c.so
-- Set runtime path of "/home/cole/cole_ws/install/ptu_interfaces/lib/libptu_interfaces__rosidl_generator_c.so" to ""
-- Up-to-date: /home/cole/cole_ws/install/ptu_interfaces/include/ptu_interfaces/ptu_interfaces
-- Up-to-date: /home/cole/cole_ws/install/ptu_interfaces/include/ptu_interfaces/ptu_interfaces/srv
-- Up-to-date: /home/cole/cole_ws/install/ptu_interfaces/include/ptu_interfaces/ptu_interfaces/srv/detail
-- Installing: /home/cole/cole_ws/install/ptu_interfaces/include/ptu_interfaces/ptu_interfaces/srv/detail/set_pan__rosidl_typesupport_fastrtps_c.h
-- Installing: /home/cole/cole_ws/install/ptu_interfaces/include/ptu_interfaces/ptu_interfaces/srv/detail/get_limits__rosidl_typesupport_fastrtps_c.h
-- Installing: /home/cole/cole_ws/install/ptu_interfaces/include/ptu_interfaces/ptu_interfaces/srv/detail/set_tilt__rosidl_typesupport_fastrtps_c.h
-- Installing: /home/cole/cole_ws/install/ptu_interfaces/include/ptu_interfaces/ptu_interfaces/srv/detail/set_pan_tilt__rosidl_typesupport_fastrtps_c.h
-- Installing: /home/cole/cole_ws/install/ptu_interfaces/include/ptu_interfaces/ptu_interfaces/srv/detail/set_pan_tilt_speed__rosidl_typesupport_fastrtps_c.h
-- Up-to-date: /home/cole/cole_ws/install/ptu_interfaces/include/ptu_interfaces/ptu_interfaces/msg
-- Installing: /home/cole/cole_ws/install/ptu_interfaces/include/ptu_interfaces/ptu_interfaces/msg/rosidl_typesupport_fastrtps_c__visibility_control.h
-- Up-to-date: /home/cole/cole_ws/install/ptu_interfaces/include/ptu_interfaces/ptu_interfaces/msg/detail
-- Installing: /home/cole/cole_ws/install/ptu_interfaces/include/ptu_interfaces/ptu_interfaces/msg/detail/ptu__rosidl_typesupport_fastrtps_c.h
-- Up-to-date: /home/cole/cole_ws/install/ptu_interfaces/include/ptu_interfaces/ptu_interfaces/action
-- Up-to-date: /home/cole/cole_ws/install/ptu_interfaces/include/ptu_interfaces/ptu_interfaces/action/detail
-- Installing: /home/cole/cole_ws/install/ptu_interfaces/include/ptu_interfaces/ptu_interfaces/action/detail/set_pan__rosidl_typesupport_fastrtps_c.h
-- Installing: /home/cole/cole_ws/install/ptu_interfaces/include/ptu_interfaces/ptu_interfaces/action/detail/set_tilt__rosidl_typesupport_fastrtps_c.h
-- Installing: /home/cole/cole_ws/install/ptu_interfaces/include/ptu_interfaces/ptu_interfaces/action/detail/set_pan_tilt__rosidl_typesupport_fastrtps_c.h
-- Installing: /home/cole/cole_ws/install/ptu_interfaces/lib/libptu_interfaces__rosidl_typesupport_fastrtps_c.so
-- Set runtime path of "/home/cole/cole_ws/install/ptu_interfaces/lib/libptu_interfaces__rosidl_typesupport_fastrtps_c.so" to ""
-- Up-to-date: /home/cole/cole_ws/install/ptu_interfaces/include/ptu_interfaces/ptu_interfaces
-- Up-to-date: /home/cole/cole_ws/install/ptu_interfaces/include/ptu_interfaces/ptu_interfaces/srv
-- Installing: /home/cole/cole_ws/install/ptu_interfaces/include/ptu_interfaces/ptu_interfaces/srv/set_pan_tilt_speed.hpp
-- Installing: /home/cole/cole_ws/install/ptu_interfaces/include/ptu_interfaces/ptu_interfaces/srv/set_pan.hpp
-- Installing: /home/cole/cole_ws/install/ptu_interfaces/include/ptu_interfaces/ptu_interfaces/srv/set_pan_tilt.hpp
-- Up-to-date: /home/cole/cole_ws/install/ptu_interfaces/include/ptu_interfaces/ptu_interfaces/srv/detail
-- Installing: /home/cole/cole_ws/install/ptu_interfaces/include/ptu_interfaces/ptu_interfaces/srv/detail/set_pan__builder.hpp
-- Installing: /home/cole/cole_ws/install/ptu_interfaces/include/ptu_interfaces/ptu_interfaces/srv/detail/set_pan_tilt__type_support.hpp
-- Installing: /home/cole/cole_ws/install/ptu_interfaces/include/ptu_interfaces/ptu_interfaces/srv/detail/set_pan_tilt_speed__traits.hpp
-- Installing: /home/cole/cole_ws/install/ptu_interfaces/include/ptu_interfaces/ptu_interfaces/srv/detail/set_tilt__traits.hpp
-- Installing: /home/cole/cole_ws/install/ptu_interfaces/include/ptu_interfaces/ptu_interfaces/srv/detail/set_pan_tilt_speed__builder.hpp
-- Installing: /home/cole/cole_ws/install/ptu_interfaces/include/ptu_interfaces/ptu_interfaces/srv/detail/set_pan_tilt_speed__type_support.hpp
-- Installing: /home/cole/cole_ws/install/ptu_interfaces/include/ptu_interfaces/ptu_interfaces/srv/detail/set_pan_tilt__traits.hpp
-- Installing: /home/cole/cole_ws/install/ptu_interfaces/include/ptu_interfaces/ptu_interfaces/srv/detail/get_limits__struct.hpp
-- Installing: /home/cole/cole_ws/install/ptu_interfaces/include/ptu_interfaces/ptu_interfaces/srv/detail/set_pan_tilt__struct.hpp
-- Installing: /home/cole/cole_ws/install/ptu_interfaces/include/ptu_interfaces/ptu_interfaces/srv/detail/set_pan__traits.hpp
-- Installing: /home/cole/cole_ws/install/ptu_interfaces/include/ptu_interfaces/ptu_interfaces/srv/detail/set_pan__type_support.hpp
-- Installing: /home/cole/cole_ws/install/ptu_interfaces/include/ptu_interfaces/ptu_interfaces/srv/detail/set_tilt__builder.hpp
-- Installing: /home/cole/cole_ws/install/ptu_interfaces/include/ptu_interfaces/ptu_interfaces/srv/detail/set_pan_tilt__builder.hpp
-- Installing: /home/cole/cole_ws/install/ptu_interfaces/include/ptu_interfaces/ptu_interfaces/srv/detail/set_pan__struct.hpp
-- Installing: /home/cole/cole_ws/install/ptu_interfaces/include/ptu_interfaces/ptu_interfaces/srv/detail/set_tilt__type_support.hpp
-- Installing: /home/cole/cole_ws/install/ptu_interfaces/include/ptu_interfaces/ptu_interfaces/srv/detail/set_pan_tilt_speed__struct.hpp
-- Installing: /home/cole/cole_ws/install/ptu_interfaces/include/ptu_interfaces/ptu_interfaces/srv/detail/get_limits__traits.hpp
-- Installing: /home/cole/cole_ws/install/ptu_interfaces/include/ptu_interfaces/ptu_interfaces/srv/detail/set_tilt__struct.hpp
-- Installing: /home/cole/cole_ws/install/ptu_interfaces/include/ptu_interfaces/ptu_interfaces/srv/detail/get_limits__type_support.hpp
-- Installing: /home/cole/cole_ws/install/ptu_interfaces/include/ptu_interfaces/ptu_interfaces/srv/detail/get_limits__builder.hpp
-- Installing: /home/cole/cole_ws/install/ptu_interfaces/include/ptu_interfaces/ptu_interfaces/srv/set_tilt.hpp
-- Installing: /home/cole/cole_ws/install/ptu_interfaces/include/ptu_interfaces/ptu_interfaces/srv/get_limits.hpp
-- Up-to-date: /home/cole/cole_ws/install/ptu_interfaces/include/ptu_interfaces/ptu_interfaces/msg
-- Up-to-date: /home/cole/cole_ws/install/ptu_interfaces/include/ptu_interfaces/ptu_interfaces/msg/detail
-- Installing: /home/cole/cole_ws/install/ptu_interfaces/include/ptu_interfaces/ptu_interfaces/msg/detail/ptu__builder.hpp
-- Installing: /home/cole/cole_ws/install/ptu_interfaces/include/ptu_interfaces/ptu_interfaces/msg/detail/ptu__type_support.hpp
-- Installing: /home/cole/cole_ws/install/ptu_interfaces/include/ptu_interfaces/ptu_interfaces/msg/detail/ptu__struct.hpp
-- Installing: /home/cole/cole_ws/install/ptu_interfaces/include/ptu_interfaces/ptu_interfaces/msg/detail/ptu__traits.hpp
-- Installing: /home/cole/cole_ws/install/ptu_interfaces/include/ptu_interfaces/ptu_interfaces/msg/ptu.hpp
-- Installing: /home/cole/cole_ws/install/ptu_interfaces/include/ptu_interfaces/ptu_interfaces/msg/rosidl_generator_cpp__visibility_control.hpp
-- Up-to-date: /home/cole/cole_ws/install/ptu_interfaces/include/ptu_interfaces/ptu_interfaces/action
-- Installing: /home/cole/cole_ws/install/ptu_interfaces/include/ptu_interfaces/ptu_interfaces/action/set_pan.hpp
-- Installing: /home/cole/cole_ws/install/ptu_interfaces/include/ptu_interfaces/ptu_interfaces/action/set_pan_tilt.hpp
-- Up-to-date: /home/cole/cole_ws/install/ptu_interfaces/include/ptu_interfaces/ptu_interfaces/action/detail
-- Installing: /home/cole/cole_ws/install/ptu_interfaces/include/ptu_interfaces/ptu_interfaces/action/detail/set_pan__builder.hpp
-- Installing: /home/cole/cole_ws/install/ptu_interfaces/include/ptu_interfaces/ptu_interfaces/action/detail/set_pan_tilt__type_support.hpp
-- Installing: /home/cole/cole_ws/install/ptu_interfaces/include/ptu_interfaces/ptu_interfaces/action/detail/set_tilt__traits.hpp
-- Installing: /home/cole/cole_ws/install/ptu_interfaces/include/ptu_interfaces/ptu_interfaces/action/detail/set_pan_tilt__traits.hpp
-- Installing: /home/cole/cole_ws/install/ptu_interfaces/include/ptu_interfaces/ptu_interfaces/action/detail/set_pan_tilt__struct.hpp
-- Installing: /home/cole/cole_ws/install/ptu_interfaces/include/ptu_interfaces/ptu_interfaces/action/detail/set_pan__traits.hpp
-- Installing: /home/cole/cole_ws/install/ptu_interfaces/include/ptu_interfaces/ptu_interfaces/action/detail/set_pan__type_support.hpp
-- Installing: /home/cole/cole_ws/install/ptu_interfaces/include/ptu_interfaces/ptu_interfaces/action/detail/set_tilt__builder.hpp
-- Installing: /home/cole/cole_ws/install/ptu_interfaces/include/ptu_interfaces/ptu_interfaces/action/detail/set_pan_tilt__builder.hpp
-- Installing: /home/cole/cole_ws/install/ptu_interfaces/include/ptu_interfaces/ptu_interfaces/action/detail/set_pan__struct.hpp
-- Installing: /home/cole/cole_ws/install/ptu_interfaces/include/ptu_interfaces/ptu_interfaces/action/detail/set_tilt__type_support.hpp
-- Installing: /home/cole/cole_ws/install/ptu_interfaces/include/ptu_interfaces/ptu_interfaces/action/detail/set_tilt__struct.hpp
-- Installing: /home/cole/cole_ws/install/ptu_interfaces/include/ptu_interfaces/ptu_interfaces/action/set_tilt.hpp
-- Up-to-date: /home/cole/cole_ws/install/ptu_interfaces/include/ptu_interfaces/ptu_interfaces
-- Up-to-date: /home/cole/cole_ws/install/ptu_interfaces/include/ptu_interfaces/ptu_interfaces/srv
-- Up-to-date: /home/cole/cole_ws/install/ptu_interfaces/include/ptu_interfaces/ptu_interfaces/srv/detail
-- Installing: /home/cole/cole_ws/install/ptu_interfaces/include/ptu_interfaces/ptu_interfaces/srv/detail/set_tilt__rosidl_typesupport_fastrtps_cpp.hpp
-- Installing: /home/cole/cole_ws/install/ptu_interfaces/include/ptu_interfaces/ptu_interfaces/srv/detail/dds_fastrtps
-- Installing: /home/cole/cole_ws/install/ptu_interfaces/include/ptu_interfaces/ptu_interfaces/srv/detail/set_pan__rosidl_typesupport_fastrtps_cpp.hpp
-- Installing: /home/cole/cole_ws/install/ptu_interfaces/include/ptu_interfaces/ptu_interfaces/srv/detail/set_pan_tilt__rosidl_typesupport_fastrtps_cpp.hpp
-- Installing: /home/cole/cole_ws/install/ptu_interfaces/include/ptu_interfaces/ptu_interfaces/srv/detail/get_limits__rosidl_typesupport_fastrtps_cpp.hpp
-- Installing: /home/cole/cole_ws/install/ptu_interfaces/include/ptu_interfaces/ptu_interfaces/srv/detail/set_pan_tilt_speed__rosidl_typesupport_fastrtps_cpp.hpp
-- Up-to-date: /home/cole/cole_ws/install/ptu_interfaces/include/ptu_interfaces/ptu_interfaces/msg
-- Installing: /home/cole/cole_ws/install/ptu_interfaces/include/ptu_interfaces/ptu_interfaces/msg/rosidl_typesupport_fastrtps_cpp__visibility_control.h
-- Up-to-date: /home/cole/cole_ws/install/ptu_interfaces/include/ptu_interfaces/ptu_interfaces/msg/detail
-- Installing: /home/cole/cole_ws/install/ptu_interfaces/include/ptu_interfaces/ptu_interfaces/msg/detail/dds_fastrtps
-- Installing: /home/cole/cole_ws/install/ptu_interfaces/include/ptu_interfaces/ptu_interfaces/msg/detail/ptu__rosidl_typesupport_fastrtps_cpp.hpp
-- Up-to-date: /home/cole/cole_ws/install/ptu_interfaces/include/ptu_interfaces/ptu_interfaces/action
-- Up-to-date: /home/cole/cole_ws/install/ptu_interfaces/include/ptu_interfaces/ptu_interfaces/action/detail
-- Installing: /home/cole/cole_ws/install/ptu_interfaces/include/ptu_interfaces/ptu_interfaces/action/detail/set_tilt__rosidl_typesupport_fastrtps_cpp.hpp
-- Installing: /home/cole/cole_ws/install/ptu_interfaces/include/ptu_interfaces/ptu_interfaces/action/detail/dds_fastrtps
-- Installing: /home/cole/cole_ws/install/ptu_interfaces/include/ptu_interfaces/ptu_interfaces/action/detail/set_pan__rosidl_typesupport_fastrtps_cpp.hpp
-- Installing: /home/cole/cole_ws/install/ptu_interfaces/include/ptu_interfaces/ptu_interfaces/action/detail/set_pan_tilt__rosidl_typesupport_fastrtps_cpp.hpp
-- Installing: /home/cole/cole_ws/install/ptu_interfaces/lib/libptu_interfaces__rosidl_typesupport_fastrtps_cpp.so
-- Set runtime path of "/home/cole/cole_ws/install/ptu_interfaces/lib/libptu_interfaces__rosidl_typesupport_fastrtps_cpp.so" to ""
-- Up-to-date: /home/cole/cole_ws/install/ptu_interfaces/include/ptu_interfaces/ptu_interfaces
-- Up-to-date: /home/cole/cole_ws/install/ptu_interfaces/include/ptu_interfaces/ptu_interfaces/srv
-- Up-to-date: /home/cole/cole_ws/install/ptu_interfaces/include/ptu_interfaces/ptu_interfaces/srv/detail
-- Installing: /home/cole/cole_ws/install/ptu_interfaces/include/ptu_interfaces/ptu_interfaces/srv/detail/set_tilt__type_support.c
-- Installing: /home/cole/cole_ws/install/ptu_interfaces/include/ptu_interfaces/ptu_interfaces/srv/detail/set_tilt__rosidl_typesupport_introspection_c.h
-- Installing: /home/cole/cole_ws/install/ptu_interfaces/include/ptu_interfaces/ptu_interfaces/srv/detail/set_pan_tilt__rosidl_typesupport_introspection_c.h
-- Installing: /home/cole/cole_ws/install/ptu_interfaces/include/ptu_interfaces/ptu_interfaces/srv/detail/set_pan_tilt__type_support.c
-- Installing: /home/cole/cole_ws/install/ptu_interfaces/include/ptu_interfaces/ptu_interfaces/srv/detail/set_pan_tilt_speed__rosidl_typesupport_introspection_c.h
-- Installing: /home/cole/cole_ws/install/ptu_interfaces/include/ptu_interfaces/ptu_interfaces/srv/detail/set_pan__rosidl_typesupport_introspection_c.h
-- Installing: /home/cole/cole_ws/install/ptu_interfaces/include/ptu_interfaces/ptu_interfaces/srv/detail/set_pan_tilt_speed__type_support.c
-- Installing: /home/cole/cole_ws/install/ptu_interfaces/include/ptu_interfaces/ptu_interfaces/srv/detail/get_limits__rosidl_typesupport_introspection_c.h
-- Installing: /home/cole/cole_ws/install/ptu_interfaces/include/ptu_interfaces/ptu_interfaces/srv/detail/get_limits__type_support.c
-- Installing: /home/cole/cole_ws/install/ptu_interfaces/include/ptu_interfaces/ptu_interfaces/srv/detail/set_pan__type_support.c
-- Up-to-date: /home/cole/cole_ws/install/ptu_interfaces/include/ptu_interfaces/ptu_interfaces/msg
-- Installing: /home/cole/cole_ws/install/ptu_interfaces/include/ptu_interfaces/ptu_interfaces/msg/rosidl_typesupport_introspection_c__visibility_control.h
-- Up-to-date: /home/cole/cole_ws/install/ptu_interfaces/include/ptu_interfaces/ptu_interfaces/msg/detail
-- Installing: /home/cole/cole_ws/install/ptu_interfaces/include/ptu_interfaces/ptu_interfaces/msg/detail/ptu__type_support.c
-- Installing: /home/cole/cole_ws/install/ptu_interfaces/include/ptu_interfaces/ptu_interfaces/msg/detail/ptu__rosidl_typesupport_introspection_c.h
-- Up-to-date: /home/cole/cole_ws/install/ptu_interfaces/include/ptu_interfaces/ptu_interfaces/action
-- Up-to-date: /home/cole/cole_ws/install/ptu_interfaces/include/ptu_interfaces/ptu_interfaces/action/detail
-- Installing: /home/cole/cole_ws/install/ptu_interfaces/include/ptu_interfaces/ptu_interfaces/action/detail/set_tilt__type_support.c
-- Installing: /home/cole/cole_ws/install/ptu_interfaces/include/ptu_interfaces/ptu_interfaces/action/detail/set_tilt__rosidl_typesupport_introspection_c.h
-- Installing: /home/cole/cole_ws/install/ptu_interfaces/include/ptu_interfaces/ptu_interfaces/action/detail/set_pan_tilt__rosidl_typesupport_introspection_c.h
-- Installing: /home/cole/cole_ws/install/ptu_interfaces/include/ptu_interfaces/ptu_interfaces/action/detail/set_pan_tilt__type_support.c
-- Installing: /home/cole/cole_ws/install/ptu_interfaces/include/ptu_interfaces/ptu_interfaces/action/detail/set_pan__rosidl_typesupport_introspection_c.h
-- Installing: /home/cole/cole_ws/install/ptu_interfaces/include/ptu_interfaces/ptu_interfaces/action/detail/set_pan__type_support.c
-- Installing: /home/cole/cole_ws/install/ptu_interfaces/lib/libptu_interfaces__rosidl_typesupport_introspection_c.so
-- Set runtime path of "/home/cole/cole_ws/install/ptu_interfaces/lib/libptu_interfaces__rosidl_typesupport_introspection_c.so" to ""
-- Installing: /home/cole/cole_ws/install/ptu_interfaces/lib/libptu_interfaces__rosidl_typesupport_c.so
-- Set runtime path of "/home/cole/cole_ws/install/ptu_interfaces/lib/libptu_interfaces__rosidl_typesupport_c.so" to ""
-- Up-to-date: /home/cole/cole_ws/install/ptu_interfaces/include/ptu_interfaces/ptu_interfaces
-- Up-to-date: /home/cole/cole_ws/install/ptu_interfaces/include/ptu_interfaces/ptu_interfaces/srv
-- Up-to-date: /home/cole/cole_ws/install/ptu_interfaces/include/ptu_interfaces/ptu_interfaces/srv/detail
-- Installing: /home/cole/cole_ws/install/ptu_interfaces/include/ptu_interfaces/ptu_interfaces/srv/detail/set_pan_tilt_speed__rosidl_typesupport_introspection_cpp.hpp
-- Installing: /home/cole/cole_ws/install/ptu_interfaces/include/ptu_interfaces/ptu_interfaces/srv/detail/set_pan_tilt__type_support.cpp
-- Installing: /home/cole/cole_ws/install/ptu_interfaces/include/ptu_interfaces/ptu_interfaces/srv/detail/get_limits__type_support.cpp
-- Installing: /home/cole/cole_ws/install/ptu_interfaces/include/ptu_interfaces/ptu_interfaces/srv/detail/set_tilt__type_support.cpp
-- Installing: /home/cole/cole_ws/install/ptu_interfaces/include/ptu_interfaces/ptu_interfaces/srv/detail/set_pan_tilt_speed__type_support.cpp
-- Installing: /home/cole/cole_ws/install/ptu_interfaces/include/ptu_interfaces/ptu_interfaces/srv/detail/set_pan_tilt__rosidl_typesupport_introspection_cpp.hpp
-- Installing: /home/cole/cole_ws/install/ptu_interfaces/include/ptu_interfaces/ptu_interfaces/srv/detail/set_pan__rosidl_typesupport_introspection_cpp.hpp
-- Installing: /home/cole/cole_ws/install/ptu_interfaces/include/ptu_interfaces/ptu_interfaces/srv/detail/get_limits__rosidl_typesupport_introspection_cpp.hpp
-- Installing: /home/cole/cole_ws/install/ptu_interfaces/include/ptu_interfaces/ptu_interfaces/srv/detail/set_pan__type_support.cpp
-- Installing: /home/cole/cole_ws/install/ptu_interfaces/include/ptu_interfaces/ptu_interfaces/srv/detail/set_tilt__rosidl_typesupport_introspection_cpp.hpp
-- Up-to-date: /home/cole/cole_ws/install/ptu_interfaces/include/ptu_interfaces/ptu_interfaces/msg
-- Up-to-date: /home/cole/cole_ws/install/ptu_interfaces/include/ptu_interfaces/ptu_interfaces/msg/detail
-- Installing: /home/cole/cole_ws/install/ptu_interfaces/include/ptu_interfaces/ptu_interfaces/msg/detail/ptu__type_support.cpp
-- Installing: /home/cole/cole_ws/install/ptu_interfaces/include/ptu_interfaces/ptu_interfaces/msg/detail/ptu__rosidl_typesupport_introspection_cpp.hpp
-- Up-to-date: /home/cole/cole_ws/install/ptu_interfaces/include/ptu_interfaces/ptu_interfaces/action
-- Up-to-date: /home/cole/cole_ws/install/ptu_interfaces/include/ptu_interfaces/ptu_interfaces/action/detail
-- Installing: /home/cole/cole_ws/install/ptu_interfaces/include/ptu_interfaces/ptu_interfaces/action/detail/set_pan_tilt__type_support.cpp
-- Installing: /home/cole/cole_ws/install/ptu_interfaces/include/ptu_interfaces/ptu_interfaces/action/detail/set_tilt__type_support.cpp
-- Installing: /home/cole/cole_ws/install/ptu_interfaces/include/ptu_interfaces/ptu_interfaces/action/detail/set_pan_tilt__rosidl_typesupport_introspection_cpp.hpp
-- Installing: /home/cole/cole_ws/install/ptu_interfaces/include/ptu_interfaces/ptu_interfaces/action/detail/set_pan__rosidl_typesupport_introspection_cpp.hpp
-- Installing: /home/cole/cole_ws/install/ptu_interfaces/include/ptu_interfaces/ptu_interfaces/action/detail/set_pan__type_support.cpp
-- Installing: /home/cole/cole_ws/install/ptu_interfaces/include/ptu_interfaces/ptu_interfaces/action/detail/set_tilt__rosidl_typesupport_introspection_cpp.hpp
-- Installing: /home/cole/cole_ws/install/ptu_interfaces/lib/libptu_interfaces__rosidl_typesupport_introspection_cpp.so
-- Set runtime path of "/home/cole/cole_ws/install/ptu_interfaces/lib/libptu_interfaces__rosidl_typesupport_introspection_cpp.so" to ""
-- Installing: /home/cole/cole_ws/install/ptu_interfaces/lib/libptu_interfaces__rosidl_typesupport_cpp.so
-- Set runtime path of "/home/cole/cole_ws/install/ptu_interfaces/lib/libptu_interfaces__rosidl_typesupport_cpp.so" to ""
-- Installing: /home/cole/cole_ws/install/ptu_interfaces/share/ptu_interfaces/environment/pythonpath.sh
-- Installing: /home/cole/cole_ws/install/ptu_interfaces/share/ptu_interfaces/environment/pythonpath.dsv
-- Installing: /home/cole/cole_ws/install/ptu_interfaces/local/lib/python3.10/dist-packages/ptu_interfaces-0.0.0-py3.10.egg-info
-- Installing: /home/cole/cole_ws/install/ptu_interfaces/local/lib/python3.10/dist-packages/ptu_interfaces-0.0.0-py3.10.egg-info/top_level.txt
-- Installing: /home/cole/cole_ws/install/ptu_interfaces/local/lib/python3.10/dist-packages/ptu_interfaces-0.0.0-py3.10.egg-info/SOURCES.txt
-- Installing: /home/cole/cole_ws/install/ptu_interfaces/local/lib/python3.10/dist-packages/ptu_interfaces-0.0.0-py3.10.egg-info/dependency_links.txt
-- Installing: /home/cole/cole_ws/install/ptu_interfaces/local/lib/python3.10/dist-packages/ptu_interfaces-0.0.0-py3.10.egg-info/PKG-INFO
-- Installing: /home/cole/cole_ws/install/ptu_interfaces/local/lib/python3.10/dist-packages/ptu_interfaces
-- Installing: /home/cole/cole_ws/install/ptu_interfaces/local/lib/python3.10/dist-packages/ptu_interfaces/_ptu_interfaces_s.ep.rosidl_typesupport_c.c
-- Installing: /home/cole/cole_ws/install/ptu_interfaces/local/lib/python3.10/dist-packages/ptu_interfaces/srv
-- Installing: /home/cole/cole_ws/install/ptu_interfaces/local/lib/python3.10/dist-packages/ptu_interfaces/srv/__init__.py
-- Installing: /home/cole/cole_ws/install/ptu_interfaces/local/lib/python3.10/dist-packages/ptu_interfaces/srv/_set_pan_tilt_s.c
-- Installing: /home/cole/cole_ws/install/ptu_interfaces/local/lib/python3.10/dist-packages/ptu_interfaces/srv/_get_limits.py
-- Installing: /home/cole/cole_ws/install/ptu_interfaces/local/lib/python3.10/dist-packages/ptu_interfaces/srv/_set_pan_tilt_speed.py
-- Installing: /home/cole/cole_ws/install/ptu_interfaces/local/lib/python3.10/dist-packages/ptu_interfaces/srv/_set_tilt.py
-- Installing: /home/cole/cole_ws/install/ptu_interfaces/local/lib/python3.10/dist-packages/ptu_interfaces/srv/_get_limits_s.c
-- Installing: /home/cole/cole_ws/install/ptu_interfaces/local/lib/python3.10/dist-packages/ptu_interfaces/srv/_set_pan_tilt_speed_s.c
-- Installing: /home/cole/cole_ws/install/ptu_interfaces/local/lib/python3.10/dist-packages/ptu_interfaces/srv/_set_pan_tilt.py
-- Installing: /home/cole/cole_ws/install/ptu_interfaces/local/lib/python3.10/dist-packages/ptu_interfaces/srv/_set_tilt_s.c
-- Installing: /home/cole/cole_ws/install/ptu_interfaces/local/lib/python3.10/dist-packages/ptu_interfaces/srv/_set_pan.py
-- Installing: /home/cole/cole_ws/install/ptu_interfaces/local/lib/python3.10/dist-packages/ptu_interfaces/srv/_set_pan_s.c
-- Installing: /home/cole/cole_ws/install/ptu_interfaces/local/lib/python3.10/dist-packages/ptu_interfaces/ptu_interfaces_s__rosidl_typesupport_fastrtps_c.cpython-310-x86_64-linux-gnu.so
-- Installing: /home/cole/cole_ws/install/ptu_interfaces/local/lib/python3.10/dist-packages/ptu_interfaces/__init__.py
-- Installing: /home/cole/cole_ws/install/ptu_interfaces/local/lib/python3.10/dist-packages/ptu_interfaces/ptu_interfaces_s__rosidl_typesupport_introspection_c.cpython-310-x86_64-linux-gnu.so
-- Installing: /home/cole/cole_ws/install/ptu_interfaces/local/lib/python3.10/dist-packages/ptu_interfaces/libptu_interfaces__rosidl_generator_py.so
-- Installing: /home/cole/cole_ws/install/ptu_interfaces/local/lib/python3.10/dist-packages/ptu_interfaces/_ptu_interfaces_s.ep.rosidl_typesupport_introspection_c.c
-- Installing: /home/cole/cole_ws/install/ptu_interfaces/local/lib/python3.10/dist-packages/ptu_interfaces/msg
-- Installing: /home/cole/cole_ws/install/ptu_interfaces/local/lib/python3.10/dist-packages/ptu_interfaces/msg/_ptu.py
-- Installing: /home/cole/cole_ws/install/ptu_interfaces/local/lib/python3.10/dist-packages/ptu_interfaces/msg/__init__.py
-- Installing: /home/cole/cole_ws/install/ptu_interfaces/local/lib/python3.10/dist-packages/ptu_interfaces/msg/_ptu_s.c
-- Installing: /home/cole/cole_ws/install/ptu_interfaces/local/lib/python3.10/dist-packages/ptu_interfaces/action
-- Installing: /home/cole/cole_ws/install/ptu_interfaces/local/lib/python3.10/dist-packages/ptu_interfaces/action/__init__.py
-- Installing: /home/cole/cole_ws/install/ptu_interfaces/local/lib/python3.10/dist-packages/ptu_interfaces/action/_set_pan_tilt_s.c
-- Installing: /home/cole/cole_ws/install/ptu_interfaces/local/lib/python3.10/dist-packages/ptu_interfaces/action/_set_tilt.py
-- Installing: /home/cole/cole_ws/install/ptu_interfaces/local/lib/python3.10/dist-packages/ptu_interfaces/action/_set_pan_tilt.py
-- Installing: /home/cole/cole_ws/install/ptu_interfaces/local/lib/python3.10/dist-packages/ptu_interfaces/action/_set_tilt_s.c
-- Installing: /home/cole/cole_ws/install/ptu_interfaces/local/lib/python3.10/dist-packages/ptu_interfaces/action/_set_pan.py
-- Installing: /home/cole/cole_ws/install/ptu_interfaces/local/lib/python3.10/dist-packages/ptu_interfaces/action/_set_pan_s.c
-- Installing: /home/cole/cole_ws/install/ptu_interfaces/local/lib/python3.10/dist-packages/ptu_interfaces/ptu_interfaces_s__rosidl_typesupport_c.cpython-310-x86_64-linux-gnu.so
-- Installing: /home/cole/cole_ws/install/ptu_interfaces/local/lib/python3.10/dist-packages/ptu_interfaces/_ptu_interfaces_s.ep.rosidl_typesupport_fastrtps_c.c
Listing '/home/cole/cole_ws/install/ptu_interfaces/local/lib/python3.10/dist-packages/ptu_interfaces'...
Compiling '/home/cole/cole_ws/install/ptu_interfaces/local/lib/python3.10/dist-packages/ptu_interfaces/__init__.py'...
Listing '/home/cole/cole_ws/install/ptu_interfaces/local/lib/python3.10/dist-packages/ptu_interfaces/action'...
Compiling '/home/cole/cole_ws/install/ptu_interfaces/local/lib/python3.10/dist-packages/ptu_interfaces/action/__init__.py'...
Compiling '/home/cole/cole_ws/install/ptu_interfaces/local/lib/python3.10/dist-packages/ptu_interfaces/action/_set_pan.py'...
Compiling '/home/cole/cole_ws/install/ptu_interfaces/local/lib/python3.10/dist-packages/ptu_interfaces/action/_set_pan_tilt.py'...
Compiling '/home/cole/cole_ws/install/ptu_interfaces/local/lib/python3.10/dist-packages/ptu_interfaces/action/_set_tilt.py'...
Listing '/home/cole/cole_ws/install/ptu_interfaces/local/lib/python3.10/dist-packages/ptu_interfaces/msg'...
Compiling '/home/cole/cole_ws/install/ptu_interfaces/local/lib/python3.10/dist-packages/ptu_interfaces/msg/__init__.py'...
Compiling '/home/cole/cole_ws/install/ptu_interfaces/local/lib/python3.10/dist-packages/ptu_interfaces/msg/_ptu.py'...
Listing '/home/cole/cole_ws/install/ptu_interfaces/local/lib/python3.10/dist-packages/ptu_interfaces/srv'...
Compiling '/home/cole/cole_ws/install/ptu_interfaces/local/lib/python3.10/dist-packages/ptu_interfaces/srv/__init__.py'...
Compiling '/home/cole/cole_ws/install/ptu_interfaces/local/lib/python3.10/dist-packages/ptu_interfaces/srv/_get_limits.py'...
Compiling '/home/cole/cole_ws/install/ptu_interfaces/local/lib/python3.10/dist-packages/ptu_interfaces/srv/_set_pan.py'...
Compiling '/home/cole/cole_ws/install/ptu_interfaces/local/lib/python3.10/dist-packages/ptu_interfaces/srv/_set_pan_tilt.py'...
Compiling '/home/cole/cole_ws/install/ptu_interfaces/local/lib/python3.10/dist-packages/ptu_interfaces/srv/_set_pan_tilt_speed.py'...
Compiling '/home/cole/cole_ws/install/ptu_interfaces/local/lib/python3.10/dist-packages/ptu_interfaces/srv/_set_tilt.py'...
-- Installing: /home/cole/cole_ws/install/ptu_interfaces/local/lib/python3.10/dist-packages/ptu_interfaces/ptu_interfaces_s__rosidl_typesupport_fastrtps_c.cpython-310-x86_64-linux-gnu.so
-- Set runtime path of "/home/cole/cole_ws/install/ptu_interfaces/local/lib/python3.10/dist-packages/ptu_interfaces/ptu_interfaces_s__rosidl_typesupport_fastrtps_c.cpython-310-x86_64-linux-gnu.so" to ""
-- Installing: /home/cole/cole_ws/install/ptu_interfaces/local/lib/python3.10/dist-packages/ptu_interfaces/ptu_interfaces_s__rosidl_typesupport_introspection_c.cpython-310-x86_64-linux-gnu.so
-- Set runtime path of "/home/cole/cole_ws/install/ptu_interfaces/local/lib/python3.10/dist-packages/ptu_interfaces/ptu_interfaces_s__rosidl_typesupport_introspection_c.cpython-310-x86_64-linux-gnu.so" to ""
-- Installing: /home/cole/cole_ws/install/ptu_interfaces/local/lib/python3.10/dist-packages/ptu_interfaces/ptu_interfaces_s__rosidl_typesupport_c.cpython-310-x86_64-linux-gnu.so
-- Set runtime path of "/home/cole/cole_ws/install/ptu_interfaces/local/lib/python3.10/dist-packages/ptu_interfaces/ptu_interfaces_s__rosidl_typesupport_c.cpython-310-x86_64-linux-gnu.so" to ""
-- Installing: /home/cole/cole_ws/install/ptu_interfaces/lib/libptu_interfaces__rosidl_generator_py.so
-- Set runtime path of "/home/cole/cole_ws/install/ptu_interfaces/lib/libptu_interfaces__rosidl_generator_py.so" to ""
-- Installing: /home/cole/cole_ws/install/ptu_interfaces/share/ptu_interfaces/msg/PTU.idl
-- Installing: /home/cole/cole_ws/install/ptu_interfaces/share/ptu_interfaces/srv/SetPan.idl
-- Installing: /home/cole/cole_ws/install/ptu_interfaces/share/ptu_interfaces/srv/SetTilt.idl
-- Installing: /home/cole/cole_ws/install/ptu_interfaces/share/ptu_interfaces/srv/SetPanTilt.idl
-- Installing: /home/cole/cole_ws/install/ptu_interfaces/share/ptu_interfaces/srv/SetPanTiltSpeed.idl
-- Installing: /home/cole/cole_ws/install/ptu_interfaces/share/ptu_interfaces/srv/GetLimits.idl
-- Installing: /home/cole/cole_ws/install/ptu_interfaces/share/ptu_interfaces/action/SetPan.idl
-- Installing: /home/cole/cole_ws/install/ptu_interfaces/share/ptu_interfaces/action/SetTilt.idl
-- Installing: /home/cole/cole_ws/install/ptu_interfaces/share/ptu_interfaces/action/SetPanTilt.idl
-- Installing: /home/cole/cole_ws/install/ptu_interfaces/share/ptu_interfaces/msg/PTU.msg
-- Installing: /home/cole/cole_ws/install/ptu_interfaces/share/ptu_interfaces/srv/SetPan.srv
-- Installing: /home/cole/cole_ws/install/ptu_interfaces/share/ptu_interfaces/srv/SetPan_Request.msg
-- Installing: /home/cole/cole_ws/install/ptu_interfaces/share/ptu_interfaces/srv/SetPan_Response.msg
-- Installing: /home/cole/cole_ws/install/ptu_interfaces/share/ptu_interfaces/srv/SetTilt.srv
-- Installing: /home/cole/cole_ws/install/ptu_interfaces/share/ptu_interfaces/srv/SetTilt_Request.msg
-- Installing: /home/cole/cole_ws/install/ptu_interfaces/share/ptu_interfaces/srv/SetTilt_Response.msg
-- Installing: /home/cole/cole_ws/install/ptu_interfaces/share/ptu_interfaces/srv/SetPanTilt.srv
-- Installing: /home/cole/cole_ws/install/ptu_interfaces/share/ptu_interfaces/srv/SetPanTilt_Request.msg
-- Installing: /home/cole/cole_ws/install/ptu_interfaces/share/ptu_interfaces/srv/SetPanTilt_Response.msg
-- Installing: /home/cole/cole_ws/install/ptu_interfaces/share/ptu_interfaces/srv/SetPanTiltSpeed.srv
-- Installing: /home/cole/cole_ws/install/ptu_interfaces/share/ptu_interfaces/srv/SetPanTiltSpeed_Request.msg
-- Installing: /home/cole/cole_ws/install/ptu_interfaces/share/ptu_interfaces/srv/SetPanTiltSpeed_Response.msg
-- Installing: /home/cole/cole_ws/install/ptu_interfaces/share/ptu_interfaces/srv/GetLimits.srv
-- Installing: /home/cole/cole_ws/install/ptu_interfaces/share/ptu_interfaces/srv/GetLimits_Request.msg
-- Installing: /home/cole/cole_ws/install/ptu_interfaces/share/ptu_interfaces/srv/GetLimits_Response.msg
-- Installing: /home/cole/cole_ws/install/ptu_interfaces/share/ptu_interfaces/action/SetPan.action
-- Installing: /home/cole/cole_ws/install/ptu_interfaces/share/ptu_interfaces/action/SetTilt.action
-- Installing: /home/cole/cole_ws/install/ptu_interfaces/share/ptu_interfaces/action/SetPanTilt.action
-- Installing: /home/cole/cole_ws/install/ptu_interfaces/share/ament_index/resource_index/package_run_dependencies/ptu_interfaces
-- Installing: /home/cole/cole_ws/install/ptu_interfaces/share/ament_index/resource_index/parent_prefix_path/ptu_interfaces
-- Installing: /home/cole/cole_ws/install/ptu_interfaces/share/ptu_interfaces/environment/ament_prefix_path.sh
-- Installing: /home/cole/cole_ws/install/ptu_interfaces/share/ptu_interfaces/environment/ament_prefix_path.dsv
-- Installing: /home/cole/cole_ws/install/ptu_interfaces/share/ptu_interfaces/environment/path.sh
-- Installing: /home/cole/cole_ws/install/ptu_interfaces/share/ptu_interfaces/environment/path.dsv
-- Installing: /home/cole/cole_ws/install/ptu_interfaces/share/ptu_interfaces/local_setup.bash
-- Installing: /home/cole/cole_ws/install/ptu_interfaces/share/ptu_interfaces/local_setup.sh
-- Installing: /home/cole/cole_ws/install/ptu_interfaces/share/ptu_interfaces/local_setup.zsh
-- Installing: /home/cole/cole_ws/install/ptu_interfaces/share/ptu_interfaces/local_setup.dsv
-- Installing: /home/cole/cole_ws/install/ptu_interfaces/share/ptu_interfaces/package.dsv
-- Installing: /home/cole/cole_ws/install/ptu_interfaces/share/ament_index/resource_index/packages/ptu_interfaces
-- Installing: /home/cole/cole_ws/install/ptu_interfaces/share/ptu_interfaces/cmake/export_ptu_interfaces__rosidl_generator_cExport.cmake
-- Installing: /home/cole/cole_ws/install/ptu_interfaces/share/ptu_interfaces/cmake/export_ptu_interfaces__rosidl_generator_cExport-noconfig.cmake
-- Installing: /home/cole/cole_ws/install/ptu_interfaces/share/ptu_interfaces/cmake/export_ptu_interfaces__rosidl_typesupport_fastrtps_cExport.cmake
-- Installing: /home/cole/cole_ws/install/ptu_interfaces/share/ptu_interfaces/cmake/export_ptu_interfaces__rosidl_typesupport_fastrtps_cExport-noconfig.cmake
-- Installing: /home/cole/cole_ws/install/ptu_interfaces/share/ptu_interfaces/cmake/export_ptu_interfaces__rosidl_generator_cppExport.cmake
-- Installing: /home/cole/cole_ws/install/ptu_interfaces/share/ptu_interfaces/cmake/export_ptu_interfaces__rosidl_typesupport_fastrtps_cppExport.cmake
-- Installing: /home/cole/cole_ws/install/ptu_interfaces/share/ptu_interfaces/cmake/export_ptu_interfaces__rosidl_typesupport_fastrtps_cppExport-noconfig.cmake
-- Installing: /home/cole/cole_ws/install/ptu_interfaces/share/ptu_interfaces/cmake/ptu_interfaces__rosidl_typesupport_introspection_cExport.cmake
-- Installing: /home/cole/cole_ws/install/ptu_interfaces/share/ptu_interfaces/cmake/ptu_interfaces__rosidl_typesupport_introspection_cExport-noconfig.cmake
-- Installing: /home/cole/cole_ws/install/ptu_interfaces/share/ptu_interfaces/cmake/ptu_interfaces__rosidl_typesupport_cExport.cmake
-- Installing: /home/cole/cole_ws/install/ptu_interfaces/share/ptu_interfaces/cmake/ptu_interfaces__rosidl_typesupport_cExport-noconfig.cmake
-- Installing: /home/cole/cole_ws/install/ptu_interfaces/share/ptu_interfaces/cmake/ptu_interfaces__rosidl_typesupport_introspection_cppExport.cmake
-- Installing: /home/cole/cole_ws/install/ptu_interfaces/share/ptu_interfaces/cmake/ptu_interfaces__rosidl_typesupport_introspection_cppExport-noconfig.cmake
-- Installing: /home/cole/cole_ws/install/ptu_interfaces/share/ptu_interfaces/cmake/ptu_interfaces__rosidl_typesupport_cppExport.cmake
-- Installing: /home/cole/cole_ws/install/ptu_interfaces/share/ptu_interfaces/cmake/ptu_interfaces__rosidl_typesupport_cppExport-noconfig.cmake
-- Installing: /home/cole/cole_ws/install/ptu_interfaces/share/ptu_interfaces/cmake/export_ptu_interfaces__rosidl_generator_pyExport.cmake
-- Installing: /home/cole/cole_ws/install/ptu_interfaces/share/ptu_interfaces/cmake/export_ptu_interfaces__rosidl_generator_pyExport-noconfig.cmake
-- Installing: /home/cole/cole_ws/install/ptu_interfaces/share/ptu_interfaces/cmake/rosidl_cmake-extras.cmake
-- Installing: /home/cole/cole_ws/install/ptu_interfaces/share/ptu_interfaces/cmake/ament_cmake_export_dependencies-extras.cmake
-- Installing: /home/cole/cole_ws/install/ptu_interfaces/share/ptu_interfaces/cmake/ament_cmake_export_include_directories-extras.cmake
-- Installing: /home/cole/cole_ws/install/ptu_interfaces/share/ptu_interfaces/cmake/ament_cmake_export_libraries-extras.cmake
-- Installing: /home/cole/cole_ws/install/ptu_interfaces/share/ptu_interfaces/cmake/ament_cmake_export_targets-extras.cmake
-- Installing: /home/cole/cole_ws/install/ptu_interfaces/share/ptu_interfaces/cmake/rosidl_cmake_export_typesupport_targets-extras.cmake
-- Installing: /home/cole/cole_ws/install/ptu_interfaces/share/ptu_interfaces/cmake/rosidl_cmake_export_typesupport_libraries-extras.cmake
-- Installing: /home/cole/cole_ws/install/ptu_interfaces/share/ptu_interfaces/cmake/ptu_interfacesConfig.cmake
-- Installing: /home/cole/cole_ws/install/ptu_interfaces/share/ptu_interfaces/cmake/ptu_interfacesConfig-version.cmake
-- Installing: /home/cole/cole_ws/install/ptu_interfaces/share/ptu_interfaces/package.xml
