[0.017s] Invoking command in '/home/cole/cole_ws/build/ptu_interfaces': CMAKE_PREFIX_PATH=${CMAKE_PREFIX_PATH}:/home/cole/cole_ws/install/video_stream:/home/cole/cole_ws/install/sim_test:/opt/ros/humble /usr/bin/cmake /home/cole/cole_ws/src/ROS2-PTU-Interfaces -DCMAKE_INSTALL_PREFIX=/home/cole/cole_ws/install/ptu_interfaces
[0.183s] -- The C compiler identification is GNU 11.4.0
[0.183s] -- The CXX compiler identification is GNU 11.4.0
[0.183s] -- Detecting C compiler ABI info
[0.183s] -- Detecting C compiler ABI info - done
[0.183s] -- Check for working C compiler: /usr/bin/cc - skipped
[0.183s] -- Detecting C compile features
[0.183s] -- Detecting C compile features - done
[0.183s] -- Detecting CXX compiler ABI info
[0.219s] -- Detecting CXX compiler ABI info - done
[0.224s] -- Check for working CXX compiler: /usr/bin/c++ - skipped
[0.224s] -- Detecting CXX compile features
[0.224s] -- Detecting CXX compile features - done
[0.226s] -- Found ament_cmake: 1.3.11 (/opt/ros/humble/share/ament_cmake/cmake)
[0.329s] -- Found Python3: /usr/bin/python3 (found version "3.10.12") found components: Interpreter 
[0.392s] -- Found std_msgs: 4.2.4 (/opt/ros/humble/share/std_msgs/cmake)
[0.418s] -- Found rosidl_generator_c: 3.1.6 (/opt/ros/humble/share/rosidl_generator_c/cmake)
[0.421s] -- Found rosidl_adapter: 3.1.6 (/opt/ros/humble/share/rosidl_adapter/cmake)
[0.427s] -- Found rosidl_generator_cpp: 3.1.6 (/opt/ros/humble/share/rosidl_generator_cpp/cmake)
[0.435s] -- Using all available rosidl_typesupport_c: rosidl_typesupport_fastrtps_c;rosidl_typesupport_introspection_c
[0.446s] -- Using all available rosidl_typesupport_cpp: rosidl_typesupport_fastrtps_cpp;rosidl_typesupport_introspection_cpp
[0.464s] -- Found rosidl_default_generators: 1.2.0 (/opt/ros/humble/share/rosidl_default_generators/cmake)
[0.712s] -- Found ament_cmake_ros: 0.10.0 (/opt/ros/humble/share/ament_cmake_ros/cmake)
[0.974s] -- Using all available rosidl_typesupport_c: rosidl_typesupport_fastrtps_c;rosidl_typesupport_introspection_c
[1.075s] -- Using all available rosidl_typesupport_cpp: rosidl_typesupport_fastrtps_cpp;rosidl_typesupport_introspection_cpp
[1.093s] -- Found PythonInterp: /usr/bin/python3 (found suitable version "3.10.12", minimum required is "3.6") 
[1.094s] -- Found python_cmake_module: 0.10.0 (/opt/ros/humble/share/python_cmake_module/cmake)
[1.114s] -- Found PythonLibs: /usr/lib/x86_64-linux-gnu/libpython3.10.so (found suitable version "3.10.12", minimum required is "3.5") 
[1.114s] -- Using PYTHON_EXECUTABLE: /usr/bin/python3
[1.114s] -- Using PYTHON_INCLUDE_DIRS: /usr/include/python3.10
[1.114s] -- Using PYTHON_LIBRARIES: /usr/lib/x86_64-linux-gnu/libpython3.10.so
[1.132s] -- Found PythonExtra: .so  
[1.181s] -- Configuring done
[1.208s] -- Generating done
[1.216s] -- Build files have been written to: /home/cole/cole_ws/build/ptu_interfaces
[1.223s] Invoked command in '/home/cole/cole_ws/build/ptu_interfaces' returned '0': CMAKE_PREFIX_PATH=${CMAKE_PREFIX_PATH}:/home/cole/cole_ws/install/video_stream:/home/cole/cole_ws/install/sim_test:/opt/ros/humble /usr/bin/cmake /home/cole/cole_ws/src/ROS2-PTU-Interfaces -DCMAKE_INSTALL_PREFIX=/home/cole/cole_ws/install/ptu_interfaces
[1.223s] Invoking command in '/home/cole/cole_ws/build/ptu_interfaces': CMAKE_PREFIX_PATH=${CMAKE_PREFIX_PATH}:/home/cole/cole_ws/install/video_stream:/home/cole/cole_ws/install/sim_test:/opt/ros/humble /usr/bin/cmake --build /home/cole/cole_ws/build/ptu_interfaces -- -j16 -l16
[1.258s] [  1%] [34m[1mGenerating C code for ROS interfaces[0m
[1.266s] [  2%] [34m[1mGenerating C++ code for ROS interfaces[0m
[1.271s] [  2%] Built target ament_cmake_python_copy_ptu_interfaces
[1.427s] running egg_info
[1.427s] creating ptu_interfaces.egg-info
[1.427s] writing ptu_interfaces.egg-info/PKG-INFO
[1.427s] writing dependency_links to ptu_interfaces.egg-info/dependency_links.txt
[1.428s] writing top-level names to ptu_interfaces.egg-info/top_level.txt
[1.428s] writing manifest file 'ptu_interfaces.egg-info/SOURCES.txt'
[1.429s] reading manifest file 'ptu_interfaces.egg-info/SOURCES.txt'
[1.429s] writing manifest file 'ptu_interfaces.egg-info/SOURCES.txt'
[1.446s] [  2%] Built target ament_cmake_python_build_ptu_interfaces_egg
[2.001s] [  3%] [32mBuilding C object CMakeFiles/ptu_interfaces__rosidl_generator_c.dir/rosidl_generator_c/ptu_interfaces/msg/detail/ptu__functions.c.o[0m
[2.001s] [  4%] [32mBuilding C object CMakeFiles/ptu_interfaces__rosidl_generator_c.dir/rosidl_generator_c/ptu_interfaces/srv/detail/set_pan__functions.c.o[0m
[2.001s] [  5%] [32mBuilding C object CMakeFiles/ptu_interfaces__rosidl_generator_c.dir/rosidl_generator_c/ptu_interfaces/srv/detail/set_pan_tilt__functions.c.o[0m
[2.001s] [  6%] [32mBuilding C object CMakeFiles/ptu_interfaces__rosidl_generator_c.dir/rosidl_generator_c/ptu_interfaces/srv/detail/set_pan_tilt_speed__functions.c.o[0m
[2.002s] [  7%] [32mBuilding C object CMakeFiles/ptu_interfaces__rosidl_generator_c.dir/rosidl_generator_c/ptu_interfaces/action/detail/set_pan__functions.c.o[0m
[2.002s] [  8%] [32mBuilding C object CMakeFiles/ptu_interfaces__rosidl_generator_c.dir/rosidl_generator_c/ptu_interfaces/srv/detail/set_tilt__functions.c.o[0m
[2.002s] [  9%] [32mBuilding C object CMakeFiles/ptu_interfaces__rosidl_generator_c.dir/rosidl_generator_c/ptu_interfaces/action/detail/set_tilt__functions.c.o[0m
[2.003s] [ 10%] [32mBuilding C object CMakeFiles/ptu_interfaces__rosidl_generator_c.dir/rosidl_generator_c/ptu_interfaces/action/detail/set_pan_tilt__functions.c.o[0m
[2.004s] [ 11%] [32mBuilding C object CMakeFiles/ptu_interfaces__rosidl_generator_c.dir/rosidl_generator_c/ptu_interfaces/srv/detail/get_limits__functions.c.o[0m
[2.006s] [ 11%] Built target ptu_interfaces__cpp
[2.015s] [ 14%] [34m[1mGenerating C++ type support for eProsima Fast-RTPS[0m
[2.015s] [ 14%] [34m[1mGenerating C++ type support dispatch for ROS interfaces[0m
[2.016s] [ 14%] [34m[1mGenerating C++ introspection for ROS interfaces[0m
[2.088s] [ 15%] [32m[1mLinking C shared library libptu_interfaces__rosidl_generator_c.so[0m
[2.114s] [ 15%] Built target ptu_interfaces__rosidl_generator_c
[2.123s] [ 16%] [34m[1mGenerating C type support for eProsima Fast-RTPS[0m
[2.123s] [ 18%] [34m[1mGenerating C type support dispatch for ROS interfaces[0m
[2.123s] [ 18%] [34m[1mGenerating C introspection for ROS interfaces[0m
[2.401s] [ 20%] [32mBuilding CXX object CMakeFiles/ptu_interfaces__rosidl_typesupport_cpp.dir/rosidl_typesupport_cpp/ptu_interfaces/action/set_tilt__type_support.cpp.o[0m
[2.401s] [ 21%] [32mBuilding CXX object CMakeFiles/ptu_interfaces__rosidl_typesupport_cpp.dir/rosidl_typesupport_cpp/ptu_interfaces/action/set_pan__type_support.cpp.o[0m
[2.401s] [ 22%] [32mBuilding CXX object CMakeFiles/ptu_interfaces__rosidl_typesupport_cpp.dir/rosidl_typesupport_cpp/ptu_interfaces/msg/ptu__type_support.cpp.o[0m
[2.401s] [ 23%] [32mBuilding CXX object CMakeFiles/ptu_interfaces__rosidl_typesupport_cpp.dir/rosidl_typesupport_cpp/ptu_interfaces/action/set_pan_tilt__type_support.cpp.o[0m
[2.401s] [ 24%] [32mBuilding CXX object CMakeFiles/ptu_interfaces__rosidl_typesupport_cpp.dir/rosidl_typesupport_cpp/ptu_interfaces/srv/set_pan__type_support.cpp.o[0m
[2.401s] [ 25%] [32mBuilding CXX object CMakeFiles/ptu_interfaces__rosidl_typesupport_cpp.dir/rosidl_typesupport_cpp/ptu_interfaces/srv/set_tilt__type_support.cpp.o[0m
[2.402s] [ 26%] [32mBuilding CXX object CMakeFiles/ptu_interfaces__rosidl_typesupport_cpp.dir/rosidl_typesupport_cpp/ptu_interfaces/srv/set_pan_tilt__type_support.cpp.o[0m
[2.402s] [ 27%] [32mBuilding CXX object CMakeFiles/ptu_interfaces__rosidl_typesupport_cpp.dir/rosidl_typesupport_cpp/ptu_interfaces/srv/set_pan_tilt_speed__type_support.cpp.o[0m
[2.402s] [ 28%] [32mBuilding CXX object CMakeFiles/ptu_interfaces__rosidl_typesupport_cpp.dir/rosidl_typesupport_cpp/ptu_interfaces/srv/get_limits__type_support.cpp.o[0m
[2.503s] [ 29%] [32mBuilding CXX object CMakeFiles/ptu_interfaces__rosidl_typesupport_c.dir/rosidl_typesupport_c/ptu_interfaces/msg/ptu__type_support.cpp.o[0m
[2.503s] [ 30%] [32mBuilding CXX object CMakeFiles/ptu_interfaces__rosidl_typesupport_c.dir/rosidl_typesupport_c/ptu_interfaces/srv/set_pan__type_support.cpp.o[0m
[2.509s] [ 31%] [32mBuilding CXX object CMakeFiles/ptu_interfaces__rosidl_typesupport_c.dir/rosidl_typesupport_c/ptu_interfaces/srv/set_tilt__type_support.cpp.o[0m
[2.532s] [ 32%] [32mBuilding CXX object CMakeFiles/ptu_interfaces__rosidl_typesupport_c.dir/rosidl_typesupport_c/ptu_interfaces/srv/set_pan_tilt__type_support.cpp.o[0m
[2.535s] [ 33%] [32mBuilding CXX object CMakeFiles/ptu_interfaces__rosidl_typesupport_c.dir/rosidl_typesupport_c/ptu_interfaces/srv/set_pan_tilt_speed__type_support.cpp.o[0m
[2.540s] [ 34%] [32mBuilding CXX object CMakeFiles/ptu_interfaces__rosidl_typesupport_c.dir/rosidl_typesupport_c/ptu_interfaces/srv/get_limits__type_support.cpp.o[0m
[2.564s] [ 35%] [32mBuilding CXX object CMakeFiles/ptu_interfaces__rosidl_typesupport_c.dir/rosidl_typesupport_c/ptu_interfaces/action/set_pan__type_support.cpp.o[0m
[2.569s] [ 36%] [32mBuilding CXX object CMakeFiles/ptu_interfaces__rosidl_typesupport_c.dir/rosidl_typesupport_c/ptu_interfaces/action/set_tilt__type_support.cpp.o[0m
[2.570s] [ 37%] [32mBuilding CXX object CMakeFiles/ptu_interfaces__rosidl_typesupport_c.dir/rosidl_typesupport_c/ptu_interfaces/action/set_pan_tilt__type_support.cpp.o[0m
[2.578s] [ 38%] [32mBuilding CXX object CMakeFiles/ptu_interfaces__rosidl_typesupport_introspection_cpp.dir/rosidl_typesupport_introspection_cpp/ptu_interfaces/msg/detail/ptu__type_support.cpp.o[0m
[2.579s] [ 40%] [32mBuilding CXX object CMakeFiles/ptu_interfaces__rosidl_typesupport_introspection_cpp.dir/rosidl_typesupport_introspection_cpp/ptu_interfaces/srv/detail/set_pan__type_support.cpp.o[0m
[2.591s] [ 41%] [32mBuilding CXX object CMakeFiles/ptu_interfaces__rosidl_typesupport_introspection_cpp.dir/rosidl_typesupport_introspection_cpp/ptu_interfaces/srv/detail/set_tilt__type_support.cpp.o[0m
[2.600s] [ 42%] [32mBuilding CXX object CMakeFiles/ptu_interfaces__rosidl_typesupport_introspection_cpp.dir/rosidl_typesupport_introspection_cpp/ptu_interfaces/srv/detail/set_pan_tilt__type_support.cpp.o[0m
[2.608s] [ 43%] [32mBuilding CXX object CMakeFiles/ptu_interfaces__rosidl_typesupport_introspection_cpp.dir/rosidl_typesupport_introspection_cpp/ptu_interfaces/srv/detail/set_pan_tilt_speed__type_support.cpp.o[0m
[2.618s] [ 44%] [32m[1mLinking CXX shared library libptu_interfaces__rosidl_typesupport_c.so[0m
[2.633s] [ 45%] [32mBuilding CXX object CMakeFiles/ptu_interfaces__rosidl_typesupport_introspection_cpp.dir/rosidl_typesupport_introspection_cpp/ptu_interfaces/srv/detail/get_limits__type_support.cpp.o[0m
[2.665s] [ 45%] Built target ptu_interfaces__rosidl_typesupport_c
[2.674s] [ 46%] [32mBuilding CXX object CMakeFiles/ptu_interfaces__rosidl_typesupport_introspection_cpp.dir/rosidl_typesupport_introspection_cpp/ptu_interfaces/action/detail/set_pan__type_support.cpp.o[0m
[2.681s] [ 47%] [32mBuilding CXX object CMakeFiles/ptu_interfaces__rosidl_typesupport_introspection_cpp.dir/rosidl_typesupport_introspection_cpp/ptu_interfaces/action/detail/set_tilt__type_support.cpp.o[0m
[2.685s] [ 48%] [32mBuilding CXX object CMakeFiles/ptu_interfaces__rosidl_typesupport_introspection_cpp.dir/rosidl_typesupport_introspection_cpp/ptu_interfaces/action/detail/set_pan_tilt__type_support.cpp.o[0m
[2.727s] [ 49%] [32mBuilding CXX object CMakeFiles/ptu_interfaces__rosidl_typesupport_fastrtps_cpp.dir/rosidl_typesupport_fastrtps_cpp/ptu_interfaces/msg/detail/dds_fastrtps/ptu__type_support.cpp.o[0m
[2.727s] [ 50%] [32mBuilding CXX object CMakeFiles/ptu_interfaces__rosidl_typesupport_fastrtps_cpp.dir/rosidl_typesupport_fastrtps_cpp/ptu_interfaces/srv/detail/dds_fastrtps/set_tilt__type_support.cpp.o[0m
[2.727s] [ 51%] [32mBuilding CXX object CMakeFiles/ptu_interfaces__rosidl_typesupport_fastrtps_cpp.dir/rosidl_typesupport_fastrtps_cpp/ptu_interfaces/srv/detail/dds_fastrtps/set_pan__type_support.cpp.o[0m
[2.730s] [ 52%] [32mBuilding CXX object CMakeFiles/ptu_interfaces__rosidl_typesupport_fastrtps_cpp.dir/rosidl_typesupport_fastrtps_cpp/ptu_interfaces/srv/detail/dds_fastrtps/set_pan_tilt__type_support.cpp.o[0m
[2.739s] [ 53%] [32mBuilding C object CMakeFiles/ptu_interfaces__rosidl_typesupport_introspection_c.dir/rosidl_typesupport_introspection_c/ptu_interfaces/msg/detail/ptu__type_support.c.o[0m
[2.765s] [ 54%] [32mBuilding C object CMakeFiles/ptu_interfaces__rosidl_typesupport_introspection_c.dir/rosidl_typesupport_introspection_c/ptu_interfaces/srv/detail/set_pan__type_support.c.o[0m
[2.795s] [ 55%] [32mBuilding CXX object CMakeFiles/ptu_interfaces__rosidl_typesupport_fastrtps_c.dir/rosidl_typesupport_fastrtps_c/ptu_interfaces/msg/detail/ptu__type_support_c.cpp.o[0m
[2.801s] [ 56%] [32mBuilding C object CMakeFiles/ptu_interfaces__rosidl_typesupport_introspection_c.dir/rosidl_typesupport_introspection_c/ptu_interfaces/srv/detail/set_tilt__type_support.c.o[0m
[2.808s] [ 57%] [32mBuilding CXX object CMakeFiles/ptu_interfaces__rosidl_typesupport_fastrtps_c.dir/rosidl_typesupport_fastrtps_c/ptu_interfaces/srv/detail/set_pan__type_support_c.cpp.o[0m
[2.823s] [ 58%] [32mBuilding C object CMakeFiles/ptu_interfaces__rosidl_typesupport_introspection_c.dir/rosidl_typesupport_introspection_c/ptu_interfaces/srv/detail/set_pan_tilt__type_support.c.o[0m
[2.842s] [ 60%] [32mBuilding CXX object CMakeFiles/ptu_interfaces__rosidl_typesupport_fastrtps_cpp.dir/rosidl_typesupport_fastrtps_cpp/ptu_interfaces/srv/detail/dds_fastrtps/set_pan_tilt_speed__type_support.cpp.o[0m
[2.843s] [ 61%] [32mBuilding CXX object CMakeFiles/ptu_interfaces__rosidl_typesupport_fastrtps_c.dir/rosidl_typesupport_fastrtps_c/ptu_interfaces/srv/detail/set_tilt__type_support_c.cpp.o[0m
[2.846s] [ 62%] [32mBuilding C object CMakeFiles/ptu_interfaces__rosidl_typesupport_introspection_c.dir/rosidl_typesupport_introspection_c/ptu_interfaces/srv/detail/set_pan_tilt_speed__type_support.c.o[0m
[2.869s] [ 63%] [32mBuilding C object CMakeFiles/ptu_interfaces__rosidl_typesupport_introspection_c.dir/rosidl_typesupport_introspection_c/ptu_interfaces/srv/detail/get_limits__type_support.c.o[0m
[2.869s] [ 64%] [32mBuilding CXX object CMakeFiles/ptu_interfaces__rosidl_typesupport_fastrtps_c.dir/rosidl_typesupport_fastrtps_c/ptu_interfaces/srv/detail/set_pan_tilt__type_support_c.cpp.o[0m
[2.875s] [ 65%] [32mBuilding CXX object CMakeFiles/ptu_interfaces__rosidl_typesupport_fastrtps_c.dir/rosidl_typesupport_fastrtps_c/ptu_interfaces/srv/detail/set_pan_tilt_speed__type_support_c.cpp.o[0m
[2.888s] [ 66%] [32mBuilding C object CMakeFiles/ptu_interfaces__rosidl_typesupport_introspection_c.dir/rosidl_typesupport_introspection_c/ptu_interfaces/action/detail/set_pan__type_support.c.o[0m
[2.902s] [ 67%] [32m[1mLinking CXX shared library libptu_interfaces__rosidl_typesupport_cpp.so[0m
[2.916s] [ 68%] [32mBuilding C object CMakeFiles/ptu_interfaces__rosidl_typesupport_introspection_c.dir/rosidl_typesupport_introspection_c/ptu_interfaces/action/detail/set_tilt__type_support.c.o[0m
[2.945s] [ 69%] [32mBuilding C object CMakeFiles/ptu_interfaces__rosidl_typesupport_introspection_c.dir/rosidl_typesupport_introspection_c/ptu_interfaces/action/detail/set_pan_tilt__type_support.c.o[0m
[2.964s] [ 69%] Built target ptu_interfaces__rosidl_typesupport_cpp
[2.974s] [ 70%] [32mBuilding CXX object CMakeFiles/ptu_interfaces__rosidl_typesupport_fastrtps_c.dir/rosidl_typesupport_fastrtps_c/ptu_interfaces/srv/detail/get_limits__type_support_c.cpp.o[0m
[2.976s] [ 71%] [32mBuilding CXX object CMakeFiles/ptu_interfaces__rosidl_typesupport_fastrtps_c.dir/rosidl_typesupport_fastrtps_c/ptu_interfaces/action/detail/set_pan__type_support_c.cpp.o[0m
[2.976s] [ 72%] [32m[1mLinking C shared library libptu_interfaces__rosidl_typesupport_introspection_c.so[0m
[3.012s] [ 73%] [32mBuilding CXX object CMakeFiles/ptu_interfaces__rosidl_typesupport_fastrtps_cpp.dir/rosidl_typesupport_fastrtps_cpp/ptu_interfaces/srv/detail/dds_fastrtps/get_limits__type_support.cpp.o[0m
[3.014s] [ 73%] Built target ptu_interfaces__rosidl_typesupport_introspection_c
[3.014s] [ 74%] [32mBuilding CXX object CMakeFiles/ptu_interfaces__rosidl_typesupport_fastrtps_cpp.dir/rosidl_typesupport_fastrtps_cpp/ptu_interfaces/action/detail/dds_fastrtps/set_pan__type_support.cpp.o[0m
[3.015s] [ 75%] [32mBuilding CXX object CMakeFiles/ptu_interfaces__rosidl_typesupport_fastrtps_c.dir/rosidl_typesupport_fastrtps_c/ptu_interfaces/action/detail/set_tilt__type_support_c.cpp.o[0m
[3.021s] [ 76%] [32mBuilding CXX object CMakeFiles/ptu_interfaces__rosidl_typesupport_fastrtps_c.dir/rosidl_typesupport_fastrtps_c/ptu_interfaces/action/detail/set_pan_tilt__type_support_c.cpp.o[0m
[3.038s] [ 77%] [32mBuilding CXX object CMakeFiles/ptu_interfaces__rosidl_typesupport_fastrtps_cpp.dir/rosidl_typesupport_fastrtps_cpp/ptu_interfaces/action/detail/dds_fastrtps/set_tilt__type_support.cpp.o[0m
[3.042s] [ 78%] [32mBuilding CXX object CMakeFiles/ptu_interfaces__rosidl_typesupport_fastrtps_cpp.dir/rosidl_typesupport_fastrtps_cpp/ptu_interfaces/action/detail/dds_fastrtps/set_pan_tilt__type_support.cpp.o[0m
[3.302s] [ 80%] [32m[1mLinking CXX shared library libptu_interfaces__rosidl_typesupport_fastrtps_c.so[0m
[3.309s] [ 81%] [32m[1mLinking CXX shared library libptu_interfaces__rosidl_typesupport_introspection_cpp.so[0m
[3.355s] [ 81%] Built target ptu_interfaces__rosidl_typesupport_fastrtps_c
[3.361s] [ 81%] Built target ptu_interfaces__rosidl_typesupport_introspection_cpp
[3.419s] [ 82%] [32m[1mLinking CXX shared library libptu_interfaces__rosidl_typesupport_fastrtps_cpp.so[0m
[3.481s] [ 82%] Built target ptu_interfaces__rosidl_typesupport_fastrtps_cpp
[3.503s] [ 82%] Built target ptu_interfaces
[3.527s] [ 83%] [34m[1mGenerating Python code for ROS interfaces[0m
[4.936s] [ 83%] Built target ptu_interfaces__py
[4.955s] [ 84%] [32mBuilding C object CMakeFiles/ptu_interfaces__rosidl_generator_py.dir/rosidl_generator_py/ptu_interfaces/srv/_set_tilt_s.c.o[0m
[4.956s] [ 85%] [32mBuilding C object CMakeFiles/ptu_interfaces__rosidl_generator_py.dir/rosidl_generator_py/ptu_interfaces/srv/_set_pan_tilt_speed_s.c.o[0m
[4.956s] [ 86%] [32mBuilding C object CMakeFiles/ptu_interfaces__rosidl_generator_py.dir/rosidl_generator_py/ptu_interfaces/srv/_set_pan_tilt_s.c.o[0m
[4.958s] [ 87%] [32mBuilding C object CMakeFiles/ptu_interfaces__rosidl_generator_py.dir/rosidl_generator_py/ptu_interfaces/msg/_ptu_s.c.o[0m
[4.959s] [ 88%] [32mBuilding C object CMakeFiles/ptu_interfaces__rosidl_generator_py.dir/rosidl_generator_py/ptu_interfaces/srv/_set_pan_s.c.o[0m
[4.959s] [ 89%] [32mBuilding C object CMakeFiles/ptu_interfaces__rosidl_generator_py.dir/rosidl_generator_py/ptu_interfaces/action/_set_tilt_s.c.o[0m
[4.960s] [ 90%] [32mBuilding C object CMakeFiles/ptu_interfaces__rosidl_generator_py.dir/rosidl_generator_py/ptu_interfaces/srv/_get_limits_s.c.o[0m
[4.961s] [ 91%] [32mBuilding C object CMakeFiles/ptu_interfaces__rosidl_generator_py.dir/rosidl_generator_py/ptu_interfaces/action/_set_pan_s.c.o[0m
[4.962s] [ 92%] [32mBuilding C object CMakeFiles/ptu_interfaces__rosidl_generator_py.dir/rosidl_generator_py/ptu_interfaces/action/_set_pan_tilt_s.c.o[0m
[5.079s] [ 93%] [32m[1mLinking C shared library rosidl_generator_py/ptu_interfaces/libptu_interfaces__rosidl_generator_py.so[0m
[5.117s] [ 93%] Built target ptu_interfaces__rosidl_generator_py
[5.140s] [ 94%] [32mBuilding C object CMakeFiles/ptu_interfaces__rosidl_typesupport_fastrtps_c__pyext.dir/rosidl_generator_py/ptu_interfaces/_ptu_interfaces_s.ep.rosidl_typesupport_fastrtps_c.c.o[0m
[5.143s] [ 95%] [32mBuilding C object CMakeFiles/ptu_interfaces__rosidl_typesupport_c__pyext.dir/rosidl_generator_py/ptu_interfaces/_ptu_interfaces_s.ep.rosidl_typesupport_c.c.o[0m
[5.143s] [ 96%] [32mBuilding C object CMakeFiles/ptu_interfaces__rosidl_typesupport_introspection_c__pyext.dir/rosidl_generator_py/ptu_interfaces/_ptu_interfaces_s.ep.rosidl_typesupport_introspection_c.c.o[0m
[5.278s] [ 98%] [32m[1mLinking C shared library rosidl_generator_py/ptu_interfaces/ptu_interfaces_s__rosidl_typesupport_fastrtps_c.cpython-310-x86_64-linux-gnu.so[0m
[5.278s] [ 98%] [32m[1mLinking C shared library rosidl_generator_py/ptu_interfaces/ptu_interfaces_s__rosidl_typesupport_introspection_c.cpython-310-x86_64-linux-gnu.so[0m
[5.278s] [100%] [32m[1mLinking C shared library rosidl_generator_py/ptu_interfaces/ptu_interfaces_s__rosidl_typesupport_c.cpython-310-x86_64-linux-gnu.so[0m
[5.308s] [100%] Built target ptu_interfaces__rosidl_typesupport_fastrtps_c__pyext
[5.310s] [100%] Built target ptu_interfaces__rosidl_typesupport_c__pyext
[5.310s] [100%] Built target ptu_interfaces__rosidl_typesupport_introspection_c__pyext
[5.319s] Invoked command in '/home/cole/cole_ws/build/ptu_interfaces' returned '0': CMAKE_PREFIX_PATH=${CMAKE_PREFIX_PATH}:/home/cole/cole_ws/install/video_stream:/home/cole/cole_ws/install/sim_test:/opt/ros/humble /usr/bin/cmake --build /home/cole/cole_ws/build/ptu_interfaces -- -j16 -l16
[5.321s] Invoking command in '/home/cole/cole_ws/build/ptu_interfaces': CMAKE_PREFIX_PATH=${CMAKE_PREFIX_PATH}:/home/cole/cole_ws/install/video_stream:/home/cole/cole_ws/install/sim_test:/opt/ros/humble /usr/bin/cmake --install /home/cole/cole_ws/build/ptu_interfaces
[5.329s] -- Install configuration: ""
[5.329s] -- Installing: /home/cole/cole_ws/install/ptu_interfaces/share/ament_index/resource_index/rosidl_interfaces/ptu_interfaces
[5.330s] -- Installing: /home/cole/cole_ws/install/ptu_interfaces/include/ptu_interfaces/ptu_interfaces
[5.330s] -- Installing: /home/cole/cole_ws/install/ptu_interfaces/include/ptu_interfaces/ptu_interfaces/srv
[5.330s] -- Installing: /home/cole/cole_ws/install/ptu_interfaces/include/ptu_interfaces/ptu_interfaces/srv/set_tilt.h
[5.330s] -- Installing: /home/cole/cole_ws/install/ptu_interfaces/include/ptu_interfaces/ptu_interfaces/srv/get_limits.h
[5.331s] -- Installing: /home/cole/cole_ws/install/ptu_interfaces/include/ptu_interfaces/ptu_interfaces/srv/set_pan_tilt.h
[5.331s] -- Installing: /home/cole/cole_ws/install/ptu_interfaces/include/ptu_interfaces/ptu_interfaces/srv/detail
[5.331s] -- Installing: /home/cole/cole_ws/install/ptu_interfaces/include/ptu_interfaces/ptu_interfaces/srv/detail/set_pan_tilt__functions.c
[5.331s] -- Installing: /home/cole/cole_ws/install/ptu_interfaces/include/ptu_interfaces/ptu_interfaces/srv/detail/set_tilt__struct.h
[5.331s] -- Installing: /home/cole/cole_ws/install/ptu_interfaces/include/ptu_interfaces/ptu_interfaces/srv/detail/set_tilt__functions.h
[5.331s] -- Installing: /home/cole/cole_ws/install/ptu_interfaces/include/ptu_interfaces/ptu_interfaces/srv/detail/set_pan_tilt_speed__functions.h
[5.332s] -- Installing: /home/cole/cole_ws/install/ptu_interfaces/include/ptu_interfaces/ptu_interfaces/srv/detail/set_pan_tilt__functions.h
[5.332s] -- Installing: /home/cole/cole_ws/install/ptu_interfaces/include/ptu_interfaces/ptu_interfaces/srv/detail/get_limits__struct.h
[5.332s] -- Installing: /home/cole/cole_ws/install/ptu_interfaces/include/ptu_interfaces/ptu_interfaces/srv/detail/set_pan__struct.h
[5.332s] -- Installing: /home/cole/cole_ws/install/ptu_interfaces/include/ptu_interfaces/ptu_interfaces/srv/detail/get_limits__functions.h
[5.332s] -- Installing: /home/cole/cole_ws/install/ptu_interfaces/include/ptu_interfaces/ptu_interfaces/srv/detail/set_pan_tilt_speed__type_support.h
[5.332s] -- Installing: /home/cole/cole_ws/install/ptu_interfaces/include/ptu_interfaces/ptu_interfaces/srv/detail/set_pan_tilt__type_support.h
[5.332s] -- Installing: /home/cole/cole_ws/install/ptu_interfaces/include/ptu_interfaces/ptu_interfaces/srv/detail/set_pan_tilt_speed__functions.c
[5.333s] -- Installing: /home/cole/cole_ws/install/ptu_interfaces/include/ptu_interfaces/ptu_interfaces/srv/detail/get_limits__type_support.h
[5.333s] -- Installing: /home/cole/cole_ws/install/ptu_interfaces/include/ptu_interfaces/ptu_interfaces/srv/detail/set_pan__functions.h
[5.333s] -- Installing: /home/cole/cole_ws/install/ptu_interfaces/include/ptu_interfaces/ptu_interfaces/srv/detail/set_tilt__functions.c
[5.333s] -- Installing: /home/cole/cole_ws/install/ptu_interfaces/include/ptu_interfaces/ptu_interfaces/srv/detail/set_pan__functions.c
[5.333s] -- Installing: /home/cole/cole_ws/install/ptu_interfaces/include/ptu_interfaces/ptu_interfaces/srv/detail/set_pan_tilt_speed__struct.h
[5.333s] -- Installing: /home/cole/cole_ws/install/ptu_interfaces/include/ptu_interfaces/ptu_interfaces/srv/detail/set_tilt__type_support.h
[5.333s] -- Installing: /home/cole/cole_ws/install/ptu_interfaces/include/ptu_interfaces/ptu_interfaces/srv/detail/get_limits__functions.c
[5.334s] -- Installing: /home/cole/cole_ws/install/ptu_interfaces/include/ptu_interfaces/ptu_interfaces/srv/detail/set_pan__type_support.h
[5.334s] -- Installing: /home/cole/cole_ws/install/ptu_interfaces/include/ptu_interfaces/ptu_interfaces/srv/detail/set_pan_tilt__struct.h
[5.334s] -- Installing: /home/cole/cole_ws/install/ptu_interfaces/include/ptu_interfaces/ptu_interfaces/srv/set_pan.h
[5.334s] -- Installing: /home/cole/cole_ws/install/ptu_interfaces/include/ptu_interfaces/ptu_interfaces/srv/set_pan_tilt_speed.h
[5.334s] -- Installing: /home/cole/cole_ws/install/ptu_interfaces/include/ptu_interfaces/ptu_interfaces/msg
[5.334s] -- Installing: /home/cole/cole_ws/install/ptu_interfaces/include/ptu_interfaces/ptu_interfaces/msg/rosidl_generator_c__visibility_control.h
[5.334s] -- Installing: /home/cole/cole_ws/install/ptu_interfaces/include/ptu_interfaces/ptu_interfaces/msg/detail
[5.334s] -- Installing: /home/cole/cole_ws/install/ptu_interfaces/include/ptu_interfaces/ptu_interfaces/msg/detail/ptu__struct.h
[5.335s] -- Installing: /home/cole/cole_ws/install/ptu_interfaces/include/ptu_interfaces/ptu_interfaces/msg/detail/ptu__type_support.h
[5.335s] -- Installing: /home/cole/cole_ws/install/ptu_interfaces/include/ptu_interfaces/ptu_interfaces/msg/detail/ptu__functions.c
[5.335s] -- Installing: /home/cole/cole_ws/install/ptu_interfaces/include/ptu_interfaces/ptu_interfaces/msg/detail/ptu__functions.h
[5.335s] -- Installing: /home/cole/cole_ws/install/ptu_interfaces/include/ptu_interfaces/ptu_interfaces/msg/ptu.h
[5.335s] -- Installing: /home/cole/cole_ws/install/ptu_interfaces/include/ptu_interfaces/ptu_interfaces/action
[5.335s] -- Installing: /home/cole/cole_ws/install/ptu_interfaces/include/ptu_interfaces/ptu_interfaces/action/set_tilt.h
[5.335s] -- Installing: /home/cole/cole_ws/install/ptu_interfaces/include/ptu_interfaces/ptu_interfaces/action/set_pan_tilt.h
[5.335s] -- Installing: /home/cole/cole_ws/install/ptu_interfaces/include/ptu_interfaces/ptu_interfaces/action/detail
[5.335s] -- Installing: /home/cole/cole_ws/install/ptu_interfaces/include/ptu_interfaces/ptu_interfaces/action/detail/set_pan_tilt__functions.c
[5.335s] -- Installing: /home/cole/cole_ws/install/ptu_interfaces/include/ptu_interfaces/ptu_interfaces/action/detail/set_tilt__struct.h
[5.335s] -- Installing: /home/cole/cole_ws/install/ptu_interfaces/include/ptu_interfaces/ptu_interfaces/action/detail/set_tilt__functions.h
[5.335s] -- Installing: /home/cole/cole_ws/install/ptu_interfaces/include/ptu_interfaces/ptu_interfaces/action/detail/set_pan_tilt__functions.h
[5.335s] -- Installing: /home/cole/cole_ws/install/ptu_interfaces/include/ptu_interfaces/ptu_interfaces/action/detail/set_pan__struct.h
[5.335s] -- Installing: /home/cole/cole_ws/install/ptu_interfaces/include/ptu_interfaces/ptu_interfaces/action/detail/set_pan_tilt__type_support.h
[5.335s] -- Installing: /home/cole/cole_ws/install/ptu_interfaces/include/ptu_interfaces/ptu_interfaces/action/detail/set_pan__functions.h
[5.335s] -- Installing: /home/cole/cole_ws/install/ptu_interfaces/include/ptu_interfaces/ptu_interfaces/action/detail/set_tilt__functions.c
[5.335s] -- Installing: /home/cole/cole_ws/install/ptu_interfaces/include/ptu_interfaces/ptu_interfaces/action/detail/set_pan__functions.c
[5.335s] -- Installing: /home/cole/cole_ws/install/ptu_interfaces/include/ptu_interfaces/ptu_interfaces/action/detail/set_tilt__type_support.h
[5.335s] -- Installing: /home/cole/cole_ws/install/ptu_interfaces/include/ptu_interfaces/ptu_interfaces/action/detail/set_pan__type_support.h
[5.336s] -- Installing: /home/cole/cole_ws/install/ptu_interfaces/include/ptu_interfaces/ptu_interfaces/action/detail/set_pan_tilt__struct.h
[5.336s] -- Installing: /home/cole/cole_ws/install/ptu_interfaces/include/ptu_interfaces/ptu_interfaces/action/set_pan.h
[5.336s] -- Installing: /home/cole/cole_ws/install/ptu_interfaces/share/ptu_interfaces/environment/library_path.sh
[5.336s] -- Installing: /home/cole/cole_ws/install/ptu_interfaces/share/ptu_interfaces/environment/library_path.dsv
[5.336s] -- Installing: /home/cole/cole_ws/install/ptu_interfaces/lib/libptu_interfaces__rosidl_generator_c.so
[5.336s] -- Set runtime path of "/home/cole/cole_ws/install/ptu_interfaces/lib/libptu_interfaces__rosidl_generator_c.so" to ""
[5.336s] -- Up-to-date: /home/cole/cole_ws/install/ptu_interfaces/include/ptu_interfaces/ptu_interfaces
[5.336s] -- Up-to-date: /home/cole/cole_ws/install/ptu_interfaces/include/ptu_interfaces/ptu_interfaces/srv
[5.336s] -- Up-to-date: /home/cole/cole_ws/install/ptu_interfaces/include/ptu_interfaces/ptu_interfaces/srv/detail
[5.336s] -- Installing: /home/cole/cole_ws/install/ptu_interfaces/include/ptu_interfaces/ptu_interfaces/srv/detail/set_pan__rosidl_typesupport_fastrtps_c.h
[5.336s] -- Installing: /home/cole/cole_ws/install/ptu_interfaces/include/ptu_interfaces/ptu_interfaces/srv/detail/get_limits__rosidl_typesupport_fastrtps_c.h
[5.336s] -- Installing: /home/cole/cole_ws/install/ptu_interfaces/include/ptu_interfaces/ptu_interfaces/srv/detail/set_tilt__rosidl_typesupport_fastrtps_c.h
[5.336s] -- Installing: /home/cole/cole_ws/install/ptu_interfaces/include/ptu_interfaces/ptu_interfaces/srv/detail/set_pan_tilt__rosidl_typesupport_fastrtps_c.h
[5.336s] -- Installing: /home/cole/cole_ws/install/ptu_interfaces/include/ptu_interfaces/ptu_interfaces/srv/detail/set_pan_tilt_speed__rosidl_typesupport_fastrtps_c.h
[5.336s] -- Up-to-date: /home/cole/cole_ws/install/ptu_interfaces/include/ptu_interfaces/ptu_interfaces/msg
[5.336s] -- Installing: /home/cole/cole_ws/install/ptu_interfaces/include/ptu_interfaces/ptu_interfaces/msg/rosidl_typesupport_fastrtps_c__visibility_control.h
[5.336s] -- Up-to-date: /home/cole/cole_ws/install/ptu_interfaces/include/ptu_interfaces/ptu_interfaces/msg/detail
[5.336s] -- Installing: /home/cole/cole_ws/install/ptu_interfaces/include/ptu_interfaces/ptu_interfaces/msg/detail/ptu__rosidl_typesupport_fastrtps_c.h
[5.336s] -- Up-to-date: /home/cole/cole_ws/install/ptu_interfaces/include/ptu_interfaces/ptu_interfaces/action
[5.336s] -- Up-to-date: /home/cole/cole_ws/install/ptu_interfaces/include/ptu_interfaces/ptu_interfaces/action/detail
[5.336s] -- Installing: /home/cole/cole_ws/install/ptu_interfaces/include/ptu_interfaces/ptu_interfaces/action/detail/set_pan__rosidl_typesupport_fastrtps_c.h
[5.336s] -- Installing: /home/cole/cole_ws/install/ptu_interfaces/include/ptu_interfaces/ptu_interfaces/action/detail/set_tilt__rosidl_typesupport_fastrtps_c.h
[5.336s] -- Installing: /home/cole/cole_ws/install/ptu_interfaces/include/ptu_interfaces/ptu_interfaces/action/detail/set_pan_tilt__rosidl_typesupport_fastrtps_c.h
[5.336s] -- Installing: /home/cole/cole_ws/install/ptu_interfaces/lib/libptu_interfaces__rosidl_typesupport_fastrtps_c.so
[5.337s] -- Set runtime path of "/home/cole/cole_ws/install/ptu_interfaces/lib/libptu_interfaces__rosidl_typesupport_fastrtps_c.so" to ""
[5.337s] -- Up-to-date: /home/cole/cole_ws/install/ptu_interfaces/include/ptu_interfaces/ptu_interfaces
[5.337s] -- Up-to-date: /home/cole/cole_ws/install/ptu_interfaces/include/ptu_interfaces/ptu_interfaces/srv
[5.337s] -- Installing: /home/cole/cole_ws/install/ptu_interfaces/include/ptu_interfaces/ptu_interfaces/srv/set_pan_tilt_speed.hpp
[5.337s] -- Installing: /home/cole/cole_ws/install/ptu_interfaces/include/ptu_interfaces/ptu_interfaces/srv/set_pan.hpp
[5.337s] -- Installing: /home/cole/cole_ws/install/ptu_interfaces/include/ptu_interfaces/ptu_interfaces/srv/set_pan_tilt.hpp
[5.337s] -- Up-to-date: /home/cole/cole_ws/install/ptu_interfaces/include/ptu_interfaces/ptu_interfaces/srv/detail
[5.337s] -- Installing: /home/cole/cole_ws/install/ptu_interfaces/include/ptu_interfaces/ptu_interfaces/srv/detail/set_pan__builder.hpp
[5.337s] -- Installing: /home/cole/cole_ws/install/ptu_interfaces/include/ptu_interfaces/ptu_interfaces/srv/detail/set_pan_tilt__type_support.hpp
[5.337s] -- Installing: /home/cole/cole_ws/install/ptu_interfaces/include/ptu_interfaces/ptu_interfaces/srv/detail/set_pan_tilt_speed__traits.hpp
[5.337s] -- Installing: /home/cole/cole_ws/install/ptu_interfaces/include/ptu_interfaces/ptu_interfaces/srv/detail/set_tilt__traits.hpp
[5.337s] -- Installing: /home/cole/cole_ws/install/ptu_interfaces/include/ptu_interfaces/ptu_interfaces/srv/detail/set_pan_tilt_speed__builder.hpp
[5.337s] -- Installing: /home/cole/cole_ws/install/ptu_interfaces/include/ptu_interfaces/ptu_interfaces/srv/detail/set_pan_tilt_speed__type_support.hpp
[5.337s] -- Installing: /home/cole/cole_ws/install/ptu_interfaces/include/ptu_interfaces/ptu_interfaces/srv/detail/set_pan_tilt__traits.hpp
[5.337s] -- Installing: /home/cole/cole_ws/install/ptu_interfaces/include/ptu_interfaces/ptu_interfaces/srv/detail/get_limits__struct.hpp
[5.337s] -- Installing: /home/cole/cole_ws/install/ptu_interfaces/include/ptu_interfaces/ptu_interfaces/srv/detail/set_pan_tilt__struct.hpp
[5.337s] -- Installing: /home/cole/cole_ws/install/ptu_interfaces/include/ptu_interfaces/ptu_interfaces/srv/detail/set_pan__traits.hpp
[5.337s] -- Installing: /home/cole/cole_ws/install/ptu_interfaces/include/ptu_interfaces/ptu_interfaces/srv/detail/set_pan__type_support.hpp
[5.337s] -- Installing: /home/cole/cole_ws/install/ptu_interfaces/include/ptu_interfaces/ptu_interfaces/srv/detail/set_tilt__builder.hpp
[5.337s] -- Installing: /home/cole/cole_ws/install/ptu_interfaces/include/ptu_interfaces/ptu_interfaces/srv/detail/set_pan_tilt__builder.hpp
[5.337s] -- Installing: /home/cole/cole_ws/install/ptu_interfaces/include/ptu_interfaces/ptu_interfaces/srv/detail/set_pan__struct.hpp
[5.337s] -- Installing: /home/cole/cole_ws/install/ptu_interfaces/include/ptu_interfaces/ptu_interfaces/srv/detail/set_tilt__type_support.hpp
[5.337s] -- Installing: /home/cole/cole_ws/install/ptu_interfaces/include/ptu_interfaces/ptu_interfaces/srv/detail/set_pan_tilt_speed__struct.hpp
[5.337s] -- Installing: /home/cole/cole_ws/install/ptu_interfaces/include/ptu_interfaces/ptu_interfaces/srv/detail/get_limits__traits.hpp
[5.337s] -- Installing: /home/cole/cole_ws/install/ptu_interfaces/include/ptu_interfaces/ptu_interfaces/srv/detail/set_tilt__struct.hpp
[5.338s] -- Installing: /home/cole/cole_ws/install/ptu_interfaces/include/ptu_interfaces/ptu_interfaces/srv/detail/get_limits__type_support.hpp
[5.338s] -- Installing: /home/cole/cole_ws/install/ptu_interfaces/include/ptu_interfaces/ptu_interfaces/srv/detail/get_limits__builder.hpp
[5.338s] -- Installing: /home/cole/cole_ws/install/ptu_interfaces/include/ptu_interfaces/ptu_interfaces/srv/set_tilt.hpp
[5.338s] -- Installing: /home/cole/cole_ws/install/ptu_interfaces/include/ptu_interfaces/ptu_interfaces/srv/get_limits.hpp
[5.338s] -- Up-to-date: /home/cole/cole_ws/install/ptu_interfaces/include/ptu_interfaces/ptu_interfaces/msg
[5.338s] -- Up-to-date: /home/cole/cole_ws/install/ptu_interfaces/include/ptu_interfaces/ptu_interfaces/msg/detail
[5.338s] -- Installing: /home/cole/cole_ws/install/ptu_interfaces/include/ptu_interfaces/ptu_interfaces/msg/detail/ptu__builder.hpp
[5.338s] -- Installing: /home/cole/cole_ws/install/ptu_interfaces/include/ptu_interfaces/ptu_interfaces/msg/detail/ptu__type_support.hpp
[5.338s] -- Installing: /home/cole/cole_ws/install/ptu_interfaces/include/ptu_interfaces/ptu_interfaces/msg/detail/ptu__struct.hpp
[5.338s] -- Installing: /home/cole/cole_ws/install/ptu_interfaces/include/ptu_interfaces/ptu_interfaces/msg/detail/ptu__traits.hpp
[5.338s] -- Installing: /home/cole/cole_ws/install/ptu_interfaces/include/ptu_interfaces/ptu_interfaces/msg/ptu.hpp
[5.338s] -- Installing: /home/cole/cole_ws/install/ptu_interfaces/include/ptu_interfaces/ptu_interfaces/msg/rosidl_generator_cpp__visibility_control.hpp
[5.338s] -- Up-to-date: /home/cole/cole_ws/install/ptu_interfaces/include/ptu_interfaces/ptu_interfaces/action
[5.338s] -- Installing: /home/cole/cole_ws/install/ptu_interfaces/include/ptu_interfaces/ptu_interfaces/action/set_pan.hpp
[5.338s] -- Installing: /home/cole/cole_ws/install/ptu_interfaces/include/ptu_interfaces/ptu_interfaces/action/set_pan_tilt.hpp
[5.338s] -- Up-to-date: /home/cole/cole_ws/install/ptu_interfaces/include/ptu_interfaces/ptu_interfaces/action/detail
[5.338s] -- Installing: /home/cole/cole_ws/install/ptu_interfaces/include/ptu_interfaces/ptu_interfaces/action/detail/set_pan__builder.hpp
[5.338s] -- Installing: /home/cole/cole_ws/install/ptu_interfaces/include/ptu_interfaces/ptu_interfaces/action/detail/set_pan_tilt__type_support.hpp
[5.338s] -- Installing: /home/cole/cole_ws/install/ptu_interfaces/include/ptu_interfaces/ptu_interfaces/action/detail/set_tilt__traits.hpp
[5.338s] -- Installing: /home/cole/cole_ws/install/ptu_interfaces/include/ptu_interfaces/ptu_interfaces/action/detail/set_pan_tilt__traits.hpp
[5.338s] -- Installing: /home/cole/cole_ws/install/ptu_interfaces/include/ptu_interfaces/ptu_interfaces/action/detail/set_pan_tilt__struct.hpp
[5.338s] -- Installing: /home/cole/cole_ws/install/ptu_interfaces/include/ptu_interfaces/ptu_interfaces/action/detail/set_pan__traits.hpp
[5.338s] -- Installing: /home/cole/cole_ws/install/ptu_interfaces/include/ptu_interfaces/ptu_interfaces/action/detail/set_pan__type_support.hpp
[5.338s] -- Installing: /home/cole/cole_ws/install/ptu_interfaces/include/ptu_interfaces/ptu_interfaces/action/detail/set_tilt__builder.hpp
[5.338s] -- Installing: /home/cole/cole_ws/install/ptu_interfaces/include/ptu_interfaces/ptu_interfaces/action/detail/set_pan_tilt__builder.hpp
[5.338s] -- Installing: /home/cole/cole_ws/install/ptu_interfaces/include/ptu_interfaces/ptu_interfaces/action/detail/set_pan__struct.hpp
[5.338s] -- Installing: /home/cole/cole_ws/install/ptu_interfaces/include/ptu_interfaces/ptu_interfaces/action/detail/set_tilt__type_support.hpp
[5.338s] -- Installing: /home/cole/cole_ws/install/ptu_interfaces/include/ptu_interfaces/ptu_interfaces/action/detail/set_tilt__struct.hpp
[5.339s] -- Installing: /home/cole/cole_ws/install/ptu_interfaces/include/ptu_interfaces/ptu_interfaces/action/set_tilt.hpp
[5.339s] -- Up-to-date: /home/cole/cole_ws/install/ptu_interfaces/include/ptu_interfaces/ptu_interfaces
[5.339s] -- Up-to-date: /home/cole/cole_ws/install/ptu_interfaces/include/ptu_interfaces/ptu_interfaces/srv
[5.339s] -- Up-to-date: /home/cole/cole_ws/install/ptu_interfaces/include/ptu_interfaces/ptu_interfaces/srv/detail
[5.339s] -- Installing: /home/cole/cole_ws/install/ptu_interfaces/include/ptu_interfaces/ptu_interfaces/srv/detail/set_tilt__rosidl_typesupport_fastrtps_cpp.hpp
[5.339s] -- Installing: /home/cole/cole_ws/install/ptu_interfaces/include/ptu_interfaces/ptu_interfaces/srv/detail/dds_fastrtps
[5.339s] -- Installing: /home/cole/cole_ws/install/ptu_interfaces/include/ptu_interfaces/ptu_interfaces/srv/detail/set_pan__rosidl_typesupport_fastrtps_cpp.hpp
[5.339s] -- Installing: /home/cole/cole_ws/install/ptu_interfaces/include/ptu_interfaces/ptu_interfaces/srv/detail/set_pan_tilt__rosidl_typesupport_fastrtps_cpp.hpp
[5.339s] -- Installing: /home/cole/cole_ws/install/ptu_interfaces/include/ptu_interfaces/ptu_interfaces/srv/detail/get_limits__rosidl_typesupport_fastrtps_cpp.hpp
[5.339s] -- Installing: /home/cole/cole_ws/install/ptu_interfaces/include/ptu_interfaces/ptu_interfaces/srv/detail/set_pan_tilt_speed__rosidl_typesupport_fastrtps_cpp.hpp
[5.339s] -- Up-to-date: /home/cole/cole_ws/install/ptu_interfaces/include/ptu_interfaces/ptu_interfaces/msg
[5.339s] -- Installing: /home/cole/cole_ws/install/ptu_interfaces/include/ptu_interfaces/ptu_interfaces/msg/rosidl_typesupport_fastrtps_cpp__visibility_control.h
[5.339s] -- Up-to-date: /home/cole/cole_ws/install/ptu_interfaces/include/ptu_interfaces/ptu_interfaces/msg/detail
[5.339s] -- Installing: /home/cole/cole_ws/install/ptu_interfaces/include/ptu_interfaces/ptu_interfaces/msg/detail/dds_fastrtps
[5.339s] -- Installing: /home/cole/cole_ws/install/ptu_interfaces/include/ptu_interfaces/ptu_interfaces/msg/detail/ptu__rosidl_typesupport_fastrtps_cpp.hpp
[5.339s] -- Up-to-date: /home/cole/cole_ws/install/ptu_interfaces/include/ptu_interfaces/ptu_interfaces/action
[5.339s] -- Up-to-date: /home/cole/cole_ws/install/ptu_interfaces/include/ptu_interfaces/ptu_interfaces/action/detail
[5.339s] -- Installing: /home/cole/cole_ws/install/ptu_interfaces/include/ptu_interfaces/ptu_interfaces/action/detail/set_tilt__rosidl_typesupport_fastrtps_cpp.hpp
[5.339s] -- Installing: /home/cole/cole_ws/install/ptu_interfaces/include/ptu_interfaces/ptu_interfaces/action/detail/dds_fastrtps
[5.339s] -- Installing: /home/cole/cole_ws/install/ptu_interfaces/include/ptu_interfaces/ptu_interfaces/action/detail/set_pan__rosidl_typesupport_fastrtps_cpp.hpp
[5.339s] -- Installing: /home/cole/cole_ws/install/ptu_interfaces/include/ptu_interfaces/ptu_interfaces/action/detail/set_pan_tilt__rosidl_typesupport_fastrtps_cpp.hpp
[5.339s] -- Installing: /home/cole/cole_ws/install/ptu_interfaces/lib/libptu_interfaces__rosidl_typesupport_fastrtps_cpp.so
[5.339s] -- Set runtime path of "/home/cole/cole_ws/install/ptu_interfaces/lib/libptu_interfaces__rosidl_typesupport_fastrtps_cpp.so" to ""
[5.339s] -- Up-to-date: /home/cole/cole_ws/install/ptu_interfaces/include/ptu_interfaces/ptu_interfaces
[5.339s] -- Up-to-date: /home/cole/cole_ws/install/ptu_interfaces/include/ptu_interfaces/ptu_interfaces/srv
[5.339s] -- Up-to-date: /home/cole/cole_ws/install/ptu_interfaces/include/ptu_interfaces/ptu_interfaces/srv/detail
[5.339s] -- Installing: /home/cole/cole_ws/install/ptu_interfaces/include/ptu_interfaces/ptu_interfaces/srv/detail/set_tilt__type_support.c
[5.339s] -- Installing: /home/cole/cole_ws/install/ptu_interfaces/include/ptu_interfaces/ptu_interfaces/srv/detail/set_tilt__rosidl_typesupport_introspection_c.h
[5.339s] -- Installing: /home/cole/cole_ws/install/ptu_interfaces/include/ptu_interfaces/ptu_interfaces/srv/detail/set_pan_tilt__rosidl_typesupport_introspection_c.h
[5.339s] -- Installing: /home/cole/cole_ws/install/ptu_interfaces/include/ptu_interfaces/ptu_interfaces/srv/detail/set_pan_tilt__type_support.c
[5.340s] -- Installing: /home/cole/cole_ws/install/ptu_interfaces/include/ptu_interfaces/ptu_interfaces/srv/detail/set_pan_tilt_speed__rosidl_typesupport_introspection_c.h
[5.340s] -- Installing: /home/cole/cole_ws/install/ptu_interfaces/include/ptu_interfaces/ptu_interfaces/srv/detail/set_pan__rosidl_typesupport_introspection_c.h
[5.340s] -- Installing: /home/cole/cole_ws/install/ptu_interfaces/include/ptu_interfaces/ptu_interfaces/srv/detail/set_pan_tilt_speed__type_support.c
[5.340s] -- Installing: /home/cole/cole_ws/install/ptu_interfaces/include/ptu_interfaces/ptu_interfaces/srv/detail/get_limits__rosidl_typesupport_introspection_c.h
[5.340s] -- Installing: /home/cole/cole_ws/install/ptu_interfaces/include/ptu_interfaces/ptu_interfaces/srv/detail/get_limits__type_support.c
[5.340s] -- Installing: /home/cole/cole_ws/install/ptu_interfaces/include/ptu_interfaces/ptu_interfaces/srv/detail/set_pan__type_support.c
[5.340s] -- Up-to-date: /home/cole/cole_ws/install/ptu_interfaces/include/ptu_interfaces/ptu_interfaces/msg
[5.340s] -- Installing: /home/cole/cole_ws/install/ptu_interfaces/include/ptu_interfaces/ptu_interfaces/msg/rosidl_typesupport_introspection_c__visibility_control.h
[5.340s] -- Up-to-date: /home/cole/cole_ws/install/ptu_interfaces/include/ptu_interfaces/ptu_interfaces/msg/detail
[5.340s] -- Installing: /home/cole/cole_ws/install/ptu_interfaces/include/ptu_interfaces/ptu_interfaces/msg/detail/ptu__type_support.c
[5.340s] -- Installing: /home/cole/cole_ws/install/ptu_interfaces/include/ptu_interfaces/ptu_interfaces/msg/detail/ptu__rosidl_typesupport_introspection_c.h
[5.340s] -- Up-to-date: /home/cole/cole_ws/install/ptu_interfaces/include/ptu_interfaces/ptu_interfaces/action
[5.340s] -- Up-to-date: /home/cole/cole_ws/install/ptu_interfaces/include/ptu_interfaces/ptu_interfaces/action/detail
[5.340s] -- Installing: /home/cole/cole_ws/install/ptu_interfaces/include/ptu_interfaces/ptu_interfaces/action/detail/set_tilt__type_support.c
[5.340s] -- Installing: /home/cole/cole_ws/install/ptu_interfaces/include/ptu_interfaces/ptu_interfaces/action/detail/set_tilt__rosidl_typesupport_introspection_c.h
[5.340s] -- Installing: /home/cole/cole_ws/install/ptu_interfaces/include/ptu_interfaces/ptu_interfaces/action/detail/set_pan_tilt__rosidl_typesupport_introspection_c.h
[5.340s] -- Installing: /home/cole/cole_ws/install/ptu_interfaces/include/ptu_interfaces/ptu_interfaces/action/detail/set_pan_tilt__type_support.c
[5.340s] -- Installing: /home/cole/cole_ws/install/ptu_interfaces/include/ptu_interfaces/ptu_interfaces/action/detail/set_pan__rosidl_typesupport_introspection_c.h
[5.340s] -- Installing: /home/cole/cole_ws/install/ptu_interfaces/include/ptu_interfaces/ptu_interfaces/action/detail/set_pan__type_support.c
[5.340s] -- Installing: /home/cole/cole_ws/install/ptu_interfaces/lib/libptu_interfaces__rosidl_typesupport_introspection_c.so
[5.340s] -- Set runtime path of "/home/cole/cole_ws/install/ptu_interfaces/lib/libptu_interfaces__rosidl_typesupport_introspection_c.so" to ""
[5.340s] -- Installing: /home/cole/cole_ws/install/ptu_interfaces/lib/libptu_interfaces__rosidl_typesupport_c.so
[5.340s] -- Set runtime path of "/home/cole/cole_ws/install/ptu_interfaces/lib/libptu_interfaces__rosidl_typesupport_c.so" to ""
[5.340s] -- Up-to-date: /home/cole/cole_ws/install/ptu_interfaces/include/ptu_interfaces/ptu_interfaces
[5.340s] -- Up-to-date: /home/cole/cole_ws/install/ptu_interfaces/include/ptu_interfaces/ptu_interfaces/srv
[5.340s] -- Up-to-date: /home/cole/cole_ws/install/ptu_interfaces/include/ptu_interfaces/ptu_interfaces/srv/detail
[5.341s] -- Installing: /home/cole/cole_ws/install/ptu_interfaces/include/ptu_interfaces/ptu_interfaces/srv/detail/set_pan_tilt_speed__rosidl_typesupport_introspection_cpp.hpp
[5.341s] -- Installing: /home/cole/cole_ws/install/ptu_interfaces/include/ptu_interfaces/ptu_interfaces/srv/detail/set_pan_tilt__type_support.cpp
[5.341s] -- Installing: /home/cole/cole_ws/install/ptu_interfaces/include/ptu_interfaces/ptu_interfaces/srv/detail/get_limits__type_support.cpp
[5.341s] -- Installing: /home/cole/cole_ws/install/ptu_interfaces/include/ptu_interfaces/ptu_interfaces/srv/detail/set_tilt__type_support.cpp
[5.341s] -- Installing: /home/cole/cole_ws/install/ptu_interfaces/include/ptu_interfaces/ptu_interfaces/srv/detail/set_pan_tilt_speed__type_support.cpp
[5.341s] -- Installing: /home/cole/cole_ws/install/ptu_interfaces/include/ptu_interfaces/ptu_interfaces/srv/detail/set_pan_tilt__rosidl_typesupport_introspection_cpp.hpp
[5.341s] -- Installing: /home/cole/cole_ws/install/ptu_interfaces/include/ptu_interfaces/ptu_interfaces/srv/detail/set_pan__rosidl_typesupport_introspection_cpp.hpp
[5.341s] -- Installing: /home/cole/cole_ws/install/ptu_interfaces/include/ptu_interfaces/ptu_interfaces/srv/detail/get_limits__rosidl_typesupport_introspection_cpp.hpp
[5.341s] -- Installing: /home/cole/cole_ws/install/ptu_interfaces/include/ptu_interfaces/ptu_interfaces/srv/detail/set_pan__type_support.cpp
[5.341s] -- Installing: /home/cole/cole_ws/install/ptu_interfaces/include/ptu_interfaces/ptu_interfaces/srv/detail/set_tilt__rosidl_typesupport_introspection_cpp.hpp
[5.341s] -- Up-to-date: /home/cole/cole_ws/install/ptu_interfaces/include/ptu_interfaces/ptu_interfaces/msg
[5.341s] -- Up-to-date: /home/cole/cole_ws/install/ptu_interfaces/include/ptu_interfaces/ptu_interfaces/msg/detail
[5.341s] -- Installing: /home/cole/cole_ws/install/ptu_interfaces/include/ptu_interfaces/ptu_interfaces/msg/detail/ptu__type_support.cpp
[5.341s] -- Installing: /home/cole/cole_ws/install/ptu_interfaces/include/ptu_interfaces/ptu_interfaces/msg/detail/ptu__rosidl_typesupport_introspection_cpp.hpp
[5.341s] -- Up-to-date: /home/cole/cole_ws/install/ptu_interfaces/include/ptu_interfaces/ptu_interfaces/action
[5.341s] -- Up-to-date: /home/cole/cole_ws/install/ptu_interfaces/include/ptu_interfaces/ptu_interfaces/action/detail
[5.341s] -- Installing: /home/cole/cole_ws/install/ptu_interfaces/include/ptu_interfaces/ptu_interfaces/action/detail/set_pan_tilt__type_support.cpp
[5.341s] -- Installing: /home/cole/cole_ws/install/ptu_interfaces/include/ptu_interfaces/ptu_interfaces/action/detail/set_tilt__type_support.cpp
[5.341s] -- Installing: /home/cole/cole_ws/install/ptu_interfaces/include/ptu_interfaces/ptu_interfaces/action/detail/set_pan_tilt__rosidl_typesupport_introspection_cpp.hpp
[5.341s] -- Installing: /home/cole/cole_ws/install/ptu_interfaces/include/ptu_interfaces/ptu_interfaces/action/detail/set_pan__rosidl_typesupport_introspection_cpp.hpp
[5.341s] -- Installing: /home/cole/cole_ws/install/ptu_interfaces/include/ptu_interfaces/ptu_interfaces/action/detail/set_pan__type_support.cpp
[5.341s] -- Installing: /home/cole/cole_ws/install/ptu_interfaces/include/ptu_interfaces/ptu_interfaces/action/detail/set_tilt__rosidl_typesupport_introspection_cpp.hpp
[5.341s] -- Installing: /home/cole/cole_ws/install/ptu_interfaces/lib/libptu_interfaces__rosidl_typesupport_introspection_cpp.so
[5.342s] -- Set runtime path of "/home/cole/cole_ws/install/ptu_interfaces/lib/libptu_interfaces__rosidl_typesupport_introspection_cpp.so" to ""
[5.342s] -- Installing: /home/cole/cole_ws/install/ptu_interfaces/lib/libptu_interfaces__rosidl_typesupport_cpp.so
[5.342s] -- Set runtime path of "/home/cole/cole_ws/install/ptu_interfaces/lib/libptu_interfaces__rosidl_typesupport_cpp.so" to ""
[5.342s] -- Installing: /home/cole/cole_ws/install/ptu_interfaces/share/ptu_interfaces/environment/pythonpath.sh
[5.342s] -- Installing: /home/cole/cole_ws/install/ptu_interfaces/share/ptu_interfaces/environment/pythonpath.dsv
[5.342s] -- Installing: /home/cole/cole_ws/install/ptu_interfaces/local/lib/python3.10/dist-packages/ptu_interfaces-0.0.0-py3.10.egg-info
[5.342s] -- Installing: /home/cole/cole_ws/install/ptu_interfaces/local/lib/python3.10/dist-packages/ptu_interfaces-0.0.0-py3.10.egg-info/top_level.txt
[5.342s] -- Installing: /home/cole/cole_ws/install/ptu_interfaces/local/lib/python3.10/dist-packages/ptu_interfaces-0.0.0-py3.10.egg-info/SOURCES.txt
[5.342s] -- Installing: /home/cole/cole_ws/install/ptu_interfaces/local/lib/python3.10/dist-packages/ptu_interfaces-0.0.0-py3.10.egg-info/dependency_links.txt
[5.342s] -- Installing: /home/cole/cole_ws/install/ptu_interfaces/local/lib/python3.10/dist-packages/ptu_interfaces-0.0.0-py3.10.egg-info/PKG-INFO
[5.342s] -- Installing: /home/cole/cole_ws/install/ptu_interfaces/local/lib/python3.10/dist-packages/ptu_interfaces
[5.342s] -- Installing: /home/cole/cole_ws/install/ptu_interfaces/local/lib/python3.10/dist-packages/ptu_interfaces/_ptu_interfaces_s.ep.rosidl_typesupport_c.c
[5.342s] -- Installing: /home/cole/cole_ws/install/ptu_interfaces/local/lib/python3.10/dist-packages/ptu_interfaces/srv
[5.342s] -- Installing: /home/cole/cole_ws/install/ptu_interfaces/local/lib/python3.10/dist-packages/ptu_interfaces/srv/__init__.py
[5.342s] -- Installing: /home/cole/cole_ws/install/ptu_interfaces/local/lib/python3.10/dist-packages/ptu_interfaces/srv/_set_pan_tilt_s.c
[5.342s] -- Installing: /home/cole/cole_ws/install/ptu_interfaces/local/lib/python3.10/dist-packages/ptu_interfaces/srv/_get_limits.py
[5.343s] -- Installing: /home/cole/cole_ws/install/ptu_interfaces/local/lib/python3.10/dist-packages/ptu_interfaces/srv/_set_pan_tilt_speed.py
[5.343s] -- Installing: /home/cole/cole_ws/install/ptu_interfaces/local/lib/python3.10/dist-packages/ptu_interfaces/srv/_set_tilt.py
[5.343s] -- Installing: /home/cole/cole_ws/install/ptu_interfaces/local/lib/python3.10/dist-packages/ptu_interfaces/srv/_get_limits_s.c
[5.343s] -- Installing: /home/cole/cole_ws/install/ptu_interfaces/local/lib/python3.10/dist-packages/ptu_interfaces/srv/_set_pan_tilt_speed_s.c
[5.343s] -- Installing: /home/cole/cole_ws/install/ptu_interfaces/local/lib/python3.10/dist-packages/ptu_interfaces/srv/_set_pan_tilt.py
[5.343s] -- Installing: /home/cole/cole_ws/install/ptu_interfaces/local/lib/python3.10/dist-packages/ptu_interfaces/srv/_set_tilt_s.c
[5.343s] -- Installing: /home/cole/cole_ws/install/ptu_interfaces/local/lib/python3.10/dist-packages/ptu_interfaces/srv/_set_pan.py
[5.343s] -- Installing: /home/cole/cole_ws/install/ptu_interfaces/local/lib/python3.10/dist-packages/ptu_interfaces/srv/_set_pan_s.c
[5.343s] -- Installing: /home/cole/cole_ws/install/ptu_interfaces/local/lib/python3.10/dist-packages/ptu_interfaces/ptu_interfaces_s__rosidl_typesupport_fastrtps_c.cpython-310-x86_64-linux-gnu.so
[5.343s] -- Installing: /home/cole/cole_ws/install/ptu_interfaces/local/lib/python3.10/dist-packages/ptu_interfaces/__init__.py
[5.343s] -- Installing: /home/cole/cole_ws/install/ptu_interfaces/local/lib/python3.10/dist-packages/ptu_interfaces/ptu_interfaces_s__rosidl_typesupport_introspection_c.cpython-310-x86_64-linux-gnu.so
[5.343s] -- Installing: /home/cole/cole_ws/install/ptu_interfaces/local/lib/python3.10/dist-packages/ptu_interfaces/libptu_interfaces__rosidl_generator_py.so
[5.343s] -- Installing: /home/cole/cole_ws/install/ptu_interfaces/local/lib/python3.10/dist-packages/ptu_interfaces/_ptu_interfaces_s.ep.rosidl_typesupport_introspection_c.c
[5.343s] -- Installing: /home/cole/cole_ws/install/ptu_interfaces/local/lib/python3.10/dist-packages/ptu_interfaces/msg
[5.344s] -- Installing: /home/cole/cole_ws/install/ptu_interfaces/local/lib/python3.10/dist-packages/ptu_interfaces/msg/_ptu.py
[5.344s] -- Installing: /home/cole/cole_ws/install/ptu_interfaces/local/lib/python3.10/dist-packages/ptu_interfaces/msg/__init__.py
[5.344s] -- Installing: /home/cole/cole_ws/install/ptu_interfaces/local/lib/python3.10/dist-packages/ptu_interfaces/msg/_ptu_s.c
[5.344s] -- Installing: /home/cole/cole_ws/install/ptu_interfaces/local/lib/python3.10/dist-packages/ptu_interfaces/action
[5.344s] -- Installing: /home/cole/cole_ws/install/ptu_interfaces/local/lib/python3.10/dist-packages/ptu_interfaces/action/__init__.py
[5.344s] -- Installing: /home/cole/cole_ws/install/ptu_interfaces/local/lib/python3.10/dist-packages/ptu_interfaces/action/_set_pan_tilt_s.c
[5.344s] -- Installing: /home/cole/cole_ws/install/ptu_interfaces/local/lib/python3.10/dist-packages/ptu_interfaces/action/_set_tilt.py
[5.344s] -- Installing: /home/cole/cole_ws/install/ptu_interfaces/local/lib/python3.10/dist-packages/ptu_interfaces/action/_set_pan_tilt.py
[5.344s] -- Installing: /home/cole/cole_ws/install/ptu_interfaces/local/lib/python3.10/dist-packages/ptu_interfaces/action/_set_tilt_s.c
[5.344s] -- Installing: /home/cole/cole_ws/install/ptu_interfaces/local/lib/python3.10/dist-packages/ptu_interfaces/action/_set_pan.py
[5.344s] -- Installing: /home/cole/cole_ws/install/ptu_interfaces/local/lib/python3.10/dist-packages/ptu_interfaces/action/_set_pan_s.c
[5.344s] -- Installing: /home/cole/cole_ws/install/ptu_interfaces/local/lib/python3.10/dist-packages/ptu_interfaces/ptu_interfaces_s__rosidl_typesupport_c.cpython-310-x86_64-linux-gnu.so
[5.344s] -- Installing: /home/cole/cole_ws/install/ptu_interfaces/local/lib/python3.10/dist-packages/ptu_interfaces/_ptu_interfaces_s.ep.rosidl_typesupport_fastrtps_c.c
[5.388s] Listing '/home/cole/cole_ws/install/ptu_interfaces/local/lib/python3.10/dist-packages/ptu_interfaces'...
[5.388s] Compiling '/home/cole/cole_ws/install/ptu_interfaces/local/lib/python3.10/dist-packages/ptu_interfaces/__init__.py'...
[5.388s] Listing '/home/cole/cole_ws/install/ptu_interfaces/local/lib/python3.10/dist-packages/ptu_interfaces/action'...
[5.388s] Compiling '/home/cole/cole_ws/install/ptu_interfaces/local/lib/python3.10/dist-packages/ptu_interfaces/action/__init__.py'...
[5.388s] Compiling '/home/cole/cole_ws/install/ptu_interfaces/local/lib/python3.10/dist-packages/ptu_interfaces/action/_set_pan.py'...
[5.388s] Compiling '/home/cole/cole_ws/install/ptu_interfaces/local/lib/python3.10/dist-packages/ptu_interfaces/action/_set_pan_tilt.py'...
[5.388s] Compiling '/home/cole/cole_ws/install/ptu_interfaces/local/lib/python3.10/dist-packages/ptu_interfaces/action/_set_tilt.py'...
[5.388s] Listing '/home/cole/cole_ws/install/ptu_interfaces/local/lib/python3.10/dist-packages/ptu_interfaces/msg'...
[5.388s] Compiling '/home/cole/cole_ws/install/ptu_interfaces/local/lib/python3.10/dist-packages/ptu_interfaces/msg/__init__.py'...
[5.389s] Compiling '/home/cole/cole_ws/install/ptu_interfaces/local/lib/python3.10/dist-packages/ptu_interfaces/msg/_ptu.py'...
[5.389s] Listing '/home/cole/cole_ws/install/ptu_interfaces/local/lib/python3.10/dist-packages/ptu_interfaces/srv'...
[5.389s] Compiling '/home/cole/cole_ws/install/ptu_interfaces/local/lib/python3.10/dist-packages/ptu_interfaces/srv/__init__.py'...
[5.389s] Compiling '/home/cole/cole_ws/install/ptu_interfaces/local/lib/python3.10/dist-packages/ptu_interfaces/srv/_get_limits.py'...
[5.389s] Compiling '/home/cole/cole_ws/install/ptu_interfaces/local/lib/python3.10/dist-packages/ptu_interfaces/srv/_set_pan.py'...
[5.389s] Compiling '/home/cole/cole_ws/install/ptu_interfaces/local/lib/python3.10/dist-packages/ptu_interfaces/srv/_set_pan_tilt.py'...
[5.389s] Compiling '/home/cole/cole_ws/install/ptu_interfaces/local/lib/python3.10/dist-packages/ptu_interfaces/srv/_set_pan_tilt_speed.py'...
[5.389s] Compiling '/home/cole/cole_ws/install/ptu_interfaces/local/lib/python3.10/dist-packages/ptu_interfaces/srv/_set_tilt.py'...
[5.392s] -- Installing: /home/cole/cole_ws/install/ptu_interfaces/local/lib/python3.10/dist-packages/ptu_interfaces/ptu_interfaces_s__rosidl_typesupport_fastrtps_c.cpython-310-x86_64-linux-gnu.so
[5.392s] -- Set runtime path of "/home/cole/cole_ws/install/ptu_interfaces/local/lib/python3.10/dist-packages/ptu_interfaces/ptu_interfaces_s__rosidl_typesupport_fastrtps_c.cpython-310-x86_64-linux-gnu.so" to ""
[5.392s] -- Installing: /home/cole/cole_ws/install/ptu_interfaces/local/lib/python3.10/dist-packages/ptu_interfaces/ptu_interfaces_s__rosidl_typesupport_introspection_c.cpython-310-x86_64-linux-gnu.so
[5.392s] -- Set runtime path of "/home/cole/cole_ws/install/ptu_interfaces/local/lib/python3.10/dist-packages/ptu_interfaces/ptu_interfaces_s__rosidl_typesupport_introspection_c.cpython-310-x86_64-linux-gnu.so" to ""
[5.392s] -- Installing: /home/cole/cole_ws/install/ptu_interfaces/local/lib/python3.10/dist-packages/ptu_interfaces/ptu_interfaces_s__rosidl_typesupport_c.cpython-310-x86_64-linux-gnu.so
[5.393s] -- Set runtime path of "/home/cole/cole_ws/install/ptu_interfaces/local/lib/python3.10/dist-packages/ptu_interfaces/ptu_interfaces_s__rosidl_typesupport_c.cpython-310-x86_64-linux-gnu.so" to ""
[5.393s] -- Installing: /home/cole/cole_ws/install/ptu_interfaces/lib/libptu_interfaces__rosidl_generator_py.so
[5.393s] -- Set runtime path of "/home/cole/cole_ws/install/ptu_interfaces/lib/libptu_interfaces__rosidl_generator_py.so" to ""
[5.393s] -- Installing: /home/cole/cole_ws/install/ptu_interfaces/share/ptu_interfaces/msg/PTU.idl
[5.393s] -- Installing: /home/cole/cole_ws/install/ptu_interfaces/share/ptu_interfaces/srv/SetPan.idl
[5.393s] -- Installing: /home/cole/cole_ws/install/ptu_interfaces/share/ptu_interfaces/srv/SetTilt.idl
[5.393s] -- Installing: /home/cole/cole_ws/install/ptu_interfaces/share/ptu_interfaces/srv/SetPanTilt.idl
[5.393s] -- Installing: /home/cole/cole_ws/install/ptu_interfaces/share/ptu_interfaces/srv/SetPanTiltSpeed.idl
[5.394s] -- Installing: /home/cole/cole_ws/install/ptu_interfaces/share/ptu_interfaces/srv/GetLimits.idl
[5.394s] -- Installing: /home/cole/cole_ws/install/ptu_interfaces/share/ptu_interfaces/action/SetPan.idl
[5.394s] -- Installing: /home/cole/cole_ws/install/ptu_interfaces/share/ptu_interfaces/action/SetTilt.idl
[5.394s] -- Installing: /home/cole/cole_ws/install/ptu_interfaces/share/ptu_interfaces/action/SetPanTilt.idl
[5.394s] -- Installing: /home/cole/cole_ws/install/ptu_interfaces/share/ptu_interfaces/msg/PTU.msg
[5.394s] -- Installing: /home/cole/cole_ws/install/ptu_interfaces/share/ptu_interfaces/srv/SetPan.srv
[5.394s] -- Installing: /home/cole/cole_ws/install/ptu_interfaces/share/ptu_interfaces/srv/SetPan_Request.msg
[5.394s] -- Installing: /home/cole/cole_ws/install/ptu_interfaces/share/ptu_interfaces/srv/SetPan_Response.msg
[5.394s] -- Installing: /home/cole/cole_ws/install/ptu_interfaces/share/ptu_interfaces/srv/SetTilt.srv
[5.394s] -- Installing: /home/cole/cole_ws/install/ptu_interfaces/share/ptu_interfaces/srv/SetTilt_Request.msg
[5.394s] -- Installing: /home/cole/cole_ws/install/ptu_interfaces/share/ptu_interfaces/srv/SetTilt_Response.msg
[5.394s] -- Installing: /home/cole/cole_ws/install/ptu_interfaces/share/ptu_interfaces/srv/SetPanTilt.srv
[5.394s] -- Installing: /home/cole/cole_ws/install/ptu_interfaces/share/ptu_interfaces/srv/SetPanTilt_Request.msg
[5.394s] -- Installing: /home/cole/cole_ws/install/ptu_interfaces/share/ptu_interfaces/srv/SetPanTilt_Response.msg
[5.394s] -- Installing: /home/cole/cole_ws/install/ptu_interfaces/share/ptu_interfaces/srv/SetPanTiltSpeed.srv
[5.394s] -- Installing: /home/cole/cole_ws/install/ptu_interfaces/share/ptu_interfaces/srv/SetPanTiltSpeed_Request.msg
[5.394s] -- Installing: /home/cole/cole_ws/install/ptu_interfaces/share/ptu_interfaces/srv/SetPanTiltSpeed_Response.msg
[5.394s] -- Installing: /home/cole/cole_ws/install/ptu_interfaces/share/ptu_interfaces/srv/GetLimits.srv
[5.394s] -- Installing: /home/cole/cole_ws/install/ptu_interfaces/share/ptu_interfaces/srv/GetLimits_Request.msg
[5.394s] -- Installing: /home/cole/cole_ws/install/ptu_interfaces/share/ptu_interfaces/srv/GetLimits_Response.msg
[5.394s] -- Installing: /home/cole/cole_ws/install/ptu_interfaces/share/ptu_interfaces/action/SetPan.action
[5.394s] -- Installing: /home/cole/cole_ws/install/ptu_interfaces/share/ptu_interfaces/action/SetTilt.action
[5.394s] -- Installing: /home/cole/cole_ws/install/ptu_interfaces/share/ptu_interfaces/action/SetPanTilt.action
[5.394s] -- Installing: /home/cole/cole_ws/install/ptu_interfaces/share/ament_index/resource_index/package_run_dependencies/ptu_interfaces
[5.394s] -- Installing: /home/cole/cole_ws/install/ptu_interfaces/share/ament_index/resource_index/parent_prefix_path/ptu_interfaces
[5.394s] -- Installing: /home/cole/cole_ws/install/ptu_interfaces/share/ptu_interfaces/environment/ament_prefix_path.sh
[5.394s] -- Installing: /home/cole/cole_ws/install/ptu_interfaces/share/ptu_interfaces/environment/ament_prefix_path.dsv
[5.394s] -- Installing: /home/cole/cole_ws/install/ptu_interfaces/share/ptu_interfaces/environment/path.sh
[5.394s] -- Installing: /home/cole/cole_ws/install/ptu_interfaces/share/ptu_interfaces/environment/path.dsv
[5.395s] -- Installing: /home/cole/cole_ws/install/ptu_interfaces/share/ptu_interfaces/local_setup.bash
[5.395s] -- Installing: /home/cole/cole_ws/install/ptu_interfaces/share/ptu_interfaces/local_setup.sh
[5.395s] -- Installing: /home/cole/cole_ws/install/ptu_interfaces/share/ptu_interfaces/local_setup.zsh
[5.395s] -- Installing: /home/cole/cole_ws/install/ptu_interfaces/share/ptu_interfaces/local_setup.dsv
[5.395s] -- Installing: /home/cole/cole_ws/install/ptu_interfaces/share/ptu_interfaces/package.dsv
[5.395s] -- Installing: /home/cole/cole_ws/install/ptu_interfaces/share/ament_index/resource_index/packages/ptu_interfaces
[5.395s] -- Installing: /home/cole/cole_ws/install/ptu_interfaces/share/ptu_interfaces/cmake/export_ptu_interfaces__rosidl_generator_cExport.cmake
[5.395s] -- Installing: /home/cole/cole_ws/install/ptu_interfaces/share/ptu_interfaces/cmake/export_ptu_interfaces__rosidl_generator_cExport-noconfig.cmake
[5.395s] -- Installing: /home/cole/cole_ws/install/ptu_interfaces/share/ptu_interfaces/cmake/export_ptu_interfaces__rosidl_typesupport_fastrtps_cExport.cmake
[5.395s] -- Installing: /home/cole/cole_ws/install/ptu_interfaces/share/ptu_interfaces/cmake/export_ptu_interfaces__rosidl_typesupport_fastrtps_cExport-noconfig.cmake
[5.395s] -- Installing: /home/cole/cole_ws/install/ptu_interfaces/share/ptu_interfaces/cmake/export_ptu_interfaces__rosidl_generator_cppExport.cmake
[5.395s] -- Installing: /home/cole/cole_ws/install/ptu_interfaces/share/ptu_interfaces/cmake/export_ptu_interfaces__rosidl_typesupport_fastrtps_cppExport.cmake
[5.395s] -- Installing: /home/cole/cole_ws/install/ptu_interfaces/share/ptu_interfaces/cmake/export_ptu_interfaces__rosidl_typesupport_fastrtps_cppExport-noconfig.cmake
[5.395s] -- Installing: /home/cole/cole_ws/install/ptu_interfaces/share/ptu_interfaces/cmake/ptu_interfaces__rosidl_typesupport_introspection_cExport.cmake
[5.395s] -- Installing: /home/cole/cole_ws/install/ptu_interfaces/share/ptu_interfaces/cmake/ptu_interfaces__rosidl_typesupport_introspection_cExport-noconfig.cmake
[5.395s] -- Installing: /home/cole/cole_ws/install/ptu_interfaces/share/ptu_interfaces/cmake/ptu_interfaces__rosidl_typesupport_cExport.cmake
[5.395s] -- Installing: /home/cole/cole_ws/install/ptu_interfaces/share/ptu_interfaces/cmake/ptu_interfaces__rosidl_typesupport_cExport-noconfig.cmake
[5.395s] -- Installing: /home/cole/cole_ws/install/ptu_interfaces/share/ptu_interfaces/cmake/ptu_interfaces__rosidl_typesupport_introspection_cppExport.cmake
[5.395s] -- Installing: /home/cole/cole_ws/install/ptu_interfaces/share/ptu_interfaces/cmake/ptu_interfaces__rosidl_typesupport_introspection_cppExport-noconfig.cmake
[5.395s] -- Installing: /home/cole/cole_ws/install/ptu_interfaces/share/ptu_interfaces/cmake/ptu_interfaces__rosidl_typesupport_cppExport.cmake
[5.396s] -- Installing: /home/cole/cole_ws/install/ptu_interfaces/share/ptu_interfaces/cmake/ptu_interfaces__rosidl_typesupport_cppExport-noconfig.cmake
[5.396s] -- Installing: /home/cole/cole_ws/install/ptu_interfaces/share/ptu_interfaces/cmake/export_ptu_interfaces__rosidl_generator_pyExport.cmake
[5.396s] -- Installing: /home/cole/cole_ws/install/ptu_interfaces/share/ptu_interfaces/cmake/export_ptu_interfaces__rosidl_generator_pyExport-noconfig.cmake
[5.396s] -- Installing: /home/cole/cole_ws/install/ptu_interfaces/share/ptu_interfaces/cmake/rosidl_cmake-extras.cmake
[5.396s] -- Installing: /home/cole/cole_ws/install/ptu_interfaces/share/ptu_interfaces/cmake/ament_cmake_export_dependencies-extras.cmake
[5.396s] -- Installing: /home/cole/cole_ws/install/ptu_interfaces/share/ptu_interfaces/cmake/ament_cmake_export_include_directories-extras.cmake
[5.396s] -- Installing: /home/cole/cole_ws/install/ptu_interfaces/share/ptu_interfaces/cmake/ament_cmake_export_libraries-extras.cmake
[5.396s] -- Installing: /home/cole/cole_ws/install/ptu_interfaces/share/ptu_interfaces/cmake/ament_cmake_export_targets-extras.cmake
[5.396s] -- Installing: /home/cole/cole_ws/install/ptu_interfaces/share/ptu_interfaces/cmake/rosidl_cmake_export_typesupport_targets-extras.cmake
[5.396s] -- Installing: /home/cole/cole_ws/install/ptu_interfaces/share/ptu_interfaces/cmake/rosidl_cmake_export_typesupport_libraries-extras.cmake
[5.396s] -- Installing: /home/cole/cole_ws/install/ptu_interfaces/share/ptu_interfaces/cmake/ptu_interfacesConfig.cmake
[5.396s] -- Installing: /home/cole/cole_ws/install/ptu_interfaces/share/ptu_interfaces/cmake/ptu_interfacesConfig-version.cmake
[5.396s] -- Installing: /home/cole/cole_ws/install/ptu_interfaces/share/ptu_interfaces/package.xml
[5.399s] Invoked command in '/home/cole/cole_ws/build/ptu_interfaces' returned '0': CMAKE_PREFIX_PATH=${CMAKE_PREFIX_PATH}:/home/cole/cole_ws/install/video_stream:/home/cole/cole_ws/install/sim_test:/opt/ros/humble /usr/bin/cmake --install /home/cole/cole_ws/build/ptu_interfaces
