[0.108s] DEBUG:colcon:Command line arguments: ['/usr/bin/colcon', 'build']
[0.108s] DEBUG:colcon:Parsed command line arguments: Namespace(log_base=None, log_level=None, verb_name='build', build_base='build', install_base='install', merge_install=False, symlink_install=False, test_result_base=None, continue_on_error=False, executor='parallel', parallel_workers=16, event_handlers=None, ignore_user_meta=False, metas=['./colcon.meta'], base_paths=['.'], packages_ignore=None, packages_ignore_regex=None, paths=None, packages_up_to=None, packages_up_to_regex=None, packages_above=None, packages_above_and_dependencies=None, packages_above_depth=None, packages_select_by_dep=None, packages_skip_by_dep=None, packages_skip_up_to=None, packages_select_build_failed=False, packages_skip_build_finished=False, packages_select_test_failures=False, packages_skip_test_passed=False, packages_select=None, packages_skip=None, packages_select_regex=None, packages_skip_regex=None, packages_start=None, packages_end=None, allow_overriding=[], cmake_args=None, cmake_target=None, cmake_target_skip_unavailable=False, cmake_clean_cache=False, cmake_clean_first=False, cmake_force_configure=False, ament_cmake_args=None, catkin_cmake_args=None, catkin_skip_building_tests=False, mixin_files=None, mixin=None, verb_parser=<colcon_mixin.mixin.mixin_argument.MixinArgumentDecorator object at 0x7c4be0a67400>, verb_extension=<colcon_core.verb.build.BuildVerb object at 0x7c4be0a66e30>, main=<bound method BuildVerb.main of <colcon_core.verb.build.BuildVerb object at 0x7c4be0a66e30>>, mixin_verb=('build',))
[0.272s] Level 1:colcon.colcon_core.package_discovery:discover_packages(colcon_meta) check parameters
[0.272s] Level 1:colcon.colcon_core.package_discovery:discover_packages(recursive) check parameters
[0.272s] Level 1:colcon.colcon_core.package_discovery:discover_packages(ignore) check parameters
[0.272s] Level 1:colcon.colcon_core.package_discovery:discover_packages(path) check parameters
[0.272s] Level 1:colcon.colcon_core.package_discovery:discover_packages(colcon_meta) discover
[0.272s] Level 1:colcon.colcon_core.package_discovery:discover_packages(recursive) discover
[0.272s] INFO:colcon.colcon_core.package_discovery:Crawling recursively for packages in '/home/cole/cole_ws'
[0.272s] Level 1:colcon.colcon_core.package_identification:_identify(.) by extensions ['ignore', 'ignore_ament_install']
[0.272s] Level 1:colcon.colcon_core.package_identification:_identify(.) by extension 'ignore'
[0.272s] Level 1:colcon.colcon_core.package_identification:_identify(.) by extension 'ignore_ament_install'
[0.272s] Level 1:colcon.colcon_core.package_identification:_identify(.) by extensions ['colcon_pkg']
[0.272s] Level 1:colcon.colcon_core.package_identification:_identify(.) by extension 'colcon_pkg'
[0.272s] Level 1:colcon.colcon_core.package_identification:_identify(.) by extensions ['colcon_meta']
[0.272s] Level 1:colcon.colcon_core.package_identification:_identify(.) by extension 'colcon_meta'
[0.272s] Level 1:colcon.colcon_core.package_identification:_identify(.) by extensions ['ros']
[0.272s] Level 1:colcon.colcon_core.package_identification:_identify(.) by extension 'ros'
[0.285s] Level 1:colcon.colcon_core.package_identification:_identify(.) by extensions ['cmake', 'python']
[0.285s] Level 1:colcon.colcon_core.package_identification:_identify(.) by extension 'cmake'
[0.285s] Level 1:colcon.colcon_core.package_identification:_identify(.) by extension 'python'
[0.285s] Level 1:colcon.colcon_core.package_identification:_identify(.) by extensions ['python_setup_py']
[0.285s] Level 1:colcon.colcon_core.package_identification:_identify(.) by extension 'python_setup_py'
[0.285s] Level 1:colcon.colcon_core.package_identification:_identify(build) by extensions ['ignore', 'ignore_ament_install']
[0.285s] Level 1:colcon.colcon_core.package_identification:_identify(build) by extension 'ignore'
[0.285s] Level 1:colcon.colcon_core.package_identification:_identify(build) ignored
[0.285s] Level 1:colcon.colcon_core.package_identification:_identify(install) by extensions ['ignore', 'ignore_ament_install']
[0.285s] Level 1:colcon.colcon_core.package_identification:_identify(install) by extension 'ignore'
[0.285s] Level 1:colcon.colcon_core.package_identification:_identify(install) ignored
[0.285s] Level 1:colcon.colcon_core.package_identification:_identify(log) by extensions ['ignore', 'ignore_ament_install']
[0.285s] Level 1:colcon.colcon_core.package_identification:_identify(log) by extension 'ignore'
[0.285s] Level 1:colcon.colcon_core.package_identification:_identify(log) ignored
[0.285s] Level 1:colcon.colcon_core.package_identification:_identify(scripts) by extensions ['ignore', 'ignore_ament_install']
[0.285s] Level 1:colcon.colcon_core.package_identification:_identify(scripts) by extension 'ignore'
[0.285s] Level 1:colcon.colcon_core.package_identification:_identify(scripts) by extension 'ignore_ament_install'
[0.285s] Level 1:colcon.colcon_core.package_identification:_identify(scripts) by extensions ['colcon_pkg']
[0.285s] Level 1:colcon.colcon_core.package_identification:_identify(scripts) by extension 'colcon_pkg'
[0.285s] Level 1:colcon.colcon_core.package_identification:_identify(scripts) by extensions ['colcon_meta']
[0.285s] Level 1:colcon.colcon_core.package_identification:_identify(scripts) by extension 'colcon_meta'
[0.286s] Level 1:colcon.colcon_core.package_identification:_identify(scripts) by extensions ['ros']
[0.286s] Level 1:colcon.colcon_core.package_identification:_identify(scripts) by extension 'ros'
[0.286s] Level 1:colcon.colcon_core.package_identification:_identify(scripts) by extensions ['cmake', 'python']
[0.286s] Level 1:colcon.colcon_core.package_identification:_identify(scripts) by extension 'cmake'
[0.286s] Level 1:colcon.colcon_core.package_identification:_identify(scripts) by extension 'python'
[0.286s] Level 1:colcon.colcon_core.package_identification:_identify(scripts) by extensions ['python_setup_py']
[0.286s] Level 1:colcon.colcon_core.package_identification:_identify(scripts) by extension 'python_setup_py'
[0.286s] Level 1:colcon.colcon_core.package_identification:_identify(src) by extensions ['ignore', 'ignore_ament_install']
[0.286s] Level 1:colcon.colcon_core.package_identification:_identify(src) by extension 'ignore'
[0.286s] Level 1:colcon.colcon_core.package_identification:_identify(src) by extension 'ignore_ament_install'
[0.286s] Level 1:colcon.colcon_core.package_identification:_identify(src) by extensions ['colcon_pkg']
[0.286s] Level 1:colcon.colcon_core.package_identification:_identify(src) by extension 'colcon_pkg'
[0.286s] Level 1:colcon.colcon_core.package_identification:_identify(src) by extensions ['colcon_meta']
[0.286s] Level 1:colcon.colcon_core.package_identification:_identify(src) by extension 'colcon_meta'
[0.286s] Level 1:colcon.colcon_core.package_identification:_identify(src) by extensions ['ros']
[0.286s] Level 1:colcon.colcon_core.package_identification:_identify(src) by extension 'ros'
[0.286s] Level 1:colcon.colcon_core.package_identification:_identify(src) by extensions ['cmake', 'python']
[0.286s] Level 1:colcon.colcon_core.package_identification:_identify(src) by extension 'cmake'
[0.286s] Level 1:colcon.colcon_core.package_identification:_identify(src) by extension 'python'
[0.286s] Level 1:colcon.colcon_core.package_identification:_identify(src) by extensions ['python_setup_py']
[0.286s] Level 1:colcon.colcon_core.package_identification:_identify(src) by extension 'python_setup_py'
[0.286s] Level 1:colcon.colcon_core.package_identification:_identify(src/ROS2-HAL-Flir-PTU-D46) by extensions ['ignore', 'ignore_ament_install']
[0.286s] Level 1:colcon.colcon_core.package_identification:_identify(src/ROS2-HAL-Flir-PTU-D46) by extension 'ignore'
[0.286s] Level 1:colcon.colcon_core.package_identification:_identify(src/ROS2-HAL-Flir-PTU-D46) by extension 'ignore_ament_install'
[0.286s] Level 1:colcon.colcon_core.package_identification:_identify(src/ROS2-HAL-Flir-PTU-D46) by extensions ['colcon_pkg']
[0.286s] Level 1:colcon.colcon_core.package_identification:_identify(src/ROS2-HAL-Flir-PTU-D46) by extension 'colcon_pkg'
[0.286s] Level 1:colcon.colcon_core.package_identification:_identify(src/ROS2-HAL-Flir-PTU-D46) by extensions ['colcon_meta']
[0.286s] Level 1:colcon.colcon_core.package_identification:_identify(src/ROS2-HAL-Flir-PTU-D46) by extension 'colcon_meta'
[0.286s] Level 1:colcon.colcon_core.package_identification:_identify(src/ROS2-HAL-Flir-PTU-D46) by extensions ['ros']
[0.286s] Level 1:colcon.colcon_core.package_identification:_identify(src/ROS2-HAL-Flir-PTU-D46) by extension 'ros'
[0.288s] DEBUG:colcon.colcon_core.package_identification:Package 'src/ROS2-HAL-Flir-PTU-D46' with type 'ros.ament_cmake' and name 'hal_flir_d46'
[0.289s] Level 1:colcon.colcon_core.package_identification:_identify(src/ROS2-PTU-Interfaces) by extensions ['ignore', 'ignore_ament_install']
[0.289s] Level 1:colcon.colcon_core.package_identification:_identify(src/ROS2-PTU-Interfaces) by extension 'ignore'
[0.289s] Level 1:colcon.colcon_core.package_identification:_identify(src/ROS2-PTU-Interfaces) by extension 'ignore_ament_install'
[0.289s] Level 1:colcon.colcon_core.package_identification:_identify(src/ROS2-PTU-Interfaces) by extensions ['colcon_pkg']
[0.289s] Level 1:colcon.colcon_core.package_identification:_identify(src/ROS2-PTU-Interfaces) by extension 'colcon_pkg'
[0.289s] Level 1:colcon.colcon_core.package_identification:_identify(src/ROS2-PTU-Interfaces) by extensions ['colcon_meta']
[0.289s] Level 1:colcon.colcon_core.package_identification:_identify(src/ROS2-PTU-Interfaces) by extension 'colcon_meta'
[0.289s] Level 1:colcon.colcon_core.package_identification:_identify(src/ROS2-PTU-Interfaces) by extensions ['ros']
[0.289s] Level 1:colcon.colcon_core.package_identification:_identify(src/ROS2-PTU-Interfaces) by extension 'ros'
[0.289s] DEBUG:colcon.colcon_core.package_identification:Package 'src/ROS2-PTU-Interfaces' with type 'ros.ament_cmake' and name 'ptu_interfaces'
[0.289s] Level 1:colcon.colcon_core.package_identification:_identify(src/camera) by extensions ['ignore', 'ignore_ament_install']
[0.289s] Level 1:colcon.colcon_core.package_identification:_identify(src/camera) by extension 'ignore'
[0.290s] Level 1:colcon.colcon_core.package_identification:_identify(src/camera) by extension 'ignore_ament_install'
[0.290s] Level 1:colcon.colcon_core.package_identification:_identify(src/camera) by extensions ['colcon_pkg']
[0.290s] Level 1:colcon.colcon_core.package_identification:_identify(src/camera) by extension 'colcon_pkg'
[0.290s] Level 1:colcon.colcon_core.package_identification:_identify(src/camera) by extensions ['colcon_meta']
[0.290s] Level 1:colcon.colcon_core.package_identification:_identify(src/camera) by extension 'colcon_meta'
[0.290s] Level 1:colcon.colcon_core.package_identification:_identify(src/camera) by extensions ['ros']
[0.290s] Level 1:colcon.colcon_core.package_identification:_identify(src/camera) by extension 'ros'
[0.290s] DEBUG:colcon.colcon_core.package_identification:Package 'src/camera' with type 'ros.ament_python' and name 'camera'
[0.290s] Level 1:colcon.colcon_core.package_identification:_identify(src/pan_tilt_control) by extensions ['ignore', 'ignore_ament_install']
[0.290s] Level 1:colcon.colcon_core.package_identification:_identify(src/pan_tilt_control) by extension 'ignore'
[0.290s] Level 1:colcon.colcon_core.package_identification:_identify(src/pan_tilt_control) by extension 'ignore_ament_install'
[0.290s] Level 1:colcon.colcon_core.package_identification:_identify(src/pan_tilt_control) by extensions ['colcon_pkg']
[0.290s] Level 1:colcon.colcon_core.package_identification:_identify(src/pan_tilt_control) by extension 'colcon_pkg'
[0.290s] Level 1:colcon.colcon_core.package_identification:_identify(src/pan_tilt_control) by extensions ['colcon_meta']
[0.290s] Level 1:colcon.colcon_core.package_identification:_identify(src/pan_tilt_control) by extension 'colcon_meta'
[0.290s] Level 1:colcon.colcon_core.package_identification:_identify(src/pan_tilt_control) by extensions ['ros']
[0.290s] Level 1:colcon.colcon_core.package_identification:_identify(src/pan_tilt_control) by extension 'ros'
[0.291s] DEBUG:colcon.colcon_core.package_identification:Package 'src/pan_tilt_control' with type 'ros.ament_python' and name 'pan_tilt_control'
[0.291s] Level 1:colcon.colcon_core.package_identification:_identify(src/sim_test) by extensions ['ignore', 'ignore_ament_install']
[0.291s] Level 1:colcon.colcon_core.package_identification:_identify(src/sim_test) by extension 'ignore'
[0.291s] Level 1:colcon.colcon_core.package_identification:_identify(src/sim_test) by extension 'ignore_ament_install'
[0.291s] Level 1:colcon.colcon_core.package_identification:_identify(src/sim_test) by extensions ['colcon_pkg']
[0.291s] Level 1:colcon.colcon_core.package_identification:_identify(src/sim_test) by extension 'colcon_pkg'
[0.291s] Level 1:colcon.colcon_core.package_identification:_identify(src/sim_test) by extensions ['colcon_meta']
[0.291s] Level 1:colcon.colcon_core.package_identification:_identify(src/sim_test) by extension 'colcon_meta'
[0.291s] Level 1:colcon.colcon_core.package_identification:_identify(src/sim_test) by extensions ['ros']
[0.291s] Level 1:colcon.colcon_core.package_identification:_identify(src/sim_test) by extension 'ros'
[0.292s] DEBUG:colcon.colcon_core.package_identification:Package 'src/sim_test' with type 'ros.ament_cmake' and name 'sim_test'
[0.292s] Level 1:colcon.colcon_core.package_identification:_identify(src/video_stream) by extensions ['ignore', 'ignore_ament_install']
[0.292s] Level 1:colcon.colcon_core.package_identification:_identify(src/video_stream) by extension 'ignore'
[0.292s] Level 1:colcon.colcon_core.package_identification:_identify(src/video_stream) by extension 'ignore_ament_install'
[0.292s] Level 1:colcon.colcon_core.package_identification:_identify(src/video_stream) by extensions ['colcon_pkg']
[0.292s] Level 1:colcon.colcon_core.package_identification:_identify(src/video_stream) by extension 'colcon_pkg'
[0.292s] Level 1:colcon.colcon_core.package_identification:_identify(src/video_stream) by extensions ['colcon_meta']
[0.292s] Level 1:colcon.colcon_core.package_identification:_identify(src/video_stream) by extension 'colcon_meta'
[0.292s] Level 1:colcon.colcon_core.package_identification:_identify(src/video_stream) by extensions ['ros']
[0.292s] Level 1:colcon.colcon_core.package_identification:_identify(src/video_stream) by extension 'ros'
[0.293s] DEBUG:colcon.colcon_core.package_identification:Package 'src/video_stream' with type 'ros.ament_python' and name 'video_stream'
[0.293s] Level 1:colcon.colcon_core.package_discovery:discover_packages(recursive) using defaults
[0.293s] Level 1:colcon.colcon_core.package_discovery:discover_packages(ignore) discover
[0.293s] Level 1:colcon.colcon_core.package_discovery:discover_packages(ignore) using defaults
[0.293s] Level 1:colcon.colcon_core.package_discovery:discover_packages(path) discover
[0.293s] Level 1:colcon.colcon_core.package_discovery:discover_packages(path) using defaults
[0.310s] Level 1:colcon.colcon_core.package_discovery:discover_packages(prefix_path) check parameters
[0.310s] Level 1:colcon.colcon_core.package_discovery:discover_packages(prefix_path) discover
[0.311s] DEBUG:colcon.colcon_installed_package_information.package_discovery:Found 6 installed packages in /home/cole/cole_ws/install
[0.313s] DEBUG:colcon.colcon_installed_package_information.package_discovery:Found 487 installed packages in /opt/ros/humble
[0.314s] Level 1:colcon.colcon_core.package_discovery:discover_packages(prefix_path) using defaults
[0.347s] Level 5:colcon.colcon_core.verb:set package 'camera' build argument 'cmake_args' from command line to 'None'
[0.347s] Level 5:colcon.colcon_core.verb:set package 'camera' build argument 'cmake_target' from command line to 'None'
[0.347s] Level 5:colcon.colcon_core.verb:set package 'camera' build argument 'cmake_target_skip_unavailable' from command line to 'False'
[0.347s] Level 5:colcon.colcon_core.verb:set package 'camera' build argument 'cmake_clean_cache' from command line to 'False'
[0.347s] Level 5:colcon.colcon_core.verb:set package 'camera' build argument 'cmake_clean_first' from command line to 'False'
[0.347s] Level 5:colcon.colcon_core.verb:set package 'camera' build argument 'cmake_force_configure' from command line to 'False'
[0.347s] Level 5:colcon.colcon_core.verb:set package 'camera' build argument 'ament_cmake_args' from command line to 'None'
[0.347s] Level 5:colcon.colcon_core.verb:set package 'camera' build argument 'catkin_cmake_args' from command line to 'None'
[0.347s] Level 5:colcon.colcon_core.verb:set package 'camera' build argument 'catkin_skip_building_tests' from command line to 'False'
[0.347s] DEBUG:colcon.colcon_core.verb:Building package 'camera' with the following arguments: {'ament_cmake_args': None, 'build_base': '/home/cole/cole_ws/build/camera', 'catkin_cmake_args': None, 'catkin_skip_building_tests': False, 'cmake_args': None, 'cmake_clean_cache': False, 'cmake_clean_first': False, 'cmake_force_configure': False, 'cmake_target': None, 'cmake_target_skip_unavailable': False, 'install_base': '/home/cole/cole_ws/install/camera', 'merge_install': False, 'path': '/home/cole/cole_ws/src/camera', 'symlink_install': False, 'test_result_base': None}
[0.347s] Level 5:colcon.colcon_core.verb:set package 'ptu_interfaces' build argument 'cmake_args' from command line to 'None'
[0.347s] Level 5:colcon.colcon_core.verb:set package 'ptu_interfaces' build argument 'cmake_target' from command line to 'None'
[0.347s] Level 5:colcon.colcon_core.verb:set package 'ptu_interfaces' build argument 'cmake_target_skip_unavailable' from command line to 'False'
[0.347s] Level 5:colcon.colcon_core.verb:set package 'ptu_interfaces' build argument 'cmake_clean_cache' from command line to 'False'
[0.347s] Level 5:colcon.colcon_core.verb:set package 'ptu_interfaces' build argument 'cmake_clean_first' from command line to 'False'
[0.347s] Level 5:colcon.colcon_core.verb:set package 'ptu_interfaces' build argument 'cmake_force_configure' from command line to 'False'
[0.347s] Level 5:colcon.colcon_core.verb:set package 'ptu_interfaces' build argument 'ament_cmake_args' from command line to 'None'
[0.347s] Level 5:colcon.colcon_core.verb:set package 'ptu_interfaces' build argument 'catkin_cmake_args' from command line to 'None'
[0.347s] Level 5:colcon.colcon_core.verb:set package 'ptu_interfaces' build argument 'catkin_skip_building_tests' from command line to 'False'
[0.347s] DEBUG:colcon.colcon_core.verb:Building package 'ptu_interfaces' with the following arguments: {'ament_cmake_args': None, 'build_base': '/home/cole/cole_ws/build/ptu_interfaces', 'catkin_cmake_args': None, 'catkin_skip_building_tests': False, 'cmake_args': None, 'cmake_clean_cache': False, 'cmake_clean_first': False, 'cmake_force_configure': False, 'cmake_target': None, 'cmake_target_skip_unavailable': False, 'install_base': '/home/cole/cole_ws/install/ptu_interfaces', 'merge_install': False, 'path': '/home/cole/cole_ws/src/ROS2-PTU-Interfaces', 'symlink_install': False, 'test_result_base': None}
[0.348s] Level 5:colcon.colcon_core.verb:set package 'sim_test' build argument 'cmake_args' from command line to 'None'
[0.348s] Level 5:colcon.colcon_core.verb:set package 'sim_test' build argument 'cmake_target' from command line to 'None'
[0.348s] Level 5:colcon.colcon_core.verb:set package 'sim_test' build argument 'cmake_target_skip_unavailable' from command line to 'False'
[0.348s] Level 5:colcon.colcon_core.verb:set package 'sim_test' build argument 'cmake_clean_cache' from command line to 'False'
[0.348s] Level 5:colcon.colcon_core.verb:set package 'sim_test' build argument 'cmake_clean_first' from command line to 'False'
[0.348s] Level 5:colcon.colcon_core.verb:set package 'sim_test' build argument 'cmake_force_configure' from command line to 'False'
[0.348s] Level 5:colcon.colcon_core.verb:set package 'sim_test' build argument 'ament_cmake_args' from command line to 'None'
[0.348s] Level 5:colcon.colcon_core.verb:set package 'sim_test' build argument 'catkin_cmake_args' from command line to 'None'
[0.348s] Level 5:colcon.colcon_core.verb:set package 'sim_test' build argument 'catkin_skip_building_tests' from command line to 'False'
[0.348s] DEBUG:colcon.colcon_core.verb:Building package 'sim_test' with the following arguments: {'ament_cmake_args': None, 'build_base': '/home/cole/cole_ws/build/sim_test', 'catkin_cmake_args': None, 'catkin_skip_building_tests': False, 'cmake_args': None, 'cmake_clean_cache': False, 'cmake_clean_first': False, 'cmake_force_configure': False, 'cmake_target': None, 'cmake_target_skip_unavailable': False, 'install_base': '/home/cole/cole_ws/install/sim_test', 'merge_install': False, 'path': '/home/cole/cole_ws/src/sim_test', 'symlink_install': False, 'test_result_base': None}
[0.348s] Level 5:colcon.colcon_core.verb:set package 'video_stream' build argument 'cmake_args' from command line to 'None'
[0.348s] Level 5:colcon.colcon_core.verb:set package 'video_stream' build argument 'cmake_target' from command line to 'None'
[0.348s] Level 5:colcon.colcon_core.verb:set package 'video_stream' build argument 'cmake_target_skip_unavailable' from command line to 'False'
[0.348s] Level 5:colcon.colcon_core.verb:set package 'video_stream' build argument 'cmake_clean_cache' from command line to 'False'
[0.348s] Level 5:colcon.colcon_core.verb:set package 'video_stream' build argument 'cmake_clean_first' from command line to 'False'
[0.348s] Level 5:colcon.colcon_core.verb:set package 'video_stream' build argument 'cmake_force_configure' from command line to 'False'
[0.348s] Level 5:colcon.colcon_core.verb:set package 'video_stream' build argument 'ament_cmake_args' from command line to 'None'
[0.348s] Level 5:colcon.colcon_core.verb:set package 'video_stream' build argument 'catkin_cmake_args' from command line to 'None'
[0.348s] Level 5:colcon.colcon_core.verb:set package 'video_stream' build argument 'catkin_skip_building_tests' from command line to 'False'
[0.348s] DEBUG:colcon.colcon_core.verb:Building package 'video_stream' with the following arguments: {'ament_cmake_args': None, 'build_base': '/home/cole/cole_ws/build/video_stream', 'catkin_cmake_args': None, 'catkin_skip_building_tests': False, 'cmake_args': None, 'cmake_clean_cache': False, 'cmake_clean_first': False, 'cmake_force_configure': False, 'cmake_target': None, 'cmake_target_skip_unavailable': False, 'install_base': '/home/cole/cole_ws/install/video_stream', 'merge_install': False, 'path': '/home/cole/cole_ws/src/video_stream', 'symlink_install': False, 'test_result_base': None}
[0.348s] Level 5:colcon.colcon_core.verb:set package 'hal_flir_d46' build argument 'cmake_args' from command line to 'None'
[0.348s] Level 5:colcon.colcon_core.verb:set package 'hal_flir_d46' build argument 'cmake_target' from command line to 'None'
[0.348s] Level 5:colcon.colcon_core.verb:set package 'hal_flir_d46' build argument 'cmake_target_skip_unavailable' from command line to 'False'
[0.348s] Level 5:colcon.colcon_core.verb:set package 'hal_flir_d46' build argument 'cmake_clean_cache' from command line to 'False'
[0.348s] Level 5:colcon.colcon_core.verb:set package 'hal_flir_d46' build argument 'cmake_clean_first' from command line to 'False'
[0.348s] Level 5:colcon.colcon_core.verb:set package 'hal_flir_d46' build argument 'cmake_force_configure' from command line to 'False'
[0.348s] Level 5:colcon.colcon_core.verb:set package 'hal_flir_d46' build argument 'ament_cmake_args' from command line to 'None'
[0.348s] Level 5:colcon.colcon_core.verb:set package 'hal_flir_d46' build argument 'catkin_cmake_args' from command line to 'None'
[0.348s] Level 5:colcon.colcon_core.verb:set package 'hal_flir_d46' build argument 'catkin_skip_building_tests' from command line to 'False'
[0.348s] DEBUG:colcon.colcon_core.verb:Building package 'hal_flir_d46' with the following arguments: {'ament_cmake_args': None, 'build_base': '/home/cole/cole_ws/build/hal_flir_d46', 'catkin_cmake_args': None, 'catkin_skip_building_tests': False, 'cmake_args': None, 'cmake_clean_cache': False, 'cmake_clean_first': False, 'cmake_force_configure': False, 'cmake_target': None, 'cmake_target_skip_unavailable': False, 'install_base': '/home/cole/cole_ws/install/hal_flir_d46', 'merge_install': False, 'path': '/home/cole/cole_ws/src/ROS2-HAL-Flir-PTU-D46', 'symlink_install': False, 'test_result_base': None}
[0.349s] Level 5:colcon.colcon_core.verb:set package 'pan_tilt_control' build argument 'cmake_args' from command line to 'None'
[0.349s] Level 5:colcon.colcon_core.verb:set package 'pan_tilt_control' build argument 'cmake_target' from command line to 'None'
[0.349s] Level 5:colcon.colcon_core.verb:set package 'pan_tilt_control' build argument 'cmake_target_skip_unavailable' from command line to 'False'
[0.349s] Level 5:colcon.colcon_core.verb:set package 'pan_tilt_control' build argument 'cmake_clean_cache' from command line to 'False'
[0.349s] Level 5:colcon.colcon_core.verb:set package 'pan_tilt_control' build argument 'cmake_clean_first' from command line to 'False'
[0.349s] Level 5:colcon.colcon_core.verb:set package 'pan_tilt_control' build argument 'cmake_force_configure' from command line to 'False'
[0.349s] Level 5:colcon.colcon_core.verb:set package 'pan_tilt_control' build argument 'ament_cmake_args' from command line to 'None'
[0.349s] Level 5:colcon.colcon_core.verb:set package 'pan_tilt_control' build argument 'catkin_cmake_args' from command line to 'None'
[0.349s] Level 5:colcon.colcon_core.verb:set package 'pan_tilt_control' build argument 'catkin_skip_building_tests' from command line to 'False'
[0.349s] DEBUG:colcon.colcon_core.verb:Building package 'pan_tilt_control' with the following arguments: {'ament_cmake_args': None, 'build_base': '/home/cole/cole_ws/build/pan_tilt_control', 'catkin_cmake_args': None, 'catkin_skip_building_tests': False, 'cmake_args': None, 'cmake_clean_cache': False, 'cmake_clean_first': False, 'cmake_force_configure': False, 'cmake_target': None, 'cmake_target_skip_unavailable': False, 'install_base': '/home/cole/cole_ws/install/pan_tilt_control', 'merge_install': False, 'path': '/home/cole/cole_ws/src/pan_tilt_control', 'symlink_install': False, 'test_result_base': None}
[0.349s] INFO:colcon.colcon_core.executor:Executing jobs using 'parallel' executor
[0.349s] DEBUG:colcon.colcon_parallel_executor.executor.parallel:run_until_complete
[0.350s] INFO:colcon.colcon_ros.task.ament_cmake.build:Building ROS package in '/home/cole/cole_ws/src/ROS2-PTU-Interfaces' with build type 'ament_cmake'
[0.350s] INFO:colcon.colcon_cmake.task.cmake.build:Building CMake package in '/home/cole/cole_ws/src/ROS2-PTU-Interfaces'
[0.353s] INFO:colcon.colcon_core.plugin_system:Skipping extension 'colcon_core.shell.bat': Not used on non-Windows systems
[0.353s] INFO:colcon.colcon_core.shell:Skip shell extension 'powershell' for command environment: Not usable outside of PowerShell
[0.353s] DEBUG:colcon.colcon_core.shell:Skip shell extension 'dsv' for command environment
[0.356s] INFO:colcon.colcon_ros.task.ament_python.build:Building ROS package in '/home/cole/cole_ws/src/camera' with build type 'ament_python'
[0.356s] Level 1:colcon.colcon_core.shell:create_environment_hook('camera', 'ament_prefix_path')
[0.356s] INFO:colcon.colcon_core.shell:Creating environment hook '/home/cole/cole_ws/install/camera/share/camera/hook/ament_prefix_path.ps1'
[0.356s] INFO:colcon.colcon_core.shell:Creating environment descriptor '/home/cole/cole_ws/install/camera/share/camera/hook/ament_prefix_path.dsv'
[0.357s] INFO:colcon.colcon_core.shell:Creating environment hook '/home/cole/cole_ws/install/camera/share/camera/hook/ament_prefix_path.sh'
[0.357s] INFO:colcon.colcon_core.shell:Skip shell extension 'powershell' for command environment: Not usable outside of PowerShell
[0.357s] DEBUG:colcon.colcon_core.shell:Skip shell extension 'dsv' for command environment
[0.360s] INFO:colcon.colcon_ros.task.ament_cmake.build:Building ROS package in '/home/cole/cole_ws/src/sim_test' with build type 'ament_cmake'
[0.360s] INFO:colcon.colcon_cmake.task.cmake.build:Building CMake package in '/home/cole/cole_ws/src/sim_test'
[0.360s] INFO:colcon.colcon_core.shell:Skip shell extension 'powershell' for command environment: Not usable outside of PowerShell
[0.360s] DEBUG:colcon.colcon_core.shell:Skip shell extension 'dsv' for command environment
[0.362s] INFO:colcon.colcon_ros.task.ament_python.build:Building ROS package in '/home/cole/cole_ws/src/video_stream' with build type 'ament_python'
[0.362s] Level 1:colcon.colcon_core.shell:create_environment_hook('video_stream', 'ament_prefix_path')
[0.362s] INFO:colcon.colcon_core.shell:Creating environment hook '/home/cole/cole_ws/install/video_stream/share/video_stream/hook/ament_prefix_path.ps1'
[0.363s] INFO:colcon.colcon_core.shell:Creating environment descriptor '/home/cole/cole_ws/install/video_stream/share/video_stream/hook/ament_prefix_path.dsv'
[0.363s] INFO:colcon.colcon_core.shell:Creating environment hook '/home/cole/cole_ws/install/video_stream/share/video_stream/hook/ament_prefix_path.sh'
[0.363s] INFO:colcon.colcon_core.shell:Skip shell extension 'powershell' for command environment: Not usable outside of PowerShell
[0.363s] DEBUG:colcon.colcon_core.shell:Skip shell extension 'dsv' for command environment
[0.368s] DEBUG:colcon.colcon_core.event_handler.log_command:Invoking command in '/home/cole/cole_ws/build/ptu_interfaces': CMAKE_PREFIX_PATH=${CMAKE_PREFIX_PATH}:/home/cole/cole_ws/install/video_stream:/home/cole/cole_ws/install/pan_tilt_control:/home/cole/cole_ws/install/camera:/opt/ros/humble /usr/bin/cmake --build /home/cole/cole_ws/build/ptu_interfaces -- -j16 -l16
[0.547s] INFO:colcon.colcon_core.task.python.build:Building Python package in '/home/cole/cole_ws/src/camera'
[0.548s] INFO:colcon.colcon_core.shell:Skip shell extension 'powershell' for command environment: Not usable outside of PowerShell
[0.548s] DEBUG:colcon.colcon_core.shell:Skip shell extension 'dsv' for command environment
[0.553s] DEBUG:colcon.colcon_core.event_handler.log_command:Invoking command in '/home/cole/cole_ws/build/sim_test': CMAKE_PREFIX_PATH=${CMAKE_PREFIX_PATH}:/home/cole/cole_ws/install/video_stream:/home/cole/cole_ws/install/pan_tilt_control:/home/cole/cole_ws/install/camera:/opt/ros/humble /usr/bin/cmake --build /home/cole/cole_ws/build/sim_test -- -j16 -l16
[0.723s] INFO:colcon.colcon_core.task.python.build:Building Python package in '/home/cole/cole_ws/src/video_stream'
[0.723s] INFO:colcon.colcon_core.shell:Skip shell extension 'powershell' for command environment: Not usable outside of PowerShell
[0.723s] DEBUG:colcon.colcon_core.shell:Skip shell extension 'dsv' for command environment
[0.729s] DEBUG:colcon.colcon_core.event_handler.log_command:Invoked command in '/home/cole/cole_ws/build/ptu_interfaces' returned '0': CMAKE_PREFIX_PATH=${CMAKE_PREFIX_PATH}:/home/cole/cole_ws/install/video_stream:/home/cole/cole_ws/install/pan_tilt_control:/home/cole/cole_ws/install/camera:/opt/ros/humble /usr/bin/cmake --build /home/cole/cole_ws/build/ptu_interfaces -- -j16 -l16
[0.736s] DEBUG:colcon.colcon_core.event_handler.log_command:Invoking command in '/home/cole/cole_ws/build/ptu_interfaces': CMAKE_PREFIX_PATH=${CMAKE_PREFIX_PATH}:/home/cole/cole_ws/install/video_stream:/home/cole/cole_ws/install/pan_tilt_control:/home/cole/cole_ws/install/camera:/opt/ros/humble /usr/bin/cmake --install /home/cole/cole_ws/build/ptu_interfaces
[0.738s] DEBUG:colcon.colcon_core.event_handler.log_command:Invoked command in '/home/cole/cole_ws/build/sim_test' returned '0': CMAKE_PREFIX_PATH=${CMAKE_PREFIX_PATH}:/home/cole/cole_ws/install/video_stream:/home/cole/cole_ws/install/pan_tilt_control:/home/cole/cole_ws/install/camera:/opt/ros/humble /usr/bin/cmake --build /home/cole/cole_ws/build/sim_test -- -j16 -l16
[0.739s] DEBUG:colcon.colcon_core.event_handler.log_command:Invoking command in '/home/cole/cole_ws/build/sim_test': CMAKE_PREFIX_PATH=${CMAKE_PREFIX_PATH}:/home/cole/cole_ws/install/video_stream:/home/cole/cole_ws/install/pan_tilt_control:/home/cole/cole_ws/install/camera:/opt/ros/humble /usr/bin/cmake --install /home/cole/cole_ws/build/sim_test
[0.753s] Level 1:colcon.colcon_core.environment:create_environment_scripts_only(sim_test)
[0.753s] DEBUG:colcon.colcon_core.event_handler.log_command:Invoked command in '/home/cole/cole_ws/build/sim_test' returned '0': CMAKE_PREFIX_PATH=${CMAKE_PREFIX_PATH}:/home/cole/cole_ws/install/video_stream:/home/cole/cole_ws/install/pan_tilt_control:/home/cole/cole_ws/install/camera:/opt/ros/humble /usr/bin/cmake --install /home/cole/cole_ws/build/sim_test
[0.756s] Level 1:colcon.colcon_core.environment:checking '/home/cole/cole_ws/install/sim_test' for CMake module files
[0.757s] Level 1:colcon.colcon_core.environment:checking '/home/cole/cole_ws/install/sim_test' for CMake config files
[0.757s] Level 1:colcon.colcon_core.shell:create_environment_hook('sim_test', 'cmake_prefix_path')
[0.757s] INFO:colcon.colcon_core.shell:Creating environment hook '/home/cole/cole_ws/install/sim_test/share/sim_test/hook/cmake_prefix_path.ps1'
[0.757s] INFO:colcon.colcon_core.shell:Creating environment descriptor '/home/cole/cole_ws/install/sim_test/share/sim_test/hook/cmake_prefix_path.dsv'
[0.757s] INFO:colcon.colcon_core.shell:Creating environment hook '/home/cole/cole_ws/install/sim_test/share/sim_test/hook/cmake_prefix_path.sh'
[0.758s] Level 1:colcon.colcon_core.environment:checking '/home/cole/cole_ws/install/sim_test/lib'
[0.758s] Level 1:colcon.colcon_core.environment:checking '/home/cole/cole_ws/install/sim_test/bin'
[0.758s] Level 1:colcon.colcon_core.environment:checking '/home/cole/cole_ws/install/sim_test/lib/pkgconfig/sim_test.pc'
[0.758s] Level 1:colcon.colcon_core.environment:checking '/home/cole/cole_ws/install/sim_test/lib/python3.10/site-packages'
[0.758s] Level 1:colcon.colcon_core.environment:checking '/home/cole/cole_ws/install/sim_test/bin'
[0.758s] INFO:colcon.colcon_core.shell:Creating package script '/home/cole/cole_ws/install/sim_test/share/sim_test/package.ps1'
[0.759s] INFO:colcon.colcon_core.shell:Creating package descriptor '/home/cole/cole_ws/install/sim_test/share/sim_test/package.dsv'
[0.760s] INFO:colcon.colcon_core.shell:Creating package script '/home/cole/cole_ws/install/sim_test/share/sim_test/package.sh'
[0.760s] INFO:colcon.colcon_core.shell:Creating package script '/home/cole/cole_ws/install/sim_test/share/sim_test/package.bash'
[0.761s] INFO:colcon.colcon_core.shell:Creating package script '/home/cole/cole_ws/install/sim_test/share/sim_test/package.zsh'
[0.761s] Level 1:colcon.colcon_core.environment:create_file_with_runtime_dependencies(/home/cole/cole_ws/install/sim_test/share/colcon-core/packages/sim_test)
[0.762s] Level 1:colcon.colcon_core.environment:create_environment_scripts_only(sim_test)
[0.762s] Level 1:colcon.colcon_core.environment:checking '/home/cole/cole_ws/install/sim_test' for CMake module files
[0.762s] Level 1:colcon.colcon_core.environment:checking '/home/cole/cole_ws/install/sim_test' for CMake config files
[0.762s] Level 1:colcon.colcon_core.shell:create_environment_hook('sim_test', 'cmake_prefix_path')
[0.762s] INFO:colcon.colcon_core.shell:Creating environment hook '/home/cole/cole_ws/install/sim_test/share/sim_test/hook/cmake_prefix_path.ps1'
[0.762s] INFO:colcon.colcon_core.shell:Creating environment descriptor '/home/cole/cole_ws/install/sim_test/share/sim_test/hook/cmake_prefix_path.dsv'
[0.763s] INFO:colcon.colcon_core.shell:Creating environment hook '/home/cole/cole_ws/install/sim_test/share/sim_test/hook/cmake_prefix_path.sh'
[0.763s] Level 1:colcon.colcon_core.environment:checking '/home/cole/cole_ws/install/sim_test/lib'
[0.763s] Level 1:colcon.colcon_core.environment:checking '/home/cole/cole_ws/install/sim_test/bin'
[0.763s] Level 1:colcon.colcon_core.environment:checking '/home/cole/cole_ws/install/sim_test/lib/pkgconfig/sim_test.pc'
[0.763s] Level 1:colcon.colcon_core.environment:checking '/home/cole/cole_ws/install/sim_test/lib/python3.10/site-packages'
[0.763s] Level 1:colcon.colcon_core.environment:checking '/home/cole/cole_ws/install/sim_test/bin'
[0.763s] INFO:colcon.colcon_core.shell:Creating package script '/home/cole/cole_ws/install/sim_test/share/sim_test/package.ps1'
[0.764s] INFO:colcon.colcon_core.shell:Creating package descriptor '/home/cole/cole_ws/install/sim_test/share/sim_test/package.dsv'
[0.764s] INFO:colcon.colcon_core.shell:Creating package script '/home/cole/cole_ws/install/sim_test/share/sim_test/package.sh'
[0.764s] INFO:colcon.colcon_core.shell:Creating package script '/home/cole/cole_ws/install/sim_test/share/sim_test/package.bash'
[0.764s] INFO:colcon.colcon_core.shell:Creating package script '/home/cole/cole_ws/install/sim_test/share/sim_test/package.zsh'
[0.765s] Level 1:colcon.colcon_core.environment:create_file_with_runtime_dependencies(/home/cole/cole_ws/install/sim_test/share/colcon-core/packages/sim_test)
[0.781s] Level 1:colcon.colcon_core.environment:create_environment_scripts_only(ptu_interfaces)
[0.781s] DEBUG:colcon.colcon_core.event_handler.log_command:Invoked command in '/home/cole/cole_ws/build/ptu_interfaces' returned '0': CMAKE_PREFIX_PATH=${CMAKE_PREFIX_PATH}:/home/cole/cole_ws/install/video_stream:/home/cole/cole_ws/install/pan_tilt_control:/home/cole/cole_ws/install/camera:/opt/ros/humble /usr/bin/cmake --install /home/cole/cole_ws/build/ptu_interfaces
[0.781s] Level 1:colcon.colcon_core.environment:checking '/home/cole/cole_ws/install/ptu_interfaces' for CMake module files
[0.782s] Level 1:colcon.colcon_core.environment:checking '/home/cole/cole_ws/install/ptu_interfaces' for CMake config files
[0.783s] Level 1:colcon.colcon_core.shell:create_environment_hook('ptu_interfaces', 'cmake_prefix_path')
[0.783s] INFO:colcon.colcon_core.shell:Creating environment hook '/home/cole/cole_ws/install/ptu_interfaces/share/ptu_interfaces/hook/cmake_prefix_path.ps1'
[0.783s] INFO:colcon.colcon_core.shell:Creating environment descriptor '/home/cole/cole_ws/install/ptu_interfaces/share/ptu_interfaces/hook/cmake_prefix_path.dsv'
[0.783s] INFO:colcon.colcon_core.shell:Creating environment hook '/home/cole/cole_ws/install/ptu_interfaces/share/ptu_interfaces/hook/cmake_prefix_path.sh'
[0.784s] Level 1:colcon.colcon_core.environment:checking '/home/cole/cole_ws/install/ptu_interfaces/lib'
[0.784s] Level 1:colcon.colcon_core.shell:create_environment_hook('ptu_interfaces', 'ld_library_path_lib')
[0.784s] INFO:colcon.colcon_core.shell:Creating environment hook '/home/cole/cole_ws/install/ptu_interfaces/share/ptu_interfaces/hook/ld_library_path_lib.ps1'
[0.784s] INFO:colcon.colcon_core.shell:Creating environment descriptor '/home/cole/cole_ws/install/ptu_interfaces/share/ptu_interfaces/hook/ld_library_path_lib.dsv'
[0.784s] INFO:colcon.colcon_core.shell:Creating environment hook '/home/cole/cole_ws/install/ptu_interfaces/share/ptu_interfaces/hook/ld_library_path_lib.sh'
[0.785s] Level 1:colcon.colcon_core.environment:checking '/home/cole/cole_ws/install/ptu_interfaces/bin'
[0.785s] Level 1:colcon.colcon_core.environment:checking '/home/cole/cole_ws/install/ptu_interfaces/lib/pkgconfig/ptu_interfaces.pc'
[0.785s] Level 1:colcon.colcon_core.environment:checking '/home/cole/cole_ws/install/ptu_interfaces/lib/python3.10/site-packages'
[0.785s] Level 1:colcon.colcon_core.environment:checking '/home/cole/cole_ws/install/ptu_interfaces/bin'
[0.785s] INFO:colcon.colcon_core.shell:Creating package script '/home/cole/cole_ws/install/ptu_interfaces/share/ptu_interfaces/package.ps1'
[0.786s] INFO:colcon.colcon_core.shell:Creating package descriptor '/home/cole/cole_ws/install/ptu_interfaces/share/ptu_interfaces/package.dsv'
[0.786s] INFO:colcon.colcon_core.shell:Creating package script '/home/cole/cole_ws/install/ptu_interfaces/share/ptu_interfaces/package.sh'
[0.786s] INFO:colcon.colcon_core.shell:Creating package script '/home/cole/cole_ws/install/ptu_interfaces/share/ptu_interfaces/package.bash'
[0.786s] INFO:colcon.colcon_core.shell:Creating package script '/home/cole/cole_ws/install/ptu_interfaces/share/ptu_interfaces/package.zsh'
[0.786s] Level 1:colcon.colcon_core.environment:create_file_with_runtime_dependencies(/home/cole/cole_ws/install/ptu_interfaces/share/colcon-core/packages/ptu_interfaces)
[0.787s] Level 1:colcon.colcon_core.environment:create_environment_scripts_only(ptu_interfaces)
[0.787s] Level 1:colcon.colcon_core.environment:checking '/home/cole/cole_ws/install/ptu_interfaces' for CMake module files
[0.787s] Level 1:colcon.colcon_core.environment:checking '/home/cole/cole_ws/install/ptu_interfaces' for CMake config files
[0.788s] Level 1:colcon.colcon_core.shell:create_environment_hook('ptu_interfaces', 'cmake_prefix_path')
[0.788s] INFO:colcon.colcon_core.shell:Creating environment hook '/home/cole/cole_ws/install/ptu_interfaces/share/ptu_interfaces/hook/cmake_prefix_path.ps1'
[0.788s] INFO:colcon.colcon_core.shell:Creating environment descriptor '/home/cole/cole_ws/install/ptu_interfaces/share/ptu_interfaces/hook/cmake_prefix_path.dsv'
[0.788s] INFO:colcon.colcon_core.shell:Creating environment hook '/home/cole/cole_ws/install/ptu_interfaces/share/ptu_interfaces/hook/cmake_prefix_path.sh'
[0.789s] Level 1:colcon.colcon_core.environment:checking '/home/cole/cole_ws/install/ptu_interfaces/lib'
[0.789s] Level 1:colcon.colcon_core.shell:create_environment_hook('ptu_interfaces', 'ld_library_path_lib')
[0.789s] INFO:colcon.colcon_core.shell:Creating environment hook '/home/cole/cole_ws/install/ptu_interfaces/share/ptu_interfaces/hook/ld_library_path_lib.ps1'
[0.789s] INFO:colcon.colcon_core.shell:Creating environment descriptor '/home/cole/cole_ws/install/ptu_interfaces/share/ptu_interfaces/hook/ld_library_path_lib.dsv'
[0.789s] INFO:colcon.colcon_core.shell:Creating environment hook '/home/cole/cole_ws/install/ptu_interfaces/share/ptu_interfaces/hook/ld_library_path_lib.sh'
[0.789s] Level 1:colcon.colcon_core.environment:checking '/home/cole/cole_ws/install/ptu_interfaces/bin'
[0.789s] Level 1:colcon.colcon_core.environment:checking '/home/cole/cole_ws/install/ptu_interfaces/lib/pkgconfig/ptu_interfaces.pc'
[0.789s] Level 1:colcon.colcon_core.environment:checking '/home/cole/cole_ws/install/ptu_interfaces/lib/python3.10/site-packages'
[0.790s] Level 1:colcon.colcon_core.environment:checking '/home/cole/cole_ws/install/ptu_interfaces/bin'
[0.790s] INFO:colcon.colcon_core.shell:Creating package script '/home/cole/cole_ws/install/ptu_interfaces/share/ptu_interfaces/package.ps1'
[0.790s] INFO:colcon.colcon_core.shell:Creating package descriptor '/home/cole/cole_ws/install/ptu_interfaces/share/ptu_interfaces/package.dsv'
[0.790s] INFO:colcon.colcon_core.shell:Creating package script '/home/cole/cole_ws/install/ptu_interfaces/share/ptu_interfaces/package.sh'
[0.791s] INFO:colcon.colcon_core.shell:Creating package script '/home/cole/cole_ws/install/ptu_interfaces/share/ptu_interfaces/package.bash'
[0.791s] INFO:colcon.colcon_core.shell:Creating package script '/home/cole/cole_ws/install/ptu_interfaces/share/ptu_interfaces/package.zsh'
[0.791s] Level 1:colcon.colcon_core.environment:create_file_with_runtime_dependencies(/home/cole/cole_ws/install/ptu_interfaces/share/colcon-core/packages/ptu_interfaces)
[0.791s] INFO:colcon.colcon_ros.task.ament_cmake.build:Building ROS package in '/home/cole/cole_ws/src/ROS2-HAL-Flir-PTU-D46' with build type 'ament_cmake'
[0.791s] INFO:colcon.colcon_cmake.task.cmake.build:Building CMake package in '/home/cole/cole_ws/src/ROS2-HAL-Flir-PTU-D46'
[0.791s] INFO:colcon.colcon_core.shell:Skip shell extension 'powershell' for command environment: Not usable outside of PowerShell
[0.791s] DEBUG:colcon.colcon_core.shell:Skip shell extension 'dsv' for command environment
[0.795s] INFO:colcon.colcon_ros.task.ament_python.build:Building ROS package in '/home/cole/cole_ws/src/pan_tilt_control' with build type 'ament_python'
[0.795s] Level 1:colcon.colcon_core.shell:create_environment_hook('pan_tilt_control', 'ament_prefix_path')
[0.795s] INFO:colcon.colcon_core.shell:Creating environment hook '/home/cole/cole_ws/install/pan_tilt_control/share/pan_tilt_control/hook/ament_prefix_path.ps1'
[0.795s] INFO:colcon.colcon_core.shell:Creating environment descriptor '/home/cole/cole_ws/install/pan_tilt_control/share/pan_tilt_control/hook/ament_prefix_path.dsv'
[0.796s] INFO:colcon.colcon_core.shell:Creating environment hook '/home/cole/cole_ws/install/pan_tilt_control/share/pan_tilt_control/hook/ament_prefix_path.sh'
[0.796s] INFO:colcon.colcon_core.shell:Skip shell extension 'powershell' for command environment: Not usable outside of PowerShell
[0.796s] DEBUG:colcon.colcon_core.shell:Skip shell extension 'dsv' for command environment
[0.801s] DEBUG:colcon.colcon_core.event_handler.log_command:Invoking command in '/home/cole/cole_ws/build/hal_flir_d46': CMAKE_PREFIX_PATH=/home/cole/cole_ws/install/ptu_interfaces:/home/cole/cole_ws/install/sim_test:/home/cole/cole_ws/install/hal_flir_d46:/home/cole/cole_ws/install/video_stream:/home/cole/cole_ws/install/pan_tilt_control:/home/cole/cole_ws/install/camera:/opt/ros/humble LD_LIBRARY_PATH=/home/cole/cole_ws/install/ptu_interfaces/lib:/home/cole/cole_ws/install/hal_flir_d46/lib:/usr/lib/x86_64-linux-gnu/gazebo-11/plugins:/opt/ros/humble/opt/rviz_ogre_vendor/lib:/opt/ros/humble/lib/x86_64-linux-gnu:/opt/ros/humble/lib /usr/bin/cmake --build /home/cole/cole_ws/build/hal_flir_d46 -- -j16 -l16
[0.972s] INFO:colcon.colcon_core.task.python.build:Building Python package in '/home/cole/cole_ws/src/pan_tilt_control'
[0.972s] INFO:colcon.colcon_core.shell:Skip shell extension 'powershell' for command environment: Not usable outside of PowerShell
[0.972s] DEBUG:colcon.colcon_core.shell:Skip shell extension 'dsv' for command environment
[0.976s] DEBUG:colcon.colcon_core.event_handler.log_command:Invoked command in '/home/cole/cole_ws/build/hal_flir_d46' returned '0': CMAKE_PREFIX_PATH=/home/cole/cole_ws/install/ptu_interfaces:/home/cole/cole_ws/install/sim_test:/home/cole/cole_ws/install/hal_flir_d46:/home/cole/cole_ws/install/video_stream:/home/cole/cole_ws/install/pan_tilt_control:/home/cole/cole_ws/install/camera:/opt/ros/humble LD_LIBRARY_PATH=/home/cole/cole_ws/install/ptu_interfaces/lib:/home/cole/cole_ws/install/hal_flir_d46/lib:/usr/lib/x86_64-linux-gnu/gazebo-11/plugins:/opt/ros/humble/opt/rviz_ogre_vendor/lib:/opt/ros/humble/lib/x86_64-linux-gnu:/opt/ros/humble/lib /usr/bin/cmake --build /home/cole/cole_ws/build/hal_flir_d46 -- -j16 -l16
[0.979s] DEBUG:colcon.colcon_core.event_handler.log_command:Invoking command in '/home/cole/cole_ws/build/hal_flir_d46': CMAKE_PREFIX_PATH=/home/cole/cole_ws/install/ptu_interfaces:/home/cole/cole_ws/install/sim_test:/home/cole/cole_ws/install/hal_flir_d46:/home/cole/cole_ws/install/video_stream:/home/cole/cole_ws/install/pan_tilt_control:/home/cole/cole_ws/install/camera:/opt/ros/humble LD_LIBRARY_PATH=/home/cole/cole_ws/install/ptu_interfaces/lib:/home/cole/cole_ws/install/hal_flir_d46/lib:/usr/lib/x86_64-linux-gnu/gazebo-11/plugins:/opt/ros/humble/opt/rviz_ogre_vendor/lib:/opt/ros/humble/lib/x86_64-linux-gnu:/opt/ros/humble/lib /usr/bin/cmake --install /home/cole/cole_ws/build/hal_flir_d46
[0.987s] DEBUG:colcon.colcon_core.event_handler.log_command:Invoking command in '/home/cole/cole_ws/src/video_stream': PYTHONPATH=/home/cole/cole_ws/build/video_stream/prefix_override:/usr/lib/python3/dist-packages/colcon_core/task/python/colcon_distutils_commands:/home/cole/cole_ws/install/video_stream/lib/python3.10/site-packages:${PYTHONPATH} /usr/bin/python3 -W ignore:setup.py install is deprecated -W ignore:easy_install command is deprecated setup.py egg_info --egg-base ../../build/video_stream build --build-base /home/cole/cole_ws/build/video_stream/build install --record /home/cole/cole_ws/build/video_stream/install.log --single-version-externally-managed install_data
[0.987s] Level 1:colcon.colcon_core.environment:create_environment_scripts_only(hal_flir_d46)
[0.987s] Level 1:colcon.colcon_core.environment:checking '/home/cole/cole_ws/install/hal_flir_d46' for CMake module files
[0.990s] DEBUG:colcon.colcon_core.event_handler.log_command:Invoking command in '/home/cole/cole_ws/src/camera': PYTHONPATH=/home/cole/cole_ws/build/camera/prefix_override:/usr/lib/python3/dist-packages/colcon_core/task/python/colcon_distutils_commands:/home/cole/cole_ws/install/camera/lib/python3.10/site-packages:${PYTHONPATH} /usr/bin/python3 -W ignore:setup.py install is deprecated -W ignore:easy_install command is deprecated setup.py egg_info --egg-base ../../build/camera build --build-base /home/cole/cole_ws/build/camera/build install --record /home/cole/cole_ws/build/camera/install.log --single-version-externally-managed install_data
[0.990s] DEBUG:colcon.colcon_core.event_handler.log_command:Invoked command in '/home/cole/cole_ws/build/hal_flir_d46' returned '0': CMAKE_PREFIX_PATH=/home/cole/cole_ws/install/ptu_interfaces:/home/cole/cole_ws/install/sim_test:/home/cole/cole_ws/install/hal_flir_d46:/home/cole/cole_ws/install/video_stream:/home/cole/cole_ws/install/pan_tilt_control:/home/cole/cole_ws/install/camera:/opt/ros/humble LD_LIBRARY_PATH=/home/cole/cole_ws/install/ptu_interfaces/lib:/home/cole/cole_ws/install/hal_flir_d46/lib:/usr/lib/x86_64-linux-gnu/gazebo-11/plugins:/opt/ros/humble/opt/rviz_ogre_vendor/lib:/opt/ros/humble/lib/x86_64-linux-gnu:/opt/ros/humble/lib /usr/bin/cmake --install /home/cole/cole_ws/build/hal_flir_d46
[0.990s] Level 1:colcon.colcon_core.environment:checking '/home/cole/cole_ws/install/hal_flir_d46' for CMake config files
[0.990s] Level 1:colcon.colcon_core.shell:create_environment_hook('hal_flir_d46', 'cmake_prefix_path')
[0.990s] INFO:colcon.colcon_core.shell:Creating environment hook '/home/cole/cole_ws/install/hal_flir_d46/share/hal_flir_d46/hook/cmake_prefix_path.ps1'
[0.991s] INFO:colcon.colcon_core.shell:Creating environment descriptor '/home/cole/cole_ws/install/hal_flir_d46/share/hal_flir_d46/hook/cmake_prefix_path.dsv'
[0.991s] INFO:colcon.colcon_core.shell:Creating environment hook '/home/cole/cole_ws/install/hal_flir_d46/share/hal_flir_d46/hook/cmake_prefix_path.sh'
[0.991s] Level 1:colcon.colcon_core.environment:checking '/home/cole/cole_ws/install/hal_flir_d46/lib'
[0.991s] Level 1:colcon.colcon_core.shell:create_environment_hook('hal_flir_d46', 'ld_library_path_lib')
[0.991s] INFO:colcon.colcon_core.shell:Creating environment hook '/home/cole/cole_ws/install/hal_flir_d46/share/hal_flir_d46/hook/ld_library_path_lib.ps1'
[0.992s] INFO:colcon.colcon_core.shell:Creating environment descriptor '/home/cole/cole_ws/install/hal_flir_d46/share/hal_flir_d46/hook/ld_library_path_lib.dsv'
[0.992s] INFO:colcon.colcon_core.shell:Creating environment hook '/home/cole/cole_ws/install/hal_flir_d46/share/hal_flir_d46/hook/ld_library_path_lib.sh'
[0.992s] Level 1:colcon.colcon_core.environment:checking '/home/cole/cole_ws/install/hal_flir_d46/bin'
[0.992s] Level 1:colcon.colcon_core.environment:checking '/home/cole/cole_ws/install/hal_flir_d46/lib/pkgconfig/hal_flir_d46.pc'
[0.992s] Level 1:colcon.colcon_core.environment:checking '/home/cole/cole_ws/install/hal_flir_d46/lib/python3.10/site-packages'
[0.993s] Level 1:colcon.colcon_core.environment:checking '/home/cole/cole_ws/install/hal_flir_d46/bin'
[0.993s] INFO:colcon.colcon_core.shell:Creating package script '/home/cole/cole_ws/install/hal_flir_d46/share/hal_flir_d46/package.ps1'
[0.993s] INFO:colcon.colcon_core.shell:Creating package descriptor '/home/cole/cole_ws/install/hal_flir_d46/share/hal_flir_d46/package.dsv'
[0.993s] INFO:colcon.colcon_core.shell:Creating package script '/home/cole/cole_ws/install/hal_flir_d46/share/hal_flir_d46/package.sh'
[0.993s] INFO:colcon.colcon_core.shell:Creating package script '/home/cole/cole_ws/install/hal_flir_d46/share/hal_flir_d46/package.bash'
[0.994s] INFO:colcon.colcon_core.shell:Creating package script '/home/cole/cole_ws/install/hal_flir_d46/share/hal_flir_d46/package.zsh'
[0.994s] Level 1:colcon.colcon_core.environment:create_file_with_runtime_dependencies(/home/cole/cole_ws/install/hal_flir_d46/share/colcon-core/packages/hal_flir_d46)
[0.994s] Level 1:colcon.colcon_core.environment:create_environment_scripts_only(hal_flir_d46)
[0.994s] Level 1:colcon.colcon_core.environment:checking '/home/cole/cole_ws/install/hal_flir_d46' for CMake module files
[0.994s] Level 1:colcon.colcon_core.environment:checking '/home/cole/cole_ws/install/hal_flir_d46' for CMake config files
[0.995s] Level 1:colcon.colcon_core.shell:create_environment_hook('hal_flir_d46', 'cmake_prefix_path')
[0.995s] INFO:colcon.colcon_core.shell:Creating environment hook '/home/cole/cole_ws/install/hal_flir_d46/share/hal_flir_d46/hook/cmake_prefix_path.ps1'
[0.995s] INFO:colcon.colcon_core.shell:Creating environment descriptor '/home/cole/cole_ws/install/hal_flir_d46/share/hal_flir_d46/hook/cmake_prefix_path.dsv'
[0.995s] INFO:colcon.colcon_core.shell:Creating environment hook '/home/cole/cole_ws/install/hal_flir_d46/share/hal_flir_d46/hook/cmake_prefix_path.sh'
[0.995s] Level 1:colcon.colcon_core.environment:checking '/home/cole/cole_ws/install/hal_flir_d46/lib'
[0.995s] Level 1:colcon.colcon_core.shell:create_environment_hook('hal_flir_d46', 'ld_library_path_lib')
[0.996s] INFO:colcon.colcon_core.shell:Creating environment hook '/home/cole/cole_ws/install/hal_flir_d46/share/hal_flir_d46/hook/ld_library_path_lib.ps1'
[0.996s] INFO:colcon.colcon_core.shell:Creating environment descriptor '/home/cole/cole_ws/install/hal_flir_d46/share/hal_flir_d46/hook/ld_library_path_lib.dsv'
[0.996s] INFO:colcon.colcon_core.shell:Creating environment hook '/home/cole/cole_ws/install/hal_flir_d46/share/hal_flir_d46/hook/ld_library_path_lib.sh'
[0.996s] Level 1:colcon.colcon_core.environment:checking '/home/cole/cole_ws/install/hal_flir_d46/bin'
[0.996s] Level 1:colcon.colcon_core.environment:checking '/home/cole/cole_ws/install/hal_flir_d46/lib/pkgconfig/hal_flir_d46.pc'
[0.996s] Level 1:colcon.colcon_core.environment:checking '/home/cole/cole_ws/install/hal_flir_d46/lib/python3.10/site-packages'
[0.996s] Level 1:colcon.colcon_core.environment:checking '/home/cole/cole_ws/install/hal_flir_d46/bin'
[0.997s] INFO:colcon.colcon_core.shell:Creating package script '/home/cole/cole_ws/install/hal_flir_d46/share/hal_flir_d46/package.ps1'
[0.997s] INFO:colcon.colcon_core.shell:Creating package descriptor '/home/cole/cole_ws/install/hal_flir_d46/share/hal_flir_d46/package.dsv'
[0.997s] INFO:colcon.colcon_core.shell:Creating package script '/home/cole/cole_ws/install/hal_flir_d46/share/hal_flir_d46/package.sh'
[0.997s] INFO:colcon.colcon_core.shell:Creating package script '/home/cole/cole_ws/install/hal_flir_d46/share/hal_flir_d46/package.bash'
[0.998s] INFO:colcon.colcon_core.shell:Creating package script '/home/cole/cole_ws/install/hal_flir_d46/share/hal_flir_d46/package.zsh'
[0.998s] Level 1:colcon.colcon_core.environment:create_file_with_runtime_dependencies(/home/cole/cole_ws/install/hal_flir_d46/share/colcon-core/packages/hal_flir_d46)
[1.185s] Level 1:colcon.colcon_core.environment:checking '/home/cole/cole_ws/install/camera' for CMake module files
[1.186s] Level 1:colcon.colcon_core.environment:checking '/home/cole/cole_ws/install/camera' for CMake config files
[1.186s] DEBUG:colcon.colcon_core.event_handler.log_command:Invoked command in '/home/cole/cole_ws/src/camera' returned '0': PYTHONPATH=/home/cole/cole_ws/build/camera/prefix_override:/usr/lib/python3/dist-packages/colcon_core/task/python/colcon_distutils_commands:/home/cole/cole_ws/install/camera/lib/python3.10/site-packages:${PYTHONPATH} /usr/bin/python3 -W ignore:setup.py install is deprecated -W ignore:easy_install command is deprecated setup.py egg_info --egg-base ../../build/camera build --build-base /home/cole/cole_ws/build/camera/build install --record /home/cole/cole_ws/build/camera/install.log --single-version-externally-managed install_data
[1.186s] Level 1:colcon.colcon_core.environment:checking '/home/cole/cole_ws/install/camera/lib'
[1.186s] Level 1:colcon.colcon_core.environment:checking '/home/cole/cole_ws/install/camera/bin'
[1.187s] Level 1:colcon.colcon_core.environment:checking '/home/cole/cole_ws/install/camera/lib/pkgconfig/camera.pc'
[1.187s] Level 1:colcon.colcon_core.environment:checking '/home/cole/cole_ws/install/camera/lib/python3.10/site-packages'
[1.187s] Level 1:colcon.colcon_core.shell:create_environment_hook('camera', 'pythonpath')
[1.187s] INFO:colcon.colcon_core.shell:Creating environment hook '/home/cole/cole_ws/install/camera/share/camera/hook/pythonpath.ps1'
[1.187s] INFO:colcon.colcon_core.shell:Creating environment descriptor '/home/cole/cole_ws/install/camera/share/camera/hook/pythonpath.dsv'
[1.187s] INFO:colcon.colcon_core.shell:Creating environment hook '/home/cole/cole_ws/install/camera/share/camera/hook/pythonpath.sh'
[1.188s] Level 1:colcon.colcon_core.environment:checking '/home/cole/cole_ws/install/camera/bin'
[1.188s] Level 1:colcon.colcon_core.environment:create_environment_scripts_only(camera)
[1.188s] INFO:colcon.colcon_core.shell:Creating package script '/home/cole/cole_ws/install/camera/share/camera/package.ps1'
[1.188s] INFO:colcon.colcon_core.shell:Creating package descriptor '/home/cole/cole_ws/install/camera/share/camera/package.dsv'
[1.188s] INFO:colcon.colcon_core.shell:Creating package script '/home/cole/cole_ws/install/camera/share/camera/package.sh'
[1.189s] INFO:colcon.colcon_core.shell:Creating package script '/home/cole/cole_ws/install/camera/share/camera/package.bash'
[1.189s] INFO:colcon.colcon_core.shell:Creating package script '/home/cole/cole_ws/install/camera/share/camera/package.zsh'
[1.189s] Level 1:colcon.colcon_core.environment:create_file_with_runtime_dependencies(/home/cole/cole_ws/install/camera/share/colcon-core/packages/camera)
[1.189s] Level 1:colcon.colcon_core.environment:checking '/home/cole/cole_ws/install/video_stream' for CMake module files
[1.190s] Level 1:colcon.colcon_core.environment:checking '/home/cole/cole_ws/install/video_stream' for CMake config files
[1.190s] DEBUG:colcon.colcon_core.event_handler.log_command:Invoked command in '/home/cole/cole_ws/src/video_stream' returned '0': PYTHONPATH=/home/cole/cole_ws/build/video_stream/prefix_override:/usr/lib/python3/dist-packages/colcon_core/task/python/colcon_distutils_commands:/home/cole/cole_ws/install/video_stream/lib/python3.10/site-packages:${PYTHONPATH} /usr/bin/python3 -W ignore:setup.py install is deprecated -W ignore:easy_install command is deprecated setup.py egg_info --egg-base ../../build/video_stream build --build-base /home/cole/cole_ws/build/video_stream/build install --record /home/cole/cole_ws/build/video_stream/install.log --single-version-externally-managed install_data
[1.190s] Level 1:colcon.colcon_core.environment:checking '/home/cole/cole_ws/install/video_stream/lib'
[1.190s] Level 1:colcon.colcon_core.environment:checking '/home/cole/cole_ws/install/video_stream/bin'
[1.190s] Level 1:colcon.colcon_core.environment:checking '/home/cole/cole_ws/install/video_stream/lib/pkgconfig/video_stream.pc'
[1.190s] Level 1:colcon.colcon_core.environment:checking '/home/cole/cole_ws/install/video_stream/lib/python3.10/site-packages'
[1.190s] Level 1:colcon.colcon_core.shell:create_environment_hook('video_stream', 'pythonpath')
[1.191s] INFO:colcon.colcon_core.shell:Creating environment hook '/home/cole/cole_ws/install/video_stream/share/video_stream/hook/pythonpath.ps1'
[1.191s] INFO:colcon.colcon_core.shell:Creating environment descriptor '/home/cole/cole_ws/install/video_stream/share/video_stream/hook/pythonpath.dsv'
[1.191s] INFO:colcon.colcon_core.shell:Creating environment hook '/home/cole/cole_ws/install/video_stream/share/video_stream/hook/pythonpath.sh'
[1.191s] Level 1:colcon.colcon_core.environment:checking '/home/cole/cole_ws/install/video_stream/bin'
[1.191s] Level 1:colcon.colcon_core.environment:create_environment_scripts_only(video_stream)
[1.191s] INFO:colcon.colcon_core.shell:Creating package script '/home/cole/cole_ws/install/video_stream/share/video_stream/package.ps1'
[1.192s] INFO:colcon.colcon_core.shell:Creating package descriptor '/home/cole/cole_ws/install/video_stream/share/video_stream/package.dsv'
[1.192s] INFO:colcon.colcon_core.shell:Creating package script '/home/cole/cole_ws/install/video_stream/share/video_stream/package.sh'
[1.192s] INFO:colcon.colcon_core.shell:Creating package script '/home/cole/cole_ws/install/video_stream/share/video_stream/package.bash'
[1.192s] INFO:colcon.colcon_core.shell:Creating package script '/home/cole/cole_ws/install/video_stream/share/video_stream/package.zsh'
[1.193s] Level 1:colcon.colcon_core.environment:create_file_with_runtime_dependencies(/home/cole/cole_ws/install/video_stream/share/colcon-core/packages/video_stream)
[1.212s] DEBUG:colcon.colcon_core.event_handler.log_command:Invoking command in '/home/cole/cole_ws/src/pan_tilt_control': CMAKE_PREFIX_PATH=/home/cole/cole_ws/install/ptu_interfaces:/home/cole/cole_ws/install/sim_test:/home/cole/cole_ws/install/hal_flir_d46 LD_LIBRARY_PATH=/home/cole/cole_ws/install/ptu_interfaces/lib:/home/cole/cole_ws/install/hal_flir_d46/lib:/usr/lib/x86_64-linux-gnu/gazebo-11/plugins:/opt/ros/humble/opt/rviz_ogre_vendor/lib:/opt/ros/humble/lib/x86_64-linux-gnu:/opt/ros/humble/lib PYTHONPATH=/home/cole/cole_ws/build/pan_tilt_control/prefix_override:/usr/lib/python3/dist-packages/colcon_core/task/python/colcon_distutils_commands:/home/cole/cole_ws/install/pan_tilt_control/lib/python3.10/site-packages:${PYTHONPATH} /usr/bin/python3 -W ignore:setup.py install is deprecated -W ignore:easy_install command is deprecated setup.py egg_info --egg-base ../../build/pan_tilt_control build --build-base /home/cole/cole_ws/build/pan_tilt_control/build install --record /home/cole/cole_ws/build/pan_tilt_control/install.log --single-version-externally-managed install_data
[1.410s] Level 1:colcon.colcon_core.environment:checking '/home/cole/cole_ws/install/pan_tilt_control' for CMake module files
[1.411s] DEBUG:colcon.colcon_core.event_handler.log_command:Invoked command in '/home/cole/cole_ws/src/pan_tilt_control' returned '0': CMAKE_PREFIX_PATH=/home/cole/cole_ws/install/ptu_interfaces:/home/cole/cole_ws/install/sim_test:/home/cole/cole_ws/install/hal_flir_d46 LD_LIBRARY_PATH=/home/cole/cole_ws/install/ptu_interfaces/lib:/home/cole/cole_ws/install/hal_flir_d46/lib:/usr/lib/x86_64-linux-gnu/gazebo-11/plugins:/opt/ros/humble/opt/rviz_ogre_vendor/lib:/opt/ros/humble/lib/x86_64-linux-gnu:/opt/ros/humble/lib PYTHONPATH=/home/cole/cole_ws/build/pan_tilt_control/prefix_override:/usr/lib/python3/dist-packages/colcon_core/task/python/colcon_distutils_commands:/home/cole/cole_ws/install/pan_tilt_control/lib/python3.10/site-packages:${PYTHONPATH} /usr/bin/python3 -W ignore:setup.py install is deprecated -W ignore:easy_install command is deprecated setup.py egg_info --egg-base ../../build/pan_tilt_control build --build-base /home/cole/cole_ws/build/pan_tilt_control/build install --record /home/cole/cole_ws/build/pan_tilt_control/install.log --single-version-externally-managed install_data
[1.411s] Level 1:colcon.colcon_core.environment:checking '/home/cole/cole_ws/install/pan_tilt_control' for CMake config files
[1.411s] Level 1:colcon.colcon_core.environment:checking '/home/cole/cole_ws/install/pan_tilt_control/lib'
[1.411s] Level 1:colcon.colcon_core.environment:checking '/home/cole/cole_ws/install/pan_tilt_control/bin'
[1.411s] Level 1:colcon.colcon_core.environment:checking '/home/cole/cole_ws/install/pan_tilt_control/lib/pkgconfig/pan_tilt_control.pc'
[1.411s] Level 1:colcon.colcon_core.environment:checking '/home/cole/cole_ws/install/pan_tilt_control/lib/python3.10/site-packages'
[1.411s] Level 1:colcon.colcon_core.shell:create_environment_hook('pan_tilt_control', 'pythonpath')
[1.411s] INFO:colcon.colcon_core.shell:Creating environment hook '/home/cole/cole_ws/install/pan_tilt_control/share/pan_tilt_control/hook/pythonpath.ps1'
[1.412s] INFO:colcon.colcon_core.shell:Creating environment descriptor '/home/cole/cole_ws/install/pan_tilt_control/share/pan_tilt_control/hook/pythonpath.dsv'
[1.412s] INFO:colcon.colcon_core.shell:Creating environment hook '/home/cole/cole_ws/install/pan_tilt_control/share/pan_tilt_control/hook/pythonpath.sh'
[1.412s] Level 1:colcon.colcon_core.environment:checking '/home/cole/cole_ws/install/pan_tilt_control/bin'
[1.412s] Level 1:colcon.colcon_core.environment:create_environment_scripts_only(pan_tilt_control)
[1.413s] INFO:colcon.colcon_core.shell:Creating package script '/home/cole/cole_ws/install/pan_tilt_control/share/pan_tilt_control/package.ps1'
[1.413s] INFO:colcon.colcon_core.shell:Creating package descriptor '/home/cole/cole_ws/install/pan_tilt_control/share/pan_tilt_control/package.dsv'
[1.413s] INFO:colcon.colcon_core.shell:Creating package script '/home/cole/cole_ws/install/pan_tilt_control/share/pan_tilt_control/package.sh'
[1.413s] INFO:colcon.colcon_core.shell:Creating package script '/home/cole/cole_ws/install/pan_tilt_control/share/pan_tilt_control/package.bash'
[1.413s] INFO:colcon.colcon_core.shell:Creating package script '/home/cole/cole_ws/install/pan_tilt_control/share/pan_tilt_control/package.zsh'
[1.414s] Level 1:colcon.colcon_core.environment:create_file_with_runtime_dependencies(/home/cole/cole_ws/install/pan_tilt_control/share/colcon-core/packages/pan_tilt_control)
[1.414s] DEBUG:colcon.colcon_parallel_executor.executor.parallel:closing loop
[1.414s] DEBUG:colcon.colcon_parallel_executor.executor.parallel:loop closed
[1.414s] DEBUG:colcon.colcon_parallel_executor.executor.parallel:run_until_complete finished with '0'
[1.414s] DEBUG:colcon.colcon_core.event_reactor:joining thread
[1.418s] INFO:colcon.colcon_core.plugin_system:Skipping extension 'colcon_notification.desktop_notification.terminal_notifier': Not used on non-Darwin systems
[1.418s] INFO:colcon.colcon_core.plugin_system:Skipping extension 'colcon_notification.desktop_notification.win32': Not used on non-Windows systems
[1.418s] INFO:colcon.colcon_notification.desktop_notification:Sending desktop notification using 'notify2'
[1.432s] DEBUG:colcon.colcon_core.event_reactor:joined thread
[1.432s] INFO:colcon.colcon_core.shell:Creating prefix script '/home/cole/cole_ws/install/local_setup.ps1'
[1.433s] INFO:colcon.colcon_core.shell:Creating prefix util module '/home/cole/cole_ws/install/_local_setup_util_ps1.py'
[1.434s] INFO:colcon.colcon_core.shell:Creating prefix chain script '/home/cole/cole_ws/install/setup.ps1'
[1.434s] INFO:colcon.colcon_core.shell:Creating prefix script '/home/cole/cole_ws/install/local_setup.sh'
[1.435s] INFO:colcon.colcon_core.shell:Creating prefix util module '/home/cole/cole_ws/install/_local_setup_util_sh.py'
[1.435s] INFO:colcon.colcon_core.shell:Creating prefix chain script '/home/cole/cole_ws/install/setup.sh'
[1.436s] INFO:colcon.colcon_core.shell:Creating prefix script '/home/cole/cole_ws/install/local_setup.bash'
[1.436s] INFO:colcon.colcon_core.shell:Creating prefix chain script '/home/cole/cole_ws/install/setup.bash'
[1.437s] INFO:colcon.colcon_core.shell:Creating prefix script '/home/cole/cole_ws/install/local_setup.zsh'
[1.438s] INFO:colcon.colcon_core.shell:Creating prefix chain script '/home/cole/cole_ws/install/setup.zsh'
