-- Found ament_cmake: 1.3.11 (/opt/ros/humble/share/ament_cmake/cmake)
-- Found rclcpp: 16.0.11 (/opt/ros/humble/share/rclcpp/cmake)
-- Found rosidl_generator_c: 3.1.6 (/opt/ros/humble/share/rosidl_generator_c/cmake)
-- Found rosidl_adapter: 3.1.6 (/opt/ros/humble/share/rosidl_adapter/cmake)
-- Found rosidl_generator_cpp: 3.1.6 (/opt/ros/humble/share/rosidl_generator_cpp/cmake)
-- Using all available rosidl_typesupport_c: rosidl_typesupport_fastrtps_c;rosidl_typesupport_introspection_c
-- Using all available rosidl_typesupport_cpp: rosidl_typesupport_fastrtps_cpp;rosidl_typesupport_introspection_cpp
-- Found rmw_implementation_cmake: 6.1.2 (/opt/ros/humble/share/rmw_implementation_cmake/cmake)
-- Found rmw_fastrtps_cpp: 6.2.7 (/opt/ros/humble/share/rmw_fastrtps_cpp/cmake)
-- Using RMW implementation 'rmw_fastrtps_cpp' as default
-- Found rclcpp_action: 16.0.11 (/opt/ros/humble/share/rclcpp_action/cmake)
-- Found rclcpp_components: 16.0.11 (/opt/ros/humble/share/rclcpp_components/cmake)
-- Found std_srvs: 4.2.4 (/opt/ros/humble/share/std_srvs/cmake)
-- Found sensor_msgs: 4.2.4 (/opt/ros/humble/share/sensor_msgs/cmake)
-- Found serial: 2.0.1 (/opt/ros/humble/share/serial/cmake)
-- Found rosidl_default_generators: 1.2.0 (/opt/ros/humble/share/rosidl_default_generators/cmake)
-- Found ptu_interfaces: 0.0.0 (/home/cole/cole_ws/install/ptu_interfaces/share/ptu_interfaces/cmake)
-- Configuring done
-- Generating done
-- Build files have been written to: /home/cole/cole_ws/build/hal_flir_d46
[ 20%] [32mBuilding CXX object CMakeFiles/HALFlirExecutable.dir/rclcpp_components/node_main_HALFlirExecutable.cpp.o[0m
[ 40%] [32mBuilding CXX object CMakeFiles/hal_flir_d46.dir/src/driver.cpp.o[0m
[ 60%] [32mBuilding CXX object CMakeFiles/hal_flir_d46.dir/src/HALPTUFlirD46.cpp.o[0m
[ 80%] [32m[1mLinking CXX executable HALFlirExecutable[0m
[ 80%] Built target HALFlirExecutable
[100%] [32m[1mLinking CXX shared library libhal_flir_d46.so[0m
[100%] Built target hal_flir_d46
-- Install configuration: ""
-- Installing: /home/cole/cole_ws/install/hal_flir_d46/lib/hal_flir_d46/HALFlirExecutable
-- Set runtime path of "/home/cole/cole_ws/install/hal_flir_d46/lib/hal_flir_d46/HALFlirExecutable" to ""
-- Installing: /home/cole/cole_ws/install/hal_flir_d46/lib/libhal_flir_d46.so
-- Set runtime path of "/home/cole/cole_ws/install/hal_flir_d46/lib/libhal_flir_d46.so" to ""
-- Installing: /home/cole/cole_ws/install/hal_flir_d46/share/hal_flir_d46//launch
-- Installing: /home/cole/cole_ws/install/hal_flir_d46/share/hal_flir_d46//launch/flir_d46.launch.py
-- Installing: /home/cole/cole_ws/install/hal_flir_d46/share/hal_flir_d46//params
-- Installing: /home/cole/cole_ws/install/hal_flir_d46/share/hal_flir_d46//params/params_pasqualone.yaml
-- Installing: /home/cole/cole_ws/install/hal_flir_d46/share/hal_flir_d46//params/params_xarm_wac.yaml
-- Installing: /home/cole/cole_ws/install/hal_flir_d46/share/hal_flir_d46//params/params_xarm.yaml
-- Installing: /home/cole/cole_ws/install/hal_flir_d46/share/ament_index/resource_index/package_run_dependencies/hal_flir_d46
-- Installing: /home/cole/cole_ws/install/hal_flir_d46/share/ament_index/resource_index/parent_prefix_path/hal_flir_d46
-- Installing: /home/cole/cole_ws/install/hal_flir_d46/share/hal_flir_d46/environment/ament_prefix_path.sh
-- Installing: /home/cole/cole_ws/install/hal_flir_d46/share/hal_flir_d46/environment/ament_prefix_path.dsv
-- Installing: /home/cole/cole_ws/install/hal_flir_d46/share/hal_flir_d46/environment/path.sh
-- Installing: /home/cole/cole_ws/install/hal_flir_d46/share/hal_flir_d46/environment/path.dsv
-- Installing: /home/cole/cole_ws/install/hal_flir_d46/share/hal_flir_d46/local_setup.bash
-- Installing: /home/cole/cole_ws/install/hal_flir_d46/share/hal_flir_d46/local_setup.sh
-- Installing: /home/cole/cole_ws/install/hal_flir_d46/share/hal_flir_d46/local_setup.zsh
-- Installing: /home/cole/cole_ws/install/hal_flir_d46/share/hal_flir_d46/local_setup.dsv
-- Installing: /home/cole/cole_ws/install/hal_flir_d46/share/hal_flir_d46/package.dsv
-- Installing: /home/cole/cole_ws/install/hal_flir_d46/share/ament_index/resource_index/packages/hal_flir_d46
-- Installing: /home/cole/cole_ws/install/hal_flir_d46/share/ament_index/resource_index/rclcpp_components/hal_flir_d46
-- Installing: /home/cole/cole_ws/install/hal_flir_d46/share/hal_flir_d46/cmake/hal_flir_d46Config.cmake
-- Installing: /home/cole/cole_ws/install/hal_flir_d46/share/hal_flir_d46/cmake/hal_flir_d46Config-version.cmake
-- Installing: /home/cole/cole_ws/install/hal_flir_d46/share/hal_flir_d46/package.xml
