[0.009s] Invoking command in '/home/cole/cole_ws/build/hal_flir_d46': AMENT_PREFIX_PATH=/home/cole/cole_ws/install/ptu_interfaces:${AMENT_PREFIX_PATH} CMAKE_PREFIX_PATH=/home/cole/cole_ws/install/ptu_interfaces:/tmp/usr/local/setup.sh:/home/cole/cole_ws/install/video_stream:/home/cole/cole_ws/install/sim_test:/opt/ros/humble LD_LIBRARY_PATH=/home/cole/cole_ws/install/ptu_interfaces/lib:${LD_LIBRARY_PATH} PYTHONPATH=/home/cole/cole_ws/install/ptu_interfaces/local/lib/python3.10/dist-packages:${PYTHONPATH} /usr/bin/cmake /home/cole/cole_ws/src/ROS2-HAL-Flir-PTU-D46 -DCMAKE_INSTALL_PREFIX=/home/cole/cole_ws/install/hal_flir_d46
[0.017s] -- Found ament_cmake: 1.3.11 (/opt/ros/humble/share/ament_cmake/cmake)
[0.107s] -- Found rclcpp: 16.0.11 (/opt/ros/humble/share/rclcpp/cmake)
[0.128s] -- Found rosidl_generator_c: 3.1.6 (/opt/ros/humble/share/rosidl_generator_c/cmake)
[0.130s] -- Found rosidl_adapter: 3.1.6 (/opt/ros/humble/share/rosidl_adapter/cmake)
[0.133s] -- Found rosidl_generator_cpp: 3.1.6 (/opt/ros/humble/share/rosidl_generator_cpp/cmake)
[0.142s] -- Using all available rosidl_typesupport_c: rosidl_typesupport_fastrtps_c;rosidl_typesupport_introspection_c
[0.149s] -- Using all available rosidl_typesupport_cpp: rosidl_typesupport_fastrtps_cpp;rosidl_typesupport_introspection_cpp
[0.171s] -- Found rmw_implementation_cmake: 6.1.2 (/opt/ros/humble/share/rmw_implementation_cmake/cmake)
[0.172s] -- Found rmw_fastrtps_cpp: 6.2.7 (/opt/ros/humble/share/rmw_fastrtps_cpp/cmake)
[0.255s] -- Using RMW implementation 'rmw_fastrtps_cpp' as default
[0.288s] -- Found rclcpp_action: 16.0.11 (/opt/ros/humble/share/rclcpp_action/cmake)
[0.307s] -- Found rclcpp_components: 16.0.11 (/opt/ros/humble/share/rclcpp_components/cmake)
[0.319s] -- Found std_srvs: 4.2.4 (/opt/ros/humble/share/std_srvs/cmake)
[0.325s] -- Found sensor_msgs: 4.2.4 (/opt/ros/humble/share/sensor_msgs/cmake)
[0.344s] -- Found serial: 2.0.1 (/opt/ros/humble/share/serial/cmake)
[0.345s] -- Found rosidl_default_generators: 1.2.0 (/opt/ros/humble/share/rosidl_default_generators/cmake)
[0.349s] -- Found ptu_interfaces: 0.0.0 (/home/cole/cole_ws/install/ptu_interfaces/share/ptu_interfaces/cmake)
[0.407s] -- Configuring done
[0.416s] -- Generating done
[0.419s] -- Build files have been written to: /home/cole/cole_ws/build/hal_flir_d46
[0.426s] Invoked command in '/home/cole/cole_ws/build/hal_flir_d46' returned '0': AMENT_PREFIX_PATH=/home/cole/cole_ws/install/ptu_interfaces:${AMENT_PREFIX_PATH} CMAKE_PREFIX_PATH=/home/cole/cole_ws/install/ptu_interfaces:/tmp/usr/local/setup.sh:/home/cole/cole_ws/install/video_stream:/home/cole/cole_ws/install/sim_test:/opt/ros/humble LD_LIBRARY_PATH=/home/cole/cole_ws/install/ptu_interfaces/lib:${LD_LIBRARY_PATH} PYTHONPATH=/home/cole/cole_ws/install/ptu_interfaces/local/lib/python3.10/dist-packages:${PYTHONPATH} /usr/bin/cmake /home/cole/cole_ws/src/ROS2-HAL-Flir-PTU-D46 -DCMAKE_INSTALL_PREFIX=/home/cole/cole_ws/install/hal_flir_d46
[0.427s] Invoking command in '/home/cole/cole_ws/build/hal_flir_d46': AMENT_PREFIX_PATH=/home/cole/cole_ws/install/ptu_interfaces:${AMENT_PREFIX_PATH} CMAKE_PREFIX_PATH=/home/cole/cole_ws/install/ptu_interfaces:/tmp/usr/local/setup.sh:/home/cole/cole_ws/install/video_stream:/home/cole/cole_ws/install/sim_test:/opt/ros/humble LD_LIBRARY_PATH=/home/cole/cole_ws/install/ptu_interfaces/lib:${LD_LIBRARY_PATH} PYTHONPATH=/home/cole/cole_ws/install/ptu_interfaces/local/lib/python3.10/dist-packages:${PYTHONPATH} /usr/bin/cmake --build /home/cole/cole_ws/build/hal_flir_d46 -- -j16 -l16
[0.469s] [ 20%] [32mBuilding CXX object CMakeFiles/HALFlirExecutable.dir/rclcpp_components/node_main_HALFlirExecutable.cpp.o[0m
[0.469s] [ 40%] [32mBuilding CXX object CMakeFiles/hal_flir_d46.dir/src/driver.cpp.o[0m
[0.469s] [ 60%] [32mBuilding CXX object CMakeFiles/hal_flir_d46.dir/src/HALPTUFlirD46.cpp.o[0m
[2.686s] [ 80%] [32m[1mLinking CXX executable HALFlirExecutable[0m
[2.759s] [ 80%] Built target HALFlirExecutable
[9.668s] [100%] [32m[1mLinking CXX shared library libhal_flir_d46.so[0m
[9.785s] [100%] Built target hal_flir_d46
[9.796s] Invoked command in '/home/cole/cole_ws/build/hal_flir_d46' returned '0': AMENT_PREFIX_PATH=/home/cole/cole_ws/install/ptu_interfaces:${AMENT_PREFIX_PATH} CMAKE_PREFIX_PATH=/home/cole/cole_ws/install/ptu_interfaces:/tmp/usr/local/setup.sh:/home/cole/cole_ws/install/video_stream:/home/cole/cole_ws/install/sim_test:/opt/ros/humble LD_LIBRARY_PATH=/home/cole/cole_ws/install/ptu_interfaces/lib:${LD_LIBRARY_PATH} PYTHONPATH=/home/cole/cole_ws/install/ptu_interfaces/local/lib/python3.10/dist-packages:${PYTHONPATH} /usr/bin/cmake --build /home/cole/cole_ws/build/hal_flir_d46 -- -j16 -l16
[9.797s] Invoking command in '/home/cole/cole_ws/build/hal_flir_d46': AMENT_PREFIX_PATH=/home/cole/cole_ws/install/ptu_interfaces:${AMENT_PREFIX_PATH} CMAKE_PREFIX_PATH=/home/cole/cole_ws/install/ptu_interfaces:/tmp/usr/local/setup.sh:/home/cole/cole_ws/install/video_stream:/home/cole/cole_ws/install/sim_test:/opt/ros/humble LD_LIBRARY_PATH=/home/cole/cole_ws/install/ptu_interfaces/lib:${LD_LIBRARY_PATH} PYTHONPATH=/home/cole/cole_ws/install/ptu_interfaces/local/lib/python3.10/dist-packages:${PYTHONPATH} /usr/bin/cmake --install /home/cole/cole_ws/build/hal_flir_d46
[9.804s] -- Install configuration: ""
[9.804s] -- Installing: /home/cole/cole_ws/install/hal_flir_d46/lib/hal_flir_d46/HALFlirExecutable
[9.804s] -- Set runtime path of "/home/cole/cole_ws/install/hal_flir_d46/lib/hal_flir_d46/HALFlirExecutable" to ""
[9.804s] -- Installing: /home/cole/cole_ws/install/hal_flir_d46/lib/libhal_flir_d46.so
[9.806s] -- Set runtime path of "/home/cole/cole_ws/install/hal_flir_d46/lib/libhal_flir_d46.so" to ""
[9.806s] -- Installing: /home/cole/cole_ws/install/hal_flir_d46/share/hal_flir_d46//launch
[9.806s] -- Installing: /home/cole/cole_ws/install/hal_flir_d46/share/hal_flir_d46//launch/flir_d46.launch.py
[9.806s] -- Installing: /home/cole/cole_ws/install/hal_flir_d46/share/hal_flir_d46//params
[9.806s] -- Installing: /home/cole/cole_ws/install/hal_flir_d46/share/hal_flir_d46//params/params_pasqualone.yaml
[9.806s] -- Installing: /home/cole/cole_ws/install/hal_flir_d46/share/hal_flir_d46//params/params_xarm_wac.yaml
[9.806s] -- Installing: /home/cole/cole_ws/install/hal_flir_d46/share/hal_flir_d46//params/params_xarm.yaml
[9.806s] -- Installing: /home/cole/cole_ws/install/hal_flir_d46/share/ament_index/resource_index/package_run_dependencies/hal_flir_d46
[9.806s] -- Installing: /home/cole/cole_ws/install/hal_flir_d46/share/ament_index/resource_index/parent_prefix_path/hal_flir_d46
[9.806s] -- Installing: /home/cole/cole_ws/install/hal_flir_d46/share/hal_flir_d46/environment/ament_prefix_path.sh
[9.807s] -- Installing: /home/cole/cole_ws/install/hal_flir_d46/share/hal_flir_d46/environment/ament_prefix_path.dsv
[9.807s] -- Installing: /home/cole/cole_ws/install/hal_flir_d46/share/hal_flir_d46/environment/path.sh
[9.807s] -- Installing: /home/cole/cole_ws/install/hal_flir_d46/share/hal_flir_d46/environment/path.dsv
[9.807s] -- Installing: /home/cole/cole_ws/install/hal_flir_d46/share/hal_flir_d46/local_setup.bash
[9.807s] -- Installing: /home/cole/cole_ws/install/hal_flir_d46/share/hal_flir_d46/local_setup.sh
[9.807s] -- Installing: /home/cole/cole_ws/install/hal_flir_d46/share/hal_flir_d46/local_setup.zsh
[9.807s] -- Installing: /home/cole/cole_ws/install/hal_flir_d46/share/hal_flir_d46/local_setup.dsv
[9.807s] -- Installing: /home/cole/cole_ws/install/hal_flir_d46/share/hal_flir_d46/package.dsv
[9.807s] -- Installing: /home/cole/cole_ws/install/hal_flir_d46/share/ament_index/resource_index/packages/hal_flir_d46
[9.808s] -- Installing: /home/cole/cole_ws/install/hal_flir_d46/share/ament_index/resource_index/rclcpp_components/hal_flir_d46
[9.808s] -- Installing: /home/cole/cole_ws/install/hal_flir_d46/share/hal_flir_d46/cmake/hal_flir_d46Config.cmake
[9.808s] -- Installing: /home/cole/cole_ws/install/hal_flir_d46/share/hal_flir_d46/cmake/hal_flir_d46Config-version.cmake
[9.808s] -- Installing: /home/cole/cole_ws/install/hal_flir_d46/share/hal_flir_d46/package.xml
[9.810s] Invoked command in '/home/cole/cole_ws/build/hal_flir_d46' returned '0': AMENT_PREFIX_PATH=/home/cole/cole_ws/install/ptu_interfaces:${AMENT_PREFIX_PATH} CMAKE_PREFIX_PATH=/home/cole/cole_ws/install/ptu_interfaces:/tmp/usr/local/setup.sh:/home/cole/cole_ws/install/video_stream:/home/cole/cole_ws/install/sim_test:/opt/ros/humble LD_LIBRARY_PATH=/home/cole/cole_ws/install/ptu_interfaces/lib:${LD_LIBRARY_PATH} PYTHONPATH=/home/cole/cole_ws/install/ptu_interfaces/local/lib/python3.10/dist-packages:${PYTHONPATH} /usr/bin/cmake --install /home/cole/cole_ws/build/hal_flir_d46
