[ 40%] Built target HALFlirExecutable
[100%] Built target hal_flir_d46
-- Install configuration: ""
-- Up-to-date: /home/cole/cole_ws/install/hal_flir_d46/lib/hal_flir_d46/HALFlirExecutable
-- Up-to-date: /home/cole/cole_ws/install/hal_flir_d46/lib/libhal_flir_d46.so
-- Up-to-date: /home/cole/cole_ws/install/hal_flir_d46/share/hal_flir_d46//launch
-- Up-to-date: /home/cole/cole_ws/install/hal_flir_d46/share/hal_flir_d46//launch/flir_d46.launch.py
-- Up-to-date: /home/cole/cole_ws/install/hal_flir_d46/share/hal_flir_d46//params
-- Installing: /home/cole/cole_ws/install/hal_flir_d46/share/hal_flir_d46//params/params_pasqualone.yaml
-- Up-to-date: /home/cole/cole_ws/install/hal_flir_d46/share/hal_flir_d46//params/params_xarm_wac.yaml
-- Up-to-date: /home/cole/cole_ws/install/hal_flir_d46/share/hal_flir_d46//params/params_xarm.yaml
-- Up-to-date: /home/cole/cole_ws/install/hal_flir_d46/share/ament_index/resource_index/package_run_dependencies/hal_flir_d46
-- Up-to-date: /home/cole/cole_ws/install/hal_flir_d46/share/ament_index/resource_index/parent_prefix_path/hal_flir_d46
-- Up-to-date: /home/cole/cole_ws/install/hal_flir_d46/share/hal_flir_d46/environment/ament_prefix_path.sh
-- Up-to-date: /home/cole/cole_ws/install/hal_flir_d46/share/hal_flir_d46/environment/ament_prefix_path.dsv
-- Up-to-date: /home/cole/cole_ws/install/hal_flir_d46/share/hal_flir_d46/environment/path.sh
-- Up-to-date: /home/cole/cole_ws/install/hal_flir_d46/share/hal_flir_d46/environment/path.dsv
-- Up-to-date: /home/cole/cole_ws/install/hal_flir_d46/share/hal_flir_d46/local_setup.bash
-- Up-to-date: /home/cole/cole_ws/install/hal_flir_d46/share/hal_flir_d46/local_setup.sh
-- Up-to-date: /home/cole/cole_ws/install/hal_flir_d46/share/hal_flir_d46/local_setup.zsh
-- Up-to-date: /home/cole/cole_ws/install/hal_flir_d46/share/hal_flir_d46/local_setup.dsv
-- Installing: /home/cole/cole_ws/install/hal_flir_d46/share/hal_flir_d46/package.dsv
-- Up-to-date: /home/cole/cole_ws/install/hal_flir_d46/share/ament_index/resource_index/packages/hal_flir_d46
-- Up-to-date: /home/cole/cole_ws/install/hal_flir_d46/share/ament_index/resource_index/rclcpp_components/hal_flir_d46
-- Up-to-date: /home/cole/cole_ws/install/hal_flir_d46/share/hal_flir_d46/cmake/hal_flir_d46Config.cmake
-- Up-to-date: /home/cole/cole_ws/install/hal_flir_d46/share/hal_flir_d46/cmake/hal_flir_d46Config-version.cmake
-- Up-to-date: /home/cole/cole_ws/install/hal_flir_d46/share/hal_flir_d46/package.xml
