[0.601s] Invoking command in '/home/cole/cole_ws/src/camera': PYTHONPATH=/home/cole/cole_ws/build/camera/prefix_override:/usr/lib/python3/dist-packages/colcon_core/task/python/colcon_distutils_commands:/home/cole/cole_ws/install/camera/lib/python3.10/site-packages:${PYTHONPATH} /usr/bin/python3 -W ignore:setup.py install is deprecated -W ignore:easy_install command is deprecated setup.py egg_info --egg-base ../../build/camera build --build-base /home/cole/cole_ws/build/camera/build install --record /home/cole/cole_ws/build/camera/install.log --single-version-externally-managed install_data
[0.752s] running egg_info
[0.752s] creating ../../build/camera/camera.egg-info
[0.753s] writing ../../build/camera/camera.egg-info/PKG-INFO
[0.753s] writing dependency_links to ../../build/camera/camera.egg-info/dependency_links.txt
[0.753s] writing entry points to ../../build/camera/camera.egg-info/entry_points.txt
[0.753s] writing requirements to ../../build/camera/camera.egg-info/requires.txt
[0.753s] writing top-level names to ../../build/camera/camera.egg-info/top_level.txt
[0.753s] writing manifest file '../../build/camera/camera.egg-info/SOURCES.txt'
[0.754s] reading manifest file '../../build/camera/camera.egg-info/SOURCES.txt'
[0.754s] adding license file 'LICENSE'
[0.754s] writing manifest file '../../build/camera/camera.egg-info/SOURCES.txt'
[0.754s] running build
[0.754s] running build_py
[0.755s] creating /home/cole/cole_ws/build/camera/build
[0.755s] creating /home/cole/cole_ws/build/camera/build/lib
[0.755s] creating /home/cole/cole_ws/build/camera/build/lib/camera
[0.755s] copying camera/__init__.py -> /home/cole/cole_ws/build/camera/build/lib/camera
[0.755s] copying camera/camera_sub.py -> /home/cole/cole_ws/build/camera/build/lib/camera
[0.755s] running install
[0.755s] running install_lib
[0.755s] creating /home/cole/cole_ws/install/camera/lib/python3.10/site-packages/camera
[0.755s] copying /home/cole/cole_ws/build/camera/build/lib/camera/__init__.py -> /home/cole/cole_ws/install/camera/lib/python3.10/site-packages/camera
[0.755s] copying /home/cole/cole_ws/build/camera/build/lib/camera/camera_sub.py -> /home/cole/cole_ws/install/camera/lib/python3.10/site-packages/camera
[0.756s] byte-compiling /home/cole/cole_ws/install/camera/lib/python3.10/site-packages/camera/__init__.py to __init__.cpython-310.pyc
[0.756s] byte-compiling /home/cole/cole_ws/install/camera/lib/python3.10/site-packages/camera/camera_sub.py to camera_sub.cpython-310.pyc
[0.756s] running install_data
[0.756s] creating /home/cole/cole_ws/install/camera/share/ament_index
[0.756s] creating /home/cole/cole_ws/install/camera/share/ament_index/resource_index
[0.756s] creating /home/cole/cole_ws/install/camera/share/ament_index/resource_index/packages
[0.756s] copying resource/camera -> /home/cole/cole_ws/install/camera/share/ament_index/resource_index/packages
[0.756s] copying package.xml -> /home/cole/cole_ws/install/camera/share/camera
[0.756s] running install_egg_info
[0.757s] Copying ../../build/camera/camera.egg-info to /home/cole/cole_ws/install/camera/lib/python3.10/site-packages/camera-0.0.0-py3.10.egg-info
[0.757s] running install_scripts
[0.771s] writing list of installed files to '/home/cole/cole_ws/build/camera/install.log'
[0.786s] Invoked command in '/home/cole/cole_ws/src/camera' returned '0': PYTHONPATH=/home/cole/cole_ws/build/camera/prefix_override:/usr/lib/python3/dist-packages/colcon_core/task/python/colcon_distutils_commands:/home/cole/cole_ws/install/camera/lib/python3.10/site-packages:${PYTHONPATH} /usr/bin/python3 -W ignore:setup.py install is deprecated -W ignore:easy_install command is deprecated setup.py egg_info --egg-base ../../build/camera build --build-base /home/cole/cole_ws/build/camera/build install --record /home/cole/cole_ws/build/camera/install.log --single-version-externally-managed install_data
