[0.019s] Invoking command in '/home/cole/cole_ws/build/ptu_interfaces': CMAKE_PREFIX_PATH=${CMAKE_PREFIX_PATH}:/home/cole/cole_ws/install/pan_tilt_control:/home/cole/cole_ws/install/video_stream:/home/cole/cole_ws/install/camera:/opt/ros/humble /usr/bin/cmake --build /home/cole/cole_ws/build/ptu_interfaces -- -j16 -l16
[0.195s] -- Found ament_cmake: 1.3.11 (/opt/ros/humble/share/ament_cmake/cmake)
[0.195s] -- Found std_msgs: 4.2.4 (/opt/ros/humble/share/std_msgs/cmake)
[0.195s] -- Found rosidl_generator_c: 3.1.6 (/opt/ros/humble/share/rosidl_generator_c/cmake)
[0.196s] -- Found rosidl_adapter: 3.1.6 (/opt/ros/humble/share/rosidl_adapter/cmake)
[0.196s] -- Found rosidl_generator_cpp: 3.1.6 (/opt/ros/humble/share/rosidl_generator_cpp/cmake)
[0.196s] -- Using all available rosidl_typesupport_c: rosidl_typesupport_fastrtps_c;rosidl_typesupport_introspection_c
[0.196s] -- Using all available rosidl_typesupport_cpp: rosidl_typesupport_fastrtps_cpp;rosidl_typesupport_introspection_cpp
[0.209s] -- Found rosidl_default_generators: 1.2.0 (/opt/ros/humble/share/rosidl_default_generators/cmake)
[0.470s] -- Found ament_cmake_ros: 0.10.0 (/opt/ros/humble/share/ament_cmake_ros/cmake)
[0.724s] -- Using all available rosidl_typesupport_c: rosidl_typesupport_fastrtps_c;rosidl_typesupport_introspection_c
[0.824s] -- Using all available rosidl_typesupport_cpp: rosidl_typesupport_fastrtps_cpp;rosidl_typesupport_introspection_cpp
[0.841s] -- Found python_cmake_module: 0.10.0 (/opt/ros/humble/share/python_cmake_module/cmake)
[0.858s] -- Using PYTHON_EXECUTABLE: /usr/bin/python3
[0.858s] -- Using PYTHON_INCLUDE_DIRS: /usr/include/python3.10
[0.858s] -- Using PYTHON_LIBRARIES: /usr/lib/x86_64-linux-gnu/libpython3.10.so
[0.885s] -- Configuring done
[0.915s] -- Generating done
[0.923s] -- Build files have been written to: /home/cole/cole_ws/build/ptu_interfaces
[0.946s] [35m[1mConsolidate compiler generated dependencies of target ptu_interfaces__rosidl_generator_c[0m
[0.952s] [  1%] Built target ptu_interfaces__cpp
[0.956s] [ 12%] Built target ptu_interfaces__rosidl_generator_c
[0.960s] [ 12%] Built target ament_cmake_python_copy_ptu_interfaces
[0.969s] [35m[1mConsolidate compiler generated dependencies of target ptu_interfaces__rosidl_typesupport_cpp[0m
[0.970s] [35m[1mConsolidate compiler generated dependencies of target ptu_interfaces__rosidl_typesupport_introspection_cpp[0m
[0.970s] [35m[1mConsolidate compiler generated dependencies of target ptu_interfaces__rosidl_typesupport_fastrtps_cpp[0m
[0.971s] [35m[1mConsolidate compiler generated dependencies of target ptu_interfaces__rosidl_typesupport_c[0m
[0.971s] [35m[1mConsolidate compiler generated dependencies of target ptu_interfaces__rosidl_typesupport_introspection_c[0m
[0.972s] [35m[1mConsolidate compiler generated dependencies of target ptu_interfaces__rosidl_typesupport_fastrtps_c[0m
[0.981s] [ 24%] Built target ptu_interfaces__rosidl_typesupport_introspection_c
[0.983s] [ 60%] Built target ptu_interfaces__rosidl_typesupport_introspection_cpp
[0.983s] [ 60%] Built target ptu_interfaces__rosidl_typesupport_cpp
[0.983s] [ 69%] Built target ptu_interfaces__rosidl_typesupport_c
[0.983s] [ 70%] Built target ptu_interfaces__rosidl_typesupport_fastrtps_cpp
[0.986s] [ 82%] Built target ptu_interfaces__rosidl_typesupport_fastrtps_c
[1.000s] [ 82%] Built target ptu_interfaces
[1.015s] [ 83%] Built target ptu_interfaces__py
[1.024s] [35m[1mConsolidate compiler generated dependencies of target ptu_interfaces__rosidl_generator_py[0m
[1.035s] [ 93%] Built target ptu_interfaces__rosidl_generator_py
[1.043s] [35m[1mConsolidate compiler generated dependencies of target ptu_interfaces__rosidl_typesupport_fastrtps_c__pyext[0m
[1.044s] [35m[1mConsolidate compiler generated dependencies of target ptu_interfaces__rosidl_typesupport_c__pyext[0m
[1.044s] [35m[1mConsolidate compiler generated dependencies of target ptu_interfaces__rosidl_typesupport_introspection_c__pyext[0m
[1.052s] [ 95%] Built target ptu_interfaces__rosidl_typesupport_fastrtps_c__pyext
[1.052s] [ 97%] Built target ptu_interfaces__rosidl_typesupport_c__pyext
[1.053s] [100%] Built target ptu_interfaces__rosidl_typesupport_introspection_c__pyext
[1.126s] running egg_info
[1.126s] writing ptu_interfaces.egg-info/PKG-INFO
[1.126s] writing dependency_links to ptu_interfaces.egg-info/dependency_links.txt
[1.126s] writing top-level names to ptu_interfaces.egg-info/top_level.txt
[1.128s] reading manifest file 'ptu_interfaces.egg-info/SOURCES.txt'
[1.128s] writing manifest file 'ptu_interfaces.egg-info/SOURCES.txt'
[1.146s] [100%] Built target ament_cmake_python_build_ptu_interfaces_egg
[1.154s] Invoked command in '/home/cole/cole_ws/build/ptu_interfaces' returned '0': CMAKE_PREFIX_PATH=${CMAKE_PREFIX_PATH}:/home/cole/cole_ws/install/pan_tilt_control:/home/cole/cole_ws/install/video_stream:/home/cole/cole_ws/install/camera:/opt/ros/humble /usr/bin/cmake --build /home/cole/cole_ws/build/ptu_interfaces -- -j16 -l16
[1.155s] Invoking command in '/home/cole/cole_ws/build/ptu_interfaces': CMAKE_PREFIX_PATH=${CMAKE_PREFIX_PATH}:/home/cole/cole_ws/install/pan_tilt_control:/home/cole/cole_ws/install/video_stream:/home/cole/cole_ws/install/camera:/opt/ros/humble /usr/bin/cmake --install /home/cole/cole_ws/build/ptu_interfaces
[1.161s] -- Install configuration: ""
[1.161s] -- Up-to-date: /home/cole/cole_ws/install/ptu_interfaces/share/ament_index/resource_index/rosidl_interfaces/ptu_interfaces
[1.161s] -- Up-to-date: /home/cole/cole_ws/install/ptu_interfaces/include/ptu_interfaces/ptu_interfaces
[1.161s] -- Up-to-date: /home/cole/cole_ws/install/ptu_interfaces/include/ptu_interfaces/ptu_interfaces/srv
[1.161s] -- Up-to-date: /home/cole/cole_ws/install/ptu_interfaces/include/ptu_interfaces/ptu_interfaces/srv/set_tilt.h
[1.161s] -- Up-to-date: /home/cole/cole_ws/install/ptu_interfaces/include/ptu_interfaces/ptu_interfaces/srv/get_limits.h
[1.161s] -- Up-to-date: /home/cole/cole_ws/install/ptu_interfaces/include/ptu_interfaces/ptu_interfaces/srv/set_pan_tilt.h
[1.162s] -- Up-to-date: /home/cole/cole_ws/install/ptu_interfaces/include/ptu_interfaces/ptu_interfaces/srv/detail
[1.162s] -- Up-to-date: /home/cole/cole_ws/install/ptu_interfaces/include/ptu_interfaces/ptu_interfaces/srv/detail/set_pan_tilt__functions.c
[1.162s] -- Up-to-date: /home/cole/cole_ws/install/ptu_interfaces/include/ptu_interfaces/ptu_interfaces/srv/detail/set_tilt__struct.h
[1.162s] -- Up-to-date: /home/cole/cole_ws/install/ptu_interfaces/include/ptu_interfaces/ptu_interfaces/srv/detail/set_tilt__functions.h
[1.162s] -- Up-to-date: /home/cole/cole_ws/install/ptu_interfaces/include/ptu_interfaces/ptu_interfaces/srv/detail/set_pan_tilt_speed__functions.h
[1.162s] -- Up-to-date: /home/cole/cole_ws/install/ptu_interfaces/include/ptu_interfaces/ptu_interfaces/srv/detail/set_pan_tilt__functions.h
[1.162s] -- Up-to-date: /home/cole/cole_ws/install/ptu_interfaces/include/ptu_interfaces/ptu_interfaces/srv/detail/get_limits__struct.h
[1.162s] -- Up-to-date: /home/cole/cole_ws/install/ptu_interfaces/include/ptu_interfaces/ptu_interfaces/srv/detail/set_pan__struct.h
[1.162s] -- Up-to-date: /home/cole/cole_ws/install/ptu_interfaces/include/ptu_interfaces/ptu_interfaces/srv/detail/get_limits__functions.h
[1.162s] -- Up-to-date: /home/cole/cole_ws/install/ptu_interfaces/include/ptu_interfaces/ptu_interfaces/srv/detail/set_pan_tilt_speed__type_support.h
[1.162s] -- Up-to-date: /home/cole/cole_ws/install/ptu_interfaces/include/ptu_interfaces/ptu_interfaces/srv/detail/set_pan_tilt__type_support.h
[1.162s] -- Up-to-date: /home/cole/cole_ws/install/ptu_interfaces/include/ptu_interfaces/ptu_interfaces/srv/detail/set_pan_tilt_speed__functions.c
[1.162s] -- Up-to-date: /home/cole/cole_ws/install/ptu_interfaces/include/ptu_interfaces/ptu_interfaces/srv/detail/get_limits__type_support.h
[1.162s] -- Up-to-date: /home/cole/cole_ws/install/ptu_interfaces/include/ptu_interfaces/ptu_interfaces/srv/detail/set_pan__functions.h
[1.162s] -- Up-to-date: /home/cole/cole_ws/install/ptu_interfaces/include/ptu_interfaces/ptu_interfaces/srv/detail/set_tilt__functions.c
[1.162s] -- Up-to-date: /home/cole/cole_ws/install/ptu_interfaces/include/ptu_interfaces/ptu_interfaces/srv/detail/set_pan__functions.c
[1.162s] -- Up-to-date: /home/cole/cole_ws/install/ptu_interfaces/include/ptu_interfaces/ptu_interfaces/srv/detail/set_pan_tilt_speed__struct.h
[1.162s] -- Up-to-date: /home/cole/cole_ws/install/ptu_interfaces/include/ptu_interfaces/ptu_interfaces/srv/detail/set_tilt__type_support.h
[1.162s] -- Up-to-date: /home/cole/cole_ws/install/ptu_interfaces/include/ptu_interfaces/ptu_interfaces/srv/detail/get_limits__functions.c
[1.162s] -- Up-to-date: /home/cole/cole_ws/install/ptu_interfaces/include/ptu_interfaces/ptu_interfaces/srv/detail/set_pan__type_support.h
[1.162s] -- Up-to-date: /home/cole/cole_ws/install/ptu_interfaces/include/ptu_interfaces/ptu_interfaces/srv/detail/set_pan_tilt__struct.h
[1.162s] -- Up-to-date: /home/cole/cole_ws/install/ptu_interfaces/include/ptu_interfaces/ptu_interfaces/srv/set_pan.h
[1.162s] -- Up-to-date: /home/cole/cole_ws/install/ptu_interfaces/include/ptu_interfaces/ptu_interfaces/srv/set_pan_tilt_speed.h
[1.162s] -- Up-to-date: /home/cole/cole_ws/install/ptu_interfaces/include/ptu_interfaces/ptu_interfaces/msg
[1.162s] -- Up-to-date: /home/cole/cole_ws/install/ptu_interfaces/include/ptu_interfaces/ptu_interfaces/msg/rosidl_generator_c__visibility_control.h
[1.162s] -- Up-to-date: /home/cole/cole_ws/install/ptu_interfaces/include/ptu_interfaces/ptu_interfaces/msg/detail
[1.162s] -- Up-to-date: /home/cole/cole_ws/install/ptu_interfaces/include/ptu_interfaces/ptu_interfaces/msg/detail/ptu__struct.h
[1.162s] -- Up-to-date: /home/cole/cole_ws/install/ptu_interfaces/include/ptu_interfaces/ptu_interfaces/msg/detail/ptu__type_support.h
[1.163s] -- Up-to-date: /home/cole/cole_ws/install/ptu_interfaces/include/ptu_interfaces/ptu_interfaces/msg/detail/ptu__functions.c
[1.163s] -- Up-to-date: /home/cole/cole_ws/install/ptu_interfaces/include/ptu_interfaces/ptu_interfaces/msg/detail/ptu__functions.h
[1.163s] -- Up-to-date: /home/cole/cole_ws/install/ptu_interfaces/include/ptu_interfaces/ptu_interfaces/msg/ptu.h
[1.163s] -- Up-to-date: /home/cole/cole_ws/install/ptu_interfaces/include/ptu_interfaces/ptu_interfaces/action
[1.163s] -- Up-to-date: /home/cole/cole_ws/install/ptu_interfaces/include/ptu_interfaces/ptu_interfaces/action/set_tilt.h
[1.163s] -- Up-to-date: /home/cole/cole_ws/install/ptu_interfaces/include/ptu_interfaces/ptu_interfaces/action/set_pan_tilt.h
[1.163s] -- Up-to-date: /home/cole/cole_ws/install/ptu_interfaces/include/ptu_interfaces/ptu_interfaces/action/detail
[1.163s] -- Up-to-date: /home/cole/cole_ws/install/ptu_interfaces/include/ptu_interfaces/ptu_interfaces/action/detail/set_pan_tilt__functions.c
[1.163s] -- Up-to-date: /home/cole/cole_ws/install/ptu_interfaces/include/ptu_interfaces/ptu_interfaces/action/detail/set_tilt__struct.h
[1.163s] -- Up-to-date: /home/cole/cole_ws/install/ptu_interfaces/include/ptu_interfaces/ptu_interfaces/action/detail/set_tilt__functions.h
[1.163s] -- Up-to-date: /home/cole/cole_ws/install/ptu_interfaces/include/ptu_interfaces/ptu_interfaces/action/detail/set_pan_tilt__functions.h
[1.163s] -- Up-to-date: /home/cole/cole_ws/install/ptu_interfaces/include/ptu_interfaces/ptu_interfaces/action/detail/set_pan__struct.h
[1.163s] -- Up-to-date: /home/cole/cole_ws/install/ptu_interfaces/include/ptu_interfaces/ptu_interfaces/action/detail/set_pan_tilt__type_support.h
[1.163s] -- Up-to-date: /home/cole/cole_ws/install/ptu_interfaces/include/ptu_interfaces/ptu_interfaces/action/detail/set_pan__functions.h
[1.163s] -- Up-to-date: /home/cole/cole_ws/install/ptu_interfaces/include/ptu_interfaces/ptu_interfaces/action/detail/set_tilt__functions.c
[1.163s] -- Up-to-date: /home/cole/cole_ws/install/ptu_interfaces/include/ptu_interfaces/ptu_interfaces/action/detail/set_pan__functions.c
[1.163s] -- Up-to-date: /home/cole/cole_ws/install/ptu_interfaces/include/ptu_interfaces/ptu_interfaces/action/detail/set_tilt__type_support.h
[1.163s] -- Up-to-date: /home/cole/cole_ws/install/ptu_interfaces/include/ptu_interfaces/ptu_interfaces/action/detail/set_pan__type_support.h
[1.163s] -- Up-to-date: /home/cole/cole_ws/install/ptu_interfaces/include/ptu_interfaces/ptu_interfaces/action/detail/set_pan_tilt__struct.h
[1.163s] -- Up-to-date: /home/cole/cole_ws/install/ptu_interfaces/include/ptu_interfaces/ptu_interfaces/action/set_pan.h
[1.163s] -- Up-to-date: /home/cole/cole_ws/install/ptu_interfaces/share/ptu_interfaces/environment/library_path.sh
[1.163s] -- Installing: /home/cole/cole_ws/install/ptu_interfaces/share/ptu_interfaces/environment/library_path.dsv
[1.163s] -- Up-to-date: /home/cole/cole_ws/install/ptu_interfaces/lib/libptu_interfaces__rosidl_generator_c.so
[1.163s] -- Up-to-date: /home/cole/cole_ws/install/ptu_interfaces/include/ptu_interfaces/ptu_interfaces
[1.163s] -- Up-to-date: /home/cole/cole_ws/install/ptu_interfaces/include/ptu_interfaces/ptu_interfaces/srv
[1.163s] -- Up-to-date: /home/cole/cole_ws/install/ptu_interfaces/include/ptu_interfaces/ptu_interfaces/srv/detail
[1.163s] -- Up-to-date: /home/cole/cole_ws/install/ptu_interfaces/include/ptu_interfaces/ptu_interfaces/srv/detail/set_pan__rosidl_typesupport_fastrtps_c.h
[1.163s] -- Up-to-date: /home/cole/cole_ws/install/ptu_interfaces/include/ptu_interfaces/ptu_interfaces/srv/detail/get_limits__rosidl_typesupport_fastrtps_c.h
[1.164s] -- Up-to-date: /home/cole/cole_ws/install/ptu_interfaces/include/ptu_interfaces/ptu_interfaces/srv/detail/set_tilt__rosidl_typesupport_fastrtps_c.h
[1.164s] -- Up-to-date: /home/cole/cole_ws/install/ptu_interfaces/include/ptu_interfaces/ptu_interfaces/srv/detail/set_pan_tilt__rosidl_typesupport_fastrtps_c.h
[1.164s] -- Up-to-date: /home/cole/cole_ws/install/ptu_interfaces/include/ptu_interfaces/ptu_interfaces/srv/detail/set_pan_tilt_speed__rosidl_typesupport_fastrtps_c.h
[1.164s] -- Up-to-date: /home/cole/cole_ws/install/ptu_interfaces/include/ptu_interfaces/ptu_interfaces/msg
[1.164s] -- Up-to-date: /home/cole/cole_ws/install/ptu_interfaces/include/ptu_interfaces/ptu_interfaces/msg/rosidl_typesupport_fastrtps_c__visibility_control.h
[1.164s] -- Up-to-date: /home/cole/cole_ws/install/ptu_interfaces/include/ptu_interfaces/ptu_interfaces/msg/detail
[1.164s] -- Up-to-date: /home/cole/cole_ws/install/ptu_interfaces/include/ptu_interfaces/ptu_interfaces/msg/detail/ptu__rosidl_typesupport_fastrtps_c.h
[1.164s] -- Up-to-date: /home/cole/cole_ws/install/ptu_interfaces/include/ptu_interfaces/ptu_interfaces/action
[1.164s] -- Up-to-date: /home/cole/cole_ws/install/ptu_interfaces/include/ptu_interfaces/ptu_interfaces/action/detail
[1.164s] -- Up-to-date: /home/cole/cole_ws/install/ptu_interfaces/include/ptu_interfaces/ptu_interfaces/action/detail/set_pan__rosidl_typesupport_fastrtps_c.h
[1.164s] -- Up-to-date: /home/cole/cole_ws/install/ptu_interfaces/include/ptu_interfaces/ptu_interfaces/action/detail/set_tilt__rosidl_typesupport_fastrtps_c.h
[1.164s] -- Up-to-date: /home/cole/cole_ws/install/ptu_interfaces/include/ptu_interfaces/ptu_interfaces/action/detail/set_pan_tilt__rosidl_typesupport_fastrtps_c.h
[1.164s] -- Up-to-date: /home/cole/cole_ws/install/ptu_interfaces/lib/libptu_interfaces__rosidl_typesupport_fastrtps_c.so
[1.164s] -- Up-to-date: /home/cole/cole_ws/install/ptu_interfaces/include/ptu_interfaces/ptu_interfaces
[1.164s] -- Up-to-date: /home/cole/cole_ws/install/ptu_interfaces/include/ptu_interfaces/ptu_interfaces/srv
[1.164s] -- Up-to-date: /home/cole/cole_ws/install/ptu_interfaces/include/ptu_interfaces/ptu_interfaces/srv/set_pan_tilt_speed.hpp
[1.164s] -- Up-to-date: /home/cole/cole_ws/install/ptu_interfaces/include/ptu_interfaces/ptu_interfaces/srv/set_pan.hpp
[1.164s] -- Up-to-date: /home/cole/cole_ws/install/ptu_interfaces/include/ptu_interfaces/ptu_interfaces/srv/set_pan_tilt.hpp
[1.164s] -- Up-to-date: /home/cole/cole_ws/install/ptu_interfaces/include/ptu_interfaces/ptu_interfaces/srv/detail
[1.164s] -- Up-to-date: /home/cole/cole_ws/install/ptu_interfaces/include/ptu_interfaces/ptu_interfaces/srv/detail/set_pan__builder.hpp
[1.164s] -- Up-to-date: /home/cole/cole_ws/install/ptu_interfaces/include/ptu_interfaces/ptu_interfaces/srv/detail/set_pan_tilt__type_support.hpp
[1.164s] -- Up-to-date: /home/cole/cole_ws/install/ptu_interfaces/include/ptu_interfaces/ptu_interfaces/srv/detail/set_pan_tilt_speed__traits.hpp
[1.164s] -- Up-to-date: /home/cole/cole_ws/install/ptu_interfaces/include/ptu_interfaces/ptu_interfaces/srv/detail/set_tilt__traits.hpp
[1.164s] -- Up-to-date: /home/cole/cole_ws/install/ptu_interfaces/include/ptu_interfaces/ptu_interfaces/srv/detail/set_pan_tilt_speed__builder.hpp
[1.164s] -- Up-to-date: /home/cole/cole_ws/install/ptu_interfaces/include/ptu_interfaces/ptu_interfaces/srv/detail/set_pan_tilt_speed__type_support.hpp
[1.164s] -- Up-to-date: /home/cole/cole_ws/install/ptu_interfaces/include/ptu_interfaces/ptu_interfaces/srv/detail/set_pan_tilt__traits.hpp
[1.164s] -- Up-to-date: /home/cole/cole_ws/install/ptu_interfaces/include/ptu_interfaces/ptu_interfaces/srv/detail/get_limits__struct.hpp
[1.164s] -- Up-to-date: /home/cole/cole_ws/install/ptu_interfaces/include/ptu_interfaces/ptu_interfaces/srv/detail/set_pan_tilt__struct.hpp
[1.164s] -- Up-to-date: /home/cole/cole_ws/install/ptu_interfaces/include/ptu_interfaces/ptu_interfaces/srv/detail/set_pan__traits.hpp
[1.164s] -- Up-to-date: /home/cole/cole_ws/install/ptu_interfaces/include/ptu_interfaces/ptu_interfaces/srv/detail/set_pan__type_support.hpp
[1.164s] -- Up-to-date: /home/cole/cole_ws/install/ptu_interfaces/include/ptu_interfaces/ptu_interfaces/srv/detail/set_tilt__builder.hpp
[1.164s] -- Up-to-date: /home/cole/cole_ws/install/ptu_interfaces/include/ptu_interfaces/ptu_interfaces/srv/detail/set_pan_tilt__builder.hpp
[1.164s] -- Up-to-date: /home/cole/cole_ws/install/ptu_interfaces/include/ptu_interfaces/ptu_interfaces/srv/detail/set_pan__struct.hpp
[1.165s] -- Up-to-date: /home/cole/cole_ws/install/ptu_interfaces/include/ptu_interfaces/ptu_interfaces/srv/detail/set_tilt__type_support.hpp
[1.165s] -- Up-to-date: /home/cole/cole_ws/install/ptu_interfaces/include/ptu_interfaces/ptu_interfaces/srv/detail/set_pan_tilt_speed__struct.hpp
[1.165s] -- Up-to-date: /home/cole/cole_ws/install/ptu_interfaces/include/ptu_interfaces/ptu_interfaces/srv/detail/get_limits__traits.hpp
[1.165s] -- Up-to-date: /home/cole/cole_ws/install/ptu_interfaces/include/ptu_interfaces/ptu_interfaces/srv/detail/set_tilt__struct.hpp
[1.165s] -- Up-to-date: /home/cole/cole_ws/install/ptu_interfaces/include/ptu_interfaces/ptu_interfaces/srv/detail/get_limits__type_support.hpp
[1.165s] -- Up-to-date: /home/cole/cole_ws/install/ptu_interfaces/include/ptu_interfaces/ptu_interfaces/srv/detail/get_limits__builder.hpp
[1.165s] -- Up-to-date: /home/cole/cole_ws/install/ptu_interfaces/include/ptu_interfaces/ptu_interfaces/srv/set_tilt.hpp
[1.165s] -- Up-to-date: /home/cole/cole_ws/install/ptu_interfaces/include/ptu_interfaces/ptu_interfaces/srv/get_limits.hpp
[1.165s] -- Up-to-date: /home/cole/cole_ws/install/ptu_interfaces/include/ptu_interfaces/ptu_interfaces/msg
[1.165s] -- Up-to-date: /home/cole/cole_ws/install/ptu_interfaces/include/ptu_interfaces/ptu_interfaces/msg/detail
[1.165s] -- Up-to-date: /home/cole/cole_ws/install/ptu_interfaces/include/ptu_interfaces/ptu_interfaces/msg/detail/ptu__builder.hpp
[1.165s] -- Up-to-date: /home/cole/cole_ws/install/ptu_interfaces/include/ptu_interfaces/ptu_interfaces/msg/detail/ptu__type_support.hpp
[1.165s] -- Up-to-date: /home/cole/cole_ws/install/ptu_interfaces/include/ptu_interfaces/ptu_interfaces/msg/detail/ptu__struct.hpp
[1.165s] -- Up-to-date: /home/cole/cole_ws/install/ptu_interfaces/include/ptu_interfaces/ptu_interfaces/msg/detail/ptu__traits.hpp
[1.165s] -- Up-to-date: /home/cole/cole_ws/install/ptu_interfaces/include/ptu_interfaces/ptu_interfaces/msg/ptu.hpp
[1.165s] -- Up-to-date: /home/cole/cole_ws/install/ptu_interfaces/include/ptu_interfaces/ptu_interfaces/msg/rosidl_generator_cpp__visibility_control.hpp
[1.165s] -- Up-to-date: /home/cole/cole_ws/install/ptu_interfaces/include/ptu_interfaces/ptu_interfaces/action
[1.165s] -- Up-to-date: /home/cole/cole_ws/install/ptu_interfaces/include/ptu_interfaces/ptu_interfaces/action/set_pan.hpp
[1.165s] -- Up-to-date: /home/cole/cole_ws/install/ptu_interfaces/include/ptu_interfaces/ptu_interfaces/action/set_pan_tilt.hpp
[1.165s] -- Up-to-date: /home/cole/cole_ws/install/ptu_interfaces/include/ptu_interfaces/ptu_interfaces/action/detail
[1.165s] -- Up-to-date: /home/cole/cole_ws/install/ptu_interfaces/include/ptu_interfaces/ptu_interfaces/action/detail/set_pan__builder.hpp
[1.165s] -- Up-to-date: /home/cole/cole_ws/install/ptu_interfaces/include/ptu_interfaces/ptu_interfaces/action/detail/set_pan_tilt__type_support.hpp
[1.165s] -- Up-to-date: /home/cole/cole_ws/install/ptu_interfaces/include/ptu_interfaces/ptu_interfaces/action/detail/set_tilt__traits.hpp
[1.165s] -- Up-to-date: /home/cole/cole_ws/install/ptu_interfaces/include/ptu_interfaces/ptu_interfaces/action/detail/set_pan_tilt__traits.hpp
[1.165s] -- Up-to-date: /home/cole/cole_ws/install/ptu_interfaces/include/ptu_interfaces/ptu_interfaces/action/detail/set_pan_tilt__struct.hpp
[1.165s] -- Up-to-date: /home/cole/cole_ws/install/ptu_interfaces/include/ptu_interfaces/ptu_interfaces/action/detail/set_pan__traits.hpp
[1.165s] -- Up-to-date: /home/cole/cole_ws/install/ptu_interfaces/include/ptu_interfaces/ptu_interfaces/action/detail/set_pan__type_support.hpp
[1.165s] -- Up-to-date: /home/cole/cole_ws/install/ptu_interfaces/include/ptu_interfaces/ptu_interfaces/action/detail/set_tilt__builder.hpp
[1.165s] -- Up-to-date: /home/cole/cole_ws/install/ptu_interfaces/include/ptu_interfaces/ptu_interfaces/action/detail/set_pan_tilt__builder.hpp
[1.165s] -- Up-to-date: /home/cole/cole_ws/install/ptu_interfaces/include/ptu_interfaces/ptu_interfaces/action/detail/set_pan__struct.hpp
[1.165s] -- Up-to-date: /home/cole/cole_ws/install/ptu_interfaces/include/ptu_interfaces/ptu_interfaces/action/detail/set_tilt__type_support.hpp
[1.165s] -- Up-to-date: /home/cole/cole_ws/install/ptu_interfaces/include/ptu_interfaces/ptu_interfaces/action/detail/set_tilt__struct.hpp
[1.165s] -- Up-to-date: /home/cole/cole_ws/install/ptu_interfaces/include/ptu_interfaces/ptu_interfaces/action/set_tilt.hpp
[1.165s] -- Up-to-date: /home/cole/cole_ws/install/ptu_interfaces/include/ptu_interfaces/ptu_interfaces
[1.165s] -- Up-to-date: /home/cole/cole_ws/install/ptu_interfaces/include/ptu_interfaces/ptu_interfaces/srv
[1.165s] -- Up-to-date: /home/cole/cole_ws/install/ptu_interfaces/include/ptu_interfaces/ptu_interfaces/srv/detail
[1.165s] -- Up-to-date: /home/cole/cole_ws/install/ptu_interfaces/include/ptu_interfaces/ptu_interfaces/srv/detail/set_tilt__rosidl_typesupport_fastrtps_cpp.hpp
[1.165s] -- Up-to-date: /home/cole/cole_ws/install/ptu_interfaces/include/ptu_interfaces/ptu_interfaces/srv/detail/dds_fastrtps
[1.166s] -- Up-to-date: /home/cole/cole_ws/install/ptu_interfaces/include/ptu_interfaces/ptu_interfaces/srv/detail/set_pan__rosidl_typesupport_fastrtps_cpp.hpp
[1.166s] -- Up-to-date: /home/cole/cole_ws/install/ptu_interfaces/include/ptu_interfaces/ptu_interfaces/srv/detail/set_pan_tilt__rosidl_typesupport_fastrtps_cpp.hpp
[1.166s] -- Up-to-date: /home/cole/cole_ws/install/ptu_interfaces/include/ptu_interfaces/ptu_interfaces/srv/detail/get_limits__rosidl_typesupport_fastrtps_cpp.hpp
[1.166s] -- Up-to-date: /home/cole/cole_ws/install/ptu_interfaces/include/ptu_interfaces/ptu_interfaces/srv/detail/set_pan_tilt_speed__rosidl_typesupport_fastrtps_cpp.hpp
[1.166s] -- Up-to-date: /home/cole/cole_ws/install/ptu_interfaces/include/ptu_interfaces/ptu_interfaces/msg
[1.166s] -- Up-to-date: /home/cole/cole_ws/install/ptu_interfaces/include/ptu_interfaces/ptu_interfaces/msg/rosidl_typesupport_fastrtps_cpp__visibility_control.h
[1.166s] -- Up-to-date: /home/cole/cole_ws/install/ptu_interfaces/include/ptu_interfaces/ptu_interfaces/msg/detail
[1.166s] -- Up-to-date: /home/cole/cole_ws/install/ptu_interfaces/include/ptu_interfaces/ptu_interfaces/msg/detail/dds_fastrtps
[1.166s] -- Up-to-date: /home/cole/cole_ws/install/ptu_interfaces/include/ptu_interfaces/ptu_interfaces/msg/detail/ptu__rosidl_typesupport_fastrtps_cpp.hpp
[1.166s] -- Up-to-date: /home/cole/cole_ws/install/ptu_interfaces/include/ptu_interfaces/ptu_interfaces/action
[1.166s] -- Up-to-date: /home/cole/cole_ws/install/ptu_interfaces/include/ptu_interfaces/ptu_interfaces/action/detail
[1.166s] -- Up-to-date: /home/cole/cole_ws/install/ptu_interfaces/include/ptu_interfaces/ptu_interfaces/action/detail/set_tilt__rosidl_typesupport_fastrtps_cpp.hpp
[1.166s] -- Up-to-date: /home/cole/cole_ws/install/ptu_interfaces/include/ptu_interfaces/ptu_interfaces/action/detail/dds_fastrtps
[1.166s] -- Up-to-date: /home/cole/cole_ws/install/ptu_interfaces/include/ptu_interfaces/ptu_interfaces/action/detail/set_pan__rosidl_typesupport_fastrtps_cpp.hpp
[1.166s] -- Up-to-date: /home/cole/cole_ws/install/ptu_interfaces/include/ptu_interfaces/ptu_interfaces/action/detail/set_pan_tilt__rosidl_typesupport_fastrtps_cpp.hpp
[1.166s] -- Up-to-date: /home/cole/cole_ws/install/ptu_interfaces/lib/libptu_interfaces__rosidl_typesupport_fastrtps_cpp.so
[1.166s] -- Up-to-date: /home/cole/cole_ws/install/ptu_interfaces/include/ptu_interfaces/ptu_interfaces
[1.166s] -- Up-to-date: /home/cole/cole_ws/install/ptu_interfaces/include/ptu_interfaces/ptu_interfaces/srv
[1.166s] -- Up-to-date: /home/cole/cole_ws/install/ptu_interfaces/include/ptu_interfaces/ptu_interfaces/srv/detail
[1.166s] -- Up-to-date: /home/cole/cole_ws/install/ptu_interfaces/include/ptu_interfaces/ptu_interfaces/srv/detail/set_tilt__type_support.c
[1.166s] -- Up-to-date: /home/cole/cole_ws/install/ptu_interfaces/include/ptu_interfaces/ptu_interfaces/srv/detail/set_tilt__rosidl_typesupport_introspection_c.h
[1.166s] -- Up-to-date: /home/cole/cole_ws/install/ptu_interfaces/include/ptu_interfaces/ptu_interfaces/srv/detail/set_pan_tilt__rosidl_typesupport_introspection_c.h
[1.166s] -- Up-to-date: /home/cole/cole_ws/install/ptu_interfaces/include/ptu_interfaces/ptu_interfaces/srv/detail/set_pan_tilt__type_support.c
[1.166s] -- Up-to-date: /home/cole/cole_ws/install/ptu_interfaces/include/ptu_interfaces/ptu_interfaces/srv/detail/set_pan_tilt_speed__rosidl_typesupport_introspection_c.h
[1.166s] -- Up-to-date: /home/cole/cole_ws/install/ptu_interfaces/include/ptu_interfaces/ptu_interfaces/srv/detail/set_pan__rosidl_typesupport_introspection_c.h
[1.166s] -- Up-to-date: /home/cole/cole_ws/install/ptu_interfaces/include/ptu_interfaces/ptu_interfaces/srv/detail/set_pan_tilt_speed__type_support.c
[1.166s] -- Up-to-date: /home/cole/cole_ws/install/ptu_interfaces/include/ptu_interfaces/ptu_interfaces/srv/detail/get_limits__rosidl_typesupport_introspection_c.h
[1.166s] -- Up-to-date: /home/cole/cole_ws/install/ptu_interfaces/include/ptu_interfaces/ptu_interfaces/srv/detail/get_limits__type_support.c
[1.166s] -- Up-to-date: /home/cole/cole_ws/install/ptu_interfaces/include/ptu_interfaces/ptu_interfaces/srv/detail/set_pan__type_support.c
[1.166s] -- Up-to-date: /home/cole/cole_ws/install/ptu_interfaces/include/ptu_interfaces/ptu_interfaces/msg
[1.166s] -- Up-to-date: /home/cole/cole_ws/install/ptu_interfaces/include/ptu_interfaces/ptu_interfaces/msg/rosidl_typesupport_introspection_c__visibility_control.h
[1.166s] -- Up-to-date: /home/cole/cole_ws/install/ptu_interfaces/include/ptu_interfaces/ptu_interfaces/msg/detail
[1.166s] -- Up-to-date: /home/cole/cole_ws/install/ptu_interfaces/include/ptu_interfaces/ptu_interfaces/msg/detail/ptu__type_support.c
[1.166s] -- Up-to-date: /home/cole/cole_ws/install/ptu_interfaces/include/ptu_interfaces/ptu_interfaces/msg/detail/ptu__rosidl_typesupport_introspection_c.h
[1.166s] -- Up-to-date: /home/cole/cole_ws/install/ptu_interfaces/include/ptu_interfaces/ptu_interfaces/action
[1.166s] -- Up-to-date: /home/cole/cole_ws/install/ptu_interfaces/include/ptu_interfaces/ptu_interfaces/action/detail
[1.166s] -- Up-to-date: /home/cole/cole_ws/install/ptu_interfaces/include/ptu_interfaces/ptu_interfaces/action/detail/set_tilt__type_support.c
[1.166s] -- Up-to-date: /home/cole/cole_ws/install/ptu_interfaces/include/ptu_interfaces/ptu_interfaces/action/detail/set_tilt__rosidl_typesupport_introspection_c.h
[1.166s] -- Up-to-date: /home/cole/cole_ws/install/ptu_interfaces/include/ptu_interfaces/ptu_interfaces/action/detail/set_pan_tilt__rosidl_typesupport_introspection_c.h
[1.167s] -- Up-to-date: /home/cole/cole_ws/install/ptu_interfaces/include/ptu_interfaces/ptu_interfaces/action/detail/set_pan_tilt__type_support.c
[1.167s] -- Up-to-date: /home/cole/cole_ws/install/ptu_interfaces/include/ptu_interfaces/ptu_interfaces/action/detail/set_pan__rosidl_typesupport_introspection_c.h
[1.167s] -- Up-to-date: /home/cole/cole_ws/install/ptu_interfaces/include/ptu_interfaces/ptu_interfaces/action/detail/set_pan__type_support.c
[1.167s] -- Up-to-date: /home/cole/cole_ws/install/ptu_interfaces/lib/libptu_interfaces__rosidl_typesupport_introspection_c.so
[1.167s] -- Up-to-date: /home/cole/cole_ws/install/ptu_interfaces/lib/libptu_interfaces__rosidl_typesupport_c.so
[1.167s] -- Up-to-date: /home/cole/cole_ws/install/ptu_interfaces/include/ptu_interfaces/ptu_interfaces
[1.167s] -- Up-to-date: /home/cole/cole_ws/install/ptu_interfaces/include/ptu_interfaces/ptu_interfaces/srv
[1.167s] -- Up-to-date: /home/cole/cole_ws/install/ptu_interfaces/include/ptu_interfaces/ptu_interfaces/srv/detail
[1.167s] -- Up-to-date: /home/cole/cole_ws/install/ptu_interfaces/include/ptu_interfaces/ptu_interfaces/srv/detail/set_pan_tilt_speed__rosidl_typesupport_introspection_cpp.hpp
[1.167s] -- Up-to-date: /home/cole/cole_ws/install/ptu_interfaces/include/ptu_interfaces/ptu_interfaces/srv/detail/set_pan_tilt__type_support.cpp
[1.167s] -- Up-to-date: /home/cole/cole_ws/install/ptu_interfaces/include/ptu_interfaces/ptu_interfaces/srv/detail/get_limits__type_support.cpp
[1.167s] -- Up-to-date: /home/cole/cole_ws/install/ptu_interfaces/include/ptu_interfaces/ptu_interfaces/srv/detail/set_tilt__type_support.cpp
[1.167s] -- Up-to-date: /home/cole/cole_ws/install/ptu_interfaces/include/ptu_interfaces/ptu_interfaces/srv/detail/set_pan_tilt_speed__type_support.cpp
[1.167s] -- Up-to-date: /home/cole/cole_ws/install/ptu_interfaces/include/ptu_interfaces/ptu_interfaces/srv/detail/set_pan_tilt__rosidl_typesupport_introspection_cpp.hpp
[1.167s] -- Up-to-date: /home/cole/cole_ws/install/ptu_interfaces/include/ptu_interfaces/ptu_interfaces/srv/detail/set_pan__rosidl_typesupport_introspection_cpp.hpp
[1.167s] -- Up-to-date: /home/cole/cole_ws/install/ptu_interfaces/include/ptu_interfaces/ptu_interfaces/srv/detail/get_limits__rosidl_typesupport_introspection_cpp.hpp
[1.167s] -- Up-to-date: /home/cole/cole_ws/install/ptu_interfaces/include/ptu_interfaces/ptu_interfaces/srv/detail/set_pan__type_support.cpp
[1.167s] -- Up-to-date: /home/cole/cole_ws/install/ptu_interfaces/include/ptu_interfaces/ptu_interfaces/srv/detail/set_tilt__rosidl_typesupport_introspection_cpp.hpp
[1.167s] -- Up-to-date: /home/cole/cole_ws/install/ptu_interfaces/include/ptu_interfaces/ptu_interfaces/msg
[1.167s] -- Up-to-date: /home/cole/cole_ws/install/ptu_interfaces/include/ptu_interfaces/ptu_interfaces/msg/detail
[1.167s] -- Up-to-date: /home/cole/cole_ws/install/ptu_interfaces/include/ptu_interfaces/ptu_interfaces/msg/detail/ptu__type_support.cpp
[1.167s] -- Up-to-date: /home/cole/cole_ws/install/ptu_interfaces/include/ptu_interfaces/ptu_interfaces/msg/detail/ptu__rosidl_typesupport_introspection_cpp.hpp
[1.167s] -- Up-to-date: /home/cole/cole_ws/install/ptu_interfaces/include/ptu_interfaces/ptu_interfaces/action
[1.167s] -- Up-to-date: /home/cole/cole_ws/install/ptu_interfaces/include/ptu_interfaces/ptu_interfaces/action/detail
[1.167s] -- Up-to-date: /home/cole/cole_ws/install/ptu_interfaces/include/ptu_interfaces/ptu_interfaces/action/detail/set_pan_tilt__type_support.cpp
[1.167s] -- Up-to-date: /home/cole/cole_ws/install/ptu_interfaces/include/ptu_interfaces/ptu_interfaces/action/detail/set_tilt__type_support.cpp
[1.167s] -- Up-to-date: /home/cole/cole_ws/install/ptu_interfaces/include/ptu_interfaces/ptu_interfaces/action/detail/set_pan_tilt__rosidl_typesupport_introspection_cpp.hpp
[1.167s] -- Up-to-date: /home/cole/cole_ws/install/ptu_interfaces/include/ptu_interfaces/ptu_interfaces/action/detail/set_pan__rosidl_typesupport_introspection_cpp.hpp
[1.167s] -- Up-to-date: /home/cole/cole_ws/install/ptu_interfaces/include/ptu_interfaces/ptu_interfaces/action/detail/set_pan__type_support.cpp
[1.167s] -- Up-to-date: /home/cole/cole_ws/install/ptu_interfaces/include/ptu_interfaces/ptu_interfaces/action/detail/set_tilt__rosidl_typesupport_introspection_cpp.hpp
[1.167s] -- Up-to-date: /home/cole/cole_ws/install/ptu_interfaces/lib/libptu_interfaces__rosidl_typesupport_introspection_cpp.so
[1.167s] -- Up-to-date: /home/cole/cole_ws/install/ptu_interfaces/lib/libptu_interfaces__rosidl_typesupport_cpp.so
[1.167s] -- Up-to-date: /home/cole/cole_ws/install/ptu_interfaces/share/ptu_interfaces/environment/pythonpath.sh
[1.167s] -- Installing: /home/cole/cole_ws/install/ptu_interfaces/share/ptu_interfaces/environment/pythonpath.dsv
[1.167s] -- Up-to-date: /home/cole/cole_ws/install/ptu_interfaces/local/lib/python3.10/dist-packages/ptu_interfaces-0.0.0-py3.10.egg-info
[1.167s] -- Installing: /home/cole/cole_ws/install/ptu_interfaces/local/lib/python3.10/dist-packages/ptu_interfaces-0.0.0-py3.10.egg-info/top_level.txt
[1.167s] -- Installing: /home/cole/cole_ws/install/ptu_interfaces/local/lib/python3.10/dist-packages/ptu_interfaces-0.0.0-py3.10.egg-info/SOURCES.txt
[1.167s] -- Installing: /home/cole/cole_ws/install/ptu_interfaces/local/lib/python3.10/dist-packages/ptu_interfaces-0.0.0-py3.10.egg-info/dependency_links.txt
[1.167s] -- Installing: /home/cole/cole_ws/install/ptu_interfaces/local/lib/python3.10/dist-packages/ptu_interfaces-0.0.0-py3.10.egg-info/PKG-INFO
[1.167s] -- Up-to-date: /home/cole/cole_ws/install/ptu_interfaces/local/lib/python3.10/dist-packages/ptu_interfaces
[1.168s] -- Up-to-date: /home/cole/cole_ws/install/ptu_interfaces/local/lib/python3.10/dist-packages/ptu_interfaces/_ptu_interfaces_s.ep.rosidl_typesupport_c.c
[1.168s] -- Up-to-date: /home/cole/cole_ws/install/ptu_interfaces/local/lib/python3.10/dist-packages/ptu_interfaces/srv
[1.168s] -- Up-to-date: /home/cole/cole_ws/install/ptu_interfaces/local/lib/python3.10/dist-packages/ptu_interfaces/srv/__init__.py
[1.168s] -- Up-to-date: /home/cole/cole_ws/install/ptu_interfaces/local/lib/python3.10/dist-packages/ptu_interfaces/srv/_set_pan_tilt_s.c
[1.168s] -- Up-to-date: /home/cole/cole_ws/install/ptu_interfaces/local/lib/python3.10/dist-packages/ptu_interfaces/srv/_get_limits.py
[1.168s] -- Up-to-date: /home/cole/cole_ws/install/ptu_interfaces/local/lib/python3.10/dist-packages/ptu_interfaces/srv/_set_pan_tilt_speed.py
[1.168s] -- Up-to-date: /home/cole/cole_ws/install/ptu_interfaces/local/lib/python3.10/dist-packages/ptu_interfaces/srv/_set_tilt.py
[1.168s] -- Up-to-date: /home/cole/cole_ws/install/ptu_interfaces/local/lib/python3.10/dist-packages/ptu_interfaces/srv/_get_limits_s.c
[1.168s] -- Up-to-date: /home/cole/cole_ws/install/ptu_interfaces/local/lib/python3.10/dist-packages/ptu_interfaces/srv/_set_pan_tilt_speed_s.c
[1.168s] -- Up-to-date: /home/cole/cole_ws/install/ptu_interfaces/local/lib/python3.10/dist-packages/ptu_interfaces/srv/_set_pan_tilt.py
[1.168s] -- Up-to-date: /home/cole/cole_ws/install/ptu_interfaces/local/lib/python3.10/dist-packages/ptu_interfaces/srv/_set_tilt_s.c
[1.168s] -- Up-to-date: /home/cole/cole_ws/install/ptu_interfaces/local/lib/python3.10/dist-packages/ptu_interfaces/srv/_set_pan.py
[1.168s] -- Up-to-date: /home/cole/cole_ws/install/ptu_interfaces/local/lib/python3.10/dist-packages/ptu_interfaces/srv/_set_pan_s.c
[1.168s] -- Up-to-date: /home/cole/cole_ws/install/ptu_interfaces/local/lib/python3.10/dist-packages/ptu_interfaces/ptu_interfaces_s__rosidl_typesupport_fastrtps_c.cpython-310-x86_64-linux-gnu.so
[1.168s] -- Installing: /home/cole/cole_ws/install/ptu_interfaces/local/lib/python3.10/dist-packages/ptu_interfaces/__init__.py
[1.168s] -- Up-to-date: /home/cole/cole_ws/install/ptu_interfaces/local/lib/python3.10/dist-packages/ptu_interfaces/ptu_interfaces_s__rosidl_typesupport_introspection_c.cpython-310-x86_64-linux-gnu.so
[1.168s] -- Up-to-date: /home/cole/cole_ws/install/ptu_interfaces/local/lib/python3.10/dist-packages/ptu_interfaces/libptu_interfaces__rosidl_generator_py.so
[1.168s] -- Up-to-date: /home/cole/cole_ws/install/ptu_interfaces/local/lib/python3.10/dist-packages/ptu_interfaces/_ptu_interfaces_s.ep.rosidl_typesupport_introspection_c.c
[1.168s] -- Up-to-date: /home/cole/cole_ws/install/ptu_interfaces/local/lib/python3.10/dist-packages/ptu_interfaces/msg
[1.168s] -- Up-to-date: /home/cole/cole_ws/install/ptu_interfaces/local/lib/python3.10/dist-packages/ptu_interfaces/msg/_ptu.py
[1.168s] -- Up-to-date: /home/cole/cole_ws/install/ptu_interfaces/local/lib/python3.10/dist-packages/ptu_interfaces/msg/__init__.py
[1.168s] -- Up-to-date: /home/cole/cole_ws/install/ptu_interfaces/local/lib/python3.10/dist-packages/ptu_interfaces/msg/_ptu_s.c
[1.168s] -- Up-to-date: /home/cole/cole_ws/install/ptu_interfaces/local/lib/python3.10/dist-packages/ptu_interfaces/action
[1.168s] -- Up-to-date: /home/cole/cole_ws/install/ptu_interfaces/local/lib/python3.10/dist-packages/ptu_interfaces/action/__init__.py
[1.168s] -- Up-to-date: /home/cole/cole_ws/install/ptu_interfaces/local/lib/python3.10/dist-packages/ptu_interfaces/action/_set_pan_tilt_s.c
[1.168s] -- Up-to-date: /home/cole/cole_ws/install/ptu_interfaces/local/lib/python3.10/dist-packages/ptu_interfaces/action/_set_tilt.py
[1.168s] -- Up-to-date: /home/cole/cole_ws/install/ptu_interfaces/local/lib/python3.10/dist-packages/ptu_interfaces/action/_set_pan_tilt.py
[1.168s] -- Up-to-date: /home/cole/cole_ws/install/ptu_interfaces/local/lib/python3.10/dist-packages/ptu_interfaces/action/_set_tilt_s.c
[1.168s] -- Up-to-date: /home/cole/cole_ws/install/ptu_interfaces/local/lib/python3.10/dist-packages/ptu_interfaces/action/_set_pan.py
[1.168s] -- Up-to-date: /home/cole/cole_ws/install/ptu_interfaces/local/lib/python3.10/dist-packages/ptu_interfaces/action/_set_pan_s.c
[1.168s] -- Up-to-date: /home/cole/cole_ws/install/ptu_interfaces/local/lib/python3.10/dist-packages/ptu_interfaces/ptu_interfaces_s__rosidl_typesupport_c.cpython-310-x86_64-linux-gnu.so
[1.168s] -- Up-to-date: /home/cole/cole_ws/install/ptu_interfaces/local/lib/python3.10/dist-packages/ptu_interfaces/_ptu_interfaces_s.ep.rosidl_typesupport_fastrtps_c.c
[1.187s] Listing '/home/cole/cole_ws/install/ptu_interfaces/local/lib/python3.10/dist-packages/ptu_interfaces'...
[1.187s] Compiling '/home/cole/cole_ws/install/ptu_interfaces/local/lib/python3.10/dist-packages/ptu_interfaces/__init__.py'...
[1.188s] Listing '/home/cole/cole_ws/install/ptu_interfaces/local/lib/python3.10/dist-packages/ptu_interfaces/action'...
[1.188s] Listing '/home/cole/cole_ws/install/ptu_interfaces/local/lib/python3.10/dist-packages/ptu_interfaces/msg'...
[1.188s] Listing '/home/cole/cole_ws/install/ptu_interfaces/local/lib/python3.10/dist-packages/ptu_interfaces/srv'...
[1.191s] -- Up-to-date: /home/cole/cole_ws/install/ptu_interfaces/local/lib/python3.10/dist-packages/ptu_interfaces/ptu_interfaces_s__rosidl_typesupport_fastrtps_c.cpython-310-x86_64-linux-gnu.so
[1.191s] -- Up-to-date: /home/cole/cole_ws/install/ptu_interfaces/local/lib/python3.10/dist-packages/ptu_interfaces/ptu_interfaces_s__rosidl_typesupport_introspection_c.cpython-310-x86_64-linux-gnu.so
[1.191s] -- Up-to-date: /home/cole/cole_ws/install/ptu_interfaces/local/lib/python3.10/dist-packages/ptu_interfaces/ptu_interfaces_s__rosidl_typesupport_c.cpython-310-x86_64-linux-gnu.so
[1.191s] -- Up-to-date: /home/cole/cole_ws/install/ptu_interfaces/lib/libptu_interfaces__rosidl_generator_py.so
[1.191s] -- Up-to-date: /home/cole/cole_ws/install/ptu_interfaces/share/ptu_interfaces/msg/PTU.idl
[1.191s] -- Up-to-date: /home/cole/cole_ws/install/ptu_interfaces/share/ptu_interfaces/srv/SetPan.idl
[1.191s] -- Up-to-date: /home/cole/cole_ws/install/ptu_interfaces/share/ptu_interfaces/srv/SetTilt.idl
[1.191s] -- Up-to-date: /home/cole/cole_ws/install/ptu_interfaces/share/ptu_interfaces/srv/SetPanTilt.idl
[1.191s] -- Up-to-date: /home/cole/cole_ws/install/ptu_interfaces/share/ptu_interfaces/srv/SetPanTiltSpeed.idl
[1.192s] -- Up-to-date: /home/cole/cole_ws/install/ptu_interfaces/share/ptu_interfaces/srv/GetLimits.idl
[1.192s] -- Up-to-date: /home/cole/cole_ws/install/ptu_interfaces/share/ptu_interfaces/action/SetPan.idl
[1.192s] -- Up-to-date: /home/cole/cole_ws/install/ptu_interfaces/share/ptu_interfaces/action/SetTilt.idl
[1.192s] -- Up-to-date: /home/cole/cole_ws/install/ptu_interfaces/share/ptu_interfaces/action/SetPanTilt.idl
[1.192s] -- Up-to-date: /home/cole/cole_ws/install/ptu_interfaces/share/ptu_interfaces/msg/PTU.msg
[1.192s] -- Up-to-date: /home/cole/cole_ws/install/ptu_interfaces/share/ptu_interfaces/srv/SetPan.srv
[1.192s] -- Up-to-date: /home/cole/cole_ws/install/ptu_interfaces/share/ptu_interfaces/srv/SetPan_Request.msg
[1.192s] -- Up-to-date: /home/cole/cole_ws/install/ptu_interfaces/share/ptu_interfaces/srv/SetPan_Response.msg
[1.192s] -- Up-to-date: /home/cole/cole_ws/install/ptu_interfaces/share/ptu_interfaces/srv/SetTilt.srv
[1.192s] -- Up-to-date: /home/cole/cole_ws/install/ptu_interfaces/share/ptu_interfaces/srv/SetTilt_Request.msg
[1.192s] -- Up-to-date: /home/cole/cole_ws/install/ptu_interfaces/share/ptu_interfaces/srv/SetTilt_Response.msg
[1.192s] -- Up-to-date: /home/cole/cole_ws/install/ptu_interfaces/share/ptu_interfaces/srv/SetPanTilt.srv
[1.192s] -- Up-to-date: /home/cole/cole_ws/install/ptu_interfaces/share/ptu_interfaces/srv/SetPanTilt_Request.msg
[1.192s] -- Up-to-date: /home/cole/cole_ws/install/ptu_interfaces/share/ptu_interfaces/srv/SetPanTilt_Response.msg
[1.193s] -- Up-to-date: /home/cole/cole_ws/install/ptu_interfaces/share/ptu_interfaces/srv/SetPanTiltSpeed.srv
[1.193s] -- Up-to-date: /home/cole/cole_ws/install/ptu_interfaces/share/ptu_interfaces/srv/SetPanTiltSpeed_Request.msg
[1.193s] -- Up-to-date: /home/cole/cole_ws/install/ptu_interfaces/share/ptu_interfaces/srv/SetPanTiltSpeed_Response.msg
[1.193s] -- Up-to-date: /home/cole/cole_ws/install/ptu_interfaces/share/ptu_interfaces/srv/GetLimits.srv
[1.193s] -- Up-to-date: /home/cole/cole_ws/install/ptu_interfaces/share/ptu_interfaces/srv/GetLimits_Request.msg
[1.193s] -- Up-to-date: /home/cole/cole_ws/install/ptu_interfaces/share/ptu_interfaces/srv/GetLimits_Response.msg
[1.193s] -- Up-to-date: /home/cole/cole_ws/install/ptu_interfaces/share/ptu_interfaces/action/SetPan.action
[1.193s] -- Up-to-date: /home/cole/cole_ws/install/ptu_interfaces/share/ptu_interfaces/action/SetTilt.action
[1.193s] -- Installing: /home/cole/cole_ws/install/ptu_interfaces/share/ptu_interfaces/action/SetPanTilt.action
[1.193s] -- Up-to-date: /home/cole/cole_ws/install/ptu_interfaces/share/ament_index/resource_index/package_run_dependencies/ptu_interfaces
[1.193s] -- Installing: /home/cole/cole_ws/install/ptu_interfaces/share/ament_index/resource_index/parent_prefix_path/ptu_interfaces
[1.193s] -- Up-to-date: /home/cole/cole_ws/install/ptu_interfaces/share/ptu_interfaces/environment/ament_prefix_path.sh
[1.193s] -- Installing: /home/cole/cole_ws/install/ptu_interfaces/share/ptu_interfaces/environment/ament_prefix_path.dsv
[1.193s] -- Up-to-date: /home/cole/cole_ws/install/ptu_interfaces/share/ptu_interfaces/environment/path.sh
[1.193s] -- Installing: /home/cole/cole_ws/install/ptu_interfaces/share/ptu_interfaces/environment/path.dsv
[1.194s] -- Up-to-date: /home/cole/cole_ws/install/ptu_interfaces/share/ptu_interfaces/local_setup.bash
[1.194s] -- Up-to-date: /home/cole/cole_ws/install/ptu_interfaces/share/ptu_interfaces/local_setup.sh
[1.194s] -- Up-to-date: /home/cole/cole_ws/install/ptu_interfaces/share/ptu_interfaces/local_setup.zsh
[1.194s] -- Installing: /home/cole/cole_ws/install/ptu_interfaces/share/ptu_interfaces/local_setup.dsv
[1.194s] -- Installing: /home/cole/cole_ws/install/ptu_interfaces/share/ptu_interfaces/package.dsv
[1.194s] -- Up-to-date: /home/cole/cole_ws/install/ptu_interfaces/share/ament_index/resource_index/packages/ptu_interfaces
[1.194s] -- Up-to-date: /home/cole/cole_ws/install/ptu_interfaces/share/ptu_interfaces/cmake/export_ptu_interfaces__rosidl_generator_cExport.cmake
[1.194s] -- Up-to-date: /home/cole/cole_ws/install/ptu_interfaces/share/ptu_interfaces/cmake/export_ptu_interfaces__rosidl_generator_cExport-noconfig.cmake
[1.194s] -- Up-to-date: /home/cole/cole_ws/install/ptu_interfaces/share/ptu_interfaces/cmake/export_ptu_interfaces__rosidl_typesupport_fastrtps_cExport.cmake
[1.194s] -- Up-to-date: /home/cole/cole_ws/install/ptu_interfaces/share/ptu_interfaces/cmake/export_ptu_interfaces__rosidl_typesupport_fastrtps_cExport-noconfig.cmake
[1.194s] -- Up-to-date: /home/cole/cole_ws/install/ptu_interfaces/share/ptu_interfaces/cmake/export_ptu_interfaces__rosidl_generator_cppExport.cmake
[1.195s] -- Up-to-date: /home/cole/cole_ws/install/ptu_interfaces/share/ptu_interfaces/cmake/export_ptu_interfaces__rosidl_typesupport_fastrtps_cppExport.cmake
[1.195s] -- Up-to-date: /home/cole/cole_ws/install/ptu_interfaces/share/ptu_interfaces/cmake/export_ptu_interfaces__rosidl_typesupport_fastrtps_cppExport-noconfig.cmake
[1.195s] -- Up-to-date: /home/cole/cole_ws/install/ptu_interfaces/share/ptu_interfaces/cmake/ptu_interfaces__rosidl_typesupport_introspection_cExport.cmake
[1.195s] -- Up-to-date: /home/cole/cole_ws/install/ptu_interfaces/share/ptu_interfaces/cmake/ptu_interfaces__rosidl_typesupport_introspection_cExport-noconfig.cmake
[1.195s] -- Up-to-date: /home/cole/cole_ws/install/ptu_interfaces/share/ptu_interfaces/cmake/ptu_interfaces__rosidl_typesupport_cExport.cmake
[1.195s] -- Up-to-date: /home/cole/cole_ws/install/ptu_interfaces/share/ptu_interfaces/cmake/ptu_interfaces__rosidl_typesupport_cExport-noconfig.cmake
[1.195s] -- Up-to-date: /home/cole/cole_ws/install/ptu_interfaces/share/ptu_interfaces/cmake/ptu_interfaces__rosidl_typesupport_introspection_cppExport.cmake
[1.195s] -- Up-to-date: /home/cole/cole_ws/install/ptu_interfaces/share/ptu_interfaces/cmake/ptu_interfaces__rosidl_typesupport_introspection_cppExport-noconfig.cmake
[1.195s] -- Up-to-date: /home/cole/cole_ws/install/ptu_interfaces/share/ptu_interfaces/cmake/ptu_interfaces__rosidl_typesupport_cppExport.cmake
[1.195s] -- Up-to-date: /home/cole/cole_ws/install/ptu_interfaces/share/ptu_interfaces/cmake/ptu_interfaces__rosidl_typesupport_cppExport-noconfig.cmake
[1.195s] -- Up-to-date: /home/cole/cole_ws/install/ptu_interfaces/share/ptu_interfaces/cmake/export_ptu_interfaces__rosidl_generator_pyExport.cmake
[1.195s] -- Up-to-date: /home/cole/cole_ws/install/ptu_interfaces/share/ptu_interfaces/cmake/export_ptu_interfaces__rosidl_generator_pyExport-noconfig.cmake
[1.195s] -- Up-to-date: /home/cole/cole_ws/install/ptu_interfaces/share/ptu_interfaces/cmake/rosidl_cmake-extras.cmake
[1.195s] -- Up-to-date: /home/cole/cole_ws/install/ptu_interfaces/share/ptu_interfaces/cmake/ament_cmake_export_dependencies-extras.cmake
[1.195s] -- Up-to-date: /home/cole/cole_ws/install/ptu_interfaces/share/ptu_interfaces/cmake/ament_cmake_export_include_directories-extras.cmake
[1.195s] -- Up-to-date: /home/cole/cole_ws/install/ptu_interfaces/share/ptu_interfaces/cmake/ament_cmake_export_libraries-extras.cmake
[1.195s] -- Up-to-date: /home/cole/cole_ws/install/ptu_interfaces/share/ptu_interfaces/cmake/ament_cmake_export_targets-extras.cmake
[1.195s] -- Up-to-date: /home/cole/cole_ws/install/ptu_interfaces/share/ptu_interfaces/cmake/rosidl_cmake_export_typesupport_targets-extras.cmake
[1.195s] -- Up-to-date: /home/cole/cole_ws/install/ptu_interfaces/share/ptu_interfaces/cmake/rosidl_cmake_export_typesupport_libraries-extras.cmake
[1.195s] -- Up-to-date: /home/cole/cole_ws/install/ptu_interfaces/share/ptu_interfaces/cmake/ptu_interfacesConfig.cmake
[1.195s] -- Up-to-date: /home/cole/cole_ws/install/ptu_interfaces/share/ptu_interfaces/cmake/ptu_interfacesConfig-version.cmake
[1.196s] -- Up-to-date: /home/cole/cole_ws/install/ptu_interfaces/share/ptu_interfaces/package.xml
[1.196s] Invoked command in '/home/cole/cole_ws/build/ptu_interfaces' returned '0': CMAKE_PREFIX_PATH=${CMAKE_PREFIX_PATH}:/home/cole/cole_ws/install/pan_tilt_control:/home/cole/cole_ws/install/video_stream:/home/cole/cole_ws/install/camera:/opt/ros/humble /usr/bin/cmake --install /home/cole/cole_ws/build/ptu_interfaces
