[0.402s] Invoking command in '/home/cole/cole_ws/src/video_stream': PYTHONPATH=/home/cole/cole_ws/build/video_stream/prefix_override:/usr/lib/python3/dist-packages/colcon_core/task/python/colcon_distutils_commands:/home/cole/cole_ws/install/video_stream/lib/python3.10/site-packages:${PYTHONPATH} /usr/bin/python3 -W ignore:setup.py install is deprecated -W ignore:easy_install command is deprecated setup.py egg_info --egg-base ../../build/video_stream build --build-base /home/cole/cole_ws/build/video_stream/build install --record /home/cole/cole_ws/build/video_stream/install.log --single-version-externally-managed install_data
[0.551s] running egg_info
[0.551s] writing ../../build/video_stream/video_stream.egg-info/PKG-INFO
[0.551s] writing dependency_links to ../../build/video_stream/video_stream.egg-info/dependency_links.txt
[0.551s] writing entry points to ../../build/video_stream/video_stream.egg-info/entry_points.txt
[0.551s] writing requirements to ../../build/video_stream/video_stream.egg-info/requires.txt
[0.552s] writing top-level names to ../../build/video_stream/video_stream.egg-info/top_level.txt
[0.553s] reading manifest file '../../build/video_stream/video_stream.egg-info/SOURCES.txt'
[0.553s] adding license file 'LICENSE'
[0.553s] writing manifest file '../../build/video_stream/video_stream.egg-info/SOURCES.txt'
[0.553s] running build
[0.553s] running build_py
[0.553s] running install
[0.553s] running install_lib
[0.554s] running install_data
[0.554s] running install_egg_info
[0.555s] removing '/home/cole/cole_ws/install/video_stream/lib/python3.10/site-packages/video_stream-0.0.0-py3.10.egg-info' (and everything under it)
[0.556s] Copying ../../build/video_stream/video_stream.egg-info to /home/cole/cole_ws/install/video_stream/lib/python3.10/site-packages/video_stream-0.0.0-py3.10.egg-info
[0.556s] running install_scripts
[0.569s] Installing video_pub script to /home/cole/cole_ws/install/video_stream/lib/video_stream
[0.569s] writing list of installed files to '/home/cole/cole_ws/build/video_stream/install.log'
[0.583s] Invoked command in '/home/cole/cole_ws/src/video_stream' returned '0': PYTHONPATH=/home/cole/cole_ws/build/video_stream/prefix_override:/usr/lib/python3/dist-packages/colcon_core/task/python/colcon_distutils_commands:/home/cole/cole_ws/install/video_stream/lib/python3.10/site-packages:${PYTHONPATH} /usr/bin/python3 -W ignore:setup.py install is deprecated -W ignore:easy_install command is deprecated setup.py egg_info --egg-base ../../build/video_stream build --build-base /home/cole/cole_ws/build/video_stream/build install --record /home/cole/cole_ws/build/video_stream/install.log --single-version-externally-managed install_data
