[0.440s] Invoking command in '/home/cole/cole_ws/src/video_stream': PYTHONPATH=/home/cole/cole_ws/build/video_stream/prefix_override:/usr/lib/python3/dist-packages/colcon_core/task/python/colcon_distutils_commands:/home/cole/cole_ws/install/video_stream/lib/python3.10/site-packages:${PYTHONPATH} /usr/bin/python3 -W ignore:setup.py install is deprecated -W ignore:easy_install command is deprecated setup.py egg_info --egg-base ../../build/video_stream build --build-base /home/cole/cole_ws/build/video_stream/build install --record /home/cole/cole_ws/build/video_stream/install.log --single-version-externally-managed install_data
[0.595s] running egg_info
[0.596s] writing ../../build/video_stream/video_stream.egg-info/PKG-INFO
[0.605s] writing dependency_links to ../../build/video_stream/video_stream.egg-info/dependency_links.txt
[0.605s] writing entry points to ../../build/video_stream/video_stream.egg-info/entry_points.txt
[0.605s] writing requirements to ../../build/video_stream/video_stream.egg-info/requires.txt
[0.605s] writing top-level names to ../../build/video_stream/video_stream.egg-info/top_level.txt
[0.606s] reading manifest file '../../build/video_stream/video_stream.egg-info/SOURCES.txt'
[0.607s] adding license file 'LICENSE'
[0.607s] writing manifest file '../../build/video_stream/video_stream.egg-info/SOURCES.txt'
[0.607s] running build
[0.607s] running build_py
[0.608s] copying video_stream/video_pub.py -> /home/cole/cole_ws/build/video_stream/build/lib/video_stream
[0.608s] running install
[0.608s] running install_lib
[0.608s] copying /home/cole/cole_ws/build/video_stream/build/lib/video_stream/video_pub.py -> /home/cole/cole_ws/install/video_stream/lib/python3.10/site-packages/video_stream
[0.609s] byte-compiling /home/cole/cole_ws/install/video_stream/lib/python3.10/site-packages/video_stream/video_pub.py to video_pub.cpython-310.pyc
[0.609s] running install_data
[0.609s] running install_egg_info
[0.610s] removing '/home/cole/cole_ws/install/video_stream/lib/python3.10/site-packages/video_stream-0.0.0-py3.10.egg-info' (and everything under it)
[0.611s] Copying ../../build/video_stream/video_stream.egg-info to /home/cole/cole_ws/install/video_stream/lib/python3.10/site-packages/video_stream-0.0.0-py3.10.egg-info
[0.611s] running install_scripts
[0.625s] Installing video_detect_pub script to /home/cole/cole_ws/install/video_stream/lib/video_stream
[0.625s] Installing video_pub script to /home/cole/cole_ws/install/video_stream/lib/video_stream
[0.625s] writing list of installed files to '/home/cole/cole_ws/build/video_stream/install.log'
[0.639s] Invoked command in '/home/cole/cole_ws/src/video_stream' returned '0': PYTHONPATH=/home/cole/cole_ws/build/video_stream/prefix_override:/usr/lib/python3/dist-packages/colcon_core/task/python/colcon_distutils_commands:/home/cole/cole_ws/install/video_stream/lib/python3.10/site-packages:${PYTHONPATH} /usr/bin/python3 -W ignore:setup.py install is deprecated -W ignore:easy_install command is deprecated setup.py egg_info --egg-base ../../build/video_stream build --build-base /home/cole/cole_ws/build/video_stream/build install --record /home/cole/cole_ws/build/video_stream/install.log --single-version-externally-managed install_data
