[0.444s] Invoking command in '/home/cole/cole_ws/src/video_stream': PYTHONPATH=/home/cole/cole_ws/build/video_stream/prefix_override:/usr/lib/python3/dist-packages/colcon_core/task/python/colcon_distutils_commands:/home/cole/cole_ws/install/video_stream/lib/python3.10/site-packages:${PYTHONPATH} /usr/bin/python3 -W ignore:setup.py install is deprecated -W ignore:easy_install command is deprecated setup.py egg_info --egg-base ../../build/video_stream build --build-base /home/cole/cole_ws/build/video_stream/build install --record /home/cole/cole_ws/build/video_stream/install.log --single-version-externally-managed install_data
[0.600s] running egg_info
[0.601s] writing ../../build/video_stream/video_stream.egg-info/PKG-INFO
[0.601s] writing dependency_links to ../../build/video_stream/video_stream.egg-info/dependency_links.txt
[0.601s] writing entry points to ../../build/video_stream/video_stream.egg-info/entry_points.txt
[0.601s] writing requirements to ../../build/video_stream/video_stream.egg-info/requires.txt
[0.601s] writing top-level names to ../../build/video_stream/video_stream.egg-info/top_level.txt
[0.602s] reading manifest file '../../build/video_stream/video_stream.egg-info/SOURCES.txt'
[0.602s] adding license file 'LICENSE'
[0.603s] writing manifest file '../../build/video_stream/video_stream.egg-info/SOURCES.txt'
[0.603s] running build
[0.603s] running build_py
[0.603s] copying video_stream/video_pub.py -> /home/cole/cole_ws/build/video_stream/build/lib/video_stream
[0.603s] running install
[0.604s] running install_lib
[0.604s] copying /home/cole/cole_ws/build/video_stream/build/lib/video_stream/video_pub.py -> /home/cole/cole_ws/install/video_stream/lib/python3.10/site-packages/video_stream
[0.605s] byte-compiling /home/cole/cole_ws/install/video_stream/lib/python3.10/site-packages/video_stream/video_pub.py to video_pub.cpython-310.pyc
[0.605s] running install_data
[0.605s] copying package.xml -> /home/cole/cole_ws/install/video_stream/share/video_stream
[0.605s] running install_egg_info
[0.607s] removing '/home/cole/cole_ws/install/video_stream/lib/python3.10/site-packages/video_stream-0.0.0-py3.10.egg-info' (and everything under it)
[0.607s] Copying ../../build/video_stream/video_stream.egg-info to /home/cole/cole_ws/install/video_stream/lib/python3.10/site-packages/video_stream-0.0.0-py3.10.egg-info
[0.608s] running install_scripts
[0.623s] Installing video_pub script to /home/cole/cole_ws/install/video_stream/lib/video_stream
[0.624s] writing list of installed files to '/home/cole/cole_ws/build/video_stream/install.log'
[0.638s] Invoked command in '/home/cole/cole_ws/src/video_stream' returned '0': PYTHONPATH=/home/cole/cole_ws/build/video_stream/prefix_override:/usr/lib/python3/dist-packages/colcon_core/task/python/colcon_distutils_commands:/home/cole/cole_ws/install/video_stream/lib/python3.10/site-packages:${PYTHONPATH} /usr/bin/python3 -W ignore:setup.py install is deprecated -W ignore:easy_install command is deprecated setup.py egg_info --egg-base ../../build/video_stream build --build-base /home/cole/cole_ws/build/video_stream/build install --record /home/cole/cole_ws/build/video_stream/install.log --single-version-externally-managed install_data
