[0.018s] Invoking command in '/home/cole/cole_ws/build/ptu_interfaces': CMAKE_PREFIX_PATH=${CMAKE_PREFIX_PATH}:/home/cole/cole_ws/install/video_stream:/home/cole/cole_ws/install/pan_tilt_control:/home/cole/cole_ws/install/camera:/opt/ros/humble /usr/bin/cmake --build /home/cole/cole_ws/build/ptu_interfaces -- -j16 -l16
[0.204s] [  1%] Built target ptu_interfaces__cpp
[0.204s] [ 12%] Built target ptu_interfaces__rosidl_generator_c
[0.204s] [ 12%] Built target ament_cmake_python_copy_ptu_interfaces
[0.204s] [ 24%] Built target ptu_interfaces__rosidl_typesupport_fastrtps_c
[0.204s] [ 35%] Built target ptu_interfaces__rosidl_typesupport_introspection_cpp
[0.204s] [ 47%] Built target ptu_interfaces__rosidl_typesupport_introspection_c
[0.204s] [ 62%] Built target ptu_interfaces__rosidl_typesupport_c
[0.204s] [ 70%] Built target ptu_interfaces__rosidl_typesupport_cpp
[0.204s] [ 82%] Built target ptu_interfaces__rosidl_typesupport_fastrtps_cpp
[0.204s] [ 82%] Built target ptu_interfaces
[0.204s] [ 83%] Built target ptu_interfaces__py
[0.205s] [ 93%] Built target ptu_interfaces__rosidl_generator_py
[0.205s] [ 95%] Built target ptu_interfaces__rosidl_typesupport_fastrtps_c__pyext
[0.205s] [ 97%] Built target ptu_interfaces__rosidl_typesupport_introspection_c__pyext
[0.205s] [100%] Built target ptu_interfaces__rosidl_typesupport_c__pyext
[0.239s] running egg_info
[0.239s] writing ptu_interfaces.egg-info/PKG-INFO
[0.239s] writing dependency_links to ptu_interfaces.egg-info/dependency_links.txt
[0.239s] writing top-level names to ptu_interfaces.egg-info/top_level.txt
[0.241s] reading manifest file 'ptu_interfaces.egg-info/SOURCES.txt'
[0.241s] writing manifest file 'ptu_interfaces.egg-info/SOURCES.txt'
[0.258s] [100%] Built target ament_cmake_python_build_ptu_interfaces_egg
[0.392s] Invoked command in '/home/cole/cole_ws/build/ptu_interfaces' returned '0': CMAKE_PREFIX_PATH=${CMAKE_PREFIX_PATH}:/home/cole/cole_ws/install/video_stream:/home/cole/cole_ws/install/pan_tilt_control:/home/cole/cole_ws/install/camera:/opt/ros/humble /usr/bin/cmake --build /home/cole/cole_ws/build/ptu_interfaces -- -j16 -l16
[0.394s] Invoking command in '/home/cole/cole_ws/build/ptu_interfaces': CMAKE_PREFIX_PATH=${CMAKE_PREFIX_PATH}:/home/cole/cole_ws/install/video_stream:/home/cole/cole_ws/install/pan_tilt_control:/home/cole/cole_ws/install/camera:/opt/ros/humble /usr/bin/cmake --install /home/cole/cole_ws/build/ptu_interfaces
[0.406s] -- Install configuration: ""
[0.407s] -- Up-to-date: /home/cole/cole_ws/install/ptu_interfaces/share/ament_index/resource_index/rosidl_interfaces/ptu_interfaces
[0.407s] -- Up-to-date: /home/cole/cole_ws/install/ptu_interfaces/include/ptu_interfaces/ptu_interfaces
[0.407s] -- Up-to-date: /home/cole/cole_ws/install/ptu_interfaces/include/ptu_interfaces/ptu_interfaces/srv
[0.408s] -- Up-to-date: /home/cole/cole_ws/install/ptu_interfaces/include/ptu_interfaces/ptu_interfaces/srv/set_tilt.h
[0.408s] -- Up-to-date: /home/cole/cole_ws/install/ptu_interfaces/include/ptu_interfaces/ptu_interfaces/srv/get_limits.h
[0.408s] -- Up-to-date: /home/cole/cole_ws/install/ptu_interfaces/include/ptu_interfaces/ptu_interfaces/srv/set_pan_tilt.h
[0.408s] -- Up-to-date: /home/cole/cole_ws/install/ptu_interfaces/include/ptu_interfaces/ptu_interfaces/srv/detail
[0.408s] -- Up-to-date: /home/cole/cole_ws/install/ptu_interfaces/include/ptu_interfaces/ptu_interfaces/srv/detail/set_pan_tilt__functions.c
[0.408s] -- Up-to-date: /home/cole/cole_ws/install/ptu_interfaces/include/ptu_interfaces/ptu_interfaces/srv/detail/set_tilt__struct.h
[0.408s] -- Up-to-date: /home/cole/cole_ws/install/ptu_interfaces/include/ptu_interfaces/ptu_interfaces/srv/detail/set_tilt__functions.h
[0.408s] -- Up-to-date: /home/cole/cole_ws/install/ptu_interfaces/include/ptu_interfaces/ptu_interfaces/srv/detail/set_pan_tilt_speed__functions.h
[0.409s] -- Up-to-date: /home/cole/cole_ws/install/ptu_interfaces/include/ptu_interfaces/ptu_interfaces/srv/detail/set_pan_tilt__functions.h
[0.409s] -- Up-to-date: /home/cole/cole_ws/install/ptu_interfaces/include/ptu_interfaces/ptu_interfaces/srv/detail/get_limits__struct.h
[0.409s] -- Up-to-date: /home/cole/cole_ws/install/ptu_interfaces/include/ptu_interfaces/ptu_interfaces/srv/detail/set_pan__struct.h
[0.409s] -- Up-to-date: /home/cole/cole_ws/install/ptu_interfaces/include/ptu_interfaces/ptu_interfaces/srv/detail/get_limits__functions.h
[0.409s] -- Up-to-date: /home/cole/cole_ws/install/ptu_interfaces/include/ptu_interfaces/ptu_interfaces/srv/detail/set_pan_tilt_speed__type_support.h
[0.409s] -- Up-to-date: /home/cole/cole_ws/install/ptu_interfaces/include/ptu_interfaces/ptu_interfaces/srv/detail/set_pan_tilt__type_support.h
[0.409s] -- Up-to-date: /home/cole/cole_ws/install/ptu_interfaces/include/ptu_interfaces/ptu_interfaces/srv/detail/set_pan_tilt_speed__functions.c
[0.409s] -- Up-to-date: /home/cole/cole_ws/install/ptu_interfaces/include/ptu_interfaces/ptu_interfaces/srv/detail/get_limits__type_support.h
[0.409s] -- Up-to-date: /home/cole/cole_ws/install/ptu_interfaces/include/ptu_interfaces/ptu_interfaces/srv/detail/set_pan__functions.h
[0.409s] -- Up-to-date: /home/cole/cole_ws/install/ptu_interfaces/include/ptu_interfaces/ptu_interfaces/srv/detail/set_tilt__functions.c
[0.410s] -- Up-to-date: /home/cole/cole_ws/install/ptu_interfaces/include/ptu_interfaces/ptu_interfaces/srv/detail/set_pan__functions.c
[0.410s] -- Up-to-date: /home/cole/cole_ws/install/ptu_interfaces/include/ptu_interfaces/ptu_interfaces/srv/detail/set_pan_tilt_speed__struct.h
[0.410s] -- Up-to-date: /home/cole/cole_ws/install/ptu_interfaces/include/ptu_interfaces/ptu_interfaces/srv/detail/set_tilt__type_support.h
[0.410s] -- Up-to-date: /home/cole/cole_ws/install/ptu_interfaces/include/ptu_interfaces/ptu_interfaces/srv/detail/get_limits__functions.c
[0.410s] -- Up-to-date: /home/cole/cole_ws/install/ptu_interfaces/include/ptu_interfaces/ptu_interfaces/srv/detail/set_pan__type_support.h
[0.410s] -- Up-to-date: /home/cole/cole_ws/install/ptu_interfaces/include/ptu_interfaces/ptu_interfaces/srv/detail/set_pan_tilt__struct.h
[0.410s] -- Up-to-date: /home/cole/cole_ws/install/ptu_interfaces/include/ptu_interfaces/ptu_interfaces/srv/set_pan.h
[0.410s] -- Up-to-date: /home/cole/cole_ws/install/ptu_interfaces/include/ptu_interfaces/ptu_interfaces/srv/set_pan_tilt_speed.h
[0.411s] -- Up-to-date: /home/cole/cole_ws/install/ptu_interfaces/include/ptu_interfaces/ptu_interfaces/msg
[0.411s] -- Up-to-date: /home/cole/cole_ws/install/ptu_interfaces/include/ptu_interfaces/ptu_interfaces/msg/rosidl_generator_c__visibility_control.h
[0.411s] -- Up-to-date: /home/cole/cole_ws/install/ptu_interfaces/include/ptu_interfaces/ptu_interfaces/msg/detail
[0.411s] -- Up-to-date: /home/cole/cole_ws/install/ptu_interfaces/include/ptu_interfaces/ptu_interfaces/msg/detail/ptu__struct.h
[0.411s] -- Up-to-date: /home/cole/cole_ws/install/ptu_interfaces/include/ptu_interfaces/ptu_interfaces/msg/detail/ptu__type_support.h
[0.411s] -- Up-to-date: /home/cole/cole_ws/install/ptu_interfaces/include/ptu_interfaces/ptu_interfaces/msg/detail/ptu__functions.c
[0.411s] -- Up-to-date: /home/cole/cole_ws/install/ptu_interfaces/include/ptu_interfaces/ptu_interfaces/msg/detail/ptu__functions.h
[0.411s] -- Up-to-date: /home/cole/cole_ws/install/ptu_interfaces/include/ptu_interfaces/ptu_interfaces/msg/ptu.h
[0.411s] -- Up-to-date: /home/cole/cole_ws/install/ptu_interfaces/include/ptu_interfaces/ptu_interfaces/action
[0.411s] -- Up-to-date: /home/cole/cole_ws/install/ptu_interfaces/include/ptu_interfaces/ptu_interfaces/action/set_tilt.h
[0.411s] -- Up-to-date: /home/cole/cole_ws/install/ptu_interfaces/include/ptu_interfaces/ptu_interfaces/action/set_pan_tilt.h
[0.411s] -- Up-to-date: /home/cole/cole_ws/install/ptu_interfaces/include/ptu_interfaces/ptu_interfaces/action/detail
[0.411s] -- Up-to-date: /home/cole/cole_ws/install/ptu_interfaces/include/ptu_interfaces/ptu_interfaces/action/detail/set_pan_tilt__functions.c
[0.411s] -- Up-to-date: /home/cole/cole_ws/install/ptu_interfaces/include/ptu_interfaces/ptu_interfaces/action/detail/set_tilt__struct.h
[0.411s] -- Up-to-date: /home/cole/cole_ws/install/ptu_interfaces/include/ptu_interfaces/ptu_interfaces/action/detail/set_tilt__functions.h
[0.411s] -- Up-to-date: /home/cole/cole_ws/install/ptu_interfaces/include/ptu_interfaces/ptu_interfaces/action/detail/set_pan_tilt__functions.h
[0.411s] -- Up-to-date: /home/cole/cole_ws/install/ptu_interfaces/include/ptu_interfaces/ptu_interfaces/action/detail/set_pan__struct.h
[0.411s] -- Up-to-date: /home/cole/cole_ws/install/ptu_interfaces/include/ptu_interfaces/ptu_interfaces/action/detail/set_pan_tilt__type_support.h
[0.411s] -- Up-to-date: /home/cole/cole_ws/install/ptu_interfaces/include/ptu_interfaces/ptu_interfaces/action/detail/set_pan__functions.h
[0.411s] -- Up-to-date: /home/cole/cole_ws/install/ptu_interfaces/include/ptu_interfaces/ptu_interfaces/action/detail/set_tilt__functions.c
[0.411s] -- Up-to-date: /home/cole/cole_ws/install/ptu_interfaces/include/ptu_interfaces/ptu_interfaces/action/detail/set_pan__functions.c
[0.412s] -- Up-to-date: /home/cole/cole_ws/install/ptu_interfaces/include/ptu_interfaces/ptu_interfaces/action/detail/set_tilt__type_support.h
[0.412s] -- Up-to-date: /home/cole/cole_ws/install/ptu_interfaces/include/ptu_interfaces/ptu_interfaces/action/detail/set_pan__type_support.h
[0.412s] -- Up-to-date: /home/cole/cole_ws/install/ptu_interfaces/include/ptu_interfaces/ptu_interfaces/action/detail/set_pan_tilt__struct.h
[0.412s] -- Up-to-date: /home/cole/cole_ws/install/ptu_interfaces/include/ptu_interfaces/ptu_interfaces/action/set_pan.h
[0.412s] -- Up-to-date: /home/cole/cole_ws/install/ptu_interfaces/share/ptu_interfaces/environment/library_path.sh
[0.412s] -- Up-to-date: /home/cole/cole_ws/install/ptu_interfaces/share/ptu_interfaces/environment/library_path.dsv
[0.412s] -- Up-to-date: /home/cole/cole_ws/install/ptu_interfaces/lib/libptu_interfaces__rosidl_generator_c.so
[0.412s] -- Up-to-date: /home/cole/cole_ws/install/ptu_interfaces/include/ptu_interfaces/ptu_interfaces
[0.412s] -- Up-to-date: /home/cole/cole_ws/install/ptu_interfaces/include/ptu_interfaces/ptu_interfaces/srv
[0.412s] -- Up-to-date: /home/cole/cole_ws/install/ptu_interfaces/include/ptu_interfaces/ptu_interfaces/srv/detail
[0.412s] -- Up-to-date: /home/cole/cole_ws/install/ptu_interfaces/include/ptu_interfaces/ptu_interfaces/srv/detail/set_pan__rosidl_typesupport_fastrtps_c.h
[0.412s] -- Up-to-date: /home/cole/cole_ws/install/ptu_interfaces/include/ptu_interfaces/ptu_interfaces/srv/detail/get_limits__rosidl_typesupport_fastrtps_c.h
[0.412s] -- Up-to-date: /home/cole/cole_ws/install/ptu_interfaces/include/ptu_interfaces/ptu_interfaces/srv/detail/set_tilt__rosidl_typesupport_fastrtps_c.h
[0.412s] -- Up-to-date: /home/cole/cole_ws/install/ptu_interfaces/include/ptu_interfaces/ptu_interfaces/srv/detail/set_pan_tilt__rosidl_typesupport_fastrtps_c.h
[0.412s] -- Up-to-date: /home/cole/cole_ws/install/ptu_interfaces/include/ptu_interfaces/ptu_interfaces/srv/detail/set_pan_tilt_speed__rosidl_typesupport_fastrtps_c.h
[0.412s] -- Up-to-date: /home/cole/cole_ws/install/ptu_interfaces/include/ptu_interfaces/ptu_interfaces/msg
[0.412s] -- Up-to-date: /home/cole/cole_ws/install/ptu_interfaces/include/ptu_interfaces/ptu_interfaces/msg/rosidl_typesupport_fastrtps_c__visibility_control.h
[0.412s] -- Up-to-date: /home/cole/cole_ws/install/ptu_interfaces/include/ptu_interfaces/ptu_interfaces/msg/detail
[0.412s] -- Up-to-date: /home/cole/cole_ws/install/ptu_interfaces/include/ptu_interfaces/ptu_interfaces/msg/detail/ptu__rosidl_typesupport_fastrtps_c.h
[0.412s] -- Up-to-date: /home/cole/cole_ws/install/ptu_interfaces/include/ptu_interfaces/ptu_interfaces/action
[0.412s] -- Up-to-date: /home/cole/cole_ws/install/ptu_interfaces/include/ptu_interfaces/ptu_interfaces/action/detail
[0.412s] -- Up-to-date: /home/cole/cole_ws/install/ptu_interfaces/include/ptu_interfaces/ptu_interfaces/action/detail/set_pan__rosidl_typesupport_fastrtps_c.h
[0.412s] -- Up-to-date: /home/cole/cole_ws/install/ptu_interfaces/include/ptu_interfaces/ptu_interfaces/action/detail/set_tilt__rosidl_typesupport_fastrtps_c.h
[0.412s] -- Up-to-date: /home/cole/cole_ws/install/ptu_interfaces/include/ptu_interfaces/ptu_interfaces/action/detail/set_pan_tilt__rosidl_typesupport_fastrtps_c.h
[0.412s] -- Up-to-date: /home/cole/cole_ws/install/ptu_interfaces/lib/libptu_interfaces__rosidl_typesupport_fastrtps_c.so
[0.412s] -- Up-to-date: /home/cole/cole_ws/install/ptu_interfaces/include/ptu_interfaces/ptu_interfaces
[0.412s] -- Up-to-date: /home/cole/cole_ws/install/ptu_interfaces/include/ptu_interfaces/ptu_interfaces/srv
[0.412s] -- Up-to-date: /home/cole/cole_ws/install/ptu_interfaces/include/ptu_interfaces/ptu_interfaces/srv/set_pan_tilt_speed.hpp
[0.412s] -- Up-to-date: /home/cole/cole_ws/install/ptu_interfaces/include/ptu_interfaces/ptu_interfaces/srv/set_pan.hpp
[0.412s] -- Up-to-date: /home/cole/cole_ws/install/ptu_interfaces/include/ptu_interfaces/ptu_interfaces/srv/set_pan_tilt.hpp
[0.412s] -- Up-to-date: /home/cole/cole_ws/install/ptu_interfaces/include/ptu_interfaces/ptu_interfaces/srv/detail
[0.412s] -- Up-to-date: /home/cole/cole_ws/install/ptu_interfaces/include/ptu_interfaces/ptu_interfaces/srv/detail/set_pan__builder.hpp
[0.412s] -- Up-to-date: /home/cole/cole_ws/install/ptu_interfaces/include/ptu_interfaces/ptu_interfaces/srv/detail/set_pan_tilt__type_support.hpp
[0.412s] -- Up-to-date: /home/cole/cole_ws/install/ptu_interfaces/include/ptu_interfaces/ptu_interfaces/srv/detail/set_pan_tilt_speed__traits.hpp
[0.413s] -- Up-to-date: /home/cole/cole_ws/install/ptu_interfaces/include/ptu_interfaces/ptu_interfaces/srv/detail/set_tilt__traits.hpp
[0.413s] -- Up-to-date: /home/cole/cole_ws/install/ptu_interfaces/include/ptu_interfaces/ptu_interfaces/srv/detail/set_pan_tilt_speed__builder.hpp
[0.413s] -- Up-to-date: /home/cole/cole_ws/install/ptu_interfaces/include/ptu_interfaces/ptu_interfaces/srv/detail/set_pan_tilt_speed__type_support.hpp
[0.413s] -- Up-to-date: /home/cole/cole_ws/install/ptu_interfaces/include/ptu_interfaces/ptu_interfaces/srv/detail/set_pan_tilt__traits.hpp
[0.413s] -- Up-to-date: /home/cole/cole_ws/install/ptu_interfaces/include/ptu_interfaces/ptu_interfaces/srv/detail/get_limits__struct.hpp
[0.413s] -- Up-to-date: /home/cole/cole_ws/install/ptu_interfaces/include/ptu_interfaces/ptu_interfaces/srv/detail/set_pan_tilt__struct.hpp
[0.413s] -- Up-to-date: /home/cole/cole_ws/install/ptu_interfaces/include/ptu_interfaces/ptu_interfaces/srv/detail/set_pan__traits.hpp
[0.413s] -- Up-to-date: /home/cole/cole_ws/install/ptu_interfaces/include/ptu_interfaces/ptu_interfaces/srv/detail/set_pan__type_support.hpp
[0.413s] -- Up-to-date: /home/cole/cole_ws/install/ptu_interfaces/include/ptu_interfaces/ptu_interfaces/srv/detail/set_tilt__builder.hpp
[0.413s] -- Up-to-date: /home/cole/cole_ws/install/ptu_interfaces/include/ptu_interfaces/ptu_interfaces/srv/detail/set_pan_tilt__builder.hpp
[0.413s] -- Up-to-date: /home/cole/cole_ws/install/ptu_interfaces/include/ptu_interfaces/ptu_interfaces/srv/detail/set_pan__struct.hpp
[0.413s] -- Up-to-date: /home/cole/cole_ws/install/ptu_interfaces/include/ptu_interfaces/ptu_interfaces/srv/detail/set_tilt__type_support.hpp
[0.413s] -- Up-to-date: /home/cole/cole_ws/install/ptu_interfaces/include/ptu_interfaces/ptu_interfaces/srv/detail/set_pan_tilt_speed__struct.hpp
[0.413s] -- Up-to-date: /home/cole/cole_ws/install/ptu_interfaces/include/ptu_interfaces/ptu_interfaces/srv/detail/get_limits__traits.hpp
[0.413s] -- Up-to-date: /home/cole/cole_ws/install/ptu_interfaces/include/ptu_interfaces/ptu_interfaces/srv/detail/set_tilt__struct.hpp
[0.413s] -- Up-to-date: /home/cole/cole_ws/install/ptu_interfaces/include/ptu_interfaces/ptu_interfaces/srv/detail/get_limits__type_support.hpp
[0.413s] -- Up-to-date: /home/cole/cole_ws/install/ptu_interfaces/include/ptu_interfaces/ptu_interfaces/srv/detail/get_limits__builder.hpp
[0.413s] -- Up-to-date: /home/cole/cole_ws/install/ptu_interfaces/include/ptu_interfaces/ptu_interfaces/srv/set_tilt.hpp
[0.413s] -- Up-to-date: /home/cole/cole_ws/install/ptu_interfaces/include/ptu_interfaces/ptu_interfaces/srv/get_limits.hpp
[0.413s] -- Up-to-date: /home/cole/cole_ws/install/ptu_interfaces/include/ptu_interfaces/ptu_interfaces/msg
[0.413s] -- Up-to-date: /home/cole/cole_ws/install/ptu_interfaces/include/ptu_interfaces/ptu_interfaces/msg/detail
[0.413s] -- Up-to-date: /home/cole/cole_ws/install/ptu_interfaces/include/ptu_interfaces/ptu_interfaces/msg/detail/ptu__builder.hpp
[0.413s] -- Up-to-date: /home/cole/cole_ws/install/ptu_interfaces/include/ptu_interfaces/ptu_interfaces/msg/detail/ptu__type_support.hpp
[0.413s] -- Up-to-date: /home/cole/cole_ws/install/ptu_interfaces/include/ptu_interfaces/ptu_interfaces/msg/detail/ptu__struct.hpp
[0.413s] -- Up-to-date: /home/cole/cole_ws/install/ptu_interfaces/include/ptu_interfaces/ptu_interfaces/msg/detail/ptu__traits.hpp
[0.413s] -- Up-to-date: /home/cole/cole_ws/install/ptu_interfaces/include/ptu_interfaces/ptu_interfaces/msg/ptu.hpp
[0.413s] -- Up-to-date: /home/cole/cole_ws/install/ptu_interfaces/include/ptu_interfaces/ptu_interfaces/msg/rosidl_generator_cpp__visibility_control.hpp
[0.413s] -- Up-to-date: /home/cole/cole_ws/install/ptu_interfaces/include/ptu_interfaces/ptu_interfaces/action
[0.413s] -- Up-to-date: /home/cole/cole_ws/install/ptu_interfaces/include/ptu_interfaces/ptu_interfaces/action/set_pan.hpp
[0.413s] -- Up-to-date: /home/cole/cole_ws/install/ptu_interfaces/include/ptu_interfaces/ptu_interfaces/action/set_pan_tilt.hpp
[0.413s] -- Up-to-date: /home/cole/cole_ws/install/ptu_interfaces/include/ptu_interfaces/ptu_interfaces/action/detail
[0.413s] -- Up-to-date: /home/cole/cole_ws/install/ptu_interfaces/include/ptu_interfaces/ptu_interfaces/action/detail/set_pan__builder.hpp
[0.413s] -- Up-to-date: /home/cole/cole_ws/install/ptu_interfaces/include/ptu_interfaces/ptu_interfaces/action/detail/set_pan_tilt__type_support.hpp
[0.413s] -- Up-to-date: /home/cole/cole_ws/install/ptu_interfaces/include/ptu_interfaces/ptu_interfaces/action/detail/set_tilt__traits.hpp
[0.413s] -- Up-to-date: /home/cole/cole_ws/install/ptu_interfaces/include/ptu_interfaces/ptu_interfaces/action/detail/set_pan_tilt__traits.hpp
[0.414s] -- Up-to-date: /home/cole/cole_ws/install/ptu_interfaces/include/ptu_interfaces/ptu_interfaces/action/detail/set_pan_tilt__struct.hpp
[0.414s] -- Up-to-date: /home/cole/cole_ws/install/ptu_interfaces/include/ptu_interfaces/ptu_interfaces/action/detail/set_pan__traits.hpp
[0.414s] -- Up-to-date: /home/cole/cole_ws/install/ptu_interfaces/include/ptu_interfaces/ptu_interfaces/action/detail/set_pan__type_support.hpp
[0.414s] -- Up-to-date: /home/cole/cole_ws/install/ptu_interfaces/include/ptu_interfaces/ptu_interfaces/action/detail/set_tilt__builder.hpp
[0.414s] -- Up-to-date: /home/cole/cole_ws/install/ptu_interfaces/include/ptu_interfaces/ptu_interfaces/action/detail/set_pan_tilt__builder.hpp
[0.414s] -- Up-to-date: /home/cole/cole_ws/install/ptu_interfaces/include/ptu_interfaces/ptu_interfaces/action/detail/set_pan__struct.hpp
[0.414s] -- Up-to-date: /home/cole/cole_ws/install/ptu_interfaces/include/ptu_interfaces/ptu_interfaces/action/detail/set_tilt__type_support.hpp
[0.414s] -- Up-to-date: /home/cole/cole_ws/install/ptu_interfaces/include/ptu_interfaces/ptu_interfaces/action/detail/set_tilt__struct.hpp
[0.414s] -- Up-to-date: /home/cole/cole_ws/install/ptu_interfaces/include/ptu_interfaces/ptu_interfaces/action/set_tilt.hpp
[0.414s] -- Up-to-date: /home/cole/cole_ws/install/ptu_interfaces/include/ptu_interfaces/ptu_interfaces
[0.414s] -- Up-to-date: /home/cole/cole_ws/install/ptu_interfaces/include/ptu_interfaces/ptu_interfaces/srv
[0.414s] -- Up-to-date: /home/cole/cole_ws/install/ptu_interfaces/include/ptu_interfaces/ptu_interfaces/srv/detail
[0.414s] -- Up-to-date: /home/cole/cole_ws/install/ptu_interfaces/include/ptu_interfaces/ptu_interfaces/srv/detail/set_tilt__rosidl_typesupport_fastrtps_cpp.hpp
[0.414s] -- Up-to-date: /home/cole/cole_ws/install/ptu_interfaces/include/ptu_interfaces/ptu_interfaces/srv/detail/dds_fastrtps
[0.414s] -- Up-to-date: /home/cole/cole_ws/install/ptu_interfaces/include/ptu_interfaces/ptu_interfaces/srv/detail/set_pan__rosidl_typesupport_fastrtps_cpp.hpp
[0.414s] -- Up-to-date: /home/cole/cole_ws/install/ptu_interfaces/include/ptu_interfaces/ptu_interfaces/srv/detail/set_pan_tilt__rosidl_typesupport_fastrtps_cpp.hpp
[0.414s] -- Up-to-date: /home/cole/cole_ws/install/ptu_interfaces/include/ptu_interfaces/ptu_interfaces/srv/detail/get_limits__rosidl_typesupport_fastrtps_cpp.hpp
[0.414s] -- Up-to-date: /home/cole/cole_ws/install/ptu_interfaces/include/ptu_interfaces/ptu_interfaces/srv/detail/set_pan_tilt_speed__rosidl_typesupport_fastrtps_cpp.hpp
[0.414s] -- Up-to-date: /home/cole/cole_ws/install/ptu_interfaces/include/ptu_interfaces/ptu_interfaces/msg
[0.414s] -- Up-to-date: /home/cole/cole_ws/install/ptu_interfaces/include/ptu_interfaces/ptu_interfaces/msg/rosidl_typesupport_fastrtps_cpp__visibility_control.h
[0.414s] -- Up-to-date: /home/cole/cole_ws/install/ptu_interfaces/include/ptu_interfaces/ptu_interfaces/msg/detail
[0.414s] -- Up-to-date: /home/cole/cole_ws/install/ptu_interfaces/include/ptu_interfaces/ptu_interfaces/msg/detail/dds_fastrtps
[0.414s] -- Up-to-date: /home/cole/cole_ws/install/ptu_interfaces/include/ptu_interfaces/ptu_interfaces/msg/detail/ptu__rosidl_typesupport_fastrtps_cpp.hpp
[0.414s] -- Up-to-date: /home/cole/cole_ws/install/ptu_interfaces/include/ptu_interfaces/ptu_interfaces/action
[0.414s] -- Up-to-date: /home/cole/cole_ws/install/ptu_interfaces/include/ptu_interfaces/ptu_interfaces/action/detail
[0.414s] -- Up-to-date: /home/cole/cole_ws/install/ptu_interfaces/include/ptu_interfaces/ptu_interfaces/action/detail/set_tilt__rosidl_typesupport_fastrtps_cpp.hpp
[0.414s] -- Up-to-date: /home/cole/cole_ws/install/ptu_interfaces/include/ptu_interfaces/ptu_interfaces/action/detail/dds_fastrtps
[0.414s] -- Up-to-date: /home/cole/cole_ws/install/ptu_interfaces/include/ptu_interfaces/ptu_interfaces/action/detail/set_pan__rosidl_typesupport_fastrtps_cpp.hpp
[0.414s] -- Up-to-date: /home/cole/cole_ws/install/ptu_interfaces/include/ptu_interfaces/ptu_interfaces/action/detail/set_pan_tilt__rosidl_typesupport_fastrtps_cpp.hpp
[0.414s] -- Up-to-date: /home/cole/cole_ws/install/ptu_interfaces/lib/libptu_interfaces__rosidl_typesupport_fastrtps_cpp.so
[0.414s] -- Up-to-date: /home/cole/cole_ws/install/ptu_interfaces/include/ptu_interfaces/ptu_interfaces
[0.414s] -- Up-to-date: /home/cole/cole_ws/install/ptu_interfaces/include/ptu_interfaces/ptu_interfaces/srv
[0.414s] -- Up-to-date: /home/cole/cole_ws/install/ptu_interfaces/include/ptu_interfaces/ptu_interfaces/srv/detail
[0.414s] -- Up-to-date: /home/cole/cole_ws/install/ptu_interfaces/include/ptu_interfaces/ptu_interfaces/srv/detail/set_tilt__type_support.c
[0.415s] -- Up-to-date: /home/cole/cole_ws/install/ptu_interfaces/include/ptu_interfaces/ptu_interfaces/srv/detail/set_tilt__rosidl_typesupport_introspection_c.h
[0.415s] -- Up-to-date: /home/cole/cole_ws/install/ptu_interfaces/include/ptu_interfaces/ptu_interfaces/srv/detail/set_pan_tilt__rosidl_typesupport_introspection_c.h
[0.415s] -- Up-to-date: /home/cole/cole_ws/install/ptu_interfaces/include/ptu_interfaces/ptu_interfaces/srv/detail/set_pan_tilt__type_support.c
[0.415s] -- Up-to-date: /home/cole/cole_ws/install/ptu_interfaces/include/ptu_interfaces/ptu_interfaces/srv/detail/set_pan_tilt_speed__rosidl_typesupport_introspection_c.h
[0.415s] -- Up-to-date: /home/cole/cole_ws/install/ptu_interfaces/include/ptu_interfaces/ptu_interfaces/srv/detail/set_pan__rosidl_typesupport_introspection_c.h
[0.415s] -- Up-to-date: /home/cole/cole_ws/install/ptu_interfaces/include/ptu_interfaces/ptu_interfaces/srv/detail/set_pan_tilt_speed__type_support.c
[0.415s] -- Up-to-date: /home/cole/cole_ws/install/ptu_interfaces/include/ptu_interfaces/ptu_interfaces/srv/detail/get_limits__rosidl_typesupport_introspection_c.h
[0.415s] -- Up-to-date: /home/cole/cole_ws/install/ptu_interfaces/include/ptu_interfaces/ptu_interfaces/srv/detail/get_limits__type_support.c
[0.415s] -- Up-to-date: /home/cole/cole_ws/install/ptu_interfaces/include/ptu_interfaces/ptu_interfaces/srv/detail/set_pan__type_support.c
[0.415s] -- Up-to-date: /home/cole/cole_ws/install/ptu_interfaces/include/ptu_interfaces/ptu_interfaces/msg
[0.415s] -- Up-to-date: /home/cole/cole_ws/install/ptu_interfaces/include/ptu_interfaces/ptu_interfaces/msg/rosidl_typesupport_introspection_c__visibility_control.h
[0.415s] -- Up-to-date: /home/cole/cole_ws/install/ptu_interfaces/include/ptu_interfaces/ptu_interfaces/msg/detail
[0.415s] -- Up-to-date: /home/cole/cole_ws/install/ptu_interfaces/include/ptu_interfaces/ptu_interfaces/msg/detail/ptu__type_support.c
[0.415s] -- Up-to-date: /home/cole/cole_ws/install/ptu_interfaces/include/ptu_interfaces/ptu_interfaces/msg/detail/ptu__rosidl_typesupport_introspection_c.h
[0.415s] -- Up-to-date: /home/cole/cole_ws/install/ptu_interfaces/include/ptu_interfaces/ptu_interfaces/action
[0.415s] -- Up-to-date: /home/cole/cole_ws/install/ptu_interfaces/include/ptu_interfaces/ptu_interfaces/action/detail
[0.415s] -- Up-to-date: /home/cole/cole_ws/install/ptu_interfaces/include/ptu_interfaces/ptu_interfaces/action/detail/set_tilt__type_support.c
[0.415s] -- Up-to-date: /home/cole/cole_ws/install/ptu_interfaces/include/ptu_interfaces/ptu_interfaces/action/detail/set_tilt__rosidl_typesupport_introspection_c.h
[0.415s] -- Up-to-date: /home/cole/cole_ws/install/ptu_interfaces/include/ptu_interfaces/ptu_interfaces/action/detail/set_pan_tilt__rosidl_typesupport_introspection_c.h
[0.415s] -- Up-to-date: /home/cole/cole_ws/install/ptu_interfaces/include/ptu_interfaces/ptu_interfaces/action/detail/set_pan_tilt__type_support.c
[0.415s] -- Up-to-date: /home/cole/cole_ws/install/ptu_interfaces/include/ptu_interfaces/ptu_interfaces/action/detail/set_pan__rosidl_typesupport_introspection_c.h
[0.415s] -- Up-to-date: /home/cole/cole_ws/install/ptu_interfaces/include/ptu_interfaces/ptu_interfaces/action/detail/set_pan__type_support.c
[0.415s] -- Up-to-date: /home/cole/cole_ws/install/ptu_interfaces/lib/libptu_interfaces__rosidl_typesupport_introspection_c.so
[0.415s] -- Up-to-date: /home/cole/cole_ws/install/ptu_interfaces/lib/libptu_interfaces__rosidl_typesupport_c.so
[0.415s] -- Up-to-date: /home/cole/cole_ws/install/ptu_interfaces/include/ptu_interfaces/ptu_interfaces
[0.415s] -- Up-to-date: /home/cole/cole_ws/install/ptu_interfaces/include/ptu_interfaces/ptu_interfaces/srv
[0.415s] -- Up-to-date: /home/cole/cole_ws/install/ptu_interfaces/include/ptu_interfaces/ptu_interfaces/srv/detail
[0.415s] -- Up-to-date: /home/cole/cole_ws/install/ptu_interfaces/include/ptu_interfaces/ptu_interfaces/srv/detail/set_pan_tilt_speed__rosidl_typesupport_introspection_cpp.hpp
[0.415s] -- Up-to-date: /home/cole/cole_ws/install/ptu_interfaces/include/ptu_interfaces/ptu_interfaces/srv/detail/set_pan_tilt__type_support.cpp
[0.415s] -- Up-to-date: /home/cole/cole_ws/install/ptu_interfaces/include/ptu_interfaces/ptu_interfaces/srv/detail/get_limits__type_support.cpp
[0.415s] -- Up-to-date: /home/cole/cole_ws/install/ptu_interfaces/include/ptu_interfaces/ptu_interfaces/srv/detail/set_tilt__type_support.cpp
[0.415s] -- Up-to-date: /home/cole/cole_ws/install/ptu_interfaces/include/ptu_interfaces/ptu_interfaces/srv/detail/set_pan_tilt_speed__type_support.cpp
[0.415s] -- Up-to-date: /home/cole/cole_ws/install/ptu_interfaces/include/ptu_interfaces/ptu_interfaces/srv/detail/set_pan_tilt__rosidl_typesupport_introspection_cpp.hpp
[0.415s] -- Up-to-date: /home/cole/cole_ws/install/ptu_interfaces/include/ptu_interfaces/ptu_interfaces/srv/detail/set_pan__rosidl_typesupport_introspection_cpp.hpp
[0.415s] -- Up-to-date: /home/cole/cole_ws/install/ptu_interfaces/include/ptu_interfaces/ptu_interfaces/srv/detail/get_limits__rosidl_typesupport_introspection_cpp.hpp
[0.416s] -- Up-to-date: /home/cole/cole_ws/install/ptu_interfaces/include/ptu_interfaces/ptu_interfaces/srv/detail/set_pan__type_support.cpp
[0.416s] -- Up-to-date: /home/cole/cole_ws/install/ptu_interfaces/include/ptu_interfaces/ptu_interfaces/srv/detail/set_tilt__rosidl_typesupport_introspection_cpp.hpp
[0.416s] -- Up-to-date: /home/cole/cole_ws/install/ptu_interfaces/include/ptu_interfaces/ptu_interfaces/msg
[0.416s] -- Up-to-date: /home/cole/cole_ws/install/ptu_interfaces/include/ptu_interfaces/ptu_interfaces/msg/detail
[0.416s] -- Up-to-date: /home/cole/cole_ws/install/ptu_interfaces/include/ptu_interfaces/ptu_interfaces/msg/detail/ptu__type_support.cpp
[0.416s] -- Up-to-date: /home/cole/cole_ws/install/ptu_interfaces/include/ptu_interfaces/ptu_interfaces/msg/detail/ptu__rosidl_typesupport_introspection_cpp.hpp
[0.416s] -- Up-to-date: /home/cole/cole_ws/install/ptu_interfaces/include/ptu_interfaces/ptu_interfaces/action
[0.416s] -- Up-to-date: /home/cole/cole_ws/install/ptu_interfaces/include/ptu_interfaces/ptu_interfaces/action/detail
[0.416s] -- Up-to-date: /home/cole/cole_ws/install/ptu_interfaces/include/ptu_interfaces/ptu_interfaces/action/detail/set_pan_tilt__type_support.cpp
[0.416s] -- Up-to-date: /home/cole/cole_ws/install/ptu_interfaces/include/ptu_interfaces/ptu_interfaces/action/detail/set_tilt__type_support.cpp
[0.416s] -- Up-to-date: /home/cole/cole_ws/install/ptu_interfaces/include/ptu_interfaces/ptu_interfaces/action/detail/set_pan_tilt__rosidl_typesupport_introspection_cpp.hpp
[0.416s] -- Up-to-date: /home/cole/cole_ws/install/ptu_interfaces/include/ptu_interfaces/ptu_interfaces/action/detail/set_pan__rosidl_typesupport_introspection_cpp.hpp
[0.416s] -- Up-to-date: /home/cole/cole_ws/install/ptu_interfaces/include/ptu_interfaces/ptu_interfaces/action/detail/set_pan__type_support.cpp
[0.416s] -- Up-to-date: /home/cole/cole_ws/install/ptu_interfaces/include/ptu_interfaces/ptu_interfaces/action/detail/set_tilt__rosidl_typesupport_introspection_cpp.hpp
[0.416s] -- Up-to-date: /home/cole/cole_ws/install/ptu_interfaces/lib/libptu_interfaces__rosidl_typesupport_introspection_cpp.so
[0.416s] -- Up-to-date: /home/cole/cole_ws/install/ptu_interfaces/lib/libptu_interfaces__rosidl_typesupport_cpp.so
[0.416s] -- Up-to-date: /home/cole/cole_ws/install/ptu_interfaces/share/ptu_interfaces/environment/pythonpath.sh
[0.416s] -- Up-to-date: /home/cole/cole_ws/install/ptu_interfaces/share/ptu_interfaces/environment/pythonpath.dsv
[0.416s] -- Up-to-date: /home/cole/cole_ws/install/ptu_interfaces/local/lib/python3.10/dist-packages/ptu_interfaces-0.0.0-py3.10.egg-info
[0.416s] -- Installing: /home/cole/cole_ws/install/ptu_interfaces/local/lib/python3.10/dist-packages/ptu_interfaces-0.0.0-py3.10.egg-info/top_level.txt
[0.416s] -- Installing: /home/cole/cole_ws/install/ptu_interfaces/local/lib/python3.10/dist-packages/ptu_interfaces-0.0.0-py3.10.egg-info/SOURCES.txt
[0.416s] -- Installing: /home/cole/cole_ws/install/ptu_interfaces/local/lib/python3.10/dist-packages/ptu_interfaces-0.0.0-py3.10.egg-info/dependency_links.txt
[0.416s] -- Installing: /home/cole/cole_ws/install/ptu_interfaces/local/lib/python3.10/dist-packages/ptu_interfaces-0.0.0-py3.10.egg-info/PKG-INFO
[0.416s] -- Up-to-date: /home/cole/cole_ws/install/ptu_interfaces/local/lib/python3.10/dist-packages/ptu_interfaces
[0.416s] -- Up-to-date: /home/cole/cole_ws/install/ptu_interfaces/local/lib/python3.10/dist-packages/ptu_interfaces/_ptu_interfaces_s.ep.rosidl_typesupport_c.c
[0.416s] -- Up-to-date: /home/cole/cole_ws/install/ptu_interfaces/local/lib/python3.10/dist-packages/ptu_interfaces/srv
[0.416s] -- Up-to-date: /home/cole/cole_ws/install/ptu_interfaces/local/lib/python3.10/dist-packages/ptu_interfaces/srv/__init__.py
[0.416s] -- Up-to-date: /home/cole/cole_ws/install/ptu_interfaces/local/lib/python3.10/dist-packages/ptu_interfaces/srv/_set_pan_tilt_s.c
[0.416s] -- Up-to-date: /home/cole/cole_ws/install/ptu_interfaces/local/lib/python3.10/dist-packages/ptu_interfaces/srv/_get_limits.py
[0.416s] -- Up-to-date: /home/cole/cole_ws/install/ptu_interfaces/local/lib/python3.10/dist-packages/ptu_interfaces/srv/_set_pan_tilt_speed.py
[0.416s] -- Up-to-date: /home/cole/cole_ws/install/ptu_interfaces/local/lib/python3.10/dist-packages/ptu_interfaces/srv/_set_tilt.py
[0.417s] -- Up-to-date: /home/cole/cole_ws/install/ptu_interfaces/local/lib/python3.10/dist-packages/ptu_interfaces/srv/_get_limits_s.c
[0.417s] -- Up-to-date: /home/cole/cole_ws/install/ptu_interfaces/local/lib/python3.10/dist-packages/ptu_interfaces/srv/_set_pan_tilt_speed_s.c
[0.417s] -- Up-to-date: /home/cole/cole_ws/install/ptu_interfaces/local/lib/python3.10/dist-packages/ptu_interfaces/srv/_set_pan_tilt.py
[0.417s] -- Up-to-date: /home/cole/cole_ws/install/ptu_interfaces/local/lib/python3.10/dist-packages/ptu_interfaces/srv/_set_tilt_s.c
[0.417s] -- Up-to-date: /home/cole/cole_ws/install/ptu_interfaces/local/lib/python3.10/dist-packages/ptu_interfaces/srv/_set_pan.py
[0.417s] -- Up-to-date: /home/cole/cole_ws/install/ptu_interfaces/local/lib/python3.10/dist-packages/ptu_interfaces/srv/_set_pan_s.c
[0.417s] -- Up-to-date: /home/cole/cole_ws/install/ptu_interfaces/local/lib/python3.10/dist-packages/ptu_interfaces/ptu_interfaces_s__rosidl_typesupport_fastrtps_c.cpython-310-x86_64-linux-gnu.so
[0.417s] -- Up-to-date: /home/cole/cole_ws/install/ptu_interfaces/local/lib/python3.10/dist-packages/ptu_interfaces/__init__.py
[0.417s] -- Up-to-date: /home/cole/cole_ws/install/ptu_interfaces/local/lib/python3.10/dist-packages/ptu_interfaces/ptu_interfaces_s__rosidl_typesupport_introspection_c.cpython-310-x86_64-linux-gnu.so
[0.417s] -- Up-to-date: /home/cole/cole_ws/install/ptu_interfaces/local/lib/python3.10/dist-packages/ptu_interfaces/libptu_interfaces__rosidl_generator_py.so
[0.417s] -- Up-to-date: /home/cole/cole_ws/install/ptu_interfaces/local/lib/python3.10/dist-packages/ptu_interfaces/_ptu_interfaces_s.ep.rosidl_typesupport_introspection_c.c
[0.417s] -- Up-to-date: /home/cole/cole_ws/install/ptu_interfaces/local/lib/python3.10/dist-packages/ptu_interfaces/msg
[0.417s] -- Up-to-date: /home/cole/cole_ws/install/ptu_interfaces/local/lib/python3.10/dist-packages/ptu_interfaces/msg/_ptu.py
[0.417s] -- Up-to-date: /home/cole/cole_ws/install/ptu_interfaces/local/lib/python3.10/dist-packages/ptu_interfaces/msg/__init__.py
[0.417s] -- Up-to-date: /home/cole/cole_ws/install/ptu_interfaces/local/lib/python3.10/dist-packages/ptu_interfaces/msg/_ptu_s.c
[0.417s] -- Up-to-date: /home/cole/cole_ws/install/ptu_interfaces/local/lib/python3.10/dist-packages/ptu_interfaces/action
[0.417s] -- Up-to-date: /home/cole/cole_ws/install/ptu_interfaces/local/lib/python3.10/dist-packages/ptu_interfaces/action/__init__.py
[0.417s] -- Up-to-date: /home/cole/cole_ws/install/ptu_interfaces/local/lib/python3.10/dist-packages/ptu_interfaces/action/_set_pan_tilt_s.c
[0.417s] -- Up-to-date: /home/cole/cole_ws/install/ptu_interfaces/local/lib/python3.10/dist-packages/ptu_interfaces/action/_set_tilt.py
[0.417s] -- Up-to-date: /home/cole/cole_ws/install/ptu_interfaces/local/lib/python3.10/dist-packages/ptu_interfaces/action/_set_pan_tilt.py
[0.417s] -- Up-to-date: /home/cole/cole_ws/install/ptu_interfaces/local/lib/python3.10/dist-packages/ptu_interfaces/action/_set_tilt_s.c
[0.417s] -- Up-to-date: /home/cole/cole_ws/install/ptu_interfaces/local/lib/python3.10/dist-packages/ptu_interfaces/action/_set_pan.py
[0.417s] -- Up-to-date: /home/cole/cole_ws/install/ptu_interfaces/local/lib/python3.10/dist-packages/ptu_interfaces/action/_set_pan_s.c
[0.418s] -- Up-to-date: /home/cole/cole_ws/install/ptu_interfaces/local/lib/python3.10/dist-packages/ptu_interfaces/ptu_interfaces_s__rosidl_typesupport_c.cpython-310-x86_64-linux-gnu.so
[0.418s] -- Up-to-date: /home/cole/cole_ws/install/ptu_interfaces/local/lib/python3.10/dist-packages/ptu_interfaces/_ptu_interfaces_s.ep.rosidl_typesupport_fastrtps_c.c
[0.428s] Listing '/home/cole/cole_ws/install/ptu_interfaces/local/lib/python3.10/dist-packages/ptu_interfaces'...
[0.428s] Listing '/home/cole/cole_ws/install/ptu_interfaces/local/lib/python3.10/dist-packages/ptu_interfaces/action'...
[0.428s] Listing '/home/cole/cole_ws/install/ptu_interfaces/local/lib/python3.10/dist-packages/ptu_interfaces/msg'...
[0.428s] Listing '/home/cole/cole_ws/install/ptu_interfaces/local/lib/python3.10/dist-packages/ptu_interfaces/srv'...
[0.431s] -- Up-to-date: /home/cole/cole_ws/install/ptu_interfaces/local/lib/python3.10/dist-packages/ptu_interfaces/ptu_interfaces_s__rosidl_typesupport_fastrtps_c.cpython-310-x86_64-linux-gnu.so
[0.431s] -- Up-to-date: /home/cole/cole_ws/install/ptu_interfaces/local/lib/python3.10/dist-packages/ptu_interfaces/ptu_interfaces_s__rosidl_typesupport_introspection_c.cpython-310-x86_64-linux-gnu.so
[0.431s] -- Up-to-date: /home/cole/cole_ws/install/ptu_interfaces/local/lib/python3.10/dist-packages/ptu_interfaces/ptu_interfaces_s__rosidl_typesupport_c.cpython-310-x86_64-linux-gnu.so
[0.431s] -- Up-to-date: /home/cole/cole_ws/install/ptu_interfaces/lib/libptu_interfaces__rosidl_generator_py.so
[0.431s] -- Up-to-date: /home/cole/cole_ws/install/ptu_interfaces/share/ptu_interfaces/msg/PTU.idl
[0.432s] -- Up-to-date: /home/cole/cole_ws/install/ptu_interfaces/share/ptu_interfaces/srv/SetPan.idl
[0.432s] -- Up-to-date: /home/cole/cole_ws/install/ptu_interfaces/share/ptu_interfaces/srv/SetTilt.idl
[0.432s] -- Up-to-date: /home/cole/cole_ws/install/ptu_interfaces/share/ptu_interfaces/srv/SetPanTilt.idl
[0.432s] -- Up-to-date: /home/cole/cole_ws/install/ptu_interfaces/share/ptu_interfaces/srv/SetPanTiltSpeed.idl
[0.432s] -- Up-to-date: /home/cole/cole_ws/install/ptu_interfaces/share/ptu_interfaces/srv/GetLimits.idl
[0.432s] -- Up-to-date: /home/cole/cole_ws/install/ptu_interfaces/share/ptu_interfaces/action/SetPan.idl
[0.432s] -- Up-to-date: /home/cole/cole_ws/install/ptu_interfaces/share/ptu_interfaces/action/SetTilt.idl
[0.432s] -- Up-to-date: /home/cole/cole_ws/install/ptu_interfaces/share/ptu_interfaces/action/SetPanTilt.idl
[0.432s] -- Up-to-date: /home/cole/cole_ws/install/ptu_interfaces/share/ptu_interfaces/msg/PTU.msg
[0.432s] -- Up-to-date: /home/cole/cole_ws/install/ptu_interfaces/share/ptu_interfaces/srv/SetPan.srv
[0.432s] -- Up-to-date: /home/cole/cole_ws/install/ptu_interfaces/share/ptu_interfaces/srv/SetPan_Request.msg
[0.432s] -- Up-to-date: /home/cole/cole_ws/install/ptu_interfaces/share/ptu_interfaces/srv/SetPan_Response.msg
[0.432s] -- Up-to-date: /home/cole/cole_ws/install/ptu_interfaces/share/ptu_interfaces/srv/SetTilt.srv
[0.432s] -- Up-to-date: /home/cole/cole_ws/install/ptu_interfaces/share/ptu_interfaces/srv/SetTilt_Request.msg
[0.432s] -- Up-to-date: /home/cole/cole_ws/install/ptu_interfaces/share/ptu_interfaces/srv/SetTilt_Response.msg
[0.432s] -- Up-to-date: /home/cole/cole_ws/install/ptu_interfaces/share/ptu_interfaces/srv/SetPanTilt.srv
[0.432s] -- Up-to-date: /home/cole/cole_ws/install/ptu_interfaces/share/ptu_interfaces/srv/SetPanTilt_Request.msg
[0.432s] -- Up-to-date: /home/cole/cole_ws/install/ptu_interfaces/share/ptu_interfaces/srv/SetPanTilt_Response.msg
[0.432s] -- Up-to-date: /home/cole/cole_ws/install/ptu_interfaces/share/ptu_interfaces/srv/SetPanTiltSpeed.srv
[0.432s] -- Up-to-date: /home/cole/cole_ws/install/ptu_interfaces/share/ptu_interfaces/srv/SetPanTiltSpeed_Request.msg
[0.432s] -- Up-to-date: /home/cole/cole_ws/install/ptu_interfaces/share/ptu_interfaces/srv/SetPanTiltSpeed_Response.msg
[0.432s] -- Up-to-date: /home/cole/cole_ws/install/ptu_interfaces/share/ptu_interfaces/srv/GetLimits.srv
[0.432s] -- Up-to-date: /home/cole/cole_ws/install/ptu_interfaces/share/ptu_interfaces/srv/GetLimits_Request.msg
[0.432s] -- Up-to-date: /home/cole/cole_ws/install/ptu_interfaces/share/ptu_interfaces/srv/GetLimits_Response.msg
[0.433s] -- Up-to-date: /home/cole/cole_ws/install/ptu_interfaces/share/ptu_interfaces/action/SetPan.action
[0.433s] -- Up-to-date: /home/cole/cole_ws/install/ptu_interfaces/share/ptu_interfaces/action/SetTilt.action
[0.433s] -- Up-to-date: /home/cole/cole_ws/install/ptu_interfaces/share/ptu_interfaces/action/SetPanTilt.action
[0.433s] -- Up-to-date: /home/cole/cole_ws/install/ptu_interfaces/share/ament_index/resource_index/package_run_dependencies/ptu_interfaces
[0.433s] -- Up-to-date: /home/cole/cole_ws/install/ptu_interfaces/share/ament_index/resource_index/parent_prefix_path/ptu_interfaces
[0.433s] -- Up-to-date: /home/cole/cole_ws/install/ptu_interfaces/share/ptu_interfaces/environment/ament_prefix_path.sh
[0.433s] -- Up-to-date: /home/cole/cole_ws/install/ptu_interfaces/share/ptu_interfaces/environment/ament_prefix_path.dsv
[0.433s] -- Up-to-date: /home/cole/cole_ws/install/ptu_interfaces/share/ptu_interfaces/environment/path.sh
[0.433s] -- Up-to-date: /home/cole/cole_ws/install/ptu_interfaces/share/ptu_interfaces/environment/path.dsv
[0.433s] -- Up-to-date: /home/cole/cole_ws/install/ptu_interfaces/share/ptu_interfaces/local_setup.bash
[0.433s] -- Up-to-date: /home/cole/cole_ws/install/ptu_interfaces/share/ptu_interfaces/local_setup.sh
[0.433s] -- Up-to-date: /home/cole/cole_ws/install/ptu_interfaces/share/ptu_interfaces/local_setup.zsh
[0.433s] -- Up-to-date: /home/cole/cole_ws/install/ptu_interfaces/share/ptu_interfaces/local_setup.dsv
[0.433s] -- Installing: /home/cole/cole_ws/install/ptu_interfaces/share/ptu_interfaces/package.dsv
[0.433s] -- Up-to-date: /home/cole/cole_ws/install/ptu_interfaces/share/ament_index/resource_index/packages/ptu_interfaces
[0.433s] -- Up-to-date: /home/cole/cole_ws/install/ptu_interfaces/share/ptu_interfaces/cmake/export_ptu_interfaces__rosidl_generator_cExport.cmake
[0.433s] -- Up-to-date: /home/cole/cole_ws/install/ptu_interfaces/share/ptu_interfaces/cmake/export_ptu_interfaces__rosidl_generator_cExport-noconfig.cmake
[0.433s] -- Up-to-date: /home/cole/cole_ws/install/ptu_interfaces/share/ptu_interfaces/cmake/export_ptu_interfaces__rosidl_typesupport_fastrtps_cExport.cmake
[0.433s] -- Up-to-date: /home/cole/cole_ws/install/ptu_interfaces/share/ptu_interfaces/cmake/export_ptu_interfaces__rosidl_typesupport_fastrtps_cExport-noconfig.cmake
[0.433s] -- Up-to-date: /home/cole/cole_ws/install/ptu_interfaces/share/ptu_interfaces/cmake/export_ptu_interfaces__rosidl_generator_cppExport.cmake
[0.433s] -- Up-to-date: /home/cole/cole_ws/install/ptu_interfaces/share/ptu_interfaces/cmake/export_ptu_interfaces__rosidl_typesupport_fastrtps_cppExport.cmake
[0.433s] -- Up-to-date: /home/cole/cole_ws/install/ptu_interfaces/share/ptu_interfaces/cmake/export_ptu_interfaces__rosidl_typesupport_fastrtps_cppExport-noconfig.cmake
[0.433s] -- Up-to-date: /home/cole/cole_ws/install/ptu_interfaces/share/ptu_interfaces/cmake/ptu_interfaces__rosidl_typesupport_introspection_cExport.cmake
[0.433s] -- Up-to-date: /home/cole/cole_ws/install/ptu_interfaces/share/ptu_interfaces/cmake/ptu_interfaces__rosidl_typesupport_introspection_cExport-noconfig.cmake
[0.433s] -- Up-to-date: /home/cole/cole_ws/install/ptu_interfaces/share/ptu_interfaces/cmake/ptu_interfaces__rosidl_typesupport_cExport.cmake
[0.433s] -- Up-to-date: /home/cole/cole_ws/install/ptu_interfaces/share/ptu_interfaces/cmake/ptu_interfaces__rosidl_typesupport_cExport-noconfig.cmake
[0.433s] -- Up-to-date: /home/cole/cole_ws/install/ptu_interfaces/share/ptu_interfaces/cmake/ptu_interfaces__rosidl_typesupport_introspection_cppExport.cmake
[0.433s] -- Up-to-date: /home/cole/cole_ws/install/ptu_interfaces/share/ptu_interfaces/cmake/ptu_interfaces__rosidl_typesupport_introspection_cppExport-noconfig.cmake
[0.433s] -- Up-to-date: /home/cole/cole_ws/install/ptu_interfaces/share/ptu_interfaces/cmake/ptu_interfaces__rosidl_typesupport_cppExport.cmake
[0.433s] -- Up-to-date: /home/cole/cole_ws/install/ptu_interfaces/share/ptu_interfaces/cmake/ptu_interfaces__rosidl_typesupport_cppExport-noconfig.cmake
[0.434s] -- Up-to-date: /home/cole/cole_ws/install/ptu_interfaces/share/ptu_interfaces/cmake/export_ptu_interfaces__rosidl_generator_pyExport.cmake
[0.434s] -- Up-to-date: /home/cole/cole_ws/install/ptu_interfaces/share/ptu_interfaces/cmake/export_ptu_interfaces__rosidl_generator_pyExport-noconfig.cmake
[0.434s] -- Up-to-date: /home/cole/cole_ws/install/ptu_interfaces/share/ptu_interfaces/cmake/rosidl_cmake-extras.cmake
[0.434s] -- Up-to-date: /home/cole/cole_ws/install/ptu_interfaces/share/ptu_interfaces/cmake/ament_cmake_export_dependencies-extras.cmake
[0.434s] -- Up-to-date: /home/cole/cole_ws/install/ptu_interfaces/share/ptu_interfaces/cmake/ament_cmake_export_include_directories-extras.cmake
[0.434s] -- Up-to-date: /home/cole/cole_ws/install/ptu_interfaces/share/ptu_interfaces/cmake/ament_cmake_export_libraries-extras.cmake
[0.434s] -- Up-to-date: /home/cole/cole_ws/install/ptu_interfaces/share/ptu_interfaces/cmake/ament_cmake_export_targets-extras.cmake
[0.434s] -- Up-to-date: /home/cole/cole_ws/install/ptu_interfaces/share/ptu_interfaces/cmake/rosidl_cmake_export_typesupport_targets-extras.cmake
[0.434s] -- Up-to-date: /home/cole/cole_ws/install/ptu_interfaces/share/ptu_interfaces/cmake/rosidl_cmake_export_typesupport_libraries-extras.cmake
[0.434s] -- Up-to-date: /home/cole/cole_ws/install/ptu_interfaces/share/ptu_interfaces/cmake/ptu_interfacesConfig.cmake
[0.434s] -- Up-to-date: /home/cole/cole_ws/install/ptu_interfaces/share/ptu_interfaces/cmake/ptu_interfacesConfig-version.cmake
[0.434s] -- Up-to-date: /home/cole/cole_ws/install/ptu_interfaces/share/ptu_interfaces/package.xml
[0.435s] Invoked command in '/home/cole/cole_ws/build/ptu_interfaces' returned '0': CMAKE_PREFIX_PATH=${CMAKE_PREFIX_PATH}:/home/cole/cole_ws/install/video_stream:/home/cole/cole_ws/install/pan_tilt_control:/home/cole/cole_ws/install/camera:/opt/ros/humble /usr/bin/cmake --install /home/cole/cole_ws/build/ptu_interfaces
