[0.009s] Invoking command in '/home/cole/cole_ws/build/hal_flir_d46': CMAKE_PREFIX_PATH=/home/cole/cole_ws/install/ptu_interfaces:/home/cole/cole_ws/install/sim_test:/home/cole/cole_ws/install/hal_flir_d46:/home/cole/cole_ws/install/video_stream:/home/cole/cole_ws/install/pan_tilt_control:/home/cole/cole_ws/install/camera:/opt/ros/humble LD_LIBRARY_PATH=/home/cole/cole_ws/install/ptu_interfaces/lib:/home/cole/cole_ws/install/hal_flir_d46/lib:/usr/lib/x86_64-linux-gnu/gazebo-11/plugins:/opt/ros/humble/opt/rviz_ogre_vendor/lib:/opt/ros/humble/lib/x86_64-linux-gnu:/opt/ros/humble/lib /usr/bin/cmake --build /home/cole/cole_ws/build/hal_flir_d46 -- -j16 -l16
[0.055s] [ 40%] Built target HALFlirExecutable
[0.057s] [100%] Built target hal_flir_d46
[0.202s] Invoked command in '/home/cole/cole_ws/build/hal_flir_d46' returned '0': CMAKE_PREFIX_PATH=/home/cole/cole_ws/install/ptu_interfaces:/home/cole/cole_ws/install/sim_test:/home/cole/cole_ws/install/hal_flir_d46:/home/cole/cole_ws/install/video_stream:/home/cole/cole_ws/install/pan_tilt_control:/home/cole/cole_ws/install/camera:/opt/ros/humble LD_LIBRARY_PATH=/home/cole/cole_ws/install/ptu_interfaces/lib:/home/cole/cole_ws/install/hal_flir_d46/lib:/usr/lib/x86_64-linux-gnu/gazebo-11/plugins:/opt/ros/humble/opt/rviz_ogre_vendor/lib:/opt/ros/humble/lib/x86_64-linux-gnu:/opt/ros/humble/lib /usr/bin/cmake --build /home/cole/cole_ws/build/hal_flir_d46 -- -j16 -l16
[0.202s] Invoking command in '/home/cole/cole_ws/build/hal_flir_d46': CMAKE_PREFIX_PATH=/home/cole/cole_ws/install/ptu_interfaces:/home/cole/cole_ws/install/sim_test:/home/cole/cole_ws/install/hal_flir_d46:/home/cole/cole_ws/install/video_stream:/home/cole/cole_ws/install/pan_tilt_control:/home/cole/cole_ws/install/camera:/opt/ros/humble LD_LIBRARY_PATH=/home/cole/cole_ws/install/ptu_interfaces/lib:/home/cole/cole_ws/install/hal_flir_d46/lib:/usr/lib/x86_64-linux-gnu/gazebo-11/plugins:/opt/ros/humble/opt/rviz_ogre_vendor/lib:/opt/ros/humble/lib/x86_64-linux-gnu:/opt/ros/humble/lib /usr/bin/cmake --install /home/cole/cole_ws/build/hal_flir_d46
[0.204s] -- Install configuration: ""
[0.204s] -- Up-to-date: /home/cole/cole_ws/install/hal_flir_d46/lib/hal_flir_d46/HALFlirExecutable
[0.204s] -- Up-to-date: /home/cole/cole_ws/install/hal_flir_d46/lib/libhal_flir_d46.so
[0.204s] -- Up-to-date: /home/cole/cole_ws/install/hal_flir_d46/share/hal_flir_d46//launch
[0.204s] -- Up-to-date: /home/cole/cole_ws/install/hal_flir_d46/share/hal_flir_d46//launch/flir_d46.launch.py
[0.204s] -- Up-to-date: /home/cole/cole_ws/install/hal_flir_d46/share/hal_flir_d46//params
[0.204s] -- Up-to-date: /home/cole/cole_ws/install/hal_flir_d46/share/hal_flir_d46//params/params_pasqualone.yaml
[0.204s] -- Up-to-date: /home/cole/cole_ws/install/hal_flir_d46/share/hal_flir_d46//params/params_xarm_wac.yaml
[0.205s] -- Up-to-date: /home/cole/cole_ws/install/hal_flir_d46/share/hal_flir_d46//params/params_xarm.yaml
[0.205s] -- Up-to-date: /home/cole/cole_ws/install/hal_flir_d46/share/ament_index/resource_index/package_run_dependencies/hal_flir_d46
[0.205s] -- Up-to-date: /home/cole/cole_ws/install/hal_flir_d46/share/ament_index/resource_index/parent_prefix_path/hal_flir_d46
[0.205s] -- Up-to-date: /home/cole/cole_ws/install/hal_flir_d46/share/hal_flir_d46/environment/ament_prefix_path.sh
[0.205s] -- Up-to-date: /home/cole/cole_ws/install/hal_flir_d46/share/hal_flir_d46/environment/ament_prefix_path.dsv
[0.205s] -- Up-to-date: /home/cole/cole_ws/install/hal_flir_d46/share/hal_flir_d46/environment/path.sh
[0.205s] -- Up-to-date: /home/cole/cole_ws/install/hal_flir_d46/share/hal_flir_d46/environment/path.dsv
[0.205s] -- Up-to-date: /home/cole/cole_ws/install/hal_flir_d46/share/hal_flir_d46/local_setup.bash
[0.205s] -- Up-to-date: /home/cole/cole_ws/install/hal_flir_d46/share/hal_flir_d46/local_setup.sh
[0.205s] -- Up-to-date: /home/cole/cole_ws/install/hal_flir_d46/share/hal_flir_d46/local_setup.zsh
[0.205s] -- Up-to-date: /home/cole/cole_ws/install/hal_flir_d46/share/hal_flir_d46/local_setup.dsv
[0.206s] -- Installing: /home/cole/cole_ws/install/hal_flir_d46/share/hal_flir_d46/package.dsv
[0.207s] -- Up-to-date: /home/cole/cole_ws/install/hal_flir_d46/share/ament_index/resource_index/packages/hal_flir_d46
[0.207s] -- Up-to-date: /home/cole/cole_ws/install/hal_flir_d46/share/ament_index/resource_index/rclcpp_components/hal_flir_d46
[0.207s] -- Up-to-date: /home/cole/cole_ws/install/hal_flir_d46/share/hal_flir_d46/cmake/hal_flir_d46Config.cmake
[0.207s] -- Up-to-date: /home/cole/cole_ws/install/hal_flir_d46/share/hal_flir_d46/cmake/hal_flir_d46Config-version.cmake
[0.209s] -- Up-to-date: /home/cole/cole_ws/install/hal_flir_d46/share/hal_flir_d46/package.xml
[0.209s] Invoked command in '/home/cole/cole_ws/build/hal_flir_d46' returned '0': CMAKE_PREFIX_PATH=/home/cole/cole_ws/install/ptu_interfaces:/home/cole/cole_ws/install/sim_test:/home/cole/cole_ws/install/hal_flir_d46:/home/cole/cole_ws/install/video_stream:/home/cole/cole_ws/install/pan_tilt_control:/home/cole/cole_ws/install/camera:/opt/ros/humble LD_LIBRARY_PATH=/home/cole/cole_ws/install/ptu_interfaces/lib:/home/cole/cole_ws/install/hal_flir_d46/lib:/usr/lib/x86_64-linux-gnu/gazebo-11/plugins:/opt/ros/humble/opt/rviz_ogre_vendor/lib:/opt/ros/humble/lib/x86_64-linux-gnu:/opt/ros/humble/lib /usr/bin/cmake --install /home/cole/cole_ws/build/hal_flir_d46
