[0.006s] Invoking command in '/home/cole/cole_ws/build/hal_flir_d46': CMAKE_PREFIX_PATH=/home/cole/cole_ws/install/ptu_interfaces:/home/cole/cole_ws/install/sim_test:/home/cole/cole_ws/install/hal_flir_d46:/tmp/usr/local/setup.sh:/home/cole/cole_ws/install/camera:/home/cole/cole_ws/install/video_stream:/opt/ros/humble LD_LIBRARY_PATH=/home/cole/cole_ws/install/ptu_interfaces/lib:/home/cole/cole_ws/install/hal_flir_d46/lib:/usr/lib/x86_64-linux-gnu/gazebo-11/plugins:/opt/ros/humble/opt/rviz_ogre_vendor/lib:/opt/ros/humble/lib/x86_64-linux-gnu:/opt/ros/humble/lib /usr/bin/cmake --build /home/cole/cole_ws/build/hal_flir_d46 -- -j16 -l16
[0.034s] [35m[1mConsolidate compiler generated dependencies of target HALFlirExecutable[0m
[0.035s] [35m[1mConsolidate compiler generated dependencies of target hal_flir_d46[0m
[0.044s] [ 40%] Built target HALFlirExecutable
[0.050s] [100%] Built target hal_flir_d46
[0.058s] Invoked command in '/home/cole/cole_ws/build/hal_flir_d46' returned '0': CMAKE_PREFIX_PATH=/home/cole/cole_ws/install/ptu_interfaces:/home/cole/cole_ws/install/sim_test:/home/cole/cole_ws/install/hal_flir_d46:/tmp/usr/local/setup.sh:/home/cole/cole_ws/install/camera:/home/cole/cole_ws/install/video_stream:/opt/ros/humble LD_LIBRARY_PATH=/home/cole/cole_ws/install/ptu_interfaces/lib:/home/cole/cole_ws/install/hal_flir_d46/lib:/usr/lib/x86_64-linux-gnu/gazebo-11/plugins:/opt/ros/humble/opt/rviz_ogre_vendor/lib:/opt/ros/humble/lib/x86_64-linux-gnu:/opt/ros/humble/lib /usr/bin/cmake --build /home/cole/cole_ws/build/hal_flir_d46 -- -j16 -l16
[0.059s] Invoking command in '/home/cole/cole_ws/build/hal_flir_d46': CMAKE_PREFIX_PATH=/home/cole/cole_ws/install/ptu_interfaces:/home/cole/cole_ws/install/sim_test:/home/cole/cole_ws/install/hal_flir_d46:/tmp/usr/local/setup.sh:/home/cole/cole_ws/install/camera:/home/cole/cole_ws/install/video_stream:/opt/ros/humble LD_LIBRARY_PATH=/home/cole/cole_ws/install/ptu_interfaces/lib:/home/cole/cole_ws/install/hal_flir_d46/lib:/usr/lib/x86_64-linux-gnu/gazebo-11/plugins:/opt/ros/humble/opt/rviz_ogre_vendor/lib:/opt/ros/humble/lib/x86_64-linux-gnu:/opt/ros/humble/lib /usr/bin/cmake --install /home/cole/cole_ws/build/hal_flir_d46
[0.065s] -- Install configuration: ""
[0.065s] -- Up-to-date: /home/cole/cole_ws/install/hal_flir_d46/lib/hal_flir_d46/HALFlirExecutable
[0.065s] -- Up-to-date: /home/cole/cole_ws/install/hal_flir_d46/lib/libhal_flir_d46.so
[0.065s] -- Up-to-date: /home/cole/cole_ws/install/hal_flir_d46/share/hal_flir_d46//launch
[0.065s] -- Up-to-date: /home/cole/cole_ws/install/hal_flir_d46/share/hal_flir_d46//launch/flir_d46.launch.py
[0.065s] -- Up-to-date: /home/cole/cole_ws/install/hal_flir_d46/share/hal_flir_d46//params
[0.065s] -- Installing: /home/cole/cole_ws/install/hal_flir_d46/share/hal_flir_d46//params/params_pasqualone.yaml
[0.065s] -- Up-to-date: /home/cole/cole_ws/install/hal_flir_d46/share/hal_flir_d46//params/params_xarm_wac.yaml
[0.065s] -- Up-to-date: /home/cole/cole_ws/install/hal_flir_d46/share/hal_flir_d46//params/params_xarm.yaml
[0.066s] -- Up-to-date: /home/cole/cole_ws/install/hal_flir_d46/share/ament_index/resource_index/package_run_dependencies/hal_flir_d46
[0.066s] -- Up-to-date: /home/cole/cole_ws/install/hal_flir_d46/share/ament_index/resource_index/parent_prefix_path/hal_flir_d46
[0.066s] -- Up-to-date: /home/cole/cole_ws/install/hal_flir_d46/share/hal_flir_d46/environment/ament_prefix_path.sh
[0.066s] -- Up-to-date: /home/cole/cole_ws/install/hal_flir_d46/share/hal_flir_d46/environment/ament_prefix_path.dsv
[0.066s] -- Up-to-date: /home/cole/cole_ws/install/hal_flir_d46/share/hal_flir_d46/environment/path.sh
[0.066s] -- Up-to-date: /home/cole/cole_ws/install/hal_flir_d46/share/hal_flir_d46/environment/path.dsv
[0.066s] -- Up-to-date: /home/cole/cole_ws/install/hal_flir_d46/share/hal_flir_d46/local_setup.bash
[0.066s] -- Up-to-date: /home/cole/cole_ws/install/hal_flir_d46/share/hal_flir_d46/local_setup.sh
[0.066s] -- Up-to-date: /home/cole/cole_ws/install/hal_flir_d46/share/hal_flir_d46/local_setup.zsh
[0.066s] -- Up-to-date: /home/cole/cole_ws/install/hal_flir_d46/share/hal_flir_d46/local_setup.dsv
[0.066s] -- Installing: /home/cole/cole_ws/install/hal_flir_d46/share/hal_flir_d46/package.dsv
[0.066s] -- Up-to-date: /home/cole/cole_ws/install/hal_flir_d46/share/ament_index/resource_index/packages/hal_flir_d46
[0.066s] -- Up-to-date: /home/cole/cole_ws/install/hal_flir_d46/share/ament_index/resource_index/rclcpp_components/hal_flir_d46
[0.066s] -- Up-to-date: /home/cole/cole_ws/install/hal_flir_d46/share/hal_flir_d46/cmake/hal_flir_d46Config.cmake
[0.066s] -- Up-to-date: /home/cole/cole_ws/install/hal_flir_d46/share/hal_flir_d46/cmake/hal_flir_d46Config-version.cmake
[0.067s] -- Up-to-date: /home/cole/cole_ws/install/hal_flir_d46/share/hal_flir_d46/package.xml
[0.067s] Invoked command in '/home/cole/cole_ws/build/hal_flir_d46' returned '0': CMAKE_PREFIX_PATH=/home/cole/cole_ws/install/ptu_interfaces:/home/cole/cole_ws/install/sim_test:/home/cole/cole_ws/install/hal_flir_d46:/tmp/usr/local/setup.sh:/home/cole/cole_ws/install/camera:/home/cole/cole_ws/install/video_stream:/opt/ros/humble LD_LIBRARY_PATH=/home/cole/cole_ws/install/ptu_interfaces/lib:/home/cole/cole_ws/install/hal_flir_d46/lib:/usr/lib/x86_64-linux-gnu/gazebo-11/plugins:/opt/ros/humble/opt/rviz_ogre_vendor/lib:/opt/ros/humble/lib/x86_64-linux-gnu:/opt/ros/humble/lib /usr/bin/cmake --install /home/cole/cole_ws/build/hal_flir_d46
