[0.757s] Invoking command in '/home/cole/cole_ws/src/pan_tilt_control': PYTHONPATH=/home/cole/cole_ws/build/pan_tilt_control/prefix_override:/usr/lib/python3/dist-packages/colcon_core/task/python/colcon_distutils_commands:/home/cole/cole_ws/install/pan_tilt_control/lib/python3.10/site-packages:${PYTHONPATH} /usr/bin/python3 -W ignore:setup.py install is deprecated -W ignore:easy_install command is deprecated setup.py egg_info --egg-base ../../build/pan_tilt_control build --build-base /home/cole/cole_ws/build/pan_tilt_control/build install --record /home/cole/cole_ws/build/pan_tilt_control/install.log --single-version-externally-managed install_data
[0.911s] running egg_info
[0.911s] writing ../../build/pan_tilt_control/pan_tilt_control.egg-info/PKG-INFO
[0.912s] writing dependency_links to ../../build/pan_tilt_control/pan_tilt_control.egg-info/dependency_links.txt
[0.912s] writing entry points to ../../build/pan_tilt_control/pan_tilt_control.egg-info/entry_points.txt
[0.912s] writing requirements to ../../build/pan_tilt_control/pan_tilt_control.egg-info/requires.txt
[0.912s] writing top-level names to ../../build/pan_tilt_control/pan_tilt_control.egg-info/top_level.txt
[0.913s] reading manifest file '../../build/pan_tilt_control/pan_tilt_control.egg-info/SOURCES.txt'
[0.913s] adding license file 'LICENSE'
[0.913s] writing manifest file '../../build/pan_tilt_control/pan_tilt_control.egg-info/SOURCES.txt'
[0.913s] running build
[0.913s] running build_py
[0.913s] running install
[0.914s] running install_lib
[0.914s] running install_data
[0.914s] running install_egg_info
[0.916s] removing '/home/cole/cole_ws/install/pan_tilt_control/lib/python3.10/site-packages/pan_tilt_control-0.0.0-py3.10.egg-info' (and everything under it)
[0.916s] Copying ../../build/pan_tilt_control/pan_tilt_control.egg-info to /home/cole/cole_ws/install/pan_tilt_control/lib/python3.10/site-packages/pan_tilt_control-0.0.0-py3.10.egg-info
[0.916s] running install_scripts
[0.930s] Installing pan_tilt_joy script to /home/cole/cole_ws/install/pan_tilt_control/lib/pan_tilt_control
[0.930s] writing list of installed files to '/home/cole/cole_ws/build/pan_tilt_control/install.log'
[0.950s] Invoked command in '/home/cole/cole_ws/src/pan_tilt_control' returned '0': PYTHONPATH=/home/cole/cole_ws/build/pan_tilt_control/prefix_override:/usr/lib/python3/dist-packages/colcon_core/task/python/colcon_distutils_commands:/home/cole/cole_ws/install/pan_tilt_control/lib/python3.10/site-packages:${PYTHONPATH} /usr/bin/python3 -W ignore:setup.py install is deprecated -W ignore:easy_install command is deprecated setup.py egg_info --egg-base ../../build/pan_tilt_control build --build-base /home/cole/cole_ws/build/pan_tilt_control/build install --record /home/cole/cole_ws/build/pan_tilt_control/install.log --single-version-externally-managed install_data
