[0.644s] Invoking command in '/home/cole/cole_ws/src/camera': PYTHONPATH=/home/cole/cole_ws/build/camera/prefix_override:/usr/lib/python3/dist-packages/colcon_core/task/python/colcon_distutils_commands:/home/cole/cole_ws/install/camera/lib/python3.10/site-packages:${PYTHONPATH} /usr/bin/python3 -W ignore:setup.py install is deprecated -W ignore:easy_install command is deprecated setup.py egg_info --egg-base ../../build/camera build --build-base /home/cole/cole_ws/build/camera/build install --record /home/cole/cole_ws/build/camera/install.log --single-version-externally-managed install_data
[0.808s] running egg_info
[0.809s] writing ../../build/camera/camera.egg-info/PKG-INFO
[0.809s] writing dependency_links to ../../build/camera/camera.egg-info/dependency_links.txt
[0.809s] writing entry points to ../../build/camera/camera.egg-info/entry_points.txt
[0.809s] writing requirements to ../../build/camera/camera.egg-info/requires.txt
[0.809s] writing top-level names to ../../build/camera/camera.egg-info/top_level.txt
[0.810s] reading manifest file '../../build/camera/camera.egg-info/SOURCES.txt'
[0.810s] adding license file 'LICENSE'
[0.811s] writing manifest file '../../build/camera/camera.egg-info/SOURCES.txt'
[0.811s] running build
[0.811s] running build_py
[0.811s] running install
[0.811s] running install_lib
[0.811s] running install_data
[0.812s] running install_egg_info
[0.813s] removing '/home/cole/cole_ws/install/camera/lib/python3.10/site-packages/camera-0.0.0-py3.10.egg-info' (and everything under it)
[0.813s] Copying ../../build/camera/camera.egg-info to /home/cole/cole_ws/install/camera/lib/python3.10/site-packages/camera-0.0.0-py3.10.egg-info
[0.813s] running install_scripts
[0.830s] writing list of installed files to '/home/cole/cole_ws/build/camera/install.log'
[0.851s] Invoked command in '/home/cole/cole_ws/src/camera' returned '0': PYTHONPATH=/home/cole/cole_ws/build/camera/prefix_override:/usr/lib/python3/dist-packages/colcon_core/task/python/colcon_distutils_commands:/home/cole/cole_ws/install/camera/lib/python3.10/site-packages:${PYTHONPATH} /usr/bin/python3 -W ignore:setup.py install is deprecated -W ignore:easy_install command is deprecated setup.py egg_info --egg-base ../../build/camera build --build-base /home/cole/cole_ws/build/camera/build install --record /home/cole/cole_ws/build/camera/install.log --single-version-externally-managed install_data
