[0.176s] Invoking command in '/home/cole/cole_ws/build/hal_flir_d46': CMAKE_PREFIX_PATH=${CMAKE_PREFIX_PATH}:/home/cole/cole_ws/install/video_stream:/opt/ros/humble /usr/bin/cmake /home/cole/cole_ws/src/ROS2-HAL-Flir-PTU-D46 -DCMAKE_INSTALL_PREFIX=/home/cole/cole_ws/install/hal_flir_d46
[0.214s] -- The C compiler identification is GNU 11.4.0
[0.252s] -- The CXX compiler identification is GNU 11.4.0
[0.257s] -- Detecting C compiler ABI info
[0.303s] -- Detecting C compiler ABI info - done
[0.308s] -- Check for working C compiler: /usr/bin/cc - skipped
[0.308s] -- Detecting C compile features
[0.309s] -- Detecting C compile features - done
[0.311s] -- Detecting CXX compiler ABI info
[0.365s] -- Detecting CXX compiler ABI info - done
[0.372s] -- Check for working CXX compiler: /usr/bin/c++ - skipped
[0.372s] -- Detecting CXX compile features
[0.372s] -- Detecting CXX compile features - done
[0.374s] -- Found ament_cmake: 1.3.11 (/opt/ros/humble/share/ament_cmake/cmake)
[0.479s] -- Found Python3: /usr/bin/python3 (found version "3.10.12") found components: Interpreter 
[0.553s] -- Found rclcpp: 16.0.11 (/opt/ros/humble/share/rclcpp/cmake)
[0.592s] -- Found rosidl_generator_c: 3.1.6 (/opt/ros/humble/share/rosidl_generator_c/cmake)
[0.596s] -- Found rosidl_adapter: 3.1.6 (/opt/ros/humble/share/rosidl_adapter/cmake)
[0.604s] -- Found rosidl_generator_cpp: 3.1.6 (/opt/ros/humble/share/rosidl_generator_cpp/cmake)
[0.616s] -- Using all available rosidl_typesupport_c: rosidl_typesupport_fastrtps_c;rosidl_typesupport_introspection_c
[0.630s] -- Using all available rosidl_typesupport_cpp: rosidl_typesupport_fastrtps_cpp;rosidl_typesupport_introspection_cpp
[0.668s] -- Found rmw_implementation_cmake: 6.1.2 (/opt/ros/humble/share/rmw_implementation_cmake/cmake)
[0.671s] -- Found rmw_fastrtps_cpp: 6.2.7 (/opt/ros/humble/share/rmw_fastrtps_cpp/cmake)
[0.744s] -- Found OpenSSL: /usr/lib/x86_64-linux-gnu/libcrypto.so (found version "3.0.2")  
[0.765s] -- Found FastRTPS: /opt/ros/humble/include  
[0.798s] -- Using RMW implementation 'rmw_fastrtps_cpp' as default
[0.806s] -- Looking for pthread.h
[0.884s] -- Looking for pthread.h - found
[0.884s] -- Performing Test CMAKE_HAVE_LIBC_PTHREAD
[0.955s] -- Performing Test CMAKE_HAVE_LIBC_PTHREAD - Success
[0.956s] -- Found Threads: TRUE  
[1.004s] -- Found rclcpp_action: 16.0.11 (/opt/ros/humble/share/rclcpp_action/cmake)
[1.034s] -- Found rclcpp_components: 16.0.11 (/opt/ros/humble/share/rclcpp_components/cmake)
[1.058s] -- Found std_srvs: 4.2.4 (/opt/ros/humble/share/std_srvs/cmake)
[1.067s] -- Found sensor_msgs: 4.2.4 (/opt/ros/humble/share/sensor_msgs/cmake)
[1.098s] [31mCMake Error at CMakeLists.txt:29 (find_package):
[1.098s]   By not providing "Findserial.cmake" in CMAKE_MODULE_PATH this project has
[1.098s]   asked CMake to find a package configuration file provided by "serial", but
[1.098s]   CMake did not find one.
[1.098s] 
[1.098s]   Could not find a package configuration file provided by "serial" with any
[1.098s]   of the following names:
[1.098s] 
[1.098s]     serialConfig.cmake
[1.098s]     serial-config.cmake
[1.098s] 
[1.098s]   Add the installation prefix of "serial" to CMAKE_PREFIX_PATH or set
[1.098s]   "serial_DIR" to a directory containing one of the above files.  If "serial"
[1.098s]   provides a separate development package or SDK, be sure it has been
[1.098s]   installed.
[1.098s] 
[1.098s] [0m
[1.098s] -- Configuring incomplete, errors occurred!
[1.098s] See also "/home/cole/cole_ws/build/hal_flir_d46/CMakeFiles/CMakeOutput.log".
[1.103s] Invoked command in '/home/cole/cole_ws/build/hal_flir_d46' returned '1': CMAKE_PREFIX_PATH=${CMAKE_PREFIX_PATH}:/home/cole/cole_ws/install/video_stream:/opt/ros/humble /usr/bin/cmake /home/cole/cole_ws/src/ROS2-HAL-Flir-PTU-D46 -DCMAKE_INSTALL_PREFIX=/home/cole/cole_ws/install/hal_flir_d46
