[0.635s] Invoking command in '/home/cole/cole_ws/src/camera': PYTHONPATH=/home/cole/cole_ws/build/camera/prefix_override:/usr/lib/python3/dist-packages/colcon_core/task/python/colcon_distutils_commands:/home/cole/cole_ws/install/camera/lib/python3.10/site-packages:${PYTHONPATH} /usr/bin/python3 -W ignore:setup.py install is deprecated -W ignore:easy_install command is deprecated setup.py egg_info --egg-base ../../build/camera build --build-base /home/cole/cole_ws/build/camera/build install --record /home/cole/cole_ws/build/camera/install.log --single-version-externally-managed install_data
[0.799s] running egg_info
[0.799s] writing ../../build/camera/camera.egg-info/PKG-INFO
[0.799s] writing dependency_links to ../../build/camera/camera.egg-info/dependency_links.txt
[0.799s] writing entry points to ../../build/camera/camera.egg-info/entry_points.txt
[0.799s] writing requirements to ../../build/camera/camera.egg-info/requires.txt
[0.799s] writing top-level names to ../../build/camera/camera.egg-info/top_level.txt
[0.800s] reading manifest file '../../build/camera/camera.egg-info/SOURCES.txt'
[0.800s] adding license file 'LICENSE'
[0.801s] writing manifest file '../../build/camera/camera.egg-info/SOURCES.txt'
[0.801s] running build
[0.801s] running build_py
[0.801s] running install
[0.801s] running install_lib
[0.802s] running install_data
[0.802s] running install_egg_info
[0.803s] removing '/home/cole/cole_ws/install/camera/lib/python3.10/site-packages/camera-0.0.0-py3.10.egg-info' (and everything under it)
[0.803s] Copying ../../build/camera/camera.egg-info to /home/cole/cole_ws/install/camera/lib/python3.10/site-packages/camera-0.0.0-py3.10.egg-info
[0.803s] running install_scripts
[0.819s] writing list of installed files to '/home/cole/cole_ws/build/camera/install.log'
[0.836s] Invoked command in '/home/cole/cole_ws/src/camera' returned '0': PYTHONPATH=/home/cole/cole_ws/build/camera/prefix_override:/usr/lib/python3/dist-packages/colcon_core/task/python/colcon_distutils_commands:/home/cole/cole_ws/install/camera/lib/python3.10/site-packages:${PYTHONPATH} /usr/bin/python3 -W ignore:setup.py install is deprecated -W ignore:easy_install command is deprecated setup.py egg_info --egg-base ../../build/camera build --build-base /home/cole/cole_ws/build/camera/build install --record /home/cole/cole_ws/build/camera/install.log --single-version-externally-managed install_data
