[0.074s] DEBUG:colcon:Command line arguments: ['/usr/bin/colcon', 'build']
[0.074s] DEBUG:colcon:Parsed command line arguments: Namespace(log_base=None, log_level=None, verb_name='build', build_base='build', install_base='install', merge_install=False, symlink_install=False, test_result_base=None, continue_on_error=False, executor='parallel', parallel_workers=16, event_handlers=None, ignore_user_meta=False, metas=['./colcon.meta'], base_paths=['.'], packages_ignore=None, packages_ignore_regex=None, paths=None, packages_up_to=None, packages_up_to_regex=None, packages_above=None, packages_above_and_dependencies=None, packages_above_depth=None, packages_select_by_dep=None, packages_skip_by_dep=None, packages_skip_up_to=None, packages_select_build_failed=False, packages_skip_build_finished=False, packages_select_test_failures=False, packages_skip_test_passed=False, packages_select=None, packages_skip=None, packages_select_regex=None, packages_skip_regex=None, packages_start=None, packages_end=None, allow_overriding=[], cmake_args=None, cmake_target=None, cmake_target_skip_unavailable=False, cmake_clean_cache=False, cmake_clean_first=False, cmake_force_configure=False, ament_cmake_args=None, catkin_cmake_args=None, catkin_skip_building_tests=False, mixin_files=None, mixin=None, verb_parser=<colcon_mixin.mixin.mixin_argument.MixinArgumentDecorator object at 0x796bf7e067a0>, verb_extension=<colcon_core.verb.build.BuildVerb object at 0x796bf7e06260>, main=<bound method BuildVerb.main of <colcon_core.verb.build.BuildVerb object at 0x796bf7e06260>>, mixin_verb=('build',))
[0.181s] Level 1:colcon.colcon_core.package_discovery:discover_packages(colcon_meta) check parameters
[0.181s] Level 1:colcon.colcon_core.package_discovery:discover_packages(recursive) check parameters
[0.181s] Level 1:colcon.colcon_core.package_discovery:discover_packages(ignore) check parameters
[0.181s] Level 1:colcon.colcon_core.package_discovery:discover_packages(path) check parameters
[0.181s] Level 1:colcon.colcon_core.package_discovery:discover_packages(colcon_meta) discover
[0.181s] Level 1:colcon.colcon_core.package_discovery:discover_packages(recursive) discover
[0.181s] INFO:colcon.colcon_core.package_discovery:Crawling recursively for packages in '/home/cole/cole_ws'
[0.181s] Level 1:colcon.colcon_core.package_identification:_identify(.) by extensions ['ignore', 'ignore_ament_install']
[0.181s] Level 1:colcon.colcon_core.package_identification:_identify(.) by extension 'ignore'
[0.181s] Level 1:colcon.colcon_core.package_identification:_identify(.) by extension 'ignore_ament_install'
[0.181s] Level 1:colcon.colcon_core.package_identification:_identify(.) by extensions ['colcon_pkg']
[0.181s] Level 1:colcon.colcon_core.package_identification:_identify(.) by extension 'colcon_pkg'
[0.181s] Level 1:colcon.colcon_core.package_identification:_identify(.) by extensions ['colcon_meta']
[0.181s] Level 1:colcon.colcon_core.package_identification:_identify(.) by extension 'colcon_meta'
[0.181s] Level 1:colcon.colcon_core.package_identification:_identify(.) by extensions ['ros']
[0.181s] Level 1:colcon.colcon_core.package_identification:_identify(.) by extension 'ros'
[0.193s] Level 1:colcon.colcon_core.package_identification:_identify(.) by extensions ['cmake', 'python']
[0.193s] Level 1:colcon.colcon_core.package_identification:_identify(.) by extension 'cmake'
[0.193s] Level 1:colcon.colcon_core.package_identification:_identify(.) by extension 'python'
[0.193s] Level 1:colcon.colcon_core.package_identification:_identify(.) by extensions ['python_setup_py']
[0.193s] Level 1:colcon.colcon_core.package_identification:_identify(.) by extension 'python_setup_py'
[0.193s] Level 1:colcon.colcon_core.package_identification:_identify(build) by extensions ['ignore', 'ignore_ament_install']
[0.193s] Level 1:colcon.colcon_core.package_identification:_identify(build) by extension 'ignore'
[0.193s] Level 1:colcon.colcon_core.package_identification:_identify(build) ignored
[0.193s] Level 1:colcon.colcon_core.package_identification:_identify(install) by extensions ['ignore', 'ignore_ament_install']
[0.193s] Level 1:colcon.colcon_core.package_identification:_identify(install) by extension 'ignore'
[0.193s] Level 1:colcon.colcon_core.package_identification:_identify(install) ignored
[0.193s] Level 1:colcon.colcon_core.package_identification:_identify(log) by extensions ['ignore', 'ignore_ament_install']
[0.193s] Level 1:colcon.colcon_core.package_identification:_identify(log) by extension 'ignore'
[0.193s] Level 1:colcon.colcon_core.package_identification:_identify(log) ignored
[0.193s] Level 1:colcon.colcon_core.package_identification:_identify(src) by extensions ['ignore', 'ignore_ament_install']
[0.193s] Level 1:colcon.colcon_core.package_identification:_identify(src) by extension 'ignore'
[0.193s] Level 1:colcon.colcon_core.package_identification:_identify(src) by extension 'ignore_ament_install'
[0.193s] Level 1:colcon.colcon_core.package_identification:_identify(src) by extensions ['colcon_pkg']
[0.193s] Level 1:colcon.colcon_core.package_identification:_identify(src) by extension 'colcon_pkg'
[0.193s] Level 1:colcon.colcon_core.package_identification:_identify(src) by extensions ['colcon_meta']
[0.193s] Level 1:colcon.colcon_core.package_identification:_identify(src) by extension 'colcon_meta'
[0.194s] Level 1:colcon.colcon_core.package_identification:_identify(src) by extensions ['ros']
[0.194s] Level 1:colcon.colcon_core.package_identification:_identify(src) by extension 'ros'
[0.194s] Level 1:colcon.colcon_core.package_identification:_identify(src) by extensions ['cmake', 'python']
[0.194s] Level 1:colcon.colcon_core.package_identification:_identify(src) by extension 'cmake'
[0.194s] Level 1:colcon.colcon_core.package_identification:_identify(src) by extension 'python'
[0.194s] Level 1:colcon.colcon_core.package_identification:_identify(src) by extensions ['python_setup_py']
[0.194s] Level 1:colcon.colcon_core.package_identification:_identify(src) by extension 'python_setup_py'
[0.194s] Level 1:colcon.colcon_core.package_identification:_identify(src/ROS2-HAL-Flir-PTU-D46) by extensions ['ignore', 'ignore_ament_install']
[0.194s] Level 1:colcon.colcon_core.package_identification:_identify(src/ROS2-HAL-Flir-PTU-D46) by extension 'ignore'
[0.194s] Level 1:colcon.colcon_core.package_identification:_identify(src/ROS2-HAL-Flir-PTU-D46) by extension 'ignore_ament_install'
[0.194s] Level 1:colcon.colcon_core.package_identification:_identify(src/ROS2-HAL-Flir-PTU-D46) by extensions ['colcon_pkg']
[0.194s] Level 1:colcon.colcon_core.package_identification:_identify(src/ROS2-HAL-Flir-PTU-D46) by extension 'colcon_pkg'
[0.194s] Level 1:colcon.colcon_core.package_identification:_identify(src/ROS2-HAL-Flir-PTU-D46) by extensions ['colcon_meta']
[0.194s] Level 1:colcon.colcon_core.package_identification:_identify(src/ROS2-HAL-Flir-PTU-D46) by extension 'colcon_meta'
[0.194s] Level 1:colcon.colcon_core.package_identification:_identify(src/ROS2-HAL-Flir-PTU-D46) by extensions ['ros']
[0.194s] Level 1:colcon.colcon_core.package_identification:_identify(src/ROS2-HAL-Flir-PTU-D46) by extension 'ros'
[0.196s] DEBUG:colcon.colcon_core.package_identification:Package 'src/ROS2-HAL-Flir-PTU-D46' with type 'ros.ament_cmake' and name 'hal_flir_d46'
[0.196s] Level 1:colcon.colcon_core.package_identification:_identify(src/camera) by extensions ['ignore', 'ignore_ament_install']
[0.196s] Level 1:colcon.colcon_core.package_identification:_identify(src/camera) by extension 'ignore'
[0.196s] Level 1:colcon.colcon_core.package_identification:_identify(src/camera) by extension 'ignore_ament_install'
[0.196s] Level 1:colcon.colcon_core.package_identification:_identify(src/camera) by extensions ['colcon_pkg']
[0.196s] Level 1:colcon.colcon_core.package_identification:_identify(src/camera) by extension 'colcon_pkg'
[0.196s] Level 1:colcon.colcon_core.package_identification:_identify(src/camera) by extensions ['colcon_meta']
[0.196s] Level 1:colcon.colcon_core.package_identification:_identify(src/camera) by extension 'colcon_meta'
[0.196s] Level 1:colcon.colcon_core.package_identification:_identify(src/camera) by extensions ['ros']
[0.196s] Level 1:colcon.colcon_core.package_identification:_identify(src/camera) by extension 'ros'
[0.197s] DEBUG:colcon.colcon_core.package_identification:Package 'src/camera' with type 'ros.ament_python' and name 'camera'
[0.197s] Level 1:colcon.colcon_core.package_identification:_identify(src/sim_test) by extensions ['ignore', 'ignore_ament_install']
[0.197s] Level 1:colcon.colcon_core.package_identification:_identify(src/sim_test) by extension 'ignore'
[0.197s] Level 1:colcon.colcon_core.package_identification:_identify(src/sim_test) by extension 'ignore_ament_install'
[0.197s] Level 1:colcon.colcon_core.package_identification:_identify(src/sim_test) by extensions ['colcon_pkg']
[0.197s] Level 1:colcon.colcon_core.package_identification:_identify(src/sim_test) by extension 'colcon_pkg'
[0.197s] Level 1:colcon.colcon_core.package_identification:_identify(src/sim_test) by extensions ['colcon_meta']
[0.197s] Level 1:colcon.colcon_core.package_identification:_identify(src/sim_test) by extension 'colcon_meta'
[0.197s] Level 1:colcon.colcon_core.package_identification:_identify(src/sim_test) by extensions ['ros']
[0.197s] Level 1:colcon.colcon_core.package_identification:_identify(src/sim_test) by extension 'ros'
[0.197s] DEBUG:colcon.colcon_core.package_identification:Package 'src/sim_test' with type 'ros.ament_cmake' and name 'sim_test'
[0.197s] Level 1:colcon.colcon_core.package_identification:_identify(src/video_stream) by extensions ['ignore', 'ignore_ament_install']
[0.197s] Level 1:colcon.colcon_core.package_identification:_identify(src/video_stream) by extension 'ignore'
[0.198s] Level 1:colcon.colcon_core.package_identification:_identify(src/video_stream) by extension 'ignore_ament_install'
[0.198s] Level 1:colcon.colcon_core.package_identification:_identify(src/video_stream) by extensions ['colcon_pkg']
[0.198s] Level 1:colcon.colcon_core.package_identification:_identify(src/video_stream) by extension 'colcon_pkg'
[0.198s] Level 1:colcon.colcon_core.package_identification:_identify(src/video_stream) by extensions ['colcon_meta']
[0.198s] Level 1:colcon.colcon_core.package_identification:_identify(src/video_stream) by extension 'colcon_meta'
[0.198s] Level 1:colcon.colcon_core.package_identification:_identify(src/video_stream) by extensions ['ros']
[0.198s] Level 1:colcon.colcon_core.package_identification:_identify(src/video_stream) by extension 'ros'
[0.198s] DEBUG:colcon.colcon_core.package_identification:Package 'src/video_stream' with type 'ros.ament_python' and name 'video_stream'
[0.198s] Level 1:colcon.colcon_core.package_discovery:discover_packages(recursive) using defaults
[0.198s] Level 1:colcon.colcon_core.package_discovery:discover_packages(ignore) discover
[0.198s] Level 1:colcon.colcon_core.package_discovery:discover_packages(ignore) using defaults
[0.198s] Level 1:colcon.colcon_core.package_discovery:discover_packages(path) discover
[0.198s] Level 1:colcon.colcon_core.package_discovery:discover_packages(path) using defaults
[0.211s] Level 1:colcon.colcon_core.package_discovery:discover_packages(prefix_path) check parameters
[0.211s] Level 1:colcon.colcon_core.package_discovery:discover_packages(prefix_path) discover
[0.212s] DEBUG:colcon.colcon_installed_package_information.package_discovery:Found 4 installed packages in /home/cole/cole_ws/install
[0.213s] DEBUG:colcon.colcon_installed_package_information.package_discovery:Found 486 installed packages in /opt/ros/humble
[0.215s] Level 1:colcon.colcon_core.package_discovery:discover_packages(prefix_path) using defaults
[0.247s] Level 5:colcon.colcon_core.verb:set package 'camera' build argument 'cmake_args' from command line to 'None'
[0.247s] Level 5:colcon.colcon_core.verb:set package 'camera' build argument 'cmake_target' from command line to 'None'
[0.247s] Level 5:colcon.colcon_core.verb:set package 'camera' build argument 'cmake_target_skip_unavailable' from command line to 'False'
[0.247s] Level 5:colcon.colcon_core.verb:set package 'camera' build argument 'cmake_clean_cache' from command line to 'False'
[0.247s] Level 5:colcon.colcon_core.verb:set package 'camera' build argument 'cmake_clean_first' from command line to 'False'
[0.247s] Level 5:colcon.colcon_core.verb:set package 'camera' build argument 'cmake_force_configure' from command line to 'False'
[0.247s] Level 5:colcon.colcon_core.verb:set package 'camera' build argument 'ament_cmake_args' from command line to 'None'
[0.247s] Level 5:colcon.colcon_core.verb:set package 'camera' build argument 'catkin_cmake_args' from command line to 'None'
[0.247s] Level 5:colcon.colcon_core.verb:set package 'camera' build argument 'catkin_skip_building_tests' from command line to 'False'
[0.247s] DEBUG:colcon.colcon_core.verb:Building package 'camera' with the following arguments: {'ament_cmake_args': None, 'build_base': '/home/cole/cole_ws/build/camera', 'catkin_cmake_args': None, 'catkin_skip_building_tests': False, 'cmake_args': None, 'cmake_clean_cache': False, 'cmake_clean_first': False, 'cmake_force_configure': False, 'cmake_target': None, 'cmake_target_skip_unavailable': False, 'install_base': '/home/cole/cole_ws/install/camera', 'merge_install': False, 'path': '/home/cole/cole_ws/src/camera', 'symlink_install': False, 'test_result_base': None}
[0.247s] Level 5:colcon.colcon_core.verb:set package 'hal_flir_d46' build argument 'cmake_args' from command line to 'None'
[0.248s] Level 5:colcon.colcon_core.verb:set package 'hal_flir_d46' build argument 'cmake_target' from command line to 'None'
[0.248s] Level 5:colcon.colcon_core.verb:set package 'hal_flir_d46' build argument 'cmake_target_skip_unavailable' from command line to 'False'
[0.248s] Level 5:colcon.colcon_core.verb:set package 'hal_flir_d46' build argument 'cmake_clean_cache' from command line to 'False'
[0.248s] Level 5:colcon.colcon_core.verb:set package 'hal_flir_d46' build argument 'cmake_clean_first' from command line to 'False'
[0.248s] Level 5:colcon.colcon_core.verb:set package 'hal_flir_d46' build argument 'cmake_force_configure' from command line to 'False'
[0.248s] Level 5:colcon.colcon_core.verb:set package 'hal_flir_d46' build argument 'ament_cmake_args' from command line to 'None'
[0.248s] Level 5:colcon.colcon_core.verb:set package 'hal_flir_d46' build argument 'catkin_cmake_args' from command line to 'None'
[0.248s] Level 5:colcon.colcon_core.verb:set package 'hal_flir_d46' build argument 'catkin_skip_building_tests' from command line to 'False'
[0.248s] DEBUG:colcon.colcon_core.verb:Building package 'hal_flir_d46' with the following arguments: {'ament_cmake_args': None, 'build_base': '/home/cole/cole_ws/build/hal_flir_d46', 'catkin_cmake_args': None, 'catkin_skip_building_tests': False, 'cmake_args': None, 'cmake_clean_cache': False, 'cmake_clean_first': False, 'cmake_force_configure': False, 'cmake_target': None, 'cmake_target_skip_unavailable': False, 'install_base': '/home/cole/cole_ws/install/hal_flir_d46', 'merge_install': False, 'path': '/home/cole/cole_ws/src/ROS2-HAL-Flir-PTU-D46', 'symlink_install': False, 'test_result_base': None}
[0.248s] Level 5:colcon.colcon_core.verb:set package 'sim_test' build argument 'cmake_args' from command line to 'None'
[0.248s] Level 5:colcon.colcon_core.verb:set package 'sim_test' build argument 'cmake_target' from command line to 'None'
[0.248s] Level 5:colcon.colcon_core.verb:set package 'sim_test' build argument 'cmake_target_skip_unavailable' from command line to 'False'
[0.248s] Level 5:colcon.colcon_core.verb:set package 'sim_test' build argument 'cmake_clean_cache' from command line to 'False'
[0.248s] Level 5:colcon.colcon_core.verb:set package 'sim_test' build argument 'cmake_clean_first' from command line to 'False'
[0.248s] Level 5:colcon.colcon_core.verb:set package 'sim_test' build argument 'cmake_force_configure' from command line to 'False'
[0.248s] Level 5:colcon.colcon_core.verb:set package 'sim_test' build argument 'ament_cmake_args' from command line to 'None'
[0.248s] Level 5:colcon.colcon_core.verb:set package 'sim_test' build argument 'catkin_cmake_args' from command line to 'None'
[0.248s] Level 5:colcon.colcon_core.verb:set package 'sim_test' build argument 'catkin_skip_building_tests' from command line to 'False'
[0.248s] DEBUG:colcon.colcon_core.verb:Building package 'sim_test' with the following arguments: {'ament_cmake_args': None, 'build_base': '/home/cole/cole_ws/build/sim_test', 'catkin_cmake_args': None, 'catkin_skip_building_tests': False, 'cmake_args': None, 'cmake_clean_cache': False, 'cmake_clean_first': False, 'cmake_force_configure': False, 'cmake_target': None, 'cmake_target_skip_unavailable': False, 'install_base': '/home/cole/cole_ws/install/sim_test', 'merge_install': False, 'path': '/home/cole/cole_ws/src/sim_test', 'symlink_install': False, 'test_result_base': None}
[0.248s] Level 5:colcon.colcon_core.verb:set package 'video_stream' build argument 'cmake_args' from command line to 'None'
[0.248s] Level 5:colcon.colcon_core.verb:set package 'video_stream' build argument 'cmake_target' from command line to 'None'
[0.248s] Level 5:colcon.colcon_core.verb:set package 'video_stream' build argument 'cmake_target_skip_unavailable' from command line to 'False'
[0.248s] Level 5:colcon.colcon_core.verb:set package 'video_stream' build argument 'cmake_clean_cache' from command line to 'False'
[0.248s] Level 5:colcon.colcon_core.verb:set package 'video_stream' build argument 'cmake_clean_first' from command line to 'False'
[0.248s] Level 5:colcon.colcon_core.verb:set package 'video_stream' build argument 'cmake_force_configure' from command line to 'False'
[0.248s] Level 5:colcon.colcon_core.verb:set package 'video_stream' build argument 'ament_cmake_args' from command line to 'None'
[0.248s] Level 5:colcon.colcon_core.verb:set package 'video_stream' build argument 'catkin_cmake_args' from command line to 'None'
[0.248s] Level 5:colcon.colcon_core.verb:set package 'video_stream' build argument 'catkin_skip_building_tests' from command line to 'False'
[0.248s] DEBUG:colcon.colcon_core.verb:Building package 'video_stream' with the following arguments: {'ament_cmake_args': None, 'build_base': '/home/cole/cole_ws/build/video_stream', 'catkin_cmake_args': None, 'catkin_skip_building_tests': False, 'cmake_args': None, 'cmake_clean_cache': False, 'cmake_clean_first': False, 'cmake_force_configure': False, 'cmake_target': None, 'cmake_target_skip_unavailable': False, 'install_base': '/home/cole/cole_ws/install/video_stream', 'merge_install': False, 'path': '/home/cole/cole_ws/src/video_stream', 'symlink_install': False, 'test_result_base': None}
[0.248s] INFO:colcon.colcon_core.executor:Executing jobs using 'parallel' executor
[0.249s] DEBUG:colcon.colcon_parallel_executor.executor.parallel:run_until_complete
[0.249s] INFO:colcon.colcon_ros.task.ament_python.build:Building ROS package in '/home/cole/cole_ws/src/camera' with build type 'ament_python'
[0.249s] Level 1:colcon.colcon_core.shell:create_environment_hook('camera', 'ament_prefix_path')
[0.251s] INFO:colcon.colcon_core.plugin_system:Skipping extension 'colcon_core.shell.bat': Not used on non-Windows systems
[0.251s] INFO:colcon.colcon_core.shell:Creating environment hook '/home/cole/cole_ws/install/camera/share/camera/hook/ament_prefix_path.ps1'
[0.251s] INFO:colcon.colcon_core.shell:Creating environment descriptor '/home/cole/cole_ws/install/camera/share/camera/hook/ament_prefix_path.dsv'
[0.251s] INFO:colcon.colcon_core.shell:Creating environment hook '/home/cole/cole_ws/install/camera/share/camera/hook/ament_prefix_path.sh'
[0.252s] INFO:colcon.colcon_core.shell:Skip shell extension 'powershell' for command environment: Not usable outside of PowerShell
[0.252s] DEBUG:colcon.colcon_core.shell:Skip shell extension 'dsv' for command environment
[0.254s] INFO:colcon.colcon_ros.task.ament_cmake.build:Building ROS package in '/home/cole/cole_ws/src/ROS2-HAL-Flir-PTU-D46' with build type 'ament_cmake'
[0.254s] INFO:colcon.colcon_cmake.task.cmake.build:Building CMake package in '/home/cole/cole_ws/src/ROS2-HAL-Flir-PTU-D46'
[0.254s] INFO:colcon.colcon_core.shell:Skip shell extension 'powershell' for command environment: Not usable outside of PowerShell
[0.254s] DEBUG:colcon.colcon_core.shell:Skip shell extension 'dsv' for command environment
[0.257s] INFO:colcon.colcon_ros.task.ament_cmake.build:Building ROS package in '/home/cole/cole_ws/src/sim_test' with build type 'ament_cmake'
[0.257s] INFO:colcon.colcon_cmake.task.cmake.build:Building CMake package in '/home/cole/cole_ws/src/sim_test'
[0.257s] INFO:colcon.colcon_core.shell:Skip shell extension 'powershell' for command environment: Not usable outside of PowerShell
[0.257s] DEBUG:colcon.colcon_core.shell:Skip shell extension 'dsv' for command environment
[0.259s] INFO:colcon.colcon_ros.task.ament_python.build:Building ROS package in '/home/cole/cole_ws/src/video_stream' with build type 'ament_python'
[0.259s] Level 1:colcon.colcon_core.shell:create_environment_hook('video_stream', 'ament_prefix_path')
[0.259s] INFO:colcon.colcon_core.shell:Creating environment hook '/home/cole/cole_ws/install/video_stream/share/video_stream/hook/ament_prefix_path.ps1'
[0.259s] INFO:colcon.colcon_core.shell:Creating environment descriptor '/home/cole/cole_ws/install/video_stream/share/video_stream/hook/ament_prefix_path.dsv'
[0.260s] INFO:colcon.colcon_core.shell:Creating environment hook '/home/cole/cole_ws/install/video_stream/share/video_stream/hook/ament_prefix_path.sh'
[0.260s] INFO:colcon.colcon_core.shell:Skip shell extension 'powershell' for command environment: Not usable outside of PowerShell
[0.260s] DEBUG:colcon.colcon_core.shell:Skip shell extension 'dsv' for command environment
[0.424s] INFO:colcon.colcon_core.task.python.build:Building Python package in '/home/cole/cole_ws/src/camera'
[0.425s] INFO:colcon.colcon_core.shell:Skip shell extension 'powershell' for command environment: Not usable outside of PowerShell
[0.425s] DEBUG:colcon.colcon_core.shell:Skip shell extension 'dsv' for command environment
[0.430s] DEBUG:colcon.colcon_core.event_handler.log_command:Invoking command in '/home/cole/cole_ws/build/hal_flir_d46': CMAKE_PREFIX_PATH=${CMAKE_PREFIX_PATH}:/home/cole/cole_ws/install/video_stream:/home/cole/cole_ws/install/camera:/opt/ros/humble /usr/bin/cmake /home/cole/cole_ws/src/ROS2-HAL-Flir-PTU-D46 -DCMAKE_INSTALL_PREFIX=/home/cole/cole_ws/install/hal_flir_d46
[0.431s] DEBUG:colcon.colcon_core.event_handler.log_command:Invoking command in '/home/cole/cole_ws/build/sim_test': CMAKE_PREFIX_PATH=${CMAKE_PREFIX_PATH}:/home/cole/cole_ws/install/video_stream:/home/cole/cole_ws/install/camera:/opt/ros/humble /usr/bin/cmake --build /home/cole/cole_ws/build/sim_test -- -j16 -l16
[0.598s] INFO:colcon.colcon_core.task.python.build:Building Python package in '/home/cole/cole_ws/src/video_stream'
[0.598s] INFO:colcon.colcon_core.shell:Skip shell extension 'powershell' for command environment: Not usable outside of PowerShell
[0.598s] DEBUG:colcon.colcon_core.shell:Skip shell extension 'dsv' for command environment
[0.604s] DEBUG:colcon.colcon_core.event_handler.log_command:Invoked command in '/home/cole/cole_ws/build/sim_test' returned '0': CMAKE_PREFIX_PATH=${CMAKE_PREFIX_PATH}:/home/cole/cole_ws/install/video_stream:/home/cole/cole_ws/install/camera:/opt/ros/humble /usr/bin/cmake --build /home/cole/cole_ws/build/sim_test -- -j16 -l16
[0.613s] DEBUG:colcon.colcon_core.event_handler.log_command:Invoking command in '/home/cole/cole_ws/build/sim_test': CMAKE_PREFIX_PATH=${CMAKE_PREFIX_PATH}:/home/cole/cole_ws/install/video_stream:/home/cole/cole_ws/install/camera:/opt/ros/humble /usr/bin/cmake --install /home/cole/cole_ws/build/sim_test
[0.624s] Level 1:colcon.colcon_core.environment:create_environment_scripts_only(sim_test)
[0.627s] DEBUG:colcon.colcon_core.event_handler.log_command:Invoked command in '/home/cole/cole_ws/build/sim_test' returned '0': CMAKE_PREFIX_PATH=${CMAKE_PREFIX_PATH}:/home/cole/cole_ws/install/video_stream:/home/cole/cole_ws/install/camera:/opt/ros/humble /usr/bin/cmake --install /home/cole/cole_ws/build/sim_test
[0.629s] Level 1:colcon.colcon_core.environment:checking '/home/cole/cole_ws/install/sim_test' for CMake module files
[0.629s] Level 1:colcon.colcon_core.environment:checking '/home/cole/cole_ws/install/sim_test' for CMake config files
[0.630s] Level 1:colcon.colcon_core.shell:create_environment_hook('sim_test', 'cmake_prefix_path')
[0.630s] INFO:colcon.colcon_core.shell:Creating environment hook '/home/cole/cole_ws/install/sim_test/share/sim_test/hook/cmake_prefix_path.ps1'
[0.631s] INFO:colcon.colcon_core.shell:Creating environment descriptor '/home/cole/cole_ws/install/sim_test/share/sim_test/hook/cmake_prefix_path.dsv'
[0.631s] INFO:colcon.colcon_core.shell:Creating environment hook '/home/cole/cole_ws/install/sim_test/share/sim_test/hook/cmake_prefix_path.sh'
[0.632s] Level 1:colcon.colcon_core.environment:checking '/home/cole/cole_ws/install/sim_test/lib'
[0.632s] Level 1:colcon.colcon_core.environment:checking '/home/cole/cole_ws/install/sim_test/bin'
[0.632s] Level 1:colcon.colcon_core.environment:checking '/home/cole/cole_ws/install/sim_test/lib/pkgconfig/sim_test.pc'
[0.632s] Level 1:colcon.colcon_core.environment:checking '/home/cole/cole_ws/install/sim_test/lib/python3.10/site-packages'
[0.632s] Level 1:colcon.colcon_core.environment:checking '/home/cole/cole_ws/install/sim_test/bin'
[0.633s] INFO:colcon.colcon_core.shell:Creating package script '/home/cole/cole_ws/install/sim_test/share/sim_test/package.ps1'
[0.633s] INFO:colcon.colcon_core.shell:Creating package descriptor '/home/cole/cole_ws/install/sim_test/share/sim_test/package.dsv'
[0.633s] INFO:colcon.colcon_core.shell:Creating package script '/home/cole/cole_ws/install/sim_test/share/sim_test/package.sh'
[0.634s] INFO:colcon.colcon_core.shell:Creating package script '/home/cole/cole_ws/install/sim_test/share/sim_test/package.bash'
[0.634s] INFO:colcon.colcon_core.shell:Creating package script '/home/cole/cole_ws/install/sim_test/share/sim_test/package.zsh'
[0.635s] Level 1:colcon.colcon_core.environment:create_file_with_runtime_dependencies(/home/cole/cole_ws/install/sim_test/share/colcon-core/packages/sim_test)
[0.635s] Level 1:colcon.colcon_core.environment:create_environment_scripts_only(sim_test)
[0.635s] Level 1:colcon.colcon_core.environment:checking '/home/cole/cole_ws/install/sim_test' for CMake module files
[0.635s] Level 1:colcon.colcon_core.environment:checking '/home/cole/cole_ws/install/sim_test' for CMake config files
[0.636s] Level 1:colcon.colcon_core.shell:create_environment_hook('sim_test', 'cmake_prefix_path')
[0.636s] INFO:colcon.colcon_core.shell:Creating environment hook '/home/cole/cole_ws/install/sim_test/share/sim_test/hook/cmake_prefix_path.ps1'
[0.636s] INFO:colcon.colcon_core.shell:Creating environment descriptor '/home/cole/cole_ws/install/sim_test/share/sim_test/hook/cmake_prefix_path.dsv'
[0.636s] INFO:colcon.colcon_core.shell:Creating environment hook '/home/cole/cole_ws/install/sim_test/share/sim_test/hook/cmake_prefix_path.sh'
[0.636s] Level 1:colcon.colcon_core.environment:checking '/home/cole/cole_ws/install/sim_test/lib'
[0.636s] Level 1:colcon.colcon_core.environment:checking '/home/cole/cole_ws/install/sim_test/bin'
[0.636s] Level 1:colcon.colcon_core.environment:checking '/home/cole/cole_ws/install/sim_test/lib/pkgconfig/sim_test.pc'
[0.637s] Level 1:colcon.colcon_core.environment:checking '/home/cole/cole_ws/install/sim_test/lib/python3.10/site-packages'
[0.637s] Level 1:colcon.colcon_core.environment:checking '/home/cole/cole_ws/install/sim_test/bin'
[0.637s] INFO:colcon.colcon_core.shell:Creating package script '/home/cole/cole_ws/install/sim_test/share/sim_test/package.ps1'
[0.637s] INFO:colcon.colcon_core.shell:Creating package descriptor '/home/cole/cole_ws/install/sim_test/share/sim_test/package.dsv'
[0.637s] INFO:colcon.colcon_core.shell:Creating package script '/home/cole/cole_ws/install/sim_test/share/sim_test/package.sh'
[0.638s] INFO:colcon.colcon_core.shell:Creating package script '/home/cole/cole_ws/install/sim_test/share/sim_test/package.bash'
[0.638s] INFO:colcon.colcon_core.shell:Creating package script '/home/cole/cole_ws/install/sim_test/share/sim_test/package.zsh'
[0.638s] Level 1:colcon.colcon_core.environment:create_file_with_runtime_dependencies(/home/cole/cole_ws/install/sim_test/share/colcon-core/packages/sim_test)
[0.756s] DEBUG:colcon.colcon_core.event_handler.log_command:Invoked command in '/home/cole/cole_ws/build/hal_flir_d46' returned '1': CMAKE_PREFIX_PATH=${CMAKE_PREFIX_PATH}:/home/cole/cole_ws/install/video_stream:/home/cole/cole_ws/install/camera:/opt/ros/humble /usr/bin/cmake /home/cole/cole_ws/src/ROS2-HAL-Flir-PTU-D46 -DCMAKE_INSTALL_PREFIX=/home/cole/cole_ws/install/hal_flir_d46
[0.765s] Level 1:colcon.colcon_core.environment:create_environment_scripts_only(hal_flir_d46)
[0.765s] Level 1:colcon.colcon_core.environment:checking '/home/cole/cole_ws/install/hal_flir_d46' for CMake module files
[0.765s] Level 1:colcon.colcon_core.environment:checking '/home/cole/cole_ws/install/hal_flir_d46' for CMake config files
[0.766s] Level 1:colcon.colcon_core.environment:checking '/home/cole/cole_ws/install/hal_flir_d46/bin'
[0.766s] Level 1:colcon.colcon_core.environment:checking '/home/cole/cole_ws/install/hal_flir_d46/lib/pkgconfig/hal_flir_d46.pc'
[0.766s] Level 1:colcon.colcon_core.environment:checking '/home/cole/cole_ws/install/hal_flir_d46/lib/python3.10/site-packages'
[0.766s] Level 1:colcon.colcon_core.environment:checking '/home/cole/cole_ws/install/hal_flir_d46/bin'
[0.766s] INFO:colcon.colcon_core.shell:Creating package script '/home/cole/cole_ws/install/hal_flir_d46/share/hal_flir_d46/package.ps1'
[0.766s] INFO:colcon.colcon_core.shell:Creating package descriptor '/home/cole/cole_ws/install/hal_flir_d46/share/hal_flir_d46/package.dsv'
[0.767s] INFO:colcon.colcon_core.shell:Creating package script '/home/cole/cole_ws/install/hal_flir_d46/share/hal_flir_d46/package.sh'
[0.767s] INFO:colcon.colcon_core.shell:Creating package script '/home/cole/cole_ws/install/hal_flir_d46/share/hal_flir_d46/package.bash'
[0.767s] INFO:colcon.colcon_core.shell:Creating package script '/home/cole/cole_ws/install/hal_flir_d46/share/hal_flir_d46/package.zsh'
[0.767s] Level 1:colcon.colcon_core.environment:create_file_with_runtime_dependencies(/home/cole/cole_ws/install/hal_flir_d46/share/colcon-core/packages/hal_flir_d46)
[0.835s] DEBUG:colcon.colcon_parallel_executor.executor.parallel:closing loop
[0.835s] DEBUG:colcon.colcon_parallel_executor.executor.parallel:loop closed
[0.835s] DEBUG:colcon.colcon_parallel_executor.executor.parallel:run_until_complete finished with '1'
[0.835s] DEBUG:colcon.colcon_core.event_reactor:joining thread
[0.839s] INFO:colcon.colcon_core.plugin_system:Skipping extension 'colcon_notification.desktop_notification.terminal_notifier': Not used on non-Darwin systems
[0.839s] INFO:colcon.colcon_core.plugin_system:Skipping extension 'colcon_notification.desktop_notification.win32': Not used on non-Windows systems
[0.839s] INFO:colcon.colcon_notification.desktop_notification:Sending desktop notification using 'notify2'
[0.846s] DEBUG:colcon.colcon_core.event_reactor:joined thread
[0.846s] INFO:colcon.colcon_core.shell:Creating prefix script '/home/cole/cole_ws/install/local_setup.ps1'
[0.847s] INFO:colcon.colcon_core.shell:Creating prefix util module '/home/cole/cole_ws/install/_local_setup_util_ps1.py'
[0.848s] INFO:colcon.colcon_core.shell:Creating prefix chain script '/home/cole/cole_ws/install/setup.ps1'
[0.849s] INFO:colcon.colcon_core.shell:Creating prefix script '/home/cole/cole_ws/install/local_setup.sh'
[0.849s] INFO:colcon.colcon_core.shell:Creating prefix util module '/home/cole/cole_ws/install/_local_setup_util_sh.py'
[0.850s] INFO:colcon.colcon_core.shell:Creating prefix chain script '/home/cole/cole_ws/install/setup.sh'
[0.851s] INFO:colcon.colcon_core.shell:Creating prefix script '/home/cole/cole_ws/install/local_setup.bash'
[0.851s] INFO:colcon.colcon_core.shell:Creating prefix chain script '/home/cole/cole_ws/install/setup.bash'
[0.852s] INFO:colcon.colcon_core.shell:Creating prefix script '/home/cole/cole_ws/install/local_setup.zsh'
[0.853s] INFO:colcon.colcon_core.shell:Creating prefix chain script '/home/cole/cole_ws/install/setup.zsh'
