[  1%] Built target ptu_interfaces__cpp
[ 12%] Built target ptu_interfaces__rosidl_generator_c
[ 12%] Built target ament_cmake_python_copy_ptu_interfaces
[ 24%] Built target ptu_interfaces__rosidl_typesupport_introspection_cpp
[ 46%] Built target ptu_interfaces__rosidl_typesupport_fastrtps_cpp
[ 47%] Built target ptu_interfaces__rosidl_typesupport_c
[ 58%] Built target ptu_interfaces__rosidl_typesupport_introspection_c
[ 70%] Built target ptu_interfaces__rosidl_typesupport_cpp
[ 82%] Built target ptu_interfaces__rosidl_typesupport_fastrtps_c
[ 82%] Built target ptu_interfaces
[ 83%] Built target ptu_interfaces__py
[ 93%] Built target ptu_interfaces__rosidl_generator_py
[ 95%] Built target ptu_interfaces__rosidl_typesupport_fastrtps_c__pyext
[ 97%] Built target ptu_interfaces__rosidl_typesupport_introspection_c__pyext
[100%] Built target ptu_interfaces__rosidl_typesupport_c__pyext
running egg_info
writing ptu_interfaces.egg-info/PKG-INFO
writing dependency_links to ptu_interfaces.egg-info/dependency_links.txt
writing top-level names to ptu_interfaces.egg-info/top_level.txt
reading manifest file 'ptu_interfaces.egg-info/SOURCES.txt'
writing manifest file 'ptu_interfaces.egg-info/SOURCES.txt'
[100%] Built target ament_cmake_python_build_ptu_interfaces_egg
-- Install configuration: ""
-- Up-to-date: /home/cole/cole_ws/install/ptu_interfaces/share/ament_index/resource_index/rosidl_interfaces/ptu_interfaces
-- Up-to-date: /home/cole/cole_ws/install/ptu_interfaces/include/ptu_interfaces/ptu_interfaces
-- Up-to-date: /home/cole/cole_ws/install/ptu_interfaces/include/ptu_interfaces/ptu_interfaces/srv
-- Up-to-date: /home/cole/cole_ws/install/ptu_interfaces/include/ptu_interfaces/ptu_interfaces/srv/set_tilt.h
-- Up-to-date: /home/cole/cole_ws/install/ptu_interfaces/include/ptu_interfaces/ptu_interfaces/srv/get_limits.h
-- Up-to-date: /home/cole/cole_ws/install/ptu_interfaces/include/ptu_interfaces/ptu_interfaces/srv/set_pan_tilt.h
-- Up-to-date: /home/cole/cole_ws/install/ptu_interfaces/include/ptu_interfaces/ptu_interfaces/srv/detail
-- Up-to-date: /home/cole/cole_ws/install/ptu_interfaces/include/ptu_interfaces/ptu_interfaces/srv/detail/set_pan_tilt__functions.c
-- Up-to-date: /home/cole/cole_ws/install/ptu_interfaces/include/ptu_interfaces/ptu_interfaces/srv/detail/set_tilt__struct.h
-- Up-to-date: /home/cole/cole_ws/install/ptu_interfaces/include/ptu_interfaces/ptu_interfaces/srv/detail/set_tilt__functions.h
-- Up-to-date: /home/cole/cole_ws/install/ptu_interfaces/include/ptu_interfaces/ptu_interfaces/srv/detail/set_pan_tilt_speed__functions.h
-- Up-to-date: /home/cole/cole_ws/install/ptu_interfaces/include/ptu_interfaces/ptu_interfaces/srv/detail/set_pan_tilt__functions.h
-- Up-to-date: /home/cole/cole_ws/install/ptu_interfaces/include/ptu_interfaces/ptu_interfaces/srv/detail/get_limits__struct.h
-- Up-to-date: /home/cole/cole_ws/install/ptu_interfaces/include/ptu_interfaces/ptu_interfaces/srv/detail/set_pan__struct.h
-- Up-to-date: /home/cole/cole_ws/install/ptu_interfaces/include/ptu_interfaces/ptu_interfaces/srv/detail/get_limits__functions.h
-- Up-to-date: /home/cole/cole_ws/install/ptu_interfaces/include/ptu_interfaces/ptu_interfaces/srv/detail/set_pan_tilt_speed__type_support.h
-- Up-to-date: /home/cole/cole_ws/install/ptu_interfaces/include/ptu_interfaces/ptu_interfaces/srv/detail/set_pan_tilt__type_support.h
-- Up-to-date: /home/cole/cole_ws/install/ptu_interfaces/include/ptu_interfaces/ptu_interfaces/srv/detail/set_pan_tilt_speed__functions.c
-- Up-to-date: /home/cole/cole_ws/install/ptu_interfaces/include/ptu_interfaces/ptu_interfaces/srv/detail/get_limits__type_support.h
-- Up-to-date: /home/cole/cole_ws/install/ptu_interfaces/include/ptu_interfaces/ptu_interfaces/srv/detail/set_pan__functions.h
-- Up-to-date: /home/cole/cole_ws/install/ptu_interfaces/include/ptu_interfaces/ptu_interfaces/srv/detail/set_tilt__functions.c
-- Up-to-date: /home/cole/cole_ws/install/ptu_interfaces/include/ptu_interfaces/ptu_interfaces/srv/detail/set_pan__functions.c
-- Up-to-date: /home/cole/cole_ws/install/ptu_interfaces/include/ptu_interfaces/ptu_interfaces/srv/detail/set_pan_tilt_speed__struct.h
-- Up-to-date: /home/cole/cole_ws/install/ptu_interfaces/include/ptu_interfaces/ptu_interfaces/srv/detail/set_tilt__type_support.h
-- Up-to-date: /home/cole/cole_ws/install/ptu_interfaces/include/ptu_interfaces/ptu_interfaces/srv/detail/get_limits__functions.c
-- Up-to-date: /home/cole/cole_ws/install/ptu_interfaces/include/ptu_interfaces/ptu_interfaces/srv/detail/set_pan__type_support.h
-- Up-to-date: /home/cole/cole_ws/install/ptu_interfaces/include/ptu_interfaces/ptu_interfaces/srv/detail/set_pan_tilt__struct.h
-- Up-to-date: /home/cole/cole_ws/install/ptu_interfaces/include/ptu_interfaces/ptu_interfaces/srv/set_pan.h
-- Up-to-date: /home/cole/cole_ws/install/ptu_interfaces/include/ptu_interfaces/ptu_interfaces/srv/set_pan_tilt_speed.h
-- Up-to-date: /home/cole/cole_ws/install/ptu_interfaces/include/ptu_interfaces/ptu_interfaces/msg
-- Up-to-date: /home/cole/cole_ws/install/ptu_interfaces/include/ptu_interfaces/ptu_interfaces/msg/rosidl_generator_c__visibility_control.h
-- Up-to-date: /home/cole/cole_ws/install/ptu_interfaces/include/ptu_interfaces/ptu_interfaces/msg/detail
-- Up-to-date: /home/cole/cole_ws/install/ptu_interfaces/include/ptu_interfaces/ptu_interfaces/msg/detail/ptu__struct.h
-- Up-to-date: /home/cole/cole_ws/install/ptu_interfaces/include/ptu_interfaces/ptu_interfaces/msg/detail/ptu__type_support.h
-- Up-to-date: /home/cole/cole_ws/install/ptu_interfaces/include/ptu_interfaces/ptu_interfaces/msg/detail/ptu__functions.c
-- Up-to-date: /home/cole/cole_ws/install/ptu_interfaces/include/ptu_interfaces/ptu_interfaces/msg/detail/ptu__functions.h
-- Up-to-date: /home/cole/cole_ws/install/ptu_interfaces/include/ptu_interfaces/ptu_interfaces/msg/ptu.h
-- Up-to-date: /home/cole/cole_ws/install/ptu_interfaces/include/ptu_interfaces/ptu_interfaces/action
-- Up-to-date: /home/cole/cole_ws/install/ptu_interfaces/include/ptu_interfaces/ptu_interfaces/action/set_tilt.h
-- Up-to-date: /home/cole/cole_ws/install/ptu_interfaces/include/ptu_interfaces/ptu_interfaces/action/set_pan_tilt.h
-- Up-to-date: /home/cole/cole_ws/install/ptu_interfaces/include/ptu_interfaces/ptu_interfaces/action/detail
-- Up-to-date: /home/cole/cole_ws/install/ptu_interfaces/include/ptu_interfaces/ptu_interfaces/action/detail/set_pan_tilt__functions.c
-- Up-to-date: /home/cole/cole_ws/install/ptu_interfaces/include/ptu_interfaces/ptu_interfaces/action/detail/set_tilt__struct.h
-- Up-to-date: /home/cole/cole_ws/install/ptu_interfaces/include/ptu_interfaces/ptu_interfaces/action/detail/set_tilt__functions.h
-- Up-to-date: /home/cole/cole_ws/install/ptu_interfaces/include/ptu_interfaces/ptu_interfaces/action/detail/set_pan_tilt__functions.h
-- Up-to-date: /home/cole/cole_ws/install/ptu_interfaces/include/ptu_interfaces/ptu_interfaces/action/detail/set_pan__struct.h
-- Up-to-date: /home/cole/cole_ws/install/ptu_interfaces/include/ptu_interfaces/ptu_interfaces/action/detail/set_pan_tilt__type_support.h
-- Up-to-date: /home/cole/cole_ws/install/ptu_interfaces/include/ptu_interfaces/ptu_interfaces/action/detail/set_pan__functions.h
-- Up-to-date: /home/cole/cole_ws/install/ptu_interfaces/include/ptu_interfaces/ptu_interfaces/action/detail/set_tilt__functions.c
-- Up-to-date: /home/cole/cole_ws/install/ptu_interfaces/include/ptu_interfaces/ptu_interfaces/action/detail/set_pan__functions.c
-- Up-to-date: /home/cole/cole_ws/install/ptu_interfaces/include/ptu_interfaces/ptu_interfaces/action/detail/set_tilt__type_support.h
-- Up-to-date: /home/cole/cole_ws/install/ptu_interfaces/include/ptu_interfaces/ptu_interfaces/action/detail/set_pan__type_support.h
-- Up-to-date: /home/cole/cole_ws/install/ptu_interfaces/include/ptu_interfaces/ptu_interfaces/action/detail/set_pan_tilt__struct.h
-- Up-to-date: /home/cole/cole_ws/install/ptu_interfaces/include/ptu_interfaces/ptu_interfaces/action/set_pan.h
-- Up-to-date: /home/cole/cole_ws/install/ptu_interfaces/share/ptu_interfaces/environment/library_path.sh
-- Up-to-date: /home/cole/cole_ws/install/ptu_interfaces/share/ptu_interfaces/environment/library_path.dsv
-- Up-to-date: /home/cole/cole_ws/install/ptu_interfaces/lib/libptu_interfaces__rosidl_generator_c.so
-- Up-to-date: /home/cole/cole_ws/install/ptu_interfaces/include/ptu_interfaces/ptu_interfaces
-- Up-to-date: /home/cole/cole_ws/install/ptu_interfaces/include/ptu_interfaces/ptu_interfaces/srv
-- Up-to-date: /home/cole/cole_ws/install/ptu_interfaces/include/ptu_interfaces/ptu_interfaces/srv/detail
-- Up-to-date: /home/cole/cole_ws/install/ptu_interfaces/include/ptu_interfaces/ptu_interfaces/srv/detail/set_pan__rosidl_typesupport_fastrtps_c.h
-- Up-to-date: /home/cole/cole_ws/install/ptu_interfaces/include/ptu_interfaces/ptu_interfaces/srv/detail/get_limits__rosidl_typesupport_fastrtps_c.h
-- Up-to-date: /home/cole/cole_ws/install/ptu_interfaces/include/ptu_interfaces/ptu_interfaces/srv/detail/set_tilt__rosidl_typesupport_fastrtps_c.h
-- Up-to-date: /home/cole/cole_ws/install/ptu_interfaces/include/ptu_interfaces/ptu_interfaces/srv/detail/set_pan_tilt__rosidl_typesupport_fastrtps_c.h
-- Up-to-date: /home/cole/cole_ws/install/ptu_interfaces/include/ptu_interfaces/ptu_interfaces/srv/detail/set_pan_tilt_speed__rosidl_typesupport_fastrtps_c.h
-- Up-to-date: /home/cole/cole_ws/install/ptu_interfaces/include/ptu_interfaces/ptu_interfaces/msg
-- Up-to-date: /home/cole/cole_ws/install/ptu_interfaces/include/ptu_interfaces/ptu_interfaces/msg/rosidl_typesupport_fastrtps_c__visibility_control.h
-- Up-to-date: /home/cole/cole_ws/install/ptu_interfaces/include/ptu_interfaces/ptu_interfaces/msg/detail
-- Up-to-date: /home/cole/cole_ws/install/ptu_interfaces/include/ptu_interfaces/ptu_interfaces/msg/detail/ptu__rosidl_typesupport_fastrtps_c.h
-- Up-to-date: /home/cole/cole_ws/install/ptu_interfaces/include/ptu_interfaces/ptu_interfaces/action
-- Up-to-date: /home/cole/cole_ws/install/ptu_interfaces/include/ptu_interfaces/ptu_interfaces/action/detail
-- Up-to-date: /home/cole/cole_ws/install/ptu_interfaces/include/ptu_interfaces/ptu_interfaces/action/detail/set_pan__rosidl_typesupport_fastrtps_c.h
-- Up-to-date: /home/cole/cole_ws/install/ptu_interfaces/include/ptu_interfaces/ptu_interfaces/action/detail/set_tilt__rosidl_typesupport_fastrtps_c.h
-- Up-to-date: /home/cole/cole_ws/install/ptu_interfaces/include/ptu_interfaces/ptu_interfaces/action/detail/set_pan_tilt__rosidl_typesupport_fastrtps_c.h
-- Up-to-date: /home/cole/cole_ws/install/ptu_interfaces/lib/libptu_interfaces__rosidl_typesupport_fastrtps_c.so
-- Up-to-date: /home/cole/cole_ws/install/ptu_interfaces/include/ptu_interfaces/ptu_interfaces
-- Up-to-date: /home/cole/cole_ws/install/ptu_interfaces/include/ptu_interfaces/ptu_interfaces/srv
-- Up-to-date: /home/cole/cole_ws/install/ptu_interfaces/include/ptu_interfaces/ptu_interfaces/srv/set_pan_tilt_speed.hpp
-- Up-to-date: /home/cole/cole_ws/install/ptu_interfaces/include/ptu_interfaces/ptu_interfaces/srv/set_pan.hpp
-- Up-to-date: /home/cole/cole_ws/install/ptu_interfaces/include/ptu_interfaces/ptu_interfaces/srv/set_pan_tilt.hpp
-- Up-to-date: /home/cole/cole_ws/install/ptu_interfaces/include/ptu_interfaces/ptu_interfaces/srv/detail
-- Up-to-date: /home/cole/cole_ws/install/ptu_interfaces/include/ptu_interfaces/ptu_interfaces/srv/detail/set_pan__builder.hpp
-- Up-to-date: /home/cole/cole_ws/install/ptu_interfaces/include/ptu_interfaces/ptu_interfaces/srv/detail/set_pan_tilt__type_support.hpp
-- Up-to-date: /home/cole/cole_ws/install/ptu_interfaces/include/ptu_interfaces/ptu_interfaces/srv/detail/set_pan_tilt_speed__traits.hpp
-- Up-to-date: /home/cole/cole_ws/install/ptu_interfaces/include/ptu_interfaces/ptu_interfaces/srv/detail/set_tilt__traits.hpp
-- Up-to-date: /home/cole/cole_ws/install/ptu_interfaces/include/ptu_interfaces/ptu_interfaces/srv/detail/set_pan_tilt_speed__builder.hpp
-- Up-to-date: /home/cole/cole_ws/install/ptu_interfaces/include/ptu_interfaces/ptu_interfaces/srv/detail/set_pan_tilt_speed__type_support.hpp
-- Up-to-date: /home/cole/cole_ws/install/ptu_interfaces/include/ptu_interfaces/ptu_interfaces/srv/detail/set_pan_tilt__traits.hpp
-- Up-to-date: /home/cole/cole_ws/install/ptu_interfaces/include/ptu_interfaces/ptu_interfaces/srv/detail/get_limits__struct.hpp
-- Up-to-date: /home/cole/cole_ws/install/ptu_interfaces/include/ptu_interfaces/ptu_interfaces/srv/detail/set_pan_tilt__struct.hpp
-- Up-to-date: /home/cole/cole_ws/install/ptu_interfaces/include/ptu_interfaces/ptu_interfaces/srv/detail/set_pan__traits.hpp
-- Up-to-date: /home/cole/cole_ws/install/ptu_interfaces/include/ptu_interfaces/ptu_interfaces/srv/detail/set_pan__type_support.hpp
-- Up-to-date: /home/cole/cole_ws/install/ptu_interfaces/include/ptu_interfaces/ptu_interfaces/srv/detail/set_tilt__builder.hpp
-- Up-to-date: /home/cole/cole_ws/install/ptu_interfaces/include/ptu_interfaces/ptu_interfaces/srv/detail/set_pan_tilt__builder.hpp
-- Up-to-date: /home/cole/cole_ws/install/ptu_interfaces/include/ptu_interfaces/ptu_interfaces/srv/detail/set_pan__struct.hpp
-- Up-to-date: /home/cole/cole_ws/install/ptu_interfaces/include/ptu_interfaces/ptu_interfaces/srv/detail/set_tilt__type_support.hpp
-- Up-to-date: /home/cole/cole_ws/install/ptu_interfaces/include/ptu_interfaces/ptu_interfaces/srv/detail/set_pan_tilt_speed__struct.hpp
-- Up-to-date: /home/cole/cole_ws/install/ptu_interfaces/include/ptu_interfaces/ptu_interfaces/srv/detail/get_limits__traits.hpp
-- Up-to-date: /home/cole/cole_ws/install/ptu_interfaces/include/ptu_interfaces/ptu_interfaces/srv/detail/set_tilt__struct.hpp
-- Up-to-date: /home/cole/cole_ws/install/ptu_interfaces/include/ptu_interfaces/ptu_interfaces/srv/detail/get_limits__type_support.hpp
-- Up-to-date: /home/cole/cole_ws/install/ptu_interfaces/include/ptu_interfaces/ptu_interfaces/srv/detail/get_limits__builder.hpp
-- Up-to-date: /home/cole/cole_ws/install/ptu_interfaces/include/ptu_interfaces/ptu_interfaces/srv/set_tilt.hpp
-- Up-to-date: /home/cole/cole_ws/install/ptu_interfaces/include/ptu_interfaces/ptu_interfaces/srv/get_limits.hpp
-- Up-to-date: /home/cole/cole_ws/install/ptu_interfaces/include/ptu_interfaces/ptu_interfaces/msg
-- Up-to-date: /home/cole/cole_ws/install/ptu_interfaces/include/ptu_interfaces/ptu_interfaces/msg/detail
-- Up-to-date: /home/cole/cole_ws/install/ptu_interfaces/include/ptu_interfaces/ptu_interfaces/msg/detail/ptu__builder.hpp
-- Up-to-date: /home/cole/cole_ws/install/ptu_interfaces/include/ptu_interfaces/ptu_interfaces/msg/detail/ptu__type_support.hpp
-- Up-to-date: /home/cole/cole_ws/install/ptu_interfaces/include/ptu_interfaces/ptu_interfaces/msg/detail/ptu__struct.hpp
-- Up-to-date: /home/cole/cole_ws/install/ptu_interfaces/include/ptu_interfaces/ptu_interfaces/msg/detail/ptu__traits.hpp
-- Up-to-date: /home/cole/cole_ws/install/ptu_interfaces/include/ptu_interfaces/ptu_interfaces/msg/ptu.hpp
-- Up-to-date: /home/cole/cole_ws/install/ptu_interfaces/include/ptu_interfaces/ptu_interfaces/msg/rosidl_generator_cpp__visibility_control.hpp
-- Up-to-date: /home/cole/cole_ws/install/ptu_interfaces/include/ptu_interfaces/ptu_interfaces/action
-- Up-to-date: /home/cole/cole_ws/install/ptu_interfaces/include/ptu_interfaces/ptu_interfaces/action/set_pan.hpp
-- Up-to-date: /home/cole/cole_ws/install/ptu_interfaces/include/ptu_interfaces/ptu_interfaces/action/set_pan_tilt.hpp
-- Up-to-date: /home/cole/cole_ws/install/ptu_interfaces/include/ptu_interfaces/ptu_interfaces/action/detail
-- Up-to-date: /home/cole/cole_ws/install/ptu_interfaces/include/ptu_interfaces/ptu_interfaces/action/detail/set_pan__builder.hpp
-- Up-to-date: /home/cole/cole_ws/install/ptu_interfaces/include/ptu_interfaces/ptu_interfaces/action/detail/set_pan_tilt__type_support.hpp
-- Up-to-date: /home/cole/cole_ws/install/ptu_interfaces/include/ptu_interfaces/ptu_interfaces/action/detail/set_tilt__traits.hpp
-- Up-to-date: /home/cole/cole_ws/install/ptu_interfaces/include/ptu_interfaces/ptu_interfaces/action/detail/set_pan_tilt__traits.hpp
-- Up-to-date: /home/cole/cole_ws/install/ptu_interfaces/include/ptu_interfaces/ptu_interfaces/action/detail/set_pan_tilt__struct.hpp
-- Up-to-date: /home/cole/cole_ws/install/ptu_interfaces/include/ptu_interfaces/ptu_interfaces/action/detail/set_pan__traits.hpp
-- Up-to-date: /home/cole/cole_ws/install/ptu_interfaces/include/ptu_interfaces/ptu_interfaces/action/detail/set_pan__type_support.hpp
-- Up-to-date: /home/cole/cole_ws/install/ptu_interfaces/include/ptu_interfaces/ptu_interfaces/action/detail/set_tilt__builder.hpp
-- Up-to-date: /home/cole/cole_ws/install/ptu_interfaces/include/ptu_interfaces/ptu_interfaces/action/detail/set_pan_tilt__builder.hpp
-- Up-to-date: /home/cole/cole_ws/install/ptu_interfaces/include/ptu_interfaces/ptu_interfaces/action/detail/set_pan__struct.hpp
-- Up-to-date: /home/cole/cole_ws/install/ptu_interfaces/include/ptu_interfaces/ptu_interfaces/action/detail/set_tilt__type_support.hpp
-- Up-to-date: /home/cole/cole_ws/install/ptu_interfaces/include/ptu_interfaces/ptu_interfaces/action/detail/set_tilt__struct.hpp
-- Up-to-date: /home/cole/cole_ws/install/ptu_interfaces/include/ptu_interfaces/ptu_interfaces/action/set_tilt.hpp
-- Up-to-date: /home/cole/cole_ws/install/ptu_interfaces/include/ptu_interfaces/ptu_interfaces
-- Up-to-date: /home/cole/cole_ws/install/ptu_interfaces/include/ptu_interfaces/ptu_interfaces/srv
-- Up-to-date: /home/cole/cole_ws/install/ptu_interfaces/include/ptu_interfaces/ptu_interfaces/srv/detail
-- Up-to-date: /home/cole/cole_ws/install/ptu_interfaces/include/ptu_interfaces/ptu_interfaces/srv/detail/set_tilt__rosidl_typesupport_fastrtps_cpp.hpp
-- Up-to-date: /home/cole/cole_ws/install/ptu_interfaces/include/ptu_interfaces/ptu_interfaces/srv/detail/dds_fastrtps
-- Up-to-date: /home/cole/cole_ws/install/ptu_interfaces/include/ptu_interfaces/ptu_interfaces/srv/detail/set_pan__rosidl_typesupport_fastrtps_cpp.hpp
-- Up-to-date: /home/cole/cole_ws/install/ptu_interfaces/include/ptu_interfaces/ptu_interfaces/srv/detail/set_pan_tilt__rosidl_typesupport_fastrtps_cpp.hpp
-- Up-to-date: /home/cole/cole_ws/install/ptu_interfaces/include/ptu_interfaces/ptu_interfaces/srv/detail/get_limits__rosidl_typesupport_fastrtps_cpp.hpp
-- Up-to-date: /home/cole/cole_ws/install/ptu_interfaces/include/ptu_interfaces/ptu_interfaces/srv/detail/set_pan_tilt_speed__rosidl_typesupport_fastrtps_cpp.hpp
-- Up-to-date: /home/cole/cole_ws/install/ptu_interfaces/include/ptu_interfaces/ptu_interfaces/msg
-- Up-to-date: /home/cole/cole_ws/install/ptu_interfaces/include/ptu_interfaces/ptu_interfaces/msg/rosidl_typesupport_fastrtps_cpp__visibility_control.h
-- Up-to-date: /home/cole/cole_ws/install/ptu_interfaces/include/ptu_interfaces/ptu_interfaces/msg/detail
-- Up-to-date: /home/cole/cole_ws/install/ptu_interfaces/include/ptu_interfaces/ptu_interfaces/msg/detail/dds_fastrtps
-- Up-to-date: /home/cole/cole_ws/install/ptu_interfaces/include/ptu_interfaces/ptu_interfaces/msg/detail/ptu__rosidl_typesupport_fastrtps_cpp.hpp
-- Up-to-date: /home/cole/cole_ws/install/ptu_interfaces/include/ptu_interfaces/ptu_interfaces/action
-- Up-to-date: /home/cole/cole_ws/install/ptu_interfaces/include/ptu_interfaces/ptu_interfaces/action/detail
-- Up-to-date: /home/cole/cole_ws/install/ptu_interfaces/include/ptu_interfaces/ptu_interfaces/action/detail/set_tilt__rosidl_typesupport_fastrtps_cpp.hpp
-- Up-to-date: /home/cole/cole_ws/install/ptu_interfaces/include/ptu_interfaces/ptu_interfaces/action/detail/dds_fastrtps
-- Up-to-date: /home/cole/cole_ws/install/ptu_interfaces/include/ptu_interfaces/ptu_interfaces/action/detail/set_pan__rosidl_typesupport_fastrtps_cpp.hpp
-- Up-to-date: /home/cole/cole_ws/install/ptu_interfaces/include/ptu_interfaces/ptu_interfaces/action/detail/set_pan_tilt__rosidl_typesupport_fastrtps_cpp.hpp
-- Up-to-date: /home/cole/cole_ws/install/ptu_interfaces/lib/libptu_interfaces__rosidl_typesupport_fastrtps_cpp.so
-- Up-to-date: /home/cole/cole_ws/install/ptu_interfaces/include/ptu_interfaces/ptu_interfaces
-- Up-to-date: /home/cole/cole_ws/install/ptu_interfaces/include/ptu_interfaces/ptu_interfaces/srv
-- Up-to-date: /home/cole/cole_ws/install/ptu_interfaces/include/ptu_interfaces/ptu_interfaces/srv/detail
-- Up-to-date: /home/cole/cole_ws/install/ptu_interfaces/include/ptu_interfaces/ptu_interfaces/srv/detail/set_tilt__type_support.c
-- Up-to-date: /home/cole/cole_ws/install/ptu_interfaces/include/ptu_interfaces/ptu_interfaces/srv/detail/set_tilt__rosidl_typesupport_introspection_c.h
-- Up-to-date: /home/cole/cole_ws/install/ptu_interfaces/include/ptu_interfaces/ptu_interfaces/srv/detail/set_pan_tilt__rosidl_typesupport_introspection_c.h
-- Up-to-date: /home/cole/cole_ws/install/ptu_interfaces/include/ptu_interfaces/ptu_interfaces/srv/detail/set_pan_tilt__type_support.c
-- Up-to-date: /home/cole/cole_ws/install/ptu_interfaces/include/ptu_interfaces/ptu_interfaces/srv/detail/set_pan_tilt_speed__rosidl_typesupport_introspection_c.h
-- Up-to-date: /home/cole/cole_ws/install/ptu_interfaces/include/ptu_interfaces/ptu_interfaces/srv/detail/set_pan__rosidl_typesupport_introspection_c.h
-- Up-to-date: /home/cole/cole_ws/install/ptu_interfaces/include/ptu_interfaces/ptu_interfaces/srv/detail/set_pan_tilt_speed__type_support.c
-- Up-to-date: /home/cole/cole_ws/install/ptu_interfaces/include/ptu_interfaces/ptu_interfaces/srv/detail/get_limits__rosidl_typesupport_introspection_c.h
-- Up-to-date: /home/cole/cole_ws/install/ptu_interfaces/include/ptu_interfaces/ptu_interfaces/srv/detail/get_limits__type_support.c
-- Up-to-date: /home/cole/cole_ws/install/ptu_interfaces/include/ptu_interfaces/ptu_interfaces/srv/detail/set_pan__type_support.c
-- Up-to-date: /home/cole/cole_ws/install/ptu_interfaces/include/ptu_interfaces/ptu_interfaces/msg
-- Up-to-date: /home/cole/cole_ws/install/ptu_interfaces/include/ptu_interfaces/ptu_interfaces/msg/rosidl_typesupport_introspection_c__visibility_control.h
-- Up-to-date: /home/cole/cole_ws/install/ptu_interfaces/include/ptu_interfaces/ptu_interfaces/msg/detail
-- Up-to-date: /home/cole/cole_ws/install/ptu_interfaces/include/ptu_interfaces/ptu_interfaces/msg/detail/ptu__type_support.c
-- Up-to-date: /home/cole/cole_ws/install/ptu_interfaces/include/ptu_interfaces/ptu_interfaces/msg/detail/ptu__rosidl_typesupport_introspection_c.h
-- Up-to-date: /home/cole/cole_ws/install/ptu_interfaces/include/ptu_interfaces/ptu_interfaces/action
-- Up-to-date: /home/cole/cole_ws/install/ptu_interfaces/include/ptu_interfaces/ptu_interfaces/action/detail
-- Up-to-date: /home/cole/cole_ws/install/ptu_interfaces/include/ptu_interfaces/ptu_interfaces/action/detail/set_tilt__type_support.c
-- Up-to-date: /home/cole/cole_ws/install/ptu_interfaces/include/ptu_interfaces/ptu_interfaces/action/detail/set_tilt__rosidl_typesupport_introspection_c.h
-- Up-to-date: /home/cole/cole_ws/install/ptu_interfaces/include/ptu_interfaces/ptu_interfaces/action/detail/set_pan_tilt__rosidl_typesupport_introspection_c.h
-- Up-to-date: /home/cole/cole_ws/install/ptu_interfaces/include/ptu_interfaces/ptu_interfaces/action/detail/set_pan_tilt__type_support.c
-- Up-to-date: /home/cole/cole_ws/install/ptu_interfaces/include/ptu_interfaces/ptu_interfaces/action/detail/set_pan__rosidl_typesupport_introspection_c.h
-- Up-to-date: /home/cole/cole_ws/install/ptu_interfaces/include/ptu_interfaces/ptu_interfaces/action/detail/set_pan__type_support.c
-- Up-to-date: /home/cole/cole_ws/install/ptu_interfaces/lib/libptu_interfaces__rosidl_typesupport_introspection_c.so
-- Up-to-date: /home/cole/cole_ws/install/ptu_interfaces/lib/libptu_interfaces__rosidl_typesupport_c.so
-- Up-to-date: /home/cole/cole_ws/install/ptu_interfaces/include/ptu_interfaces/ptu_interfaces
-- Up-to-date: /home/cole/cole_ws/install/ptu_interfaces/include/ptu_interfaces/ptu_interfaces/srv
-- Up-to-date: /home/cole/cole_ws/install/ptu_interfaces/include/ptu_interfaces/ptu_interfaces/srv/detail
-- Up-to-date: /home/cole/cole_ws/install/ptu_interfaces/include/ptu_interfaces/ptu_interfaces/srv/detail/set_pan_tilt_speed__rosidl_typesupport_introspection_cpp.hpp
-- Up-to-date: /home/cole/cole_ws/install/ptu_interfaces/include/ptu_interfaces/ptu_interfaces/srv/detail/set_pan_tilt__type_support.cpp
-- Up-to-date: /home/cole/cole_ws/install/ptu_interfaces/include/ptu_interfaces/ptu_interfaces/srv/detail/get_limits__type_support.cpp
-- Up-to-date: /home/cole/cole_ws/install/ptu_interfaces/include/ptu_interfaces/ptu_interfaces/srv/detail/set_tilt__type_support.cpp
-- Up-to-date: /home/cole/cole_ws/install/ptu_interfaces/include/ptu_interfaces/ptu_interfaces/srv/detail/set_pan_tilt_speed__type_support.cpp
-- Up-to-date: /home/cole/cole_ws/install/ptu_interfaces/include/ptu_interfaces/ptu_interfaces/srv/detail/set_pan_tilt__rosidl_typesupport_introspection_cpp.hpp
-- Up-to-date: /home/cole/cole_ws/install/ptu_interfaces/include/ptu_interfaces/ptu_interfaces/srv/detail/set_pan__rosidl_typesupport_introspection_cpp.hpp
-- Up-to-date: /home/cole/cole_ws/install/ptu_interfaces/include/ptu_interfaces/ptu_interfaces/srv/detail/get_limits__rosidl_typesupport_introspection_cpp.hpp
-- Up-to-date: /home/cole/cole_ws/install/ptu_interfaces/include/ptu_interfaces/ptu_interfaces/srv/detail/set_pan__type_support.cpp
-- Up-to-date: /home/cole/cole_ws/install/ptu_interfaces/include/ptu_interfaces/ptu_interfaces/srv/detail/set_tilt__rosidl_typesupport_introspection_cpp.hpp
-- Up-to-date: /home/cole/cole_ws/install/ptu_interfaces/include/ptu_interfaces/ptu_interfaces/msg
-- Up-to-date: /home/cole/cole_ws/install/ptu_interfaces/include/ptu_interfaces/ptu_interfaces/msg/detail
-- Up-to-date: /home/cole/cole_ws/install/ptu_interfaces/include/ptu_interfaces/ptu_interfaces/msg/detail/ptu__type_support.cpp
-- Up-to-date: /home/cole/cole_ws/install/ptu_interfaces/include/ptu_interfaces/ptu_interfaces/msg/detail/ptu__rosidl_typesupport_introspection_cpp.hpp
-- Up-to-date: /home/cole/cole_ws/install/ptu_interfaces/include/ptu_interfaces/ptu_interfaces/action
-- Up-to-date: /home/cole/cole_ws/install/ptu_interfaces/include/ptu_interfaces/ptu_interfaces/action/detail
-- Up-to-date: /home/cole/cole_ws/install/ptu_interfaces/include/ptu_interfaces/ptu_interfaces/action/detail/set_pan_tilt__type_support.cpp
-- Up-to-date: /home/cole/cole_ws/install/ptu_interfaces/include/ptu_interfaces/ptu_interfaces/action/detail/set_tilt__type_support.cpp
-- Up-to-date: /home/cole/cole_ws/install/ptu_interfaces/include/ptu_interfaces/ptu_interfaces/action/detail/set_pan_tilt__rosidl_typesupport_introspection_cpp.hpp
-- Up-to-date: /home/cole/cole_ws/install/ptu_interfaces/include/ptu_interfaces/ptu_interfaces/action/detail/set_pan__rosidl_typesupport_introspection_cpp.hpp
-- Up-to-date: /home/cole/cole_ws/install/ptu_interfaces/include/ptu_interfaces/ptu_interfaces/action/detail/set_pan__type_support.cpp
-- Up-to-date: /home/cole/cole_ws/install/ptu_interfaces/include/ptu_interfaces/ptu_interfaces/action/detail/set_tilt__rosidl_typesupport_introspection_cpp.hpp
-- Up-to-date: /home/cole/cole_ws/install/ptu_interfaces/lib/libptu_interfaces__rosidl_typesupport_introspection_cpp.so
-- Up-to-date: /home/cole/cole_ws/install/ptu_interfaces/lib/libptu_interfaces__rosidl_typesupport_cpp.so
-- Up-to-date: /home/cole/cole_ws/install/ptu_interfaces/share/ptu_interfaces/environment/pythonpath.sh
-- Up-to-date: /home/cole/cole_ws/install/ptu_interfaces/share/ptu_interfaces/environment/pythonpath.dsv
-- Up-to-date: /home/cole/cole_ws/install/ptu_interfaces/local/lib/python3.10/dist-packages/ptu_interfaces-0.0.0-py3.10.egg-info
-- Installing: /home/cole/cole_ws/install/ptu_interfaces/local/lib/python3.10/dist-packages/ptu_interfaces-0.0.0-py3.10.egg-info/top_level.txt
-- Installing: /home/cole/cole_ws/install/ptu_interfaces/local/lib/python3.10/dist-packages/ptu_interfaces-0.0.0-py3.10.egg-info/SOURCES.txt
-- Installing: /home/cole/cole_ws/install/ptu_interfaces/local/lib/python3.10/dist-packages/ptu_interfaces-0.0.0-py3.10.egg-info/dependency_links.txt
-- Installing: /home/cole/cole_ws/install/ptu_interfaces/local/lib/python3.10/dist-packages/ptu_interfaces-0.0.0-py3.10.egg-info/PKG-INFO
-- Up-to-date: /home/cole/cole_ws/install/ptu_interfaces/local/lib/python3.10/dist-packages/ptu_interfaces
-- Up-to-date: /home/cole/cole_ws/install/ptu_interfaces/local/lib/python3.10/dist-packages/ptu_interfaces/_ptu_interfaces_s.ep.rosidl_typesupport_c.c
-- Up-to-date: /home/cole/cole_ws/install/ptu_interfaces/local/lib/python3.10/dist-packages/ptu_interfaces/srv
-- Up-to-date: /home/cole/cole_ws/install/ptu_interfaces/local/lib/python3.10/dist-packages/ptu_interfaces/srv/__init__.py
-- Up-to-date: /home/cole/cole_ws/install/ptu_interfaces/local/lib/python3.10/dist-packages/ptu_interfaces/srv/_set_pan_tilt_s.c
-- Up-to-date: /home/cole/cole_ws/install/ptu_interfaces/local/lib/python3.10/dist-packages/ptu_interfaces/srv/_get_limits.py
-- Up-to-date: /home/cole/cole_ws/install/ptu_interfaces/local/lib/python3.10/dist-packages/ptu_interfaces/srv/_set_pan_tilt_speed.py
-- Up-to-date: /home/cole/cole_ws/install/ptu_interfaces/local/lib/python3.10/dist-packages/ptu_interfaces/srv/_set_tilt.py
-- Up-to-date: /home/cole/cole_ws/install/ptu_interfaces/local/lib/python3.10/dist-packages/ptu_interfaces/srv/_get_limits_s.c
-- Up-to-date: /home/cole/cole_ws/install/ptu_interfaces/local/lib/python3.10/dist-packages/ptu_interfaces/srv/_set_pan_tilt_speed_s.c
-- Up-to-date: /home/cole/cole_ws/install/ptu_interfaces/local/lib/python3.10/dist-packages/ptu_interfaces/srv/_set_pan_tilt.py
-- Up-to-date: /home/cole/cole_ws/install/ptu_interfaces/local/lib/python3.10/dist-packages/ptu_interfaces/srv/_set_tilt_s.c
-- Up-to-date: /home/cole/cole_ws/install/ptu_interfaces/local/lib/python3.10/dist-packages/ptu_interfaces/srv/_set_pan.py
-- Up-to-date: /home/cole/cole_ws/install/ptu_interfaces/local/lib/python3.10/dist-packages/ptu_interfaces/srv/_set_pan_s.c
-- Up-to-date: /home/cole/cole_ws/install/ptu_interfaces/local/lib/python3.10/dist-packages/ptu_interfaces/ptu_interfaces_s__rosidl_typesupport_fastrtps_c.cpython-310-x86_64-linux-gnu.so
-- Up-to-date: /home/cole/cole_ws/install/ptu_interfaces/local/lib/python3.10/dist-packages/ptu_interfaces/__init__.py
-- Up-to-date: /home/cole/cole_ws/install/ptu_interfaces/local/lib/python3.10/dist-packages/ptu_interfaces/ptu_interfaces_s__rosidl_typesupport_introspection_c.cpython-310-x86_64-linux-gnu.so
-- Up-to-date: /home/cole/cole_ws/install/ptu_interfaces/local/lib/python3.10/dist-packages/ptu_interfaces/libptu_interfaces__rosidl_generator_py.so
-- Up-to-date: /home/cole/cole_ws/install/ptu_interfaces/local/lib/python3.10/dist-packages/ptu_interfaces/_ptu_interfaces_s.ep.rosidl_typesupport_introspection_c.c
-- Up-to-date: /home/cole/cole_ws/install/ptu_interfaces/local/lib/python3.10/dist-packages/ptu_interfaces/msg
-- Up-to-date: /home/cole/cole_ws/install/ptu_interfaces/local/lib/python3.10/dist-packages/ptu_interfaces/msg/_ptu.py
-- Up-to-date: /home/cole/cole_ws/install/ptu_interfaces/local/lib/python3.10/dist-packages/ptu_interfaces/msg/__init__.py
-- Up-to-date: /home/cole/cole_ws/install/ptu_interfaces/local/lib/python3.10/dist-packages/ptu_interfaces/msg/_ptu_s.c
-- Up-to-date: /home/cole/cole_ws/install/ptu_interfaces/local/lib/python3.10/dist-packages/ptu_interfaces/action
-- Up-to-date: /home/cole/cole_ws/install/ptu_interfaces/local/lib/python3.10/dist-packages/ptu_interfaces/action/__init__.py
-- Up-to-date: /home/cole/cole_ws/install/ptu_interfaces/local/lib/python3.10/dist-packages/ptu_interfaces/action/_set_pan_tilt_s.c
-- Up-to-date: /home/cole/cole_ws/install/ptu_interfaces/local/lib/python3.10/dist-packages/ptu_interfaces/action/_set_tilt.py
-- Up-to-date: /home/cole/cole_ws/install/ptu_interfaces/local/lib/python3.10/dist-packages/ptu_interfaces/action/_set_pan_tilt.py
-- Up-to-date: /home/cole/cole_ws/install/ptu_interfaces/local/lib/python3.10/dist-packages/ptu_interfaces/action/_set_tilt_s.c
-- Up-to-date: /home/cole/cole_ws/install/ptu_interfaces/local/lib/python3.10/dist-packages/ptu_interfaces/action/_set_pan.py
-- Up-to-date: /home/cole/cole_ws/install/ptu_interfaces/local/lib/python3.10/dist-packages/ptu_interfaces/action/_set_pan_s.c
-- Up-to-date: /home/cole/cole_ws/install/ptu_interfaces/local/lib/python3.10/dist-packages/ptu_interfaces/ptu_interfaces_s__rosidl_typesupport_c.cpython-310-x86_64-linux-gnu.so
-- Up-to-date: /home/cole/cole_ws/install/ptu_interfaces/local/lib/python3.10/dist-packages/ptu_interfaces/_ptu_interfaces_s.ep.rosidl_typesupport_fastrtps_c.c
Listing '/home/cole/cole_ws/install/ptu_interfaces/local/lib/python3.10/dist-packages/ptu_interfaces'...
Listing '/home/cole/cole_ws/install/ptu_interfaces/local/lib/python3.10/dist-packages/ptu_interfaces/action'...
Listing '/home/cole/cole_ws/install/ptu_interfaces/local/lib/python3.10/dist-packages/ptu_interfaces/msg'...
Listing '/home/cole/cole_ws/install/ptu_interfaces/local/lib/python3.10/dist-packages/ptu_interfaces/srv'...
-- Up-to-date: /home/cole/cole_ws/install/ptu_interfaces/local/lib/python3.10/dist-packages/ptu_interfaces/ptu_interfaces_s__rosidl_typesupport_fastrtps_c.cpython-310-x86_64-linux-gnu.so
-- Up-to-date: /home/cole/cole_ws/install/ptu_interfaces/local/lib/python3.10/dist-packages/ptu_interfaces/ptu_interfaces_s__rosidl_typesupport_introspection_c.cpython-310-x86_64-linux-gnu.so
-- Up-to-date: /home/cole/cole_ws/install/ptu_interfaces/local/lib/python3.10/dist-packages/ptu_interfaces/ptu_interfaces_s__rosidl_typesupport_c.cpython-310-x86_64-linux-gnu.so
-- Up-to-date: /home/cole/cole_ws/install/ptu_interfaces/lib/libptu_interfaces__rosidl_generator_py.so
-- Up-to-date: /home/cole/cole_ws/install/ptu_interfaces/share/ptu_interfaces/msg/PTU.idl
-- Up-to-date: /home/cole/cole_ws/install/ptu_interfaces/share/ptu_interfaces/srv/SetPan.idl
-- Up-to-date: /home/cole/cole_ws/install/ptu_interfaces/share/ptu_interfaces/srv/SetTilt.idl
-- Up-to-date: /home/cole/cole_ws/install/ptu_interfaces/share/ptu_interfaces/srv/SetPanTilt.idl
-- Up-to-date: /home/cole/cole_ws/install/ptu_interfaces/share/ptu_interfaces/srv/SetPanTiltSpeed.idl
-- Up-to-date: /home/cole/cole_ws/install/ptu_interfaces/share/ptu_interfaces/srv/GetLimits.idl
-- Up-to-date: /home/cole/cole_ws/install/ptu_interfaces/share/ptu_interfaces/action/SetPan.idl
-- Up-to-date: /home/cole/cole_ws/install/ptu_interfaces/share/ptu_interfaces/action/SetTilt.idl
-- Up-to-date: /home/cole/cole_ws/install/ptu_interfaces/share/ptu_interfaces/action/SetPanTilt.idl
-- Up-to-date: /home/cole/cole_ws/install/ptu_interfaces/share/ptu_interfaces/msg/PTU.msg
-- Up-to-date: /home/cole/cole_ws/install/ptu_interfaces/share/ptu_interfaces/srv/SetPan.srv
-- Up-to-date: /home/cole/cole_ws/install/ptu_interfaces/share/ptu_interfaces/srv/SetPan_Request.msg
-- Up-to-date: /home/cole/cole_ws/install/ptu_interfaces/share/ptu_interfaces/srv/SetPan_Response.msg
-- Up-to-date: /home/cole/cole_ws/install/ptu_interfaces/share/ptu_interfaces/srv/SetTilt.srv
-- Up-to-date: /home/cole/cole_ws/install/ptu_interfaces/share/ptu_interfaces/srv/SetTilt_Request.msg
-- Up-to-date: /home/cole/cole_ws/install/ptu_interfaces/share/ptu_interfaces/srv/SetTilt_Response.msg
-- Up-to-date: /home/cole/cole_ws/install/ptu_interfaces/share/ptu_interfaces/srv/SetPanTilt.srv
-- Up-to-date: /home/cole/cole_ws/install/ptu_interfaces/share/ptu_interfaces/srv/SetPanTilt_Request.msg
-- Up-to-date: /home/cole/cole_ws/install/ptu_interfaces/share/ptu_interfaces/srv/SetPanTilt_Response.msg
-- Up-to-date: /home/cole/cole_ws/install/ptu_interfaces/share/ptu_interfaces/srv/SetPanTiltSpeed.srv
-- Up-to-date: /home/cole/cole_ws/install/ptu_interfaces/share/ptu_interfaces/srv/SetPanTiltSpeed_Request.msg
-- Up-to-date: /home/cole/cole_ws/install/ptu_interfaces/share/ptu_interfaces/srv/SetPanTiltSpeed_Response.msg
-- Up-to-date: /home/cole/cole_ws/install/ptu_interfaces/share/ptu_interfaces/srv/GetLimits.srv
-- Up-to-date: /home/cole/cole_ws/install/ptu_interfaces/share/ptu_interfaces/srv/GetLimits_Request.msg
-- Up-to-date: /home/cole/cole_ws/install/ptu_interfaces/share/ptu_interfaces/srv/GetLimits_Response.msg
-- Up-to-date: /home/cole/cole_ws/install/ptu_interfaces/share/ptu_interfaces/action/SetPan.action
-- Up-to-date: /home/cole/cole_ws/install/ptu_interfaces/share/ptu_interfaces/action/SetTilt.action
-- Up-to-date: /home/cole/cole_ws/install/ptu_interfaces/share/ptu_interfaces/action/SetPanTilt.action
-- Up-to-date: /home/cole/cole_ws/install/ptu_interfaces/share/ament_index/resource_index/package_run_dependencies/ptu_interfaces
-- Up-to-date: /home/cole/cole_ws/install/ptu_interfaces/share/ament_index/resource_index/parent_prefix_path/ptu_interfaces
-- Up-to-date: /home/cole/cole_ws/install/ptu_interfaces/share/ptu_interfaces/environment/ament_prefix_path.sh
-- Up-to-date: /home/cole/cole_ws/install/ptu_interfaces/share/ptu_interfaces/environment/ament_prefix_path.dsv
-- Up-to-date: /home/cole/cole_ws/install/ptu_interfaces/share/ptu_interfaces/environment/path.sh
-- Up-to-date: /home/cole/cole_ws/install/ptu_interfaces/share/ptu_interfaces/environment/path.dsv
-- Up-to-date: /home/cole/cole_ws/install/ptu_interfaces/share/ptu_interfaces/local_setup.bash
-- Up-to-date: /home/cole/cole_ws/install/ptu_interfaces/share/ptu_interfaces/local_setup.sh
-- Up-to-date: /home/cole/cole_ws/install/ptu_interfaces/share/ptu_interfaces/local_setup.zsh
-- Up-to-date: /home/cole/cole_ws/install/ptu_interfaces/share/ptu_interfaces/local_setup.dsv
-- Installing: /home/cole/cole_ws/install/ptu_interfaces/share/ptu_interfaces/package.dsv
-- Up-to-date: /home/cole/cole_ws/install/ptu_interfaces/share/ament_index/resource_index/packages/ptu_interfaces
-- Up-to-date: /home/cole/cole_ws/install/ptu_interfaces/share/ptu_interfaces/cmake/export_ptu_interfaces__rosidl_generator_cExport.cmake
-- Up-to-date: /home/cole/cole_ws/install/ptu_interfaces/share/ptu_interfaces/cmake/export_ptu_interfaces__rosidl_generator_cExport-noconfig.cmake
-- Up-to-date: /home/cole/cole_ws/install/ptu_interfaces/share/ptu_interfaces/cmake/export_ptu_interfaces__rosidl_typesupport_fastrtps_cExport.cmake
-- Up-to-date: /home/cole/cole_ws/install/ptu_interfaces/share/ptu_interfaces/cmake/export_ptu_interfaces__rosidl_typesupport_fastrtps_cExport-noconfig.cmake
-- Up-to-date: /home/cole/cole_ws/install/ptu_interfaces/share/ptu_interfaces/cmake/export_ptu_interfaces__rosidl_generator_cppExport.cmake
-- Up-to-date: /home/cole/cole_ws/install/ptu_interfaces/share/ptu_interfaces/cmake/export_ptu_interfaces__rosidl_typesupport_fastrtps_cppExport.cmake
-- Up-to-date: /home/cole/cole_ws/install/ptu_interfaces/share/ptu_interfaces/cmake/export_ptu_interfaces__rosidl_typesupport_fastrtps_cppExport-noconfig.cmake
-- Up-to-date: /home/cole/cole_ws/install/ptu_interfaces/share/ptu_interfaces/cmake/ptu_interfaces__rosidl_typesupport_introspection_cExport.cmake
-- Up-to-date: /home/cole/cole_ws/install/ptu_interfaces/share/ptu_interfaces/cmake/ptu_interfaces__rosidl_typesupport_introspection_cExport-noconfig.cmake
-- Up-to-date: /home/cole/cole_ws/install/ptu_interfaces/share/ptu_interfaces/cmake/ptu_interfaces__rosidl_typesupport_cExport.cmake
-- Up-to-date: /home/cole/cole_ws/install/ptu_interfaces/share/ptu_interfaces/cmake/ptu_interfaces__rosidl_typesupport_cExport-noconfig.cmake
-- Up-to-date: /home/cole/cole_ws/install/ptu_interfaces/share/ptu_interfaces/cmake/ptu_interfaces__rosidl_typesupport_introspection_cppExport.cmake
-- Up-to-date: /home/cole/cole_ws/install/ptu_interfaces/share/ptu_interfaces/cmake/ptu_interfaces__rosidl_typesupport_introspection_cppExport-noconfig.cmake
-- Up-to-date: /home/cole/cole_ws/install/ptu_interfaces/share/ptu_interfaces/cmake/ptu_interfaces__rosidl_typesupport_cppExport.cmake
-- Up-to-date: /home/cole/cole_ws/install/ptu_interfaces/share/ptu_interfaces/cmake/ptu_interfaces__rosidl_typesupport_cppExport-noconfig.cmake
-- Up-to-date: /home/cole/cole_ws/install/ptu_interfaces/share/ptu_interfaces/cmake/export_ptu_interfaces__rosidl_generator_pyExport.cmake
-- Up-to-date: /home/cole/cole_ws/install/ptu_interfaces/share/ptu_interfaces/cmake/export_ptu_interfaces__rosidl_generator_pyExport-noconfig.cmake
-- Up-to-date: /home/cole/cole_ws/install/ptu_interfaces/share/ptu_interfaces/cmake/rosidl_cmake-extras.cmake
-- Up-to-date: /home/cole/cole_ws/install/ptu_interfaces/share/ptu_interfaces/cmake/ament_cmake_export_dependencies-extras.cmake
-- Up-to-date: /home/cole/cole_ws/install/ptu_interfaces/share/ptu_interfaces/cmake/ament_cmake_export_include_directories-extras.cmake
-- Up-to-date: /home/cole/cole_ws/install/ptu_interfaces/share/ptu_interfaces/cmake/ament_cmake_export_libraries-extras.cmake
-- Up-to-date: /home/cole/cole_ws/install/ptu_interfaces/share/ptu_interfaces/cmake/ament_cmake_export_targets-extras.cmake
-- Up-to-date: /home/cole/cole_ws/install/ptu_interfaces/share/ptu_interfaces/cmake/rosidl_cmake_export_typesupport_targets-extras.cmake
-- Up-to-date: /home/cole/cole_ws/install/ptu_interfaces/share/ptu_interfaces/cmake/rosidl_cmake_export_typesupport_libraries-extras.cmake
-- Up-to-date: /home/cole/cole_ws/install/ptu_interfaces/share/ptu_interfaces/cmake/ptu_interfacesConfig.cmake
-- Up-to-date: /home/cole/cole_ws/install/ptu_interfaces/share/ptu_interfaces/cmake/ptu_interfacesConfig-version.cmake
-- Up-to-date: /home/cole/cole_ws/install/ptu_interfaces/share/ptu_interfaces/package.xml
