[0.076s] DEBUG:colcon:Command line arguments: ['/usr/bin/colcon', 'build']
[0.076s] DEBUG:colcon:Parsed command line arguments: Namespace(log_base=None, log_level=None, verb_name='build', build_base='build', install_base='install', merge_install=False, symlink_install=False, test_result_base=None, continue_on_error=False, executor='parallel', parallel_workers=16, event_handlers=None, ignore_user_meta=False, metas=['./colcon.meta'], base_paths=['.'], packages_ignore=None, packages_ignore_regex=None, paths=None, packages_up_to=None, packages_up_to_regex=None, packages_above=None, packages_above_and_dependencies=None, packages_above_depth=None, packages_select_by_dep=None, packages_skip_by_dep=None, packages_skip_up_to=None, packages_select_build_failed=False, packages_skip_build_finished=False, packages_select_test_failures=False, packages_skip_test_passed=False, packages_select=None, packages_skip=None, packages_select_regex=None, packages_skip_regex=None, packages_start=None, packages_end=None, allow_overriding=[], cmake_args=None, cmake_target=None, cmake_target_skip_unavailable=False, cmake_clean_cache=False, cmake_clean_first=False, cmake_force_configure=False, ament_cmake_args=None, catkin_cmake_args=None, catkin_skip_building_tests=False, mixin_files=None, mixin=None, verb_parser=<colcon_mixin.mixin.mixin_argument.MixinArgumentDecorator object at 0x7d8db4c7e380>, verb_extension=<colcon_core.verb.build.BuildVerb object at 0x7d8db4c7ddb0>, main=<bound method BuildVerb.main of <colcon_core.verb.build.BuildVerb object at 0x7d8db4c7ddb0>>, mixin_verb=('build',))
[0.180s] Level 1:colcon.colcon_core.package_discovery:discover_packages(colcon_meta) check parameters
[0.180s] Level 1:colcon.colcon_core.package_discovery:discover_packages(recursive) check parameters
[0.180s] Level 1:colcon.colcon_core.package_discovery:discover_packages(ignore) check parameters
[0.180s] Level 1:colcon.colcon_core.package_discovery:discover_packages(path) check parameters
[0.181s] Level 1:colcon.colcon_core.package_discovery:discover_packages(colcon_meta) discover
[0.181s] Level 1:colcon.colcon_core.package_discovery:discover_packages(recursive) discover
[0.181s] INFO:colcon.colcon_core.package_discovery:Crawling recursively for packages in '/home/cole/cole_ws'
[0.181s] Level 1:colcon.colcon_core.package_identification:_identify(.) by extensions ['ignore', 'ignore_ament_install']
[0.181s] Level 1:colcon.colcon_core.package_identification:_identify(.) by extension 'ignore'
[0.181s] Level 1:colcon.colcon_core.package_identification:_identify(.) by extension 'ignore_ament_install'
[0.181s] Level 1:colcon.colcon_core.package_identification:_identify(.) by extensions ['colcon_pkg']
[0.181s] Level 1:colcon.colcon_core.package_identification:_identify(.) by extension 'colcon_pkg'
[0.181s] Level 1:colcon.colcon_core.package_identification:_identify(.) by extensions ['colcon_meta']
[0.181s] Level 1:colcon.colcon_core.package_identification:_identify(.) by extension 'colcon_meta'
[0.181s] Level 1:colcon.colcon_core.package_identification:_identify(.) by extensions ['ros']
[0.181s] Level 1:colcon.colcon_core.package_identification:_identify(.) by extension 'ros'
[0.188s] Level 1:colcon.colcon_core.package_identification:_identify(.) by extensions ['cmake', 'python']
[0.188s] Level 1:colcon.colcon_core.package_identification:_identify(.) by extension 'cmake'
[0.188s] Level 1:colcon.colcon_core.package_identification:_identify(.) by extension 'python'
[0.188s] Level 1:colcon.colcon_core.package_identification:_identify(.) by extensions ['python_setup_py']
[0.188s] Level 1:colcon.colcon_core.package_identification:_identify(.) by extension 'python_setup_py'
[0.188s] Level 1:colcon.colcon_core.package_identification:_identify(build) by extensions ['ignore', 'ignore_ament_install']
[0.188s] Level 1:colcon.colcon_core.package_identification:_identify(build) by extension 'ignore'
[0.188s] Level 1:colcon.colcon_core.package_identification:_identify(build) ignored
[0.188s] Level 1:colcon.colcon_core.package_identification:_identify(install) by extensions ['ignore', 'ignore_ament_install']
[0.188s] Level 1:colcon.colcon_core.package_identification:_identify(install) by extension 'ignore'
[0.188s] Level 1:colcon.colcon_core.package_identification:_identify(install) ignored
[0.188s] Level 1:colcon.colcon_core.package_identification:_identify(log) by extensions ['ignore', 'ignore_ament_install']
[0.188s] Level 1:colcon.colcon_core.package_identification:_identify(log) by extension 'ignore'
[0.188s] Level 1:colcon.colcon_core.package_identification:_identify(log) ignored
[0.188s] Level 1:colcon.colcon_core.package_identification:_identify(src) by extensions ['ignore', 'ignore_ament_install']
[0.188s] Level 1:colcon.colcon_core.package_identification:_identify(src) by extension 'ignore'
[0.188s] Level 1:colcon.colcon_core.package_identification:_identify(src) by extension 'ignore_ament_install'
[0.189s] Level 1:colcon.colcon_core.package_identification:_identify(src) by extensions ['colcon_pkg']
[0.189s] Level 1:colcon.colcon_core.package_identification:_identify(src) by extension 'colcon_pkg'
[0.189s] Level 1:colcon.colcon_core.package_identification:_identify(src) by extensions ['colcon_meta']
[0.189s] Level 1:colcon.colcon_core.package_identification:_identify(src) by extension 'colcon_meta'
[0.189s] Level 1:colcon.colcon_core.package_identification:_identify(src) by extensions ['ros']
[0.189s] Level 1:colcon.colcon_core.package_identification:_identify(src) by extension 'ros'
[0.189s] Level 1:colcon.colcon_core.package_identification:_identify(src) by extensions ['cmake', 'python']
[0.189s] Level 1:colcon.colcon_core.package_identification:_identify(src) by extension 'cmake'
[0.189s] Level 1:colcon.colcon_core.package_identification:_identify(src) by extension 'python'
[0.189s] Level 1:colcon.colcon_core.package_identification:_identify(src) by extensions ['python_setup_py']
[0.189s] Level 1:colcon.colcon_core.package_identification:_identify(src) by extension 'python_setup_py'
[0.189s] Level 1:colcon.colcon_core.package_identification:_identify(src/sim_test) by extensions ['ignore', 'ignore_ament_install']
[0.189s] Level 1:colcon.colcon_core.package_identification:_identify(src/sim_test) by extension 'ignore'
[0.189s] Level 1:colcon.colcon_core.package_identification:_identify(src/sim_test) by extension 'ignore_ament_install'
[0.189s] Level 1:colcon.colcon_core.package_identification:_identify(src/sim_test) by extensions ['colcon_pkg']
[0.189s] Level 1:colcon.colcon_core.package_identification:_identify(src/sim_test) by extension 'colcon_pkg'
[0.189s] Level 1:colcon.colcon_core.package_identification:_identify(src/sim_test) by extensions ['colcon_meta']
[0.189s] Level 1:colcon.colcon_core.package_identification:_identify(src/sim_test) by extension 'colcon_meta'
[0.189s] Level 1:colcon.colcon_core.package_identification:_identify(src/sim_test) by extensions ['ros']
[0.189s] Level 1:colcon.colcon_core.package_identification:_identify(src/sim_test) by extension 'ros'
[0.191s] DEBUG:colcon.colcon_core.package_identification:Package 'src/sim_test' with type 'ros.ament_cmake' and name 'sim_test'
[0.191s] Level 1:colcon.colcon_core.package_identification:_identify(src/video_stream) by extensions ['ignore', 'ignore_ament_install']
[0.191s] Level 1:colcon.colcon_core.package_identification:_identify(src/video_stream) by extension 'ignore'
[0.191s] Level 1:colcon.colcon_core.package_identification:_identify(src/video_stream) by extension 'ignore_ament_install'
[0.191s] Level 1:colcon.colcon_core.package_identification:_identify(src/video_stream) by extensions ['colcon_pkg']
[0.191s] Level 1:colcon.colcon_core.package_identification:_identify(src/video_stream) by extension 'colcon_pkg'
[0.191s] Level 1:colcon.colcon_core.package_identification:_identify(src/video_stream) by extensions ['colcon_meta']
[0.191s] Level 1:colcon.colcon_core.package_identification:_identify(src/video_stream) by extension 'colcon_meta'
[0.191s] Level 1:colcon.colcon_core.package_identification:_identify(src/video_stream) by extensions ['ros']
[0.191s] Level 1:colcon.colcon_core.package_identification:_identify(src/video_stream) by extension 'ros'
[0.192s] DEBUG:colcon.colcon_core.package_identification:Package 'src/video_stream' with type 'ros.ament_python' and name 'video_stream'
[0.192s] Level 1:colcon.colcon_core.package_discovery:discover_packages(recursive) using defaults
[0.192s] Level 1:colcon.colcon_core.package_discovery:discover_packages(ignore) discover
[0.192s] Level 1:colcon.colcon_core.package_discovery:discover_packages(ignore) using defaults
[0.192s] Level 1:colcon.colcon_core.package_discovery:discover_packages(path) discover
[0.192s] Level 1:colcon.colcon_core.package_discovery:discover_packages(path) using defaults
[0.210s] Level 1:colcon.colcon_core.package_discovery:discover_packages(prefix_path) check parameters
[0.210s] Level 1:colcon.colcon_core.package_discovery:discover_packages(prefix_path) discover
[0.211s] DEBUG:colcon.colcon_installed_package_information.package_discovery:Found 2 installed packages in /home/cole/cole_ws/install
[0.212s] DEBUG:colcon.colcon_installed_package_information.package_discovery:Found 479 installed packages in /opt/ros/humble
[0.213s] Level 1:colcon.colcon_core.package_discovery:discover_packages(prefix_path) using defaults
[0.245s] Level 5:colcon.colcon_core.verb:set package 'sim_test' build argument 'cmake_args' from command line to 'None'
[0.245s] Level 5:colcon.colcon_core.verb:set package 'sim_test' build argument 'cmake_target' from command line to 'None'
[0.245s] Level 5:colcon.colcon_core.verb:set package 'sim_test' build argument 'cmake_target_skip_unavailable' from command line to 'False'
[0.245s] Level 5:colcon.colcon_core.verb:set package 'sim_test' build argument 'cmake_clean_cache' from command line to 'False'
[0.245s] Level 5:colcon.colcon_core.verb:set package 'sim_test' build argument 'cmake_clean_first' from command line to 'False'
[0.245s] Level 5:colcon.colcon_core.verb:set package 'sim_test' build argument 'cmake_force_configure' from command line to 'False'
[0.245s] Level 5:colcon.colcon_core.verb:set package 'sim_test' build argument 'ament_cmake_args' from command line to 'None'
[0.245s] Level 5:colcon.colcon_core.verb:set package 'sim_test' build argument 'catkin_cmake_args' from command line to 'None'
[0.245s] Level 5:colcon.colcon_core.verb:set package 'sim_test' build argument 'catkin_skip_building_tests' from command line to 'False'
[0.245s] DEBUG:colcon.colcon_core.verb:Building package 'sim_test' with the following arguments: {'ament_cmake_args': None, 'build_base': '/home/cole/cole_ws/build/sim_test', 'catkin_cmake_args': None, 'catkin_skip_building_tests': False, 'cmake_args': None, 'cmake_clean_cache': False, 'cmake_clean_first': False, 'cmake_force_configure': False, 'cmake_target': None, 'cmake_target_skip_unavailable': False, 'install_base': '/home/cole/cole_ws/install/sim_test', 'merge_install': False, 'path': '/home/cole/cole_ws/src/sim_test', 'symlink_install': False, 'test_result_base': None}
[0.245s] Level 5:colcon.colcon_core.verb:set package 'video_stream' build argument 'cmake_args' from command line to 'None'
[0.245s] Level 5:colcon.colcon_core.verb:set package 'video_stream' build argument 'cmake_target' from command line to 'None'
[0.246s] Level 5:colcon.colcon_core.verb:set package 'video_stream' build argument 'cmake_target_skip_unavailable' from command line to 'False'
[0.246s] Level 5:colcon.colcon_core.verb:set package 'video_stream' build argument 'cmake_clean_cache' from command line to 'False'
[0.246s] Level 5:colcon.colcon_core.verb:set package 'video_stream' build argument 'cmake_clean_first' from command line to 'False'
[0.246s] Level 5:colcon.colcon_core.verb:set package 'video_stream' build argument 'cmake_force_configure' from command line to 'False'
[0.246s] Level 5:colcon.colcon_core.verb:set package 'video_stream' build argument 'ament_cmake_args' from command line to 'None'
[0.246s] Level 5:colcon.colcon_core.verb:set package 'video_stream' build argument 'catkin_cmake_args' from command line to 'None'
[0.246s] Level 5:colcon.colcon_core.verb:set package 'video_stream' build argument 'catkin_skip_building_tests' from command line to 'False'
[0.246s] DEBUG:colcon.colcon_core.verb:Building package 'video_stream' with the following arguments: {'ament_cmake_args': None, 'build_base': '/home/cole/cole_ws/build/video_stream', 'catkin_cmake_args': None, 'catkin_skip_building_tests': False, 'cmake_args': None, 'cmake_clean_cache': False, 'cmake_clean_first': False, 'cmake_force_configure': False, 'cmake_target': None, 'cmake_target_skip_unavailable': False, 'install_base': '/home/cole/cole_ws/install/video_stream', 'merge_install': False, 'path': '/home/cole/cole_ws/src/video_stream', 'symlink_install': False, 'test_result_base': None}
[0.246s] INFO:colcon.colcon_core.executor:Executing jobs using 'parallel' executor
[0.246s] DEBUG:colcon.colcon_parallel_executor.executor.parallel:run_until_complete
[0.247s] INFO:colcon.colcon_ros.task.ament_cmake.build:Building ROS package in '/home/cole/cole_ws/src/sim_test' with build type 'ament_cmake'
[0.247s] INFO:colcon.colcon_cmake.task.cmake.build:Building CMake package in '/home/cole/cole_ws/src/sim_test'
[0.248s] INFO:colcon.colcon_core.plugin_system:Skipping extension 'colcon_core.shell.bat': Not used on non-Windows systems
[0.248s] INFO:colcon.colcon_core.shell:Skip shell extension 'powershell' for command environment: Not usable outside of PowerShell
[0.248s] DEBUG:colcon.colcon_core.shell:Skip shell extension 'dsv' for command environment
[0.251s] INFO:colcon.colcon_ros.task.ament_python.build:Building ROS package in '/home/cole/cole_ws/src/video_stream' with build type 'ament_python'
[0.251s] Level 1:colcon.colcon_core.shell:create_environment_hook('video_stream', 'ament_prefix_path')
[0.251s] INFO:colcon.colcon_core.shell:Creating environment hook '/home/cole/cole_ws/install/video_stream/share/video_stream/hook/ament_prefix_path.ps1'
[0.251s] INFO:colcon.colcon_core.shell:Creating environment descriptor '/home/cole/cole_ws/install/video_stream/share/video_stream/hook/ament_prefix_path.dsv'
[0.252s] INFO:colcon.colcon_core.shell:Creating environment hook '/home/cole/cole_ws/install/video_stream/share/video_stream/hook/ament_prefix_path.sh'
[0.252s] INFO:colcon.colcon_core.shell:Skip shell extension 'powershell' for command environment: Not usable outside of PowerShell
[0.252s] DEBUG:colcon.colcon_core.shell:Skip shell extension 'dsv' for command environment
[0.261s] DEBUG:colcon.colcon_core.event_handler.log_command:Invoking command in '/home/cole/cole_ws/build/sim_test': CMAKE_PREFIX_PATH=${CMAKE_PREFIX_PATH}:/home/cole/cole_ws/install/video_stream:/opt/ros/humble /usr/bin/cmake --build /home/cole/cole_ws/build/sim_test -- -j16 -l16
[0.437s] INFO:colcon.colcon_core.task.python.build:Building Python package in '/home/cole/cole_ws/src/video_stream'
[0.437s] INFO:colcon.colcon_core.shell:Skip shell extension 'powershell' for command environment: Not usable outside of PowerShell
[0.438s] DEBUG:colcon.colcon_core.shell:Skip shell extension 'dsv' for command environment
[0.442s] DEBUG:colcon.colcon_core.event_handler.log_command:Invoked command in '/home/cole/cole_ws/build/sim_test' returned '0': CMAKE_PREFIX_PATH=${CMAKE_PREFIX_PATH}:/home/cole/cole_ws/install/video_stream:/opt/ros/humble /usr/bin/cmake --build /home/cole/cole_ws/build/sim_test -- -j16 -l16
[0.451s] DEBUG:colcon.colcon_core.event_handler.log_command:Invoking command in '/home/cole/cole_ws/build/sim_test': CMAKE_PREFIX_PATH=${CMAKE_PREFIX_PATH}:/home/cole/cole_ws/install/video_stream:/opt/ros/humble /usr/bin/cmake --install /home/cole/cole_ws/build/sim_test
[0.463s] Level 1:colcon.colcon_core.environment:create_environment_scripts_only(sim_test)
[0.463s] DEBUG:colcon.colcon_core.event_handler.log_command:Invoked command in '/home/cole/cole_ws/build/sim_test' returned '0': CMAKE_PREFIX_PATH=${CMAKE_PREFIX_PATH}:/home/cole/cole_ws/install/video_stream:/opt/ros/humble /usr/bin/cmake --install /home/cole/cole_ws/build/sim_test
[0.465s] Level 1:colcon.colcon_core.environment:checking '/home/cole/cole_ws/install/sim_test' for CMake module files
[0.466s] Level 1:colcon.colcon_core.environment:checking '/home/cole/cole_ws/install/sim_test' for CMake config files
[0.466s] Level 1:colcon.colcon_core.shell:create_environment_hook('sim_test', 'cmake_prefix_path')
[0.466s] INFO:colcon.colcon_core.shell:Creating environment hook '/home/cole/cole_ws/install/sim_test/share/sim_test/hook/cmake_prefix_path.ps1'
[0.467s] INFO:colcon.colcon_core.shell:Creating environment descriptor '/home/cole/cole_ws/install/sim_test/share/sim_test/hook/cmake_prefix_path.dsv'
[0.467s] INFO:colcon.colcon_core.shell:Creating environment hook '/home/cole/cole_ws/install/sim_test/share/sim_test/hook/cmake_prefix_path.sh'
[0.468s] Level 1:colcon.colcon_core.environment:checking '/home/cole/cole_ws/install/sim_test/lib'
[0.468s] Level 1:colcon.colcon_core.environment:checking '/home/cole/cole_ws/install/sim_test/bin'
[0.468s] Level 1:colcon.colcon_core.environment:checking '/home/cole/cole_ws/install/sim_test/lib/pkgconfig/sim_test.pc'
[0.468s] Level 1:colcon.colcon_core.environment:checking '/home/cole/cole_ws/install/sim_test/lib/python3.10/site-packages'
[0.468s] Level 1:colcon.colcon_core.environment:checking '/home/cole/cole_ws/install/sim_test/bin'
[0.468s] INFO:colcon.colcon_core.shell:Creating package script '/home/cole/cole_ws/install/sim_test/share/sim_test/package.ps1'
[0.469s] INFO:colcon.colcon_core.shell:Creating package descriptor '/home/cole/cole_ws/install/sim_test/share/sim_test/package.dsv'
[0.469s] INFO:colcon.colcon_core.shell:Creating package script '/home/cole/cole_ws/install/sim_test/share/sim_test/package.sh'
[0.470s] INFO:colcon.colcon_core.shell:Creating package script '/home/cole/cole_ws/install/sim_test/share/sim_test/package.bash'
[0.471s] INFO:colcon.colcon_core.shell:Creating package script '/home/cole/cole_ws/install/sim_test/share/sim_test/package.zsh'
[0.471s] Level 1:colcon.colcon_core.environment:create_file_with_runtime_dependencies(/home/cole/cole_ws/install/sim_test/share/colcon-core/packages/sim_test)
[0.471s] Level 1:colcon.colcon_core.environment:create_environment_scripts_only(sim_test)
[0.472s] Level 1:colcon.colcon_core.environment:checking '/home/cole/cole_ws/install/sim_test' for CMake module files
[0.472s] Level 1:colcon.colcon_core.environment:checking '/home/cole/cole_ws/install/sim_test' for CMake config files
[0.472s] Level 1:colcon.colcon_core.shell:create_environment_hook('sim_test', 'cmake_prefix_path')
[0.472s] INFO:colcon.colcon_core.shell:Creating environment hook '/home/cole/cole_ws/install/sim_test/share/sim_test/hook/cmake_prefix_path.ps1'
[0.473s] INFO:colcon.colcon_core.shell:Creating environment descriptor '/home/cole/cole_ws/install/sim_test/share/sim_test/hook/cmake_prefix_path.dsv'
[0.473s] INFO:colcon.colcon_core.shell:Creating environment hook '/home/cole/cole_ws/install/sim_test/share/sim_test/hook/cmake_prefix_path.sh'
[0.473s] Level 1:colcon.colcon_core.environment:checking '/home/cole/cole_ws/install/sim_test/lib'
[0.474s] Level 1:colcon.colcon_core.environment:checking '/home/cole/cole_ws/install/sim_test/bin'
[0.474s] Level 1:colcon.colcon_core.environment:checking '/home/cole/cole_ws/install/sim_test/lib/pkgconfig/sim_test.pc'
[0.474s] Level 1:colcon.colcon_core.environment:checking '/home/cole/cole_ws/install/sim_test/lib/python3.10/site-packages'
[0.474s] Level 1:colcon.colcon_core.environment:checking '/home/cole/cole_ws/install/sim_test/bin'
[0.474s] INFO:colcon.colcon_core.shell:Creating package script '/home/cole/cole_ws/install/sim_test/share/sim_test/package.ps1'
[0.475s] INFO:colcon.colcon_core.shell:Creating package descriptor '/home/cole/cole_ws/install/sim_test/share/sim_test/package.dsv'
[0.475s] INFO:colcon.colcon_core.shell:Creating package script '/home/cole/cole_ws/install/sim_test/share/sim_test/package.sh'
[0.475s] INFO:colcon.colcon_core.shell:Creating package script '/home/cole/cole_ws/install/sim_test/share/sim_test/package.bash'
[0.475s] INFO:colcon.colcon_core.shell:Creating package script '/home/cole/cole_ws/install/sim_test/share/sim_test/package.zsh'
[0.476s] Level 1:colcon.colcon_core.environment:create_file_with_runtime_dependencies(/home/cole/cole_ws/install/sim_test/share/colcon-core/packages/sim_test)
[0.703s] DEBUG:colcon.colcon_core.event_handler.log_command:Invoking command in '/home/cole/cole_ws/src/video_stream': PYTHONPATH=/home/cole/cole_ws/build/video_stream/prefix_override:/usr/lib/python3/dist-packages/colcon_core/task/python/colcon_distutils_commands:/home/cole/cole_ws/install/video_stream/lib/python3.10/site-packages:${PYTHONPATH} /usr/bin/python3 -W ignore:setup.py install is deprecated -W ignore:easy_install command is deprecated setup.py egg_info --egg-base ../../build/video_stream build --build-base /home/cole/cole_ws/build/video_stream/build install --record /home/cole/cole_ws/build/video_stream/install.log --single-version-externally-managed install_data
[0.903s] Level 1:colcon.colcon_core.environment:checking '/home/cole/cole_ws/install/video_stream' for CMake module files
[0.904s] DEBUG:colcon.colcon_core.event_handler.log_command:Invoked command in '/home/cole/cole_ws/src/video_stream' returned '0': PYTHONPATH=/home/cole/cole_ws/build/video_stream/prefix_override:/usr/lib/python3/dist-packages/colcon_core/task/python/colcon_distutils_commands:/home/cole/cole_ws/install/video_stream/lib/python3.10/site-packages:${PYTHONPATH} /usr/bin/python3 -W ignore:setup.py install is deprecated -W ignore:easy_install command is deprecated setup.py egg_info --egg-base ../../build/video_stream build --build-base /home/cole/cole_ws/build/video_stream/build install --record /home/cole/cole_ws/build/video_stream/install.log --single-version-externally-managed install_data
[0.904s] Level 1:colcon.colcon_core.environment:checking '/home/cole/cole_ws/install/video_stream' for CMake config files
[0.904s] Level 1:colcon.colcon_core.environment:checking '/home/cole/cole_ws/install/video_stream/lib'
[0.905s] Level 1:colcon.colcon_core.environment:checking '/home/cole/cole_ws/install/video_stream/bin'
[0.905s] Level 1:colcon.colcon_core.environment:checking '/home/cole/cole_ws/install/video_stream/lib/pkgconfig/video_stream.pc'
[0.905s] Level 1:colcon.colcon_core.environment:checking '/home/cole/cole_ws/install/video_stream/lib/python3.10/site-packages'
[0.905s] Level 1:colcon.colcon_core.shell:create_environment_hook('video_stream', 'pythonpath')
[0.905s] INFO:colcon.colcon_core.shell:Creating environment hook '/home/cole/cole_ws/install/video_stream/share/video_stream/hook/pythonpath.ps1'
[0.906s] INFO:colcon.colcon_core.shell:Creating environment descriptor '/home/cole/cole_ws/install/video_stream/share/video_stream/hook/pythonpath.dsv'
[0.906s] INFO:colcon.colcon_core.shell:Creating environment hook '/home/cole/cole_ws/install/video_stream/share/video_stream/hook/pythonpath.sh'
[0.906s] Level 1:colcon.colcon_core.environment:checking '/home/cole/cole_ws/install/video_stream/bin'
[0.907s] Level 1:colcon.colcon_core.environment:create_environment_scripts_only(video_stream)
[0.907s] INFO:colcon.colcon_core.shell:Creating package script '/home/cole/cole_ws/install/video_stream/share/video_stream/package.ps1'
[0.907s] INFO:colcon.colcon_core.shell:Creating package descriptor '/home/cole/cole_ws/install/video_stream/share/video_stream/package.dsv'
[0.907s] INFO:colcon.colcon_core.shell:Creating package script '/home/cole/cole_ws/install/video_stream/share/video_stream/package.sh'
[0.908s] INFO:colcon.colcon_core.shell:Creating package script '/home/cole/cole_ws/install/video_stream/share/video_stream/package.bash'
[0.908s] INFO:colcon.colcon_core.shell:Creating package script '/home/cole/cole_ws/install/video_stream/share/video_stream/package.zsh'
[0.908s] Level 1:colcon.colcon_core.environment:create_file_with_runtime_dependencies(/home/cole/cole_ws/install/video_stream/share/colcon-core/packages/video_stream)
[0.908s] DEBUG:colcon.colcon_parallel_executor.executor.parallel:closing loop
[0.908s] DEBUG:colcon.colcon_parallel_executor.executor.parallel:loop closed
[0.908s] DEBUG:colcon.colcon_parallel_executor.executor.parallel:run_until_complete finished with '0'
[0.909s] DEBUG:colcon.colcon_core.event_reactor:joining thread
[0.912s] INFO:colcon.colcon_core.plugin_system:Skipping extension 'colcon_notification.desktop_notification.terminal_notifier': Not used on non-Darwin systems
[0.913s] INFO:colcon.colcon_core.plugin_system:Skipping extension 'colcon_notification.desktop_notification.win32': Not used on non-Windows systems
[0.913s] INFO:colcon.colcon_notification.desktop_notification:Sending desktop notification using 'notify2'
[0.925s] DEBUG:colcon.colcon_core.event_reactor:joined thread
[0.926s] INFO:colcon.colcon_core.shell:Creating prefix script '/home/cole/cole_ws/install/local_setup.ps1'
[0.927s] INFO:colcon.colcon_core.shell:Creating prefix util module '/home/cole/cole_ws/install/_local_setup_util_ps1.py'
[0.928s] INFO:colcon.colcon_core.shell:Creating prefix chain script '/home/cole/cole_ws/install/setup.ps1'
[0.929s] INFO:colcon.colcon_core.shell:Creating prefix script '/home/cole/cole_ws/install/local_setup.sh'
[0.929s] INFO:colcon.colcon_core.shell:Creating prefix util module '/home/cole/cole_ws/install/_local_setup_util_sh.py'
[0.930s] INFO:colcon.colcon_core.shell:Creating prefix chain script '/home/cole/cole_ws/install/setup.sh'
[0.930s] INFO:colcon.colcon_core.shell:Creating prefix script '/home/cole/cole_ws/install/local_setup.bash'
[0.931s] INFO:colcon.colcon_core.shell:Creating prefix chain script '/home/cole/cole_ws/install/setup.bash'
[0.931s] INFO:colcon.colcon_core.shell:Creating prefix script '/home/cole/cole_ws/install/local_setup.zsh'
[0.932s] INFO:colcon.colcon_core.shell:Creating prefix chain script '/home/cole/cole_ws/install/setup.zsh'
