running egg_info
creating ../../build/pan_tilt_control/pan_tilt_control.egg-info
writing ../../build/pan_tilt_control/pan_tilt_control.egg-info/PKG-INFO
writing dependency_links to ../../build/pan_tilt_control/pan_tilt_control.egg-info/dependency_links.txt
writing entry points to ../../build/pan_tilt_control/pan_tilt_control.egg-info/entry_points.txt
writing requirements to ../../build/pan_tilt_control/pan_tilt_control.egg-info/requires.txt
writing top-level names to ../../build/pan_tilt_control/pan_tilt_control.egg-info/top_level.txt
writing manifest file '../../build/pan_tilt_control/pan_tilt_control.egg-info/SOURCES.txt'
reading manifest file '../../build/pan_tilt_control/pan_tilt_control.egg-info/SOURCES.txt'
adding license file 'LICENSE'
writing manifest file '../../build/pan_tilt_control/pan_tilt_control.egg-info/SOURCES.txt'
running build
running build_py
creating /home/cole/cole_ws/build/pan_tilt_control/build
creating /home/cole/cole_ws/build/pan_tilt_control/build/lib
creating /home/cole/cole_ws/build/pan_tilt_control/build/lib/pan_tilt_control
copying pan_tilt_control/pan_tilt_joy.py -> /home/cole/cole_ws/build/pan_tilt_control/build/lib/pan_tilt_control
copying pan_tilt_control/__init__.py -> /home/cole/cole_ws/build/pan_tilt_control/build/lib/pan_tilt_control
running install
running install_lib
creating /home/cole/cole_ws/install/pan_tilt_control/lib/python3.10/site-packages/pan_tilt_control
copying /home/cole/cole_ws/build/pan_tilt_control/build/lib/pan_tilt_control/pan_tilt_joy.py -> /home/cole/cole_ws/install/pan_tilt_control/lib/python3.10/site-packages/pan_tilt_control
copying /home/cole/cole_ws/build/pan_tilt_control/build/lib/pan_tilt_control/__init__.py -> /home/cole/cole_ws/install/pan_tilt_control/lib/python3.10/site-packages/pan_tilt_control
byte-compiling /home/cole/cole_ws/install/pan_tilt_control/lib/python3.10/site-packages/pan_tilt_control/pan_tilt_joy.py to pan_tilt_joy.cpython-310.pyc
byte-compiling /home/cole/cole_ws/install/pan_tilt_control/lib/python3.10/site-packages/pan_tilt_control/__init__.py to __init__.cpython-310.pyc
running install_data
creating /home/cole/cole_ws/install/pan_tilt_control/share/ament_index
creating /home/cole/cole_ws/install/pan_tilt_control/share/ament_index/resource_index
creating /home/cole/cole_ws/install/pan_tilt_control/share/ament_index/resource_index/packages
copying resource/pan_tilt_control -> /home/cole/cole_ws/install/pan_tilt_control/share/ament_index/resource_index/packages
copying package.xml -> /home/cole/cole_ws/install/pan_tilt_control/share/pan_tilt_control
running install_egg_info
Copying ../../build/pan_tilt_control/pan_tilt_control.egg-info to /home/cole/cole_ws/install/pan_tilt_control/lib/python3.10/site-packages/pan_tilt_control-0.0.0-py3.10.egg-info
running install_scripts
Installing pan_tilt_joy script to /home/cole/cole_ws/install/pan_tilt_control/lib/pan_tilt_control
writing list of installed files to '/home/cole/cole_ws/build/pan_tilt_control/install.log'
