running egg_info
creating ../../build/video_stream/video_stream.egg-info
writing ../../build/video_stream/video_stream.egg-info/PKG-INFO
writing dependency_links to ../../build/video_stream/video_stream.egg-info/dependency_links.txt
writing entry points to ../../build/video_stream/video_stream.egg-info/entry_points.txt
writing requirements to ../../build/video_stream/video_stream.egg-info/requires.txt
writing top-level names to ../../build/video_stream/video_stream.egg-info/top_level.txt
writing manifest file '../../build/video_stream/video_stream.egg-info/SOURCES.txt'
reading manifest file '../../build/video_stream/video_stream.egg-info/SOURCES.txt'
adding license file 'LICENSE'
writing manifest file '../../build/video_stream/video_stream.egg-info/SOURCES.txt'
running build
running build_py
creating /home/cole/cole_ws/build/video_stream/build
creating /home/cole/cole_ws/build/video_stream/build/lib
creating /home/cole/cole_ws/build/video_stream/build/lib/video_stream
copying video_stream/video_pub.py -> /home/cole/cole_ws/build/video_stream/build/lib/video_stream
copying video_stream/__init__.py -> /home/cole/cole_ws/build/video_stream/build/lib/video_stream
running install
running install_lib
creating /home/cole/cole_ws/install/video_stream/lib/python3.10/site-packages/video_stream
copying /home/cole/cole_ws/build/video_stream/build/lib/video_stream/video_pub.py -> /home/cole/cole_ws/install/video_stream/lib/python3.10/site-packages/video_stream
copying /home/cole/cole_ws/build/video_stream/build/lib/video_stream/__init__.py -> /home/cole/cole_ws/install/video_stream/lib/python3.10/site-packages/video_stream
byte-compiling /home/cole/cole_ws/install/video_stream/lib/python3.10/site-packages/video_stream/video_pub.py to video_pub.cpython-310.pyc
byte-compiling /home/cole/cole_ws/install/video_stream/lib/python3.10/site-packages/video_stream/__init__.py to __init__.cpython-310.pyc
running install_data
creating /home/cole/cole_ws/install/video_stream/share/ament_index
creating /home/cole/cole_ws/install/video_stream/share/ament_index/resource_index
creating /home/cole/cole_ws/install/video_stream/share/ament_index/resource_index/packages
copying resource/video_stream -> /home/cole/cole_ws/install/video_stream/share/ament_index/resource_index/packages
copying package.xml -> /home/cole/cole_ws/install/video_stream/share/video_stream
running install_egg_info
Copying ../../build/video_stream/video_stream.egg-info to /home/cole/cole_ws/install/video_stream/lib/python3.10/site-packages/video_stream-0.0.0-py3.10.egg-info
running install_scripts
Installing video_pub script to /home/cole/cole_ws/install/video_stream/lib/video_stream
writing list of installed files to '/home/cole/cole_ws/build/video_stream/install.log'
