[0.495s] Invoking command in '/home/cole/cole_ws/src/video_stream': PYTHONPATH=/home/cole/cole_ws/build/video_stream/prefix_override:/usr/lib/python3/dist-packages/colcon_core/task/python/colcon_distutils_commands:/home/cole/cole_ws/install/video_stream/lib/python3.10/site-packages:${PYTHONPATH} /usr/bin/python3 -W ignore:setup.py install is deprecated -W ignore:easy_install command is deprecated setup.py egg_info --egg-base ../../build/video_stream build --build-base /home/cole/cole_ws/build/video_stream/build install --record /home/cole/cole_ws/build/video_stream/install.log --single-version-externally-managed install_data
[0.641s] running egg_info
[0.642s] creating ../../build/video_stream/video_stream.egg-info
[0.642s] writing ../../build/video_stream/video_stream.egg-info/PKG-INFO
[0.642s] writing dependency_links to ../../build/video_stream/video_stream.egg-info/dependency_links.txt
[0.642s] writing entry points to ../../build/video_stream/video_stream.egg-info/entry_points.txt
[0.642s] writing requirements to ../../build/video_stream/video_stream.egg-info/requires.txt
[0.642s] writing top-level names to ../../build/video_stream/video_stream.egg-info/top_level.txt
[0.642s] writing manifest file '../../build/video_stream/video_stream.egg-info/SOURCES.txt'
[0.643s] reading manifest file '../../build/video_stream/video_stream.egg-info/SOURCES.txt'
[0.643s] adding license file 'LICENSE'
[0.643s] writing manifest file '../../build/video_stream/video_stream.egg-info/SOURCES.txt'
[0.644s] running build
[0.644s] running build_py
[0.644s] creating /home/cole/cole_ws/build/video_stream/build
[0.644s] creating /home/cole/cole_ws/build/video_stream/build/lib
[0.644s] creating /home/cole/cole_ws/build/video_stream/build/lib/video_stream
[0.644s] copying video_stream/video_pub.py -> /home/cole/cole_ws/build/video_stream/build/lib/video_stream
[0.644s] copying video_stream/__init__.py -> /home/cole/cole_ws/build/video_stream/build/lib/video_stream
[0.644s] running install
[0.644s] running install_lib
[0.645s] creating /home/cole/cole_ws/install/video_stream/lib/python3.10/site-packages/video_stream
[0.645s] copying /home/cole/cole_ws/build/video_stream/build/lib/video_stream/video_pub.py -> /home/cole/cole_ws/install/video_stream/lib/python3.10/site-packages/video_stream
[0.645s] copying /home/cole/cole_ws/build/video_stream/build/lib/video_stream/__init__.py -> /home/cole/cole_ws/install/video_stream/lib/python3.10/site-packages/video_stream
[0.645s] byte-compiling /home/cole/cole_ws/install/video_stream/lib/python3.10/site-packages/video_stream/video_pub.py to video_pub.cpython-310.pyc
[0.645s] byte-compiling /home/cole/cole_ws/install/video_stream/lib/python3.10/site-packages/video_stream/__init__.py to __init__.cpython-310.pyc
[0.645s] running install_data
[0.646s] creating /home/cole/cole_ws/install/video_stream/share/ament_index
[0.646s] creating /home/cole/cole_ws/install/video_stream/share/ament_index/resource_index
[0.646s] creating /home/cole/cole_ws/install/video_stream/share/ament_index/resource_index/packages
[0.646s] copying resource/video_stream -> /home/cole/cole_ws/install/video_stream/share/ament_index/resource_index/packages
[0.646s] copying package.xml -> /home/cole/cole_ws/install/video_stream/share/video_stream
[0.646s] running install_egg_info
[0.647s] Copying ../../build/video_stream/video_stream.egg-info to /home/cole/cole_ws/install/video_stream/lib/python3.10/site-packages/video_stream-0.0.0-py3.10.egg-info
[0.647s] running install_scripts
[0.661s] Installing video_pub script to /home/cole/cole_ws/install/video_stream/lib/video_stream
[0.661s] writing list of installed files to '/home/cole/cole_ws/build/video_stream/install.log'
[0.674s] Invoked command in '/home/cole/cole_ws/src/video_stream' returned '0': PYTHONPATH=/home/cole/cole_ws/build/video_stream/prefix_override:/usr/lib/python3/dist-packages/colcon_core/task/python/colcon_distutils_commands:/home/cole/cole_ws/install/video_stream/lib/python3.10/site-packages:${PYTHONPATH} /usr/bin/python3 -W ignore:setup.py install is deprecated -W ignore:easy_install command is deprecated setup.py egg_info --egg-base ../../build/video_stream build --build-base /home/cole/cole_ws/build/video_stream/build install --record /home/cole/cole_ws/build/video_stream/install.log --single-version-externally-managed install_data
